This file contains any messages produced by compilers while
running configure, to aid debugging if configure makes a mistake.

It was created by dunelegacy configure 0.95b2, which was
generated by GNU Autoconf 2.63.  Invocation command line was

  $ ./configure CC=gcc4 CXX=g++4 CFLAGS=-noixemul LDFLAGS=-noixemul CPPFLAGS=-noixemul CXXFLAGS=-noixemul --no-create --no-recursion

## --------- ##
## Platform. ##
## --------- ##

hostname = 2_3
uname -m = powerpc
uname -r = 2.4
uname -s = MorphOS
uname -v = 51.35

/usr/bin/uname -p = unknown
/bin/uname -X     = unknown

/bin/arch              = powerpc
/usr/bin/arch -k       = unknown
/usr/convex/getsysinfo = unknown
/usr/bin/hostinfo      = unknown
/bin/machine           = unknown
/usr/bin/oslevel       = unknown
/bin/universe          = unknown

PATH: .
PATH: /bin
PATH: /usr/bin
PATH: /usr/local/bin
PATH: /mossys/c
PATH: /c
PATH: .


## ----------- ##
## Core tests. ##
## ----------- ##

configure:1855: checking for a BSD-compatible install
configure:1923: result: /bin/install -c
configure:1934: checking whether build environment is sane
configure:1977: result: yes
configure:2002: checking for a thread-safe mkdir -p
configure:2041: result: /bin/mkdir -p
configure:2054: checking for gawk
configure:2070: found /bin/gawk
configure:2081: result: gawk
configure:2092: checking whether make sets $(MAKE)
configure:2114: result: yes
configure:2413: checking for C++ compiler version
configure:2421: g++4 --version >&5
g++4 (GCC) 4.1.2
Copyright (C) 2006 Free Software Foundation, Inc.
This is free software; see the source for copying conditions.  There is NO
warranty; not even for MERCHANTABILITY or FITNESS FOR A PARTICULAR PURPOSE.

configure:2425: $? = 0
configure:2432: g++4 -v >&5
Using built-in specs.
Target: ppc-morphos
Configured with: ../configure --target=ppc-morphos --prefix=/gg --libexecdir=/gg/lib --enable-sjlj-exceptions --enable-languages=c,c++
Thread model: single
gcc version 4.1.2
configure:2436: $? = 0
configure:2443: g++4 -V >&5
g++4: '-V' option must have argument
configure:2447: $? = 1
configure:2470: checking for C++ compiler default output file name
configure:2492: g++4 -noixemul -noixemul -noixemul conftest.cpp  >&5
configure:2496: $? = 0
configure:2534: result: a.out
configure:2553: checking whether the C++ compiler works
configure:2563: ./a.out
configure:2567: $? = 0
configure:2586: result: yes
configure:2593: checking whether we are cross compiling
configure:2595: result: no
configure:2598: checking for suffix of executables
configure:2605: g++4 -o conftest -noixemul -noixemul -noixemul conftest.cpp  >&5
configure:2609: $? = 0
configure:2635: result: 
configure:2641: checking for suffix of object files
configure:2667: g++4 -c -noixemul -noixemul conftest.cpp >&5
configure:2671: $? = 0
configure:2696: result: o
configure:2700: checking whether we are using the GNU C++ compiler
configure:2729: g++4 -c -noixemul -noixemul conftest.cpp >&5
configure:2736: $? = 0
configure:2753: result: yes
configure:2762: checking whether g++4 accepts -g
configure:2792: g++4 -c -g -noixemul conftest.cpp >&5
configure:2799: $? = 0
configure:2900: result: yes
configure:2934: checking for style of include used by make
configure:2962: result: GNU
configure:2987: checking dependency style of g++4
configure:3078: result: gcc3
configure:3163: checking for gcc
configure:3190: result: gcc4
configure:3422: checking for C compiler version
configure:3430: gcc4 --version >&5
gcc4 (GCC) 4.1.2
Copyright (C) 2006 Free Software Foundation, Inc.
This is free software; see the source for copying conditions.  There is NO
warranty; not even for MERCHANTABILITY or FITNESS FOR A PARTICULAR PURPOSE.

configure:3434: $? = 0
configure:3441: gcc4 -v >&5
Using built-in specs.
Target: ppc-morphos
Configured with: ../configure --target=ppc-morphos --prefix=/gg --libexecdir=/gg/lib --enable-sjlj-exceptions --enable-languages=c,c++
Thread model: single
gcc version 4.1.2
configure:3445: $? = 0
configure:3452: gcc4 -V >&5
gcc4: '-V' option must have argument
configure:3456: $? = 1
configure:3459: checking whether we are using the GNU C compiler
configure:3488: gcc4 -c -noixemul -noixemul conftest.c >&5
configure:3495: $? = 0
configure:3512: result: yes
configure:3521: checking whether gcc4 accepts -g
configure:3551: gcc4 -c -g -noixemul conftest.c >&5
configure:3558: $? = 0
configure:3659: result: yes
configure:3676: checking for gcc4 option to accept ISO C89
configure:3750: gcc4  -c -noixemul -noixemul conftest.c >&5

## ---------------- ##
## Cache variables. ##
## ---------------- ##

ac_cv_c_compiler_gnu=yes
ac_cv_cxx_compiler_gnu=yes
ac_cv_env_CCC_set=
ac_cv_env_CCC_value=
ac_cv_env_CC_set=set
ac_cv_env_CC_value=gcc4
ac_cv_env_CFLAGS_set=set
ac_cv_env_CFLAGS_value=-noixemul
ac_cv_env_CPPFLAGS_set=set
ac_cv_env_CPPFLAGS_value=-noixemul
ac_cv_env_CXXFLAGS_set=set
ac_cv_env_CXXFLAGS_value=-noixemul
ac_cv_env_CXX_set=set
ac_cv_env_CXX_value=g++4
ac_cv_env_LDFLAGS_set=set
ac_cv_env_LDFLAGS_value=-noixemul
ac_cv_env_LIBS_set=
ac_cv_env_LIBS_value=
ac_cv_env_build_alias_set=
ac_cv_env_build_alias_value=
ac_cv_env_host_alias_set=
ac_cv_env_host_alias_value=
ac_cv_env_target_alias_set=
ac_cv_env_target_alias_value=
ac_cv_objext=o
ac_cv_path_install='/bin/install -c'
ac_cv_path_mkdir=/bin/mkdir
ac_cv_prog_AWK=gawk
ac_cv_prog_ac_ct_CC=gcc4
ac_cv_prog_cc_c89=no
ac_cv_prog_cc_g=yes
ac_cv_prog_cxx_g=yes
ac_cv_prog_make_make_set=yes
am_cv_CXX_dependencies_compiler_type=gcc3

## ----------------- ##
## Output variables. ##
## ----------------- ##

ACLOCAL='${SHELL} /Src/dunelegacy-0.95b2/missing --run aclocal-1.10'
AMDEPBACKSLASH='\'
AMDEP_FALSE='#'
AMDEP_TRUE=''
AMTAR='${SHELL} /Src/dunelegacy-0.95b2/missing --run tar'
AUTOCONF='${SHELL} /Src/dunelegacy-0.95b2/missing --run autoconf'
AUTOHEADER='${SHELL} /Src/dunelegacy-0.95b2/missing --run autoheader'
AUTOMAKE='${SHELL} /Src/dunelegacy-0.95b2/missing --run automake-1.10'
AWK='gawk'
CC='gcc4 '
CCDEPMODE=''
CFLAGS='-noixemul'
CPPFLAGS='-noixemul'
CXX='g++4'
CXXDEPMODE='depmode=gcc3'
CXXFLAGS='-O3 -pipe -pedantic -ansi -Wall -Wextra -Wno-unused-parameter'
CYGPATH_W='echo'
DEFS=''
DEPDIR='.deps'
ECHO_C=''
ECHO_N='-n'
ECHO_T=''
EXEEXT=''
INSTALL_DATA='${INSTALL} -m 644'
INSTALL_PROGRAM='${INSTALL}'
INSTALL_SCRIPT='${INSTALL}'
INSTALL_STRIP_PROGRAM='$(install_sh) -c -s'
LDFLAGS='-noixemul'
LIBOBJS=''
LIBS=''
LTLIBOBJS=''
MAKEINFO='${SHELL} /Src/dunelegacy-0.95b2/missing --run makeinfo'
MKDIR_P='/bin/mkdir -p'
OBJEXT='o'
PACKAGE='dunelegacy'
PACKAGE_BUGREPORT='http://dunelegacy.sourceforge.net'
PACKAGE_NAME='dunelegacy'
PACKAGE_STRING='dunelegacy 0.95b2'
PACKAGE_TARNAME='dunelegacy'
PACKAGE_VERSION='0.95b2'
PATH_SEPARATOR=':'
SDL_CFLAGS=''
SDL_CONFIG=''
SDL_LIBS=''
SET_MAKE=''
SHELL='/bin/sh'
STRIP=''
VERSION='0.95b2'
ac_ct_CC='gcc4'
ac_ct_CXX=''
am__fastdepCC_FALSE=''
am__fastdepCC_TRUE=''
am__fastdepCXX_FALSE='#'
am__fastdepCXX_TRUE=''
am__include='include'
am__isrc=''
am__leading_dot='.'
am__quote=''
am__tar='${AMTAR} chof - "$$tardir"'
am__untar='${AMTAR} xf -'
bindir='${exec_prefix}/bin'
build_alias=''
datadir='${datarootdir}'
datarootdir='${prefix}/share'
docdir='${datarootdir}/doc/${PACKAGE_TARNAME}'
dunelegacydatadir='${pkgdatadir}/'
dvidir='${docdir}'
exec_prefix='NONE'
host_alias=''
htmldir='${docdir}'
includedir='${prefix}/include'
infodir='${datarootdir}/info'
install_sh='$(SHELL) /Src/dunelegacy-0.95b2/install-sh'
libdir='${exec_prefix}/lib'
libexecdir='${exec_prefix}/libexec'
localedir='${datarootdir}/locale'
localstatedir='${prefix}/var'
mandir='${datarootdir}/man'
mkdir_p='/bin/mkdir -p'
oldincludedir='/usr/include'
pdfdir='${docdir}'
prefix='NONE'
program_transform_name='s,x,x,'
psdir='${docdir}'
sbindir='${exec_prefix}/sbin'
sharedstatedir='${prefix}/com'
sysconfdir='${prefix}/etc'
target_alias=''

## ----------- ##
## confdefs.h. ##
## ----------- ##

#define PACKAGE_NAME "dunelegacy"
#define PACKAGE_TARNAME "dunelegacy"
#define PACKAGE_VERSION "0.95b2"
#define PACKAGE_STRING "dunelegacy 0.95b2"
#define PACKAGE_BUGREPORT "http://dunelegacy.sourceforge.net"
#define PACKAGE "dunelegacy"
#define VERSION "0.95b2"

configure: caught signal 2
configure: exit 1
