This file contains any messages produced by compilers while
running configure, to aid debugging if configure makes a mistake.

It was created by configure.in configure 1.0, which was
generated by GNU Autoconf 2.57.  Invocation command line was

  $ ./configure 

## --------- ##
## Platform. ##
## --------- ##

hostname = alderan
uname -m = i686
uname -r = 2.6.8-1-386
uname -s = Linux
uname -v = #1 Thu Nov 11 12:18:43 EST 2004

/usr/bin/uname -p = unknown
/bin/uname -X     = unknown

/bin/arch              = i686
/usr/bin/arch -k       = unknown
/usr/convex/getsysinfo = unknown
hostinfo               = unknown
/bin/machine           = unknown
/usr/bin/oslevel       = unknown
/bin/universe          = unknown

PATH: /usr/local/bin
PATH: /usr/bin
PATH: /bin
PATH: /usr/bin/X11
PATH: /usr/games
PATH: /opt/jdk1.5.0_02/bin


## ----------- ##
## Core tests. ##
## ----------- ##

configure:1284: checking for a BSD-compatible install
configure:1338: result: /usr/bin/install -c
configure:1349: checking whether build environment is sane
configure:1392: result: yes
configure:1407: checking whether make sets $(MAKE)
configure:1427: result: yes
configure:1459: checking for working aclocal-1.4
configure:1470: result: missing
configure:1474: checking for working autoconf
configure:1481: result: found
configure:1489: checking for working automake-1.4
configure:1500: result: missing
configure:1504: checking for working autoheader
configure:1511: result: found
configure:1519: checking for working makeinfo
configure:1526: result: found
configure:1587: checking for gcc
configure:1603: found /usr/bin/gcc
configure:1613: result: gcc
configure:1857: checking for C compiler version
configure:1860: gcc --version </dev/null >&5
gcc (GCC) 3.3.5 (Debian 1:3.3.5-8)
Copyright (C) 2003 Free Software Foundation, Inc.
This is free software; see the source for copying conditions.  There is NO
warranty; not even for MERCHANTABILITY or FITNESS FOR A PARTICULAR PURPOSE.

configure:1863: $? = 0
configure:1865: gcc -v </dev/null >&5
Reading specs from /usr/lib/gcc-lib/i486-linux/3.3.5/specs
Configured with: ../src/configure -v --enable-languages=c,c++,java,f77,pascal,objc,ada,treelang --prefix=/usr --mandir=/usr/share/man --infodir=/usr/share/info --with-gxx-include-dir=/usr/include/c++/3.3 --enable-shared --with-system-zlib --enable-nls --without-included-gettext --enable-__cxa_atexit --enable-clocale=gnu --enable-debug --enable-java-gc=boehm --enable-java-awt=xlib --enable-objc-gc i486-linux
Thread model: posix
gcc version 3.3.5 (Debian 1:3.3.5-8)
configure:1868: $? = 0
configure:1870: gcc -V </dev/null >&5
gcc: `-V' option must have argument
configure:1873: $? = 1
configure:1897: checking for C compiler default output
configure:1900: gcc    conftest.c  >&5
configure:1903: $? = 0
configure:1949: result: a.out
configure:1954: checking whether the C compiler works
configure:1960: ./a.out
configure:1963: $? = 0
configure:1980: result: yes
configure:1987: checking whether we are cross compiling
configure:1989: result: no
configure:1992: checking for suffix of executables
configure:1994: gcc -o conftest    conftest.c  >&5
configure:1997: $? = 0
configure:2022: result: 
configure:2028: checking for suffix of object files
configure:2050: gcc -c   conftest.c >&5
configure:2053: $? = 0
configure:2075: result: o
configure:2079: checking whether we are using the GNU C compiler
configure:2104: gcc -c   conftest.c >&5
configure:2107: $? = 0
configure:2110: test -s conftest.o
configure:2113: $? = 0
configure:2126: result: yes
configure:2132: checking whether gcc accepts -g
configure:2154: gcc -c -g  conftest.c >&5
configure:2157: $? = 0
configure:2160: test -s conftest.o
configure:2163: $? = 0
configure:2174: result: yes
configure:2191: checking for gcc option to accept ANSI C
configure:2252: gcc  -c -g -O2  conftest.c >&5
configure:2255: $? = 0
configure:2258: test -s conftest.o
configure:2261: $? = 0
configure:2279: result: none needed
configure:2297: gcc -c -g -O2  conftest.c >&5
conftest.c:2: error: parse error before "me"
configure:2300: $? = 1
configure: failed program was:
| #ifndef __cplusplus
|   choke me
| #endif
configure:2411: checking for strerror in -lcposix
configure:2442: gcc -o conftest -g -O2   conftest.c -lcposix   >&5
/usr/bin/ld: cannot find -lcposix
collect2: ld returned 1 exit status
configure:2445: $? = 1
configure: failed program was:
| #line 2418 "configure"
| /* confdefs.h.  */
| 
| #define PACKAGE_NAME "configure.in"
| #define PACKAGE_TARNAME "configure-in"
| #define PACKAGE_VERSION "1.0"
| #define PACKAGE_STRING "configure.in 1.0"
| #define PACKAGE_BUGREPORT "2berny@seznam.cz"
| #define PACKAGE "kulic"
| #define VERSION "1.0"
| /* end confdefs.h.  */
| 
| /* Override any gcc2 internal prototype to avoid an error.  */
| #ifdef __cplusplus
| extern "C"
| #endif
| /* We use char because int might match the return type of a gcc2
|    builtin and then its argument prototype would still apply.  */
| char strerror ();
| int
| main ()
| {
| strerror ();
|   ;
|   return 0;
| }
configure:2463: result: no
configure:2517: checking for gcc
configure:2543: result: gcc
configure:2787: checking for C compiler version
configure:2790: gcc --version </dev/null >&5
gcc (GCC) 3.3.5 (Debian 1:3.3.5-8)
Copyright (C) 2003 Free Software Foundation, Inc.
This is free software; see the source for copying conditions.  There is NO
warranty; not even for MERCHANTABILITY or FITNESS FOR A PARTICULAR PURPOSE.

configure:2793: $? = 0
configure:2795: gcc -v </dev/null >&5
Reading specs from /usr/lib/gcc-lib/i486-linux/3.3.5/specs
Configured with: ../src/configure -v --enable-languages=c,c++,java,f77,pascal,objc,ada,treelang --prefix=/usr --mandir=/usr/share/man --infodir=/usr/share/info --with-gxx-include-dir=/usr/include/c++/3.3 --enable-shared --with-system-zlib --enable-nls --without-included-gettext --enable-__cxa_atexit --enable-clocale=gnu --enable-debug --enable-java-gc=boehm --enable-java-awt=xlib --enable-objc-gc i486-linux
Thread model: posix
gcc version 3.3.5 (Debian 1:3.3.5-8)
configure:2798: $? = 0
configure:2800: gcc -V </dev/null >&5
gcc: `-V' option must have argument
configure:2803: $? = 1
configure:2806: checking whether we are using the GNU C compiler
configure:2853: result: yes
configure:2859: checking whether gcc accepts -g
configure:2901: result: yes
configure:2918: checking for gcc option to accept ANSI C
configure:3006: result: none needed
configure:3024: gcc -c -g -O2  conftest.c >&5
conftest.c:2: error: parse error before "me"
configure:3027: $? = 1
configure: failed program was:
| #ifndef __cplusplus
|   choke me
| #endif
configure:3188: checking for g++
configure:3204: found /usr/bin/g++
configure:3214: result: g++
configure:3230: checking for C++ compiler version
configure:3233: g++ --version </dev/null >&5
g++ (GCC) 3.3.5 (Debian 1:3.3.5-8)
Copyright (C) 2003 Free Software Foundation, Inc.
This is free software; see the source for copying conditions.  There is NO
warranty; not even for MERCHANTABILITY or FITNESS FOR A PARTICULAR PURPOSE.

configure:3236: $? = 0
configure:3238: g++ -v </dev/null >&5
Reading specs from /usr/lib/gcc-lib/i486-linux/3.3.5/specs
Configured with: ../src/configure -v --enable-languages=c,c++,java,f77,pascal,objc,ada,treelang --prefix=/usr --mandir=/usr/share/man --infodir=/usr/share/info --with-gxx-include-dir=/usr/include/c++/3.3 --enable-shared --with-system-zlib --enable-nls --without-included-gettext --enable-__cxa_atexit --enable-clocale=gnu --enable-debug --enable-java-gc=boehm --enable-java-awt=xlib --enable-objc-gc i486-linux
Thread model: posix
gcc version 3.3.5 (Debian 1:3.3.5-8)
configure:3241: $? = 0
configure:3243: g++ -V </dev/null >&5
g++: `-V' option must have argument
configure:3246: $? = 1
configure:3249: checking whether we are using the GNU C++ compiler
configure:3274: g++ -c   conftest.cc >&5
configure:3277: $? = 0
configure:3280: test -s conftest.o
configure:3283: $? = 0
configure:3296: result: yes
configure:3302: checking whether g++ accepts -g
configure:3324: g++ -c -g  conftest.cc >&5
configure:3327: $? = 0
configure:3330: test -s conftest.o
configure:3333: $? = 0
configure:3344: result: yes
configure:3388: g++ -c -g -O2  conftest.cc >&5
configure:3391: $? = 0
configure:3394: test -s conftest.o
configure:3397: $? = 0
configure:3424: g++ -c -g -O2  conftest.cc >&5
configure: In function `int main()':
configure:3421: error: `exit' undeclared (first use this function)
configure:3421: error: (Each undeclared identifier is reported only once for 
   each function it appears in.)
configure:3427: $? = 1
configure: failed program was:
| #line 3407 "configure"
| /* confdefs.h.  */
| 
| #define PACKAGE_NAME "configure.in"
| #define PACKAGE_TARNAME "configure-in"
| #define PACKAGE_VERSION "1.0"
| #define PACKAGE_STRING "configure.in 1.0"
| #define PACKAGE_BUGREPORT "2berny@seznam.cz"
| #define PACKAGE "kulic"
| #define VERSION "1.0"
| /* end confdefs.h.  */
| 
| int
| main ()
| {
| exit (42);
|   ;
|   return 0;
| }
configure:3388: g++ -c -g -O2  conftest.cc >&5
configure:3391: $? = 0
configure:3394: test -s conftest.o
configure:3397: $? = 0
configure:3424: g++ -c -g -O2  conftest.cc >&5
configure:3427: $? = 0
configure:3430: test -s conftest.o
configure:3433: $? = 0
configure:3459: checking for gcc option to accept ANSI C
configure:3522: gcc  -c -g -O2  conftest.c >&5
configure:3525: $? = 0
configure:3528: test -s conftest.o
configure:3531: $? = 0
configure:3546: result: none needed
configure:3563: checking how to run the C preprocessor
configure:3599: gcc -E  conftest.c
configure:3605: $? = 0
configure:3637: gcc -E  conftest.c
configure:3641:28: ac_nonexistent.h: No such file or directory
configure:3643: $? = 1
configure: failed program was:
| #line 3628 "configure"
| /* confdefs.h.  */
| 
| #define PACKAGE_NAME "configure.in"
| #define PACKAGE_TARNAME "configure-in"
| #define PACKAGE_VERSION "1.0"
| #define PACKAGE_STRING "configure.in 1.0"
| #define PACKAGE_BUGREPORT "2berny@seznam.cz"
| #define PACKAGE "kulic"
| #define VERSION "1.0"
| #ifdef __cplusplus
| #include <stdlib.h>
| #endif
| /* end confdefs.h.  */
| #include <ac_nonexistent.h>
configure:3681: result: gcc -E
configure:3706: gcc -E  conftest.c
configure:3712: $? = 0
configure:3744: gcc -E  conftest.c
configure:3748:28: ac_nonexistent.h: No such file or directory
configure:3750: $? = 1
configure: failed program was:
| #line 3735 "configure"
| /* confdefs.h.  */
| 
| #define PACKAGE_NAME "configure.in"
| #define PACKAGE_TARNAME "configure-in"
| #define PACKAGE_VERSION "1.0"
| #define PACKAGE_STRING "configure.in 1.0"
| #define PACKAGE_BUGREPORT "2berny@seznam.cz"
| #define PACKAGE "kulic"
| #define VERSION "1.0"
| #ifdef __cplusplus
| #include <stdlib.h>
| #endif
| /* end confdefs.h.  */
| #include <ac_nonexistent.h>
configure:3793: checking for egrep
configure:3803: result: grep -E
configure:3808: checking for ANSI C header files
configure:3834: gcc -c -g -O2  conftest.c >&5
configure:3837: $? = 0
configure:3840: test -s conftest.o
configure:3843: $? = 0
configure:3932: gcc -o conftest -g -O2   conftest.c  >&5
configure:3935: $? = 0
configure:3937: ./conftest
configure:3940: $? = 0
configure:3955: result: yes
configure:3973: checking for dirent.h that defines DIR
configure:3998: gcc -c -g -O2  conftest.c >&5
configure:4001: $? = 0
configure:4004: test -s conftest.o
configure:4007: $? = 0
configure:4018: result: yes
configure:4031: checking for library containing opendir
configure:4062: gcc -o conftest -g -O2   conftest.c  >&5
configure:4065: $? = 0
configure:4068: test -s conftest
configure:4071: $? = 0
configure:4130: result: none required
configure:4343: creating ./config.status

## ---------------------- ##
## Running config.status. ##
## ---------------------- ##

This file was extended by configure.in config.status 1.0, which was
generated by GNU Autoconf 2.57.  Invocation command line was

  CONFIG_FILES    = 
  CONFIG_HEADERS  = 
  CONFIG_LINKS    = 
  CONFIG_COMMANDS = 
  $ ./config.status 

on alderan

config.status:656: creating Makefile
config.status:656: creating czech-doc/Makefile
config.status:656: creating data/Makefile
config.status:656: creating data/sfx/Makefile
config.status:656: creating data/gfx/Makefile
config.status:656: creating data/gfx/sold/Makefile
config.status:656: creating data/gfx/fog/Makefile
config.status:656: creating data/gfx/font/Makefile
config.status:656: creating data/gfx/gun/Makefile
config.status:656: creating data/gfx/lights/Makefile
config.status:656: creating data/gfx/shoots/Makefile
config.status:656: creating data/gfx/deads/Makefile
config.status:656: creating data/gfx/pup/Makefile
config.status:656: creating data/gfx/view/Makefile
config.status:656: creating data/gfx/anim/Makefile
config.status:656: creating data/gfx/other/Makefile
config.status:656: creating data/maps/Makefile
config.status:656: creating include/Makefile
config.status:656: creating src/Makefile
config.status:760: creating config.h
config.status:949: executing default-1 commands

## ---------------- ##
## Cache variables. ##
## ---------------- ##

ac_cv_c_compiler_gnu=yes
ac_cv_cxx_compiler_gnu=yes
ac_cv_env_CC_set=
ac_cv_env_CC_value=
ac_cv_env_CFLAGS_set=
ac_cv_env_CFLAGS_value=
ac_cv_env_CPPFLAGS_set=
ac_cv_env_CPPFLAGS_value=
ac_cv_env_CPP_set=
ac_cv_env_CPP_value=
ac_cv_env_CXXFLAGS_set=
ac_cv_env_CXXFLAGS_value=
ac_cv_env_CXX_set=
ac_cv_env_CXX_value=
ac_cv_env_LDFLAGS_set=
ac_cv_env_LDFLAGS_value=
ac_cv_env_build_alias_set=
ac_cv_env_build_alias_value=
ac_cv_env_host_alias_set=
ac_cv_env_host_alias_value=
ac_cv_env_target_alias_set=
ac_cv_env_target_alias_value=
ac_cv_exeext=
ac_cv_header_dirent_dirent_h=yes
ac_cv_header_stdc=yes
ac_cv_lib_cposix_strerror=no
ac_cv_objext=o
ac_cv_path_install='/usr/bin/install -c'
ac_cv_prog_CPP='gcc -E'
ac_cv_prog_ac_ct_CC=gcc
ac_cv_prog_ac_ct_CXX=g++
ac_cv_prog_cc_g=yes
ac_cv_prog_cc_stdc=
ac_cv_prog_cxx_g=yes
ac_cv_prog_egrep='grep -E'
ac_cv_prog_make_make_set=yes
ac_cv_search_opendir='none required'
am_cv_prog_cc_stdc=

## ----------------- ##
## Output variables. ##
## ----------------- ##

ACLOCAL='/home/bernard/tmp/hi/kulic-1.0/missing aclocal-1.4'
AUTOCONF='autoconf'
AUTOHEADER='autoheader'
AUTOMAKE='/home/bernard/tmp/hi/kulic-1.0/missing automake-1.4'
CC='gcc'
CFLAGS='-g -O2'
CPP='gcc -E'
CPPFLAGS=''
CXX='g++'
CXXFLAGS='-g -O2'
DEFS='-DHAVE_CONFIG_H'
ECHO_C=''
ECHO_N='-n'
ECHO_T=''
EGREP='grep -E'
EXEEXT=''
INSTALL_DATA='${INSTALL} -m 644'
INSTALL_PROGRAM='${INSTALL}'
INSTALL_SCRIPT='${INSTALL}'
LDFLAGS=''
LIBOBJS=''
LIBS=''
LTLIBOBJS=''
MAKEINFO='makeinfo'
OBJEXT='o'
PACKAGE='kulic'
PACKAGE_BUGREPORT='2berny@seznam.cz'
PACKAGE_NAME='configure.in'
PACKAGE_STRING='configure.in 1.0'
PACKAGE_TARNAME='configure-in'
PACKAGE_VERSION='1.0'
PATH_SEPARATOR=':'
SET_MAKE=''
SHELL='/bin/sh'
VERSION='1.0'
ac_ct_CC='gcc'
ac_ct_CXX='g++'
bindir='${exec_prefix}/bin'
build_alias=''
datadir='${prefix}/share'
exec_prefix='${prefix}'
host_alias=''
includedir='${prefix}/include'
infodir='${prefix}/info'
libdir='${exec_prefix}/lib'
libexecdir='${exec_prefix}/libexec'
localstatedir='${prefix}/var'
mandir='${prefix}/man'
oldincludedir='/usr/include'
prefix='/usr/local'
program_transform_name='s,x,x,'
sbindir='${exec_prefix}/sbin'
sharedstatedir='${prefix}/com'
sysconfdir='${prefix}/etc'
target_alias=''

## ----------- ##
## confdefs.h. ##
## ----------- ##

#define HAVE_DIRENT_H 1
#define PACKAGE "kulic"
#define PACKAGE_BUGREPORT "2berny@seznam.cz"
#define PACKAGE_NAME "configure.in"
#define PACKAGE_STRING "configure.in 1.0"
#define PACKAGE_TARNAME "configure-in"
#define PACKAGE_VERSION "1.0"
#define STDC_HEADERS 1
#define VERSION "1.0"
#endif
#ifdef __cplusplus
#include <stdlib.h>

configure: exit 0
