This file contains any messages produced by compilers while
running configure, to aid debugging if configure makes a mistake.

It was created by orbital_eunuchs_sniper configure 1.29, which was
generated by GNU Autoconf 2.57.  Invocation command line was

  $ ./configure --host=ppc-amigaos --build=ppc-linux CPPFLAGS=-I/root/Programming/sdk/Include/extra/ --without-x LDFLAGS=-L -L/usr/local/amiga/ppc-amigaos/clib2/lib/

## --------- ##
## Platform. ##
## --------- ##

hostname = microA1
uname -m = ppc
uname -r = 2.4.26
uname -s = Linux
uname -v = #7 Sun Oct 17 23:30:09 EST 2004

/usr/bin/uname -p = unknown
/bin/uname -X     = unknown

/bin/arch              = ppc
/usr/bin/arch -k       = unknown
/usr/convex/getsysinfo = unknown
hostinfo               = unknown
/bin/machine           = unknown
/usr/bin/oslevel       = unknown
/bin/universe          = unknown

PATH: /usr/local/sbin
PATH: /usr/local/bin
PATH: /usr/sbin
PATH: /usr/bin
PATH: /sbin
PATH: /bin
PATH: /usr/bin/X11
PATH: /usr/local/amiga/bin


## ----------- ##
## Core tests. ##
## ----------- ##

configure:1336: checking build system type
configure:1354: result: powerpc-unknown-linux-gnu
configure:1362: checking host system type
configure:1376: result: powerpc-unknown-amigaos
configure:1384: checking target system type
configure:1398: result: powerpc-unknown-amigaos
configure:1425: checking for a BSD-compatible install
configure:1479: result: /usr/bin/install -c
configure:1490: checking whether build environment is sane
configure:1533: result: yes
configure:1566: checking for gawk
configure:1595: result: no
configure:1566: checking for mawk
configure:1582: found /usr/bin/mawk
configure:1592: result: mawk
configure:1602: checking whether make sets $(MAKE)
configure:1622: result: yes
configure:1682: checking for ppc-amigaos-strip
configure:1698: found /usr/local/amiga/bin/ppc-amigaos-strip
configure:1708: result: ppc-amigaos-strip
configure:1789: checking for ppc-amigaos-g++
configure:1805: found /usr/local/amiga/bin/ppc-amigaos-g++
configure:1815: result: ppc-amigaos-g++
configure:1873: checking for C++ compiler version
configure:1876: ppc-amigaos-g++ --version </dev/null >&5
ppc-amigaos-g++ (GCC) 3.4.1
Copyright (C) 2004 Free Software Foundation, Inc.
This is free software; see the source for copying conditions.  There is NO
warranty; not even for MERCHANTABILITY or FITNESS FOR A PARTICULAR PURPOSE.

configure:1879: $? = 0
configure:1881: ppc-amigaos-g++ -v </dev/null >&5
Reading specs from /usr/local/amiga/lib/gcc/ppc-amigaos/3.4.1/specs
Configured with: /home/marcus/gcc-3.4.1/configure --prefix=/usr/local/amiga --target=ppc-amigaos --enable-languages=c,c++,objc --enable-haifa --disable-shared --enable-sjlj-exceptions
Thread model: single
gcc version 3.4.1
configure:1884: $? = 0
configure:1886: ppc-amigaos-g++ -V </dev/null >&5
ppc-amigaos-g++: `-V' option must have argument
configure:1889: $? = 1
configure:1913: checking for C++ compiler default output
configure:1916: ppc-amigaos-g++  -I/root/Programming/sdk/Include/extra/ -L -L/usr/local/amiga/ppc-amigaos/clib2/lib/ conftest.cc  >&5
configure:1919: $? = 0
configure:1965: result: a.out
configure:1970: checking whether the C++ compiler works
configure:1996: result: yes
configure:2003: checking whether we are cross compiling
configure:2005: result: yes
configure:2008: checking for suffix of executables
configure:2010: ppc-amigaos-g++ -o conftest  -I/root/Programming/sdk/Include/extra/ -L -L/usr/local/amiga/ppc-amigaos/clib2/lib/ conftest.cc  >&5
configure:2013: $? = 0
configure:2038: result: 
configure:2044: checking for suffix of object files
configure:2066: ppc-amigaos-g++ -c  -I/root/Programming/sdk/Include/extra/ conftest.cc >&5
configure:2069: $? = 0
configure:2091: result: o
configure:2095: checking whether we are using the GNU C++ compiler
configure:2120: ppc-amigaos-g++ -c  -I/root/Programming/sdk/Include/extra/ conftest.cc >&5
configure:2123: $? = 0
configure:2126: test -s conftest.o
configure:2129: $? = 0
configure:2142: result: yes
configure:2148: checking whether ppc-amigaos-g++ accepts -g
configure:2170: ppc-amigaos-g++ -c -g -I/root/Programming/sdk/Include/extra/ conftest.cc >&5
configure:2173: $? = 0
configure:2176: test -s conftest.o
configure:2179: $? = 0
configure:2190: result: yes
configure:2234: ppc-amigaos-g++ -c -g -O2 -I/root/Programming/sdk/Include/extra/ conftest.cc >&5
configure:2237: $? = 0
configure:2240: test -s conftest.o
configure:2243: $? = 0
configure:2270: ppc-amigaos-g++ -c -g -O2 -I/root/Programming/sdk/Include/extra/ conftest.cc >&5
configure: In function `int main()':
configure:2267: error: `exit' undeclared (first use this function)
configure:2267: error: (Each undeclared identifier is reported only once for each function it appears in.)
configure:2273: $? = 1
configure: failed program was:
| #line 2253 "configure"
| /* confdefs.h.  */
| 
| #define PACKAGE_NAME "orbital_eunuchs_sniper"
| #define PACKAGE_TARNAME "orbital_eunuchs_sniper"
| #define PACKAGE_VERSION "1.29"
| #define PACKAGE_STRING "orbital_eunuchs_sniper 1.29"
| #define PACKAGE_BUGREPORT "zakk@timedoctor.org"
| #define PACKAGE "orbital_eunuchs_sniper"
| #define VERSION "1.29"
| /* end confdefs.h.  */
| 
| int
| main ()
| {
| exit (42);
|   ;
|   return 0;
| }
configure:2234: ppc-amigaos-g++ -c -g -O2 -I/root/Programming/sdk/Include/extra/ conftest.cc >&5
configure:2237: $? = 0
configure:2240: test -s conftest.o
configure:2243: $? = 0
configure:2270: ppc-amigaos-g++ -c -g -O2 -I/root/Programming/sdk/Include/extra/ conftest.cc >&5
configure:2273: $? = 0
configure:2276: test -s conftest.o
configure:2279: $? = 0
configure:2321: checking for style of include used by make
configure:2349: result: GNU
configure:2377: checking dependency style of ppc-amigaos-g++
configure:2439: result: gcc3
configure:2452: checking for ppc-amigaos-gcc
configure:2468: found /usr/local/amiga/bin/ppc-amigaos-gcc
configure:2478: result: ppc-amigaos-gcc
configure:2760: checking for C compiler version
configure:2763: ppc-amigaos-gcc --version </dev/null >&5
ppc-amigaos-gcc (GCC) 3.4.1
Copyright (C) 2004 Free Software Foundation, Inc.
This is free software; see the source for copying conditions.  There is NO
warranty; not even for MERCHANTABILITY or FITNESS FOR A PARTICULAR PURPOSE.

configure:2766: $? = 0
configure:2768: ppc-amigaos-gcc -v </dev/null >&5
Reading specs from /usr/local/amiga/lib/gcc/ppc-amigaos/3.4.1/specs
Configured with: /home/marcus/gcc-3.4.1/configure --prefix=/usr/local/amiga --target=ppc-amigaos --enable-languages=c,c++,objc --enable-haifa --disable-shared --enable-sjlj-exceptions
Thread model: single
gcc version 3.4.1
configure:2771: $? = 0
configure:2773: ppc-amigaos-gcc -V </dev/null >&5
ppc-amigaos-gcc: `-V' option must have argument
configure:2776: $? = 1
configure:2779: checking whether we are using the GNU C compiler
configure:2804: ppc-amigaos-gcc -c  -I/root/Programming/sdk/Include/extra/ conftest.c >&5
configure:2807: $? = 0
configure:2810: test -s conftest.o
configure:2813: $? = 0
configure:2826: result: yes
configure:2832: checking whether ppc-amigaos-gcc accepts -g
configure:2854: ppc-amigaos-gcc -c -g -I/root/Programming/sdk/Include/extra/ conftest.c >&5
configure:2857: $? = 0
configure:2860: test -s conftest.o
configure:2863: $? = 0
configure:2874: result: yes
configure:2891: checking for ppc-amigaos-gcc option to accept ANSI C
configure:2952: ppc-amigaos-gcc  -c -g -O2 -I/root/Programming/sdk/Include/extra/ conftest.c >&5
configure:2955: $? = 0
configure:2958: test -s conftest.o
configure:2961: $? = 0
configure:2979: result: none needed
configure:2997: ppc-amigaos-gcc -c -g -O2 -I/root/Programming/sdk/Include/extra/ conftest.c >&5
conftest.c:2: error: parse error before "me"
configure:3000: $? = 1
configure: failed program was:
| #ifndef __cplusplus
|   choke me
| #endif
configure:3111: checking dependency style of ppc-amigaos-gcc
configure:3173: result: gcc3
configure:3190: checking for a BSD-compatible install
configure:3244: result: /usr/bin/install -c
configure:3255: checking whether ln -s works
configure:3259: result: yes
configure:3275: checking how to run the C preprocessor
configure:3311: ppc-amigaos-gcc -E -I/root/Programming/sdk/Include/extra/ conftest.c
configure:3317: $? = 0
configure:3349: ppc-amigaos-gcc -E -I/root/Programming/sdk/Include/extra/ conftest.c
configure:3353:28: ac_nonexistent.h: No such file or directory
configure:3355: $? = 1
configure: failed program was:
| #line 3340 "configure"
| /* confdefs.h.  */
| 
| #define PACKAGE_NAME "orbital_eunuchs_sniper"
| #define PACKAGE_TARNAME "orbital_eunuchs_sniper"
| #define PACKAGE_VERSION "1.29"
| #define PACKAGE_STRING "orbital_eunuchs_sniper 1.29"
| #define PACKAGE_BUGREPORT "zakk@timedoctor.org"
| #define PACKAGE "orbital_eunuchs_sniper"
| #define VERSION "1.29"
| #ifdef __cplusplus
| #include <stdlib.h>
| #endif
| /* end confdefs.h.  */
| #include <ac_nonexistent.h>
configure:3393: result: ppc-amigaos-gcc -E
configure:3418: ppc-amigaos-gcc -E -I/root/Programming/sdk/Include/extra/ conftest.c
configure:3424: $? = 0
configure:3456: ppc-amigaos-gcc -E -I/root/Programming/sdk/Include/extra/ conftest.c
configure:3460:28: ac_nonexistent.h: No such file or directory
configure:3462: $? = 1
configure: failed program was:
| #line 3447 "configure"
| /* confdefs.h.  */
| 
| #define PACKAGE_NAME "orbital_eunuchs_sniper"
| #define PACKAGE_TARNAME "orbital_eunuchs_sniper"
| #define PACKAGE_VERSION "1.29"
| #define PACKAGE_STRING "orbital_eunuchs_sniper 1.29"
| #define PACKAGE_BUGREPORT "zakk@timedoctor.org"
| #define PACKAGE "orbital_eunuchs_sniper"
| #define VERSION "1.29"
| #ifdef __cplusplus
| #include <stdlib.h>
| #endif
| /* end confdefs.h.  */
| #include <ac_nonexistent.h>
configure:3505: checking for X
configure:3715: result: disabled
configure:4702: checking for SDL_Init in -lSDL
configure:4733: ppc-amigaos-gcc -o conftest -g -O2 -I/root/Programming/sdk/Include/extra/ -L -L/usr/local/amiga/ppc-amigaos/clib2/lib/ conftest.c -lSDL   >&5
/usr/local/amiga/lib/gcc/ppc-amigaos/3.4.1/../../../../ppc-amigaos/bin/ld: cannot find -lSDL
configure:4736: $? = 1
configure: failed program was:
| #line 4709 "configure"
| /* confdefs.h.  */
| 
| #define PACKAGE_NAME "orbital_eunuchs_sniper"
| #define PACKAGE_TARNAME "orbital_eunuchs_sniper"
| #define PACKAGE_VERSION "1.29"
| #define PACKAGE_STRING "orbital_eunuchs_sniper 1.29"
| #define PACKAGE_BUGREPORT "zakk@timedoctor.org"
| #define PACKAGE "orbital_eunuchs_sniper"
| #define VERSION "1.29"
| #ifdef __cplusplus
| #include <stdlib.h>
| #endif
| #define X_DISPLAY_MISSING 1
| /* end confdefs.h.  */
| 
| /* Override any gcc2 internal prototype to avoid an error.  */
| #ifdef __cplusplus
| extern "C"
| #endif
| /* We use char because int might match the return type of a gcc2
|    builtin and then its argument prototype would still apply.  */
| char SDL_Init ();
| int
| main ()
| {
| SDL_Init ();
|   ;
|   return 0;
| }
configure:4754: result: no
configure:4766: checking for IMG_Load in -lSDL_image
configure:4797: ppc-amigaos-gcc -o conftest -g -O2 -I/root/Programming/sdk/Include/extra/ -L -L/usr/local/amiga/ppc-amigaos/clib2/lib/ conftest.c -lSDL_image   >&5
/usr/local/amiga/lib/gcc/ppc-amigaos/3.4.1/../../../../ppc-amigaos/bin/ld: cannot find -lSDL_image
configure:4800: $? = 1
configure: failed program was:
| #line 4773 "configure"
| /* confdefs.h.  */
| 
| #define PACKAGE_NAME "orbital_eunuchs_sniper"
| #define PACKAGE_TARNAME "orbital_eunuchs_sniper"
| #define PACKAGE_VERSION "1.29"
| #define PACKAGE_STRING "orbital_eunuchs_sniper 1.29"
| #define PACKAGE_BUGREPORT "zakk@timedoctor.org"
| #define PACKAGE "orbital_eunuchs_sniper"
| #define VERSION "1.29"
| #ifdef __cplusplus
| #include <stdlib.h>
| #endif
| #define X_DISPLAY_MISSING 1
| /* end confdefs.h.  */
| 
| /* Override any gcc2 internal prototype to avoid an error.  */
| #ifdef __cplusplus
| extern "C"
| #endif
| /* We use char because int might match the return type of a gcc2
|    builtin and then its argument prototype would still apply.  */
| char IMG_Load ();
| int
| main ()
| {
| IMG_Load ();
|   ;
|   return 0;
| }
configure:4818: result: no
configure:4830: checking for Mix_OpenAudio in -lSDL_mixer
configure:4861: ppc-amigaos-gcc -o conftest -g -O2 -I/root/Programming/sdk/Include/extra/ -L -L/usr/local/amiga/ppc-amigaos/clib2/lib/ conftest.c -lSDL_mixer   >&5
/usr/local/amiga/lib/gcc/ppc-amigaos/3.4.1/../../../../ppc-amigaos/bin/ld: cannot find -lSDL_mixer
configure:4864: $? = 1
configure: failed program was:
| #line 4837 "configure"
| /* confdefs.h.  */
| 
| #define PACKAGE_NAME "orbital_eunuchs_sniper"
| #define PACKAGE_TARNAME "orbital_eunuchs_sniper"
| #define PACKAGE_VERSION "1.29"
| #define PACKAGE_STRING "orbital_eunuchs_sniper 1.29"
| #define PACKAGE_BUGREPORT "zakk@timedoctor.org"
| #define PACKAGE "orbital_eunuchs_sniper"
| #define VERSION "1.29"
| #ifdef __cplusplus
| #include <stdlib.h>
| #endif
| #define X_DISPLAY_MISSING 1
| /* end confdefs.h.  */
| 
| /* Override any gcc2 internal prototype to avoid an error.  */
| #ifdef __cplusplus
| extern "C"
| #endif
| /* We use char because int might match the return type of a gcc2
|    builtin and then its argument prototype would still apply.  */
| char Mix_OpenAudio ();
| int
| main ()
| {
| Mix_OpenAudio ();
|   ;
|   return 0;
| }
configure:4882: result: no
configure:4894: checking for tea in -lHeartOfGold
configure:4925: ppc-amigaos-gcc -o conftest -g -O2 -I/root/Programming/sdk/Include/extra/ -L -L/usr/local/amiga/ppc-amigaos/clib2/lib/ conftest.c -lHeartOfGold   >&5
/usr/local/amiga/lib/gcc/ppc-amigaos/3.4.1/../../../../ppc-amigaos/bin/ld: cannot find -lHeartOfGold
configure:4928: $? = 1
configure: failed program was:
| #line 4901 "configure"
| /* confdefs.h.  */
| 
| #define PACKAGE_NAME "orbital_eunuchs_sniper"
| #define PACKAGE_TARNAME "orbital_eunuchs_sniper"
| #define PACKAGE_VERSION "1.29"
| #define PACKAGE_STRING "orbital_eunuchs_sniper 1.29"
| #define PACKAGE_BUGREPORT "zakk@timedoctor.org"
| #define PACKAGE "orbital_eunuchs_sniper"
| #define VERSION "1.29"
| #ifdef __cplusplus
| #include <stdlib.h>
| #endif
| #define X_DISPLAY_MISSING 1
| /* end confdefs.h.  */
| 
| /* Override any gcc2 internal prototype to avoid an error.  */
| #ifdef __cplusplus
| extern "C"
| #endif
| /* We use char because int might match the return type of a gcc2
|    builtin and then its argument prototype would still apply.  */
| char tea ();
| int
| main ()
| {
| tea ();
|   ;
|   return 0;
| }
configure:4946: result: no
configure:4964: checking for egrep
configure:4974: result: grep -E
configure:4979: checking for ANSI C header files
configure:5005: ppc-amigaos-gcc -c -g -O2 -I/root/Programming/sdk/Include/extra/ conftest.c >&5
configure:5008: $? = 0
configure:5011: test -s conftest.o
configure:5014: $? = 0
configure:5126: result: yes
configure:5150: checking for sys/types.h
configure:5167: ppc-amigaos-gcc -c -g -O2 -I/root/Programming/sdk/Include/extra/ conftest.c >&5
configure:5170: $? = 0
configure:5173: test -s conftest.o
configure:5176: $? = 0
configure:5187: result: yes
configure:5150: checking for sys/stat.h
configure:5167: ppc-amigaos-gcc -c -g -O2 -I/root/Programming/sdk/Include/extra/ conftest.c >&5
configure:5170: $? = 0
configure:5173: test -s conftest.o
configure:5176: $? = 0
configure:5187: result: yes
configure:5150: checking for stdlib.h
configure:5167: ppc-amigaos-gcc -c -g -O2 -I/root/Programming/sdk/Include/extra/ conftest.c >&5
configure:5170: $? = 0
configure:5173: test -s conftest.o
configure:5176: $? = 0
configure:5187: result: yes
configure:5150: checking for string.h
configure:5167: ppc-amigaos-gcc -c -g -O2 -I/root/Programming/sdk/Include/extra/ conftest.c >&5
configure:5170: $? = 0
configure:5173: test -s conftest.o
configure:5176: $? = 0
configure:5187: result: yes
configure:5150: checking for memory.h
configure:5167: ppc-amigaos-gcc -c -g -O2 -I/root/Programming/sdk/Include/extra/ conftest.c >&5
configure:5209:20: memory.h: No such file or directory
configure:5170: $? = 1
configure: failed program was:
| #line 5155 "configure"
| /* confdefs.h.  */
| 
| #define PACKAGE_NAME "orbital_eunuchs_sniper"
| #define PACKAGE_TARNAME "orbital_eunuchs_sniper"
| #define PACKAGE_VERSION "1.29"
| #define PACKAGE_STRING "orbital_eunuchs_sniper 1.29"
| #define PACKAGE_BUGREPORT "zakk@timedoctor.org"
| #define PACKAGE "orbital_eunuchs_sniper"
| #define VERSION "1.29"
| #ifdef __cplusplus
| #include <stdlib.h>
| #endif
| #define X_DISPLAY_MISSING 1
| #define STDC_HEADERS 1
| #define HAVE_SYS_TYPES_H 1
| #define HAVE_SYS_STAT_H 1
| #define HAVE_STDLIB_H 1
| #define HAVE_STRING_H 1
| /* end confdefs.h.  */
| #include <stdio.h>
| #if HAVE_SYS_TYPES_H
| # include <sys/types.h>
| #endif
| #if HAVE_SYS_STAT_H
| # include <sys/stat.h>
| #endif
| #if STDC_HEADERS
| # include <stdlib.h>
| # include <stddef.h>
| #else
| # if HAVE_STDLIB_H
| #  include <stdlib.h>
| # endif
| #endif
| #if HAVE_STRING_H
| # if !STDC_HEADERS && HAVE_MEMORY_H
| #  include <memory.h>
| # endif
| # include <string.h>
| #endif
| #if HAVE_STRINGS_H
| # include <strings.h>
| #endif
| #if HAVE_INTTYPES_H
| # include <inttypes.h>
| #else
| # if HAVE_STDINT_H
| #  include <stdint.h>
| # endif
| #endif
| #if HAVE_UNISTD_H
| # include <unistd.h>
| #endif
| 
| #include <memory.h>
configure:5187: result: no
configure:5150: checking for strings.h
configure:5167: ppc-amigaos-gcc -c -g -O2 -I/root/Programming/sdk/Include/extra/ conftest.c >&5
configure:5170: $? = 0
configure:5173: test -s conftest.o
configure:5176: $? = 0
configure:5187: result: yes
configure:5150: checking for inttypes.h
configure:5167: ppc-amigaos-gcc -c -g -O2 -I/root/Programming/sdk/Include/extra/ conftest.c >&5
configure:5210:22: inttypes.h: No such file or directory
configure:5170: $? = 1
configure: failed program was:
| #line 5155 "configure"
| /* confdefs.h.  */
| 
| #define PACKAGE_NAME "orbital_eunuchs_sniper"
| #define PACKAGE_TARNAME "orbital_eunuchs_sniper"
| #define PACKAGE_VERSION "1.29"
| #define PACKAGE_STRING "orbital_eunuchs_sniper 1.29"
| #define PACKAGE_BUGREPORT "zakk@timedoctor.org"
| #define PACKAGE "orbital_eunuchs_sniper"
| #define VERSION "1.29"
| #ifdef __cplusplus
| #include <stdlib.h>
| #endif
| #define X_DISPLAY_MISSING 1
| #define STDC_HEADERS 1
| #define HAVE_SYS_TYPES_H 1
| #define HAVE_SYS_STAT_H 1
| #define HAVE_STDLIB_H 1
| #define HAVE_STRING_H 1
| #define HAVE_STRINGS_H 1
| /* end confdefs.h.  */
| #include <stdio.h>
| #if HAVE_SYS_TYPES_H
| # include <sys/types.h>
| #endif
| #if HAVE_SYS_STAT_H
| # include <sys/stat.h>
| #endif
| #if STDC_HEADERS
| # include <stdlib.h>
| # include <stddef.h>
| #else
| # if HAVE_STDLIB_H
| #  include <stdlib.h>
| # endif
| #endif
| #if HAVE_STRING_H
| # if !STDC_HEADERS && HAVE_MEMORY_H
| #  include <memory.h>
| # endif
| # include <string.h>
| #endif
| #if HAVE_STRINGS_H
| # include <strings.h>
| #endif
| #if HAVE_INTTYPES_H
| # include <inttypes.h>
| #else
| # if HAVE_STDINT_H
| #  include <stdint.h>
| # endif
| #endif
| #if HAVE_UNISTD_H
| # include <unistd.h>
| #endif
| 
| #include <inttypes.h>
configure:5187: result: no
configure:5150: checking for stdint.h
configure:5167: ppc-amigaos-gcc -c -g -O2 -I/root/Programming/sdk/Include/extra/ conftest.c >&5
configure:5210:20: stdint.h: No such file or directory
configure:5170: $? = 1
configure: failed program was:
| #line 5155 "configure"
| /* confdefs.h.  */
| 
| #define PACKAGE_NAME "orbital_eunuchs_sniper"
| #define PACKAGE_TARNAME "orbital_eunuchs_sniper"
| #define PACKAGE_VERSION "1.29"
| #define PACKAGE_STRING "orbital_eunuchs_sniper 1.29"
| #define PACKAGE_BUGREPORT "zakk@timedoctor.org"
| #define PACKAGE "orbital_eunuchs_sniper"
| #define VERSION "1.29"
| #ifdef __cplusplus
| #include <stdlib.h>
| #endif
| #define X_DISPLAY_MISSING 1
| #define STDC_HEADERS 1
| #define HAVE_SYS_TYPES_H 1
| #define HAVE_SYS_STAT_H 1
| #define HAVE_STDLIB_H 1
| #define HAVE_STRING_H 1
| #define HAVE_STRINGS_H 1
| /* end confdefs.h.  */
| #include <stdio.h>
| #if HAVE_SYS_TYPES_H
| # include <sys/types.h>
| #endif
| #if HAVE_SYS_STAT_H
| # include <sys/stat.h>
| #endif
| #if STDC_HEADERS
| # include <stdlib.h>
| # include <stddef.h>
| #else
| # if HAVE_STDLIB_H
| #  include <stdlib.h>
| # endif
| #endif
| #if HAVE_STRING_H
| # if !STDC_HEADERS && HAVE_MEMORY_H
| #  include <memory.h>
| # endif
| # include <string.h>
| #endif
| #if HAVE_STRINGS_H
| # include <strings.h>
| #endif
| #if HAVE_INTTYPES_H
| # include <inttypes.h>
| #else
| # if HAVE_STDINT_H
| #  include <stdint.h>
| # endif
| #endif
| #if HAVE_UNISTD_H
| # include <unistd.h>
| #endif
| 
| #include <stdint.h>
configure:5187: result: no
configure:5150: checking for unistd.h
configure:5167: ppc-amigaos-gcc -c -g -O2 -I/root/Programming/sdk/Include/extra/ conftest.c >&5
configure:5170: $? = 0
configure:5173: test -s conftest.o
configure:5176: $? = 0
configure:5187: result: yes
configure:5216: checking fcntl.h usability
configure:5229: ppc-amigaos-gcc -c -g -O2 -I/root/Programming/sdk/Include/extra/ conftest.c >&5
configure:5232: $? = 0
configure:5235: test -s conftest.o
configure:5238: $? = 0
configure:5248: result: yes
configure:5252: checking fcntl.h presence
configure:5263: ppc-amigaos-gcc -E -I/root/Programming/sdk/Include/extra/ conftest.c
configure:5269: $? = 0
configure:5288: result: yes
configure:5324: checking for fcntl.h
configure:5331: result: yes
configure:5207: checking for stdlib.h
configure:5212: result: yes
configure:5207: checking for string.h
configure:5212: result: yes
configure:5207: checking for unistd.h
configure:5212: result: yes
configure:5358: checking SDL/SDL.h usability
configure:5371: ppc-amigaos-gcc -c -g -O2 -I/root/Programming/sdk/Include/extra/ conftest.c >&5
configure:5374: $? = 0
configure:5377: test -s conftest.o
configure:5380: $? = 0
configure:5390: result: yes
configure:5394: checking SDL/SDL.h presence
configure:5405: ppc-amigaos-gcc -E -I/root/Programming/sdk/Include/extra/ conftest.c
configure:5411: $? = 0
configure:5430: result: yes
configure:5466: checking for SDL/SDL.h
configure:5473: result: yes
configure:5500: checking SDL/SDL_image.h usability
configure:5513: ppc-amigaos-gcc -c -g -O2 -I/root/Programming/sdk/Include/extra/ conftest.c >&5
configure:5516: $? = 0
configure:5519: test -s conftest.o
configure:5522: $? = 0
configure:5532: result: yes
configure:5536: checking SDL/SDL_image.h presence
configure:5547: ppc-amigaos-gcc -E -I/root/Programming/sdk/Include/extra/ conftest.c
configure:5553: $? = 0
configure:5572: result: yes
configure:5608: checking for SDL/SDL_image.h
configure:5615: result: yes
configure:5642: checking SDL/SDL_mixer.h usability
configure:5655: ppc-amigaos-gcc -c -g -O2 -I/root/Programming/sdk/Include/extra/ conftest.c >&5
configure:5658: $? = 0
configure:5661: test -s conftest.o
configure:5664: $? = 0
configure:5674: result: yes
configure:5678: checking SDL/SDL_mixer.h presence
configure:5689: ppc-amigaos-gcc -E -I/root/Programming/sdk/Include/extra/ conftest.c
configure:5695: $? = 0
configure:5714: result: yes
configure:5750: checking for SDL/SDL_mixer.h
configure:5757: result: yes
configure:5773: checking for an ANSI C-conforming const
configure:5841: ppc-amigaos-gcc -c -g -O2 -I/root/Programming/sdk/Include/extra/ conftest.c >&5
configure:5844: $? = 0
configure:5847: test -s conftest.o
configure:5850: $? = 0
configure:5861: result: yes
configure:5878: checking for vprintf
configure:5928: ppc-amigaos-gcc -o conftest -g -O2 -I/root/Programming/sdk/Include/extra/ -L -L/usr/local/amiga/ppc-amigaos/clib2/lib/ conftest.c  >&5
configure:5927: warning: conflicting types for built-in function 'vprintf'
configure:5931: $? = 0
configure:5934: test -s conftest
configure:5937: $? = 0
configure:5948: result: yes
configure:5955: checking for _doprnt
configure:6005: ppc-amigaos-gcc -o conftest -g -O2 -I/root/Programming/sdk/Include/extra/ -L -L/usr/local/amiga/ppc-amigaos/clib2/lib/ conftest.c  >&5
/tmp/ccqtMFyY.o(.text+0x6): In function `main':
/root/Programming/orbital_eunuchs_sniper-1.29/configure:6021: undefined reference to `_doprnt'
/tmp/ccqtMFyY.o(.text+0xe):/root/Programming/orbital_eunuchs_sniper-1.29/configure:6021: undefined reference to `_doprnt'
/tmp/ccqtMFyY.o(.sdata+0x0):/root/Programming/orbital_eunuchs_sniper-1.29/configure:6021: undefined reference to `_doprnt'
configure:6008: $? = 1
configure: failed program was:
| #line 5960 "configure"
| /* confdefs.h.  */
| 
| #define PACKAGE_NAME "orbital_eunuchs_sniper"
| #define PACKAGE_TARNAME "orbital_eunuchs_sniper"
| #define PACKAGE_VERSION "1.29"
| #define PACKAGE_STRING "orbital_eunuchs_sniper 1.29"
| #define PACKAGE_BUGREPORT "zakk@timedoctor.org"
| #define PACKAGE "orbital_eunuchs_sniper"
| #define VERSION "1.29"
| #ifdef __cplusplus
| #include <stdlib.h>
| #endif
| #define X_DISPLAY_MISSING 1
| #define STDC_HEADERS 1
| #define HAVE_SYS_TYPES_H 1
| #define HAVE_SYS_STAT_H 1
| #define HAVE_STDLIB_H 1
| #define HAVE_STRING_H 1
| #define HAVE_STRINGS_H 1
| #define HAVE_UNISTD_H 1
| #define HAVE_FCNTL_H 1
| #define HAVE_STDLIB_H 1
| #define HAVE_STRING_H 1
| #define HAVE_UNISTD_H 1
| #define HAVE_SDL_SDL_H 1
| #define HAVE_SDL_SDL_IMAGE_H 1
| #define HAVE_SDL_SDL_MIXER_H 1
| #define HAVE_VPRINTF 1
| /* end confdefs.h.  */
| /* System header to define __stub macros and hopefully few prototypes,
|     which can conflict with char _doprnt (); below.
|     Prefer <limits.h> to <assert.h> if __STDC__ is defined, since
|     <limits.h> exists even on freestanding compilers.  */
| #ifdef __STDC__
| # include <limits.h>
| #else
| # include <assert.h>
| #endif
| /* Override any gcc2 internal prototype to avoid an error.  */
| #ifdef __cplusplus
| extern "C"
| {
| #endif
| /* We use char because int might match the return type of a gcc2
|    builtin and then its argument prototype would still apply.  */
| char _doprnt ();
| /* The GNU C library defines this for functions which it implements
|     to always fail with ENOSYS.  Some functions are actually named
|     something starting with __ and the normal name is an alias.  */
| #if defined (__stub__doprnt) || defined (__stub____doprnt)
| choke me
| #else
| char (*f) () = _doprnt;
| #endif
| #ifdef __cplusplus
| }
| #endif
| 
| int
| main ()
| {
| return f != _doprnt;
|   ;
|   return 0;
| }
configure:6025: result: no
configure:6048: checking for atexit
configure:6098: ppc-amigaos-gcc -o conftest -g -O2 -I/root/Programming/sdk/Include/extra/ -L -L/usr/local/amiga/ppc-amigaos/clib2/lib/ conftest.c  >&5
configure:6101: $? = 0
configure:6104: test -s conftest
configure:6107: $? = 0
configure:6118: result: yes
configure:6048: checking for floor
configure:6098: ppc-amigaos-gcc -o conftest -g -O2 -I/root/Programming/sdk/Include/extra/ -L -L/usr/local/amiga/ppc-amigaos/clib2/lib/ conftest.c  >&5
configure:6099: warning: conflicting types for built-in function 'floor'
/tmp/ccCaYdhP.o(.text+0x6): In function `main':
/root/Programming/orbital_eunuchs_sniper-1.29/configure:6115: undefined reference to `floor'
/tmp/ccCaYdhP.o(.text+0xe):/root/Programming/orbital_eunuchs_sniper-1.29/configure:6115: undefined reference to `floor'
/tmp/ccCaYdhP.o(.sdata+0x0):/root/Programming/orbital_eunuchs_sniper-1.29/configure:6115: undefined reference to `floor'
configure:6101: $? = 1
configure: failed program was:
| #line 6053 "configure"
| /* confdefs.h.  */
| 
| #define PACKAGE_NAME "orbital_eunuchs_sniper"
| #define PACKAGE_TARNAME "orbital_eunuchs_sniper"
| #define PACKAGE_VERSION "1.29"
| #define PACKAGE_STRING "orbital_eunuchs_sniper 1.29"
| #define PACKAGE_BUGREPORT "zakk@timedoctor.org"
| #define PACKAGE "orbital_eunuchs_sniper"
| #define VERSION "1.29"
| #ifdef __cplusplus
| #include <stdlib.h>
| #endif
| #define X_DISPLAY_MISSING 1
| #define STDC_HEADERS 1
| #define HAVE_SYS_TYPES_H 1
| #define HAVE_SYS_STAT_H 1
| #define HAVE_STDLIB_H 1
| #define HAVE_STRING_H 1
| #define HAVE_STRINGS_H 1
| #define HAVE_UNISTD_H 1
| #define HAVE_FCNTL_H 1
| #define HAVE_STDLIB_H 1
| #define HAVE_STRING_H 1
| #define HAVE_UNISTD_H 1
| #define HAVE_SDL_SDL_H 1
| #define HAVE_SDL_SDL_IMAGE_H 1
| #define HAVE_SDL_SDL_MIXER_H 1
| #define HAVE_VPRINTF 1
| #define HAVE_ATEXIT 1
| /* end confdefs.h.  */
| /* System header to define __stub macros and hopefully few prototypes,
|     which can conflict with char floor (); below.
|     Prefer <limits.h> to <assert.h> if __STDC__ is defined, since
|     <limits.h> exists even on freestanding compilers.  */
| #ifdef __STDC__
| # include <limits.h>
| #else
| # include <assert.h>
| #endif
| /* Override any gcc2 internal prototype to avoid an error.  */
| #ifdef __cplusplus
| extern "C"
| {
| #endif
| /* We use char because int might match the return type of a gcc2
|    builtin and then its argument prototype would still apply.  */
| char floor ();
| /* The GNU C library defines this for functions which it implements
|     to always fail with ENOSYS.  Some functions are actually named
|     something starting with __ and the normal name is an alias.  */
| #if defined (__stub_floor) || defined (__stub___floor)
| choke me
| #else
| char (*f) () = floor;
| #endif
| #ifdef __cplusplus
| }
| #endif
| 
| int
| main ()
| {
| return f != floor;
|   ;
|   return 0;
| }
configure:6118: result: no
configure:6048: checking for memset
configure:6098: ppc-amigaos-gcc -o conftest -g -O2 -I/root/Programming/sdk/Include/extra/ -L -L/usr/local/amiga/ppc-amigaos/clib2/lib/ conftest.c  >&5
configure:6099: warning: conflicting types for built-in function 'memset'
configure:6101: $? = 0
configure:6104: test -s conftest
configure:6107: $? = 0
configure:6118: result: yes
configure:6048: checking for mkdir
configure:6098: ppc-amigaos-gcc -o conftest -g -O2 -I/root/Programming/sdk/Include/extra/ -L -L/usr/local/amiga/ppc-amigaos/clib2/lib/ conftest.c  >&5
configure:6101: $? = 0
configure:6104: test -s conftest
configure:6107: $? = 0
configure:6118: result: yes
configure:6048: checking for sqrt
configure:6098: ppc-amigaos-gcc -o conftest -g -O2 -I/root/Programming/sdk/Include/extra/ -L -L/usr/local/amiga/ppc-amigaos/clib2/lib/ conftest.c  >&5
configure:6101: warning: conflicting types for built-in function 'sqrt'
/tmp/ccQLDifM.o(.text+0x6): In function `main':
/root/Programming/orbital_eunuchs_sniper-1.29/configure:6117: undefined reference to `sqrt'
/tmp/ccQLDifM.o(.text+0xe):/root/Programming/orbital_eunuchs_sniper-1.29/configure:6117: undefined reference to `sqrt'
/tmp/ccQLDifM.o(.sdata+0x0):/root/Programming/orbital_eunuchs_sniper-1.29/configure:6117: undefined reference to `sqrt'
configure:6101: $? = 1
configure: failed program was:
| #line 6053 "configure"
| /* confdefs.h.  */
| 
| #define PACKAGE_NAME "orbital_eunuchs_sniper"
| #define PACKAGE_TARNAME "orbital_eunuchs_sniper"
| #define PACKAGE_VERSION "1.29"
| #define PACKAGE_STRING "orbital_eunuchs_sniper 1.29"
| #define PACKAGE_BUGREPORT "zakk@timedoctor.org"
| #define PACKAGE "orbital_eunuchs_sniper"
| #define VERSION "1.29"
| #ifdef __cplusplus
| #include <stdlib.h>
| #endif
| #define X_DISPLAY_MISSING 1
| #define STDC_HEADERS 1
| #define HAVE_SYS_TYPES_H 1
| #define HAVE_SYS_STAT_H 1
| #define HAVE_STDLIB_H 1
| #define HAVE_STRING_H 1
| #define HAVE_STRINGS_H 1
| #define HAVE_UNISTD_H 1
| #define HAVE_FCNTL_H 1
| #define HAVE_STDLIB_H 1
| #define HAVE_STRING_H 1
| #define HAVE_UNISTD_H 1
| #define HAVE_SDL_SDL_H 1
| #define HAVE_SDL_SDL_IMAGE_H 1
| #define HAVE_SDL_SDL_MIXER_H 1
| #define HAVE_VPRINTF 1
| #define HAVE_ATEXIT 1
| #define HAVE_MEMSET 1
| #define HAVE_MKDIR 1
| /* end confdefs.h.  */
| /* System header to define __stub macros and hopefully few prototypes,
|     which can conflict with char sqrt (); below.
|     Prefer <limits.h> to <assert.h> if __STDC__ is defined, since
|     <limits.h> exists even on freestanding compilers.  */
| #ifdef __STDC__
| # include <limits.h>
| #else
| # include <assert.h>
| #endif
| /* Override any gcc2 internal prototype to avoid an error.  */
| #ifdef __cplusplus
| extern "C"
| {
| #endif
| /* We use char because int might match the return type of a gcc2
|    builtin and then its argument prototype would still apply.  */
| char sqrt ();
| /* The GNU C library defines this for functions which it implements
|     to always fail with ENOSYS.  Some functions are actually named
|     something starting with __ and the normal name is an alias.  */
| #if defined (__stub_sqrt) || defined (__stub___sqrt)
| choke me
| #else
| char (*f) () = sqrt;
| #endif
| #ifdef __cplusplus
| }
| #endif
| 
| int
| main ()
| {
| return f != sqrt;
|   ;
|   return 0;
| }
configure:6118: result: no
configure:6048: checking for strdup
configure:6098: ppc-amigaos-gcc -o conftest -g -O2 -I/root/Programming/sdk/Include/extra/ -L -L/usr/local/amiga/ppc-amigaos/clib2/lib/ conftest.c  >&5
configure:6101: warning: conflicting types for built-in function 'strdup'
configure:6101: $? = 0
configure:6104: test -s conftest
configure:6107: $? = 0
configure:6118: result: yes
configure:6160: result:  complete!
configure:6267: creating ./config.status

## ---------------------- ##
## Running config.status. ##
## ---------------------- ##

This file was extended by orbital_eunuchs_sniper config.status 1.29, which was
generated by GNU Autoconf 2.57.  Invocation command line was

  CONFIG_FILES    = 
  CONFIG_HEADERS  = 
  CONFIG_LINKS    = 
  CONFIG_COMMANDS = 
  $ ./config.status 

on microA1

config.status:673: creating Makefile
config.status:673: creating src/Makefile
config.status:673: creating bin/Makefile
config.status:673: creating src/snipe2d
config.status:777: creating config.h
config.status:902: config.h is unchanged
config.status:1008: executing depfiles commands

## ---------------- ##
## Cache variables. ##
## ---------------- ##

ac_cv_build=powerpc-unknown-linux-gnu
ac_cv_build_alias=ppc-linux
ac_cv_c_compiler_gnu=yes
ac_cv_c_const=yes
ac_cv_cxx_compiler_gnu=yes
ac_cv_env_CC_set=
ac_cv_env_CC_value=
ac_cv_env_CFLAGS_set=
ac_cv_env_CFLAGS_value=
ac_cv_env_CPPFLAGS_set=set
ac_cv_env_CPPFLAGS_value=-I/root/Programming/sdk/Include/extra/
ac_cv_env_CPP_set=
ac_cv_env_CPP_value=
ac_cv_env_CXXFLAGS_set=
ac_cv_env_CXXFLAGS_value=
ac_cv_env_CXX_set=
ac_cv_env_CXX_value=
ac_cv_env_LDFLAGS_set=set
ac_cv_env_LDFLAGS_value='-L -L/usr/local/amiga/ppc-amigaos/clib2/lib/'
ac_cv_env_build_alias_set=set
ac_cv_env_build_alias_value=ppc-linux
ac_cv_env_host_alias_set=set
ac_cv_env_host_alias_value=ppc-amigaos
ac_cv_env_target_alias_set=
ac_cv_env_target_alias_value=
ac_cv_exeext=
ac_cv_func__doprnt=no
ac_cv_func_atexit=yes
ac_cv_func_floor=no
ac_cv_func_memset=yes
ac_cv_func_mkdir=yes
ac_cv_func_sqrt=no
ac_cv_func_strdup=yes
ac_cv_func_vprintf=yes
ac_cv_header_SDL_SDL_h=yes
ac_cv_header_SDL_SDL_image_h=yes
ac_cv_header_SDL_SDL_mixer_h=yes
ac_cv_header_fcntl_h=yes
ac_cv_header_inttypes_h=no
ac_cv_header_memory_h=no
ac_cv_header_stdc=yes
ac_cv_header_stdint_h=no
ac_cv_header_stdlib_h=yes
ac_cv_header_string_h=yes
ac_cv_header_strings_h=yes
ac_cv_header_sys_stat_h=yes
ac_cv_header_sys_types_h=yes
ac_cv_header_unistd_h=yes
ac_cv_host=powerpc-unknown-amigaos
ac_cv_host_alias=ppc-amigaos
ac_cv_lib_HeartOfGold_tea=no
ac_cv_lib_SDL_SDL_Init=no
ac_cv_lib_SDL_image_IMG_Load=no
ac_cv_lib_SDL_mixer_Mix_OpenAudio=no
ac_cv_objext=o
ac_cv_path_install='/usr/bin/install -c'
ac_cv_prog_AWK=mawk
ac_cv_prog_CC=ppc-amigaos-gcc
ac_cv_prog_CPP='ppc-amigaos-gcc -E'
ac_cv_prog_CXX=ppc-amigaos-g++
ac_cv_prog_STRIP=ppc-amigaos-strip
ac_cv_prog_cc_g=yes
ac_cv_prog_cc_stdc=
ac_cv_prog_cxx_g=yes
ac_cv_prog_egrep='grep -E'
ac_cv_prog_make_make_set=yes
ac_cv_target=powerpc-unknown-amigaos
ac_cv_target_alias=ppc-amigaos
am_cv_CC_dependencies_compiler_type=gcc3
am_cv_CXX_dependencies_compiler_type=gcc3

## ----------------- ##
## Output variables. ##
## ----------------- ##

ACLOCAL='${SHELL} /root/Programming/orbital_eunuchs_sniper-1.29/missing --run aclocal-1.6'
AMDEPBACKSLASH='\'
AMDEP_FALSE='#'
AMDEP_TRUE=''
AMTAR='${SHELL} /root/Programming/orbital_eunuchs_sniper-1.29/missing --run tar'
AUTOCONF='${SHELL} /root/Programming/orbital_eunuchs_sniper-1.29/missing --run autoconf'
AUTOHEADER='${SHELL} /root/Programming/orbital_eunuchs_sniper-1.29/missing --run autoheader'
AUTOMAKE='${SHELL} /root/Programming/orbital_eunuchs_sniper-1.29/missing --run automake-1.6'
AWK='mawk'
CC='ppc-amigaos-gcc'
CCDEPMODE='depmode=gcc3'
CFLAGS='-g -O2'
CPP='ppc-amigaos-gcc -E'
CPPFLAGS='-I/root/Programming/sdk/Include/extra/'
CPU_IS='x86'
CXX='ppc-amigaos-g++'
CXXDEPMODE='depmode=gcc3'
CXXFLAGS='-g -O2'
DEFS='-DHAVE_CONFIG_H'
DEPDIR='.deps'
ECHO_C=''
ECHO_N='-n'
ECHO_T=''
EGREP='grep -E'
EXEEXT=''
INSTALL_DATA='${INSTALL} -m 644'
INSTALL_PROGRAM='${INSTALL}'
INSTALL_SCRIPT='${INSTALL}'
INSTALL_STRIP_PROGRAM='${SHELL} $(install_sh) -c -s'
LDFLAGS='-L -L/usr/local/amiga/ppc-amigaos/clib2/lib/'
LIBOBJS=''
LIBS=''
LN_S='ln -s'
LTLIBOBJS=''
MAKEINFO='${SHELL} /root/Programming/orbital_eunuchs_sniper-1.29/missing --run makeinfo'
OBJEXT='o'
PACKAGE='orbital_eunuchs_sniper'
PACKAGE_BUGREPORT='zakk@timedoctor.org'
PACKAGE_NAME='orbital_eunuchs_sniper'
PACKAGE_STRING='orbital_eunuchs_sniper 1.29'
PACKAGE_TARNAME='orbital_eunuchs_sniper'
PACKAGE_VERSION='1.29'
PATH_SEPARATOR=':'
SET_MAKE=''
SHELL='/bin/sh'
STRIP='ppc-amigaos-strip'
VERSION='1.29'
X_CFLAGS=''
X_EXTRA_LIBS=''
X_LIBS=''
X_PRE_LIBS=''
ac_ct_CC=''
ac_ct_CXX=''
ac_ct_STRIP=''
am__include='include'
am__quote=''
bindir='${exec_prefix}/bin'
build='powerpc-unknown-linux-gnu'
build_alias='ppc-linux'
build_cpu='powerpc'
build_os='linux-gnu'
build_vendor='unknown'
datadir='${prefix}/games'
exec_prefix='${prefix}'
host='powerpc-unknown-amigaos'
host_alias='ppc-amigaos'
host_cpu='powerpc'
host_os='amigaos'
host_vendor='unknown'
includedir='${prefix}/include'
infodir='${prefix}/info'
install_sh='/root/Programming/orbital_eunuchs_sniper-1.29/install-sh'
libdir='${exec_prefix}/lib'
libexecdir='${exec_prefix}/libexec'
localstatedir='${prefix}/var'
mandir='${prefix}/man'
oldincludedir='/usr/include'
prefix='/usr/local'
program_transform_name='s,x,x,'
sbindir='${exec_prefix}/sbin'
sharedstatedir='${prefix}/com'
sysconfdir='${prefix}/etc'
target='powerpc-unknown-amigaos'
target_alias=''
target_cpu='powerpc'
target_os='amigaos'
target_vendor='unknown'

## ----------- ##
## confdefs.h. ##
## ----------- ##

#define HAVE_ATEXIT 1
#define HAVE_FCNTL_H 1
#define HAVE_MEMSET 1
#define HAVE_MKDIR 1
#define HAVE_SDL_SDL_H 1
#define HAVE_SDL_SDL_IMAGE_H 1
#define HAVE_SDL_SDL_MIXER_H 1
#define HAVE_STDLIB_H 1
#define HAVE_STDLIB_H 1
#define HAVE_STRDUP 1
#define HAVE_STRINGS_H 1
#define HAVE_STRING_H 1
#define HAVE_STRING_H 1
#define HAVE_SYS_STAT_H 1
#define HAVE_SYS_TYPES_H 1
#define HAVE_UNISTD_H 1
#define HAVE_UNISTD_H 1
#define HAVE_VPRINTF 1
#define PACKAGE "orbital_eunuchs_sniper"
#define PACKAGE_BUGREPORT "zakk@timedoctor.org"
#define PACKAGE_NAME "orbital_eunuchs_sniper"
#define PACKAGE_STRING "orbital_eunuchs_sniper 1.29"
#define PACKAGE_TARNAME "orbital_eunuchs_sniper"
#define PACKAGE_VERSION "1.29"
#define STDC_HEADERS 1
#define VERSION "1.29"
#define X_DISPLAY_MISSING 1
#endif
#ifdef __cplusplus
#include <stdlib.h>

configure: exit 0
