This file contains any messages produced by compilers while
running configure, to aid debugging if configure makes a mistake.

It was created by configure, which was
generated by GNU Autoconf 2.59.  Invocation command line was

  $ configure 

## --------- ##
## Platform. ##
## --------- ##

hostname = localhost
uname -m = powerpc
uname -r = 1.4
uname -s = MorphOS
uname -v = 50.60

/usr/bin/uname -p = unknown
/bin/uname -X     = unknown

/bin/arch              = unknown
/usr/bin/arch -k       = unknown
/usr/convex/getsysinfo = unknown
hostinfo               = unknown
/bin/machine           = unknown
/usr/bin/oslevel       = unknown
/bin/universe          = unknown

PATH: .
PATH: /bin
PATH: /usr/bin
PATH: /usr/local/bin
PATH: /mossys/c
PATH: /c
PATH: .


## ----------- ##
## Core tests. ##
## ----------- ##

configure:1341: checking build system type
configure:1359: result: powerpc-unknown-morphos
configure:1367: checking host system type
configure:1381: result: powerpc-unknown-morphos
configure:1389: checking target system type
configure:1403: result: powerpc-unknown-morphos
configure:1435: checking for a BSD-compatible install
configure:1490: result: /bin/install -c
configure:1501: checking whether build environment is sane
configure:1544: result: yes
configure:1559: checking whether make sets $(MAKE)
configure:1579: result: yes
configure:1611: checking for working aclocal-1.4
configure:1622: result: missing
configure:1626: checking for working autoconf
configure:1633: result: found
configure:1641: checking for working automake-1.4
configure:1652: result: missing
configure:1656: checking for working autoheader
configure:1663: result: found
configure:1671: checking for working makeinfo
configure:1678: result: found
configure:1735: checking for gcc
configure:1751: found /bin/gcc
configure:1761: result: gcc
configure:2005: checking for C compiler version
configure:2008: gcc --version </dev/null >&5
2.95.3
configure:2011: $? = 0
configure:2013: gcc -v </dev/null >&5
Reading specs from /gg/lib/gcc-lib/ppc-morphos/2.95.3/specs
gcc version 2.95.3 20020615 (experimental/emm)
configure:2016: $? = 0
configure:2018: gcc -V </dev/null >&5
gcc: argument to `-V' is missing
configure:2021: $? = 1
configure:2044: checking for C compiler default output file name
configure:2047: gcc    conftest.c  >&5
configure:2050: $? = 0
configure:2096: result: a.out
configure:2101: checking whether the C compiler works
configure:2107: ./a.out
configure:2110: $? = 0
configure:2127: result: yes
configure:2134: checking whether we are cross compiling
configure:2136: result: no
configure:2139: checking for suffix of executables
configure:2141: gcc -o conftest    conftest.c  >&5
configure:2144: $? = 0
configure:2169: result: 
configure:2175: checking for suffix of object files
configure:2196: gcc -c   conftest.c >&5
configure:2199: $? = 0
configure:2221: result: o
configure:2225: checking whether we are using the GNU C compiler
configure:2249: gcc -c   conftest.c >&5
configure:2255: $? = 0
configure:2258: test -z 			 || test ! -s conftest.err
configure:2261: $? = 0
configure:2264: test -s conftest.o
configure:2267: $? = 0
configure:2280: result: yes
configure:2286: checking whether gcc accepts -g
configure:2307: gcc -c -g  conftest.c >&5
configure:2313: $? = 0
configure:2316: test -z 			 || test ! -s conftest.err
configure:2319: $? = 0
configure:2322: test -s conftest.o
configure:2325: $? = 0
configure:2336: result: yes
configure:2353: checking for gcc option to accept ANSI C
configure:2423: gcc  -c -g -O2  conftest.c >&5
configure:2429: $? = 0
configure:2432: test -z 			 || test ! -s conftest.err
configure:2435: $? = 0
configure:2438: test -s conftest.o
configure:2441: $? = 0
configure:2459: result: none needed
configure:2477: gcc -c -g -O2  conftest.c >&5
conftest.c:2: parse error before `me'
configure:2483: $? = 1
configure: failed program was:
| #ifndef __cplusplus
|   choke me
| #endif
configure:2626: checking for a BSD-compatible install
configure:2681: result: /bin/install -c
configure:2733: checking for ranlib
configure:2749: found /bin/ranlib
configure:2760: result: ranlib
configure:2775: checking for an ANSI C-conforming const
configure:2842: gcc -c -g -O2  conftest.c >&5
configure:2848: $? = 0
configure:2851: test -z 			 || test ! -s conftest.err
configure:2854: $? = 0
configure:2857: test -s conftest.o
configure:2860: $? = 0
configure:2871: result: yes
configure:2893: checking for main in -lm
configure:2917: gcc -o conftest -g -O2   conftest.c -lm   >&5
configure:2923: $? = 0
configure:2926: test -z 			 || test ! -s conftest.err
configure:2929: $? = 0
configure:2932: test -s conftest
configure:2935: $? = 0
configure:2948: result: yes
configure:3008: checking for sdl-config
configure:3026: found /bin/sdl-config
configure:3039: result: /bin/sdl-config
configure:3047: checking for SDL - version >= 1.1.5
configure:3137: gcc -o conftest -g -O2 -noixemul -I/usr/include/SDL   conftest.c -lm  -L/usr/lib -noixemul -lSDL -lc -lm >&5
configure:3140: $? = 0
configure:3142: ./conftest
configure:3145: $? = 0
configure:3163: result: yes
configure:3267: checking how to run the C preprocessor
configure:3302: gcc -E  conftest.c
configure:3308: $? = 0
configure:3340: gcc -E  conftest.c
conftest.c:12: ac_nonexistent.h: No such file or directory
configure:3346: $? = 1
configure: failed program was:
| /* confdefs.h.  */
| 
| #define PACKAGE_NAME ""
| #define PACKAGE_TARNAME ""
| #define PACKAGE_VERSION ""
| #define PACKAGE_STRING ""
| #define PACKAGE_BUGREPORT ""
| #define PACKAGE "black-box"
| #define VERSION "1.4.7"
| #define HAVE_LIBM 1
| /* end confdefs.h.  */
| #include <ac_nonexistent.h>
configure:3385: result: gcc -E
configure:3409: gcc -E  conftest.c
configure:3415: $? = 0
configure:3447: gcc -E  conftest.c
conftest.c:12: ac_nonexistent.h: No such file or directory
configure:3453: $? = 1
configure: failed program was:
| /* confdefs.h.  */
| 
| #define PACKAGE_NAME ""
| #define PACKAGE_TARNAME ""
| #define PACKAGE_VERSION ""
| #define PACKAGE_STRING ""
| #define PACKAGE_BUGREPORT ""
| #define PACKAGE "black-box"
| #define VERSION "1.4.7"
| #define HAVE_LIBM 1
| /* end confdefs.h.  */
| #include <ac_nonexistent.h>
configure:3497: checking for egrep
configure:3507: result: grep -E
configure:3512: checking for ANSI C header files
configure:3537: gcc -c -g -O2  conftest.c >&5
configure:3543: $? = 0
configure:3546: test -z 			 || test ! -s conftest.err
configure:3549: $? = 0
configure:3552: test -s conftest.o
configure:3555: $? = 0
configure:3644: gcc -o conftest -g -O2   conftest.c -lm  >&5
configure:3647: $? = 0
configure:3649: ./conftest
configure:3652: $? = 0
configure:3667: result: yes
configure:3691: checking for sys/types.h
configure:3707: gcc -c -g -O2  conftest.c >&5
configure:3713: $? = 0
configure:3716: test -z 			 || test ! -s conftest.err
configure:3719: $? = 0
configure:3722: test -s conftest.o
configure:3725: $? = 0
configure:3736: result: yes
configure:3691: checking for sys/stat.h
configure:3707: gcc -c -g -O2  conftest.c >&5
configure:3713: $? = 0
configure:3716: test -z 			 || test ! -s conftest.err
configure:3719: $? = 0
configure:3722: test -s conftest.o
configure:3725: $? = 0
configure:3736: result: yes
configure:3691: checking for stdlib.h
configure:3707: gcc -c -g -O2  conftest.c >&5
configure:3713: $? = 0
configure:3716: test -z 			 || test ! -s conftest.err
configure:3719: $? = 0
configure:3722: test -s conftest.o
configure:3725: $? = 0
configure:3736: result: yes
configure:3691: checking for string.h
configure:3707: gcc -c -g -O2  conftest.c >&5
configure:3713: $? = 0
configure:3716: test -z 			 || test ! -s conftest.err
configure:3719: $? = 0
configure:3722: test -s conftest.o
configure:3725: $? = 0
configure:3736: result: yes
configure:3691: checking for memory.h
configure:3707: gcc -c -g -O2  conftest.c >&5
configure:3713: $? = 0
configure:3716: test -z 			 || test ! -s conftest.err
configure:3719: $? = 0
configure:3722: test -s conftest.o
configure:3725: $? = 0
configure:3736: result: yes
configure:3691: checking for strings.h
configure:3707: gcc -c -g -O2  conftest.c >&5
configure:3713: $? = 0
configure:3716: test -z 			 || test ! -s conftest.err
configure:3719: $? = 0
configure:3722: test -s conftest.o
configure:3725: $? = 0
configure:3736: result: yes
configure:3691: checking for inttypes.h
configure:3707: gcc -c -g -O2  conftest.c >&5
configure:3713: $? = 0
configure:3716: test -z 			 || test ! -s conftest.err
configure:3719: $? = 0
configure:3722: test -s conftest.o
configure:3725: $? = 0
configure:3736: result: yes
configure:3691: checking for stdint.h
configure:3707: gcc -c -g -O2  conftest.c >&5
conftest.c:55: stdint.h: No such file or directory
configure:3713: $? = 1
configure: failed program was:
| /* confdefs.h.  */
| 
| #define PACKAGE_NAME ""
| #define PACKAGE_TARNAME ""
| #define PACKAGE_VERSION ""
| #define PACKAGE_STRING ""
| #define PACKAGE_BUGREPORT ""
| #define PACKAGE "black-box"
| #define VERSION "1.4.7"
| #define HAVE_LIBM 1
| #define STDC_HEADERS 1
| #define HAVE_SYS_TYPES_H 1
| #define HAVE_SYS_STAT_H 1
| #define HAVE_STDLIB_H 1
| #define HAVE_STRING_H 1
| #define HAVE_MEMORY_H 1
| #define HAVE_STRINGS_H 1
| #define HAVE_INTTYPES_H 1
| /* end confdefs.h.  */
| #include <stdio.h>
| #if HAVE_SYS_TYPES_H
| # include <sys/types.h>
| #endif
| #if HAVE_SYS_STAT_H
| # include <sys/stat.h>
| #endif
| #if STDC_HEADERS
| # include <stdlib.h>
| # include <stddef.h>
| #else
| # if HAVE_STDLIB_H
| #  include <stdlib.h>
| # endif
| #endif
| #if HAVE_STRING_H
| # if !STDC_HEADERS && HAVE_MEMORY_H
| #  include <memory.h>
| # endif
| # include <string.h>
| #endif
| #if HAVE_STRINGS_H
| # include <strings.h>
| #endif
| #if HAVE_INTTYPES_H
| # include <inttypes.h>
| #else
| # if HAVE_STDINT_H
| #  include <stdint.h>
| # endif
| #endif
| #if HAVE_UNISTD_H
| # include <unistd.h>
| #endif
| 
| #include <stdint.h>
configure:3736: result: no
configure:3691: checking for unistd.h
configure:3707: gcc -c -g -O2  conftest.c >&5
configure:3713: $? = 0
configure:3716: test -z 			 || test ! -s conftest.err
configure:3719: $? = 0
configure:3722: test -s conftest.o
configure:3725: $? = 0
configure:3736: result: yes
configure:3762: checking math.h usability
configure:3774: gcc -c -g -O2  conftest.c >&5
configure:3780: $? = 0
configure:3783: test -z 			 || test ! -s conftest.err
configure:3786: $? = 0
configure:3789: test -s conftest.o
configure:3792: $? = 0
configure:3802: result: yes
configure:3806: checking math.h presence
configure:3816: gcc -E  conftest.c
configure:3822: $? = 0
configure:3842: result: yes
configure:3877: checking for math.h
configure:3884: result: yes
configure:3904: checking for main in -lm
configure:3959: result: yes
configure:3975: checking for main in -lSDL_mixer
configure:3999: gcc -o conftest -g -O2   conftest.c -lSDL_mixer -L/usr/lib -noixemul -lSDL -lc -lm -lm -lm  >&5
configure:4005: $? = 0
configure:4008: test -z 			 || test ! -s conftest.err
configure:4011: $? = 0
configure:4014: test -s conftest
configure:4017: $? = 0
configure:4030: result: yes
configure:4046: checking for main in -lSDL_image
configure:4070: gcc -o conftest -g -O2   conftest.c -lSDL_image -L/usr/lib -noixemul -lSDL -lc -lm -lSDL_mixer -lm -lm  >&5
configure:4076: $? = 0
configure:4079: test -z 			 || test ! -s conftest.err
configure:4082: $? = 0
configure:4085: test -s conftest
configure:4088: $? = 0
configure:4101: result: yes
configure:4251: creating ./config.status

## ---------------------- ##
## Running config.status. ##
## ---------------------- ##

This file was extended by config.status, which was
generated by GNU Autoconf 2.59.  Invocation command line was

  CONFIG_FILES    = 
  CONFIG_HEADERS  = 
  CONFIG_LINKS    = 
  CONFIG_COMMANDS = 
  $ ./config.status 

on localhost

config.status:5010: creating Makefile
config.status:5010: creating src/Makefile
config.status:5010: creating data/Makefile
config.status:5010: creating data/gfx/Makefile
config.status:5010: creating data/sound/Makefile

## ---------------- ##
## Cache variables. ##
## ---------------- ##

ac_cv_build=powerpc-unknown-morphos
ac_cv_build_alias=powerpc-unknown-morphos
ac_cv_c_compiler_gnu=yes
ac_cv_c_const=yes
ac_cv_env_CC_set=
ac_cv_env_CC_value=
ac_cv_env_CFLAGS_set=
ac_cv_env_CFLAGS_value=
ac_cv_env_CPPFLAGS_set=
ac_cv_env_CPPFLAGS_value=
ac_cv_env_CPP_set=
ac_cv_env_CPP_value=
ac_cv_env_LDFLAGS_set=
ac_cv_env_LDFLAGS_value=
ac_cv_env_build_alias_set=
ac_cv_env_build_alias_value=
ac_cv_env_host_alias_set=
ac_cv_env_host_alias_value=
ac_cv_env_target_alias_set=
ac_cv_env_target_alias_value=
ac_cv_exeext=
ac_cv_header_inttypes_h=yes
ac_cv_header_math_h=yes
ac_cv_header_memory_h=yes
ac_cv_header_stdc=yes
ac_cv_header_stdint_h=no
ac_cv_header_stdlib_h=yes
ac_cv_header_string_h=yes
ac_cv_header_strings_h=yes
ac_cv_header_sys_stat_h=yes
ac_cv_header_sys_types_h=yes
ac_cv_header_unistd_h=yes
ac_cv_host=powerpc-unknown-morphos
ac_cv_host_alias=powerpc-unknown-morphos
ac_cv_lib_SDL_image_main=yes
ac_cv_lib_SDL_mixer_main=yes
ac_cv_lib_m_main=yes
ac_cv_objext=o
ac_cv_path_SDL_CONFIG=/bin/sdl-config
ac_cv_path_install='/bin/install -c'
ac_cv_prog_CPP='gcc -E'
ac_cv_prog_ac_ct_CC=gcc
ac_cv_prog_ac_ct_RANLIB=ranlib
ac_cv_prog_cc_g=yes
ac_cv_prog_cc_stdc=
ac_cv_prog_egrep='grep -E'
ac_cv_prog_make_make_set=yes
ac_cv_target=powerpc-unknown-morphos
ac_cv_target_alias=powerpc-unknown-morphos

## ----------------- ##
## Output variables. ##
## ----------------- ##

ACLOCAL='/Ram Disk/blackbox-1_4_7-mos/sources/missing aclocal-1.4'
AUTOCONF='autoconf'
AUTOHEADER='autoheader'
AUTOMAKE='/Ram Disk/blackbox-1_4_7-mos/sources/missing automake-1.4'
CC='gcc'
CFLAGS='-g -O2 -noixemul -I/usr/include/SDL -DDATADIR=\"${prefix}/share/black-box\"'
CPP='gcc -E'
CPPFLAGS=''
DEFS='-DPACKAGE_NAME=\"\" -DPACKAGE_TARNAME=\"\" -DPACKAGE_VERSION=\"\" -DPACKAGE_STRING=\"\" -DPACKAGE_BUGREPORT=\"\" -DPACKAGE=\"black-box\" -DVERSION=\"1.4.7\" -DHAVE_LIBM=1 -DSTDC_HEADERS=1 -DHAVE_SYS_TYPES_H=1 -DHAVE_SYS_STAT_H=1 -DHAVE_STDLIB_H=1 -DHAVE_STRING_H=1 -DHAVE_MEMORY_H=1 -DHAVE_STRINGS_H=1 -DHAVE_INTTYPES_H=1 -DHAVE_UNISTD_H=1 -DHAVE_MATH_H=1 -DHAVE_LIBM=1 -DHAVE_LIBSDL_MIXER=1 -DHAVE_LIBSDL_IMAGE=1 '
ECHO_C=''ECHO_N=''
ECHO_T=''
EGREP='grep -E'
EXEEXT=''
INSTALL_DATA='${INSTALL} -m 644'
INSTALL_PROGRAM='${INSTALL}'
INSTALL_SCRIPT='${INSTALL}'
LDFLAGS=''
LIBOBJS=''
LIBS='-lSDL_image -lSDL_mixer -lm -lm  -L/usr/lib -noixemul -lSDL -lc -lm -lSDL_mixer -lSDL_image -lSDL'
LTLIBOBJS=''
MAKEINFO='makeinfo'
MATHLIB='-lm'
OBJEXT='o'
PACKAGE='black-box'
PACKAGE_BUGREPORT=''
PACKAGE_NAME=''
PACKAGE_STRING=''
PACKAGE_TARNAME=''
PACKAGE_VERSION=''
PATH_SEPARATOR=':'
RANLIB='ranlib'
SDL_CFLAGS='-noixemul -I/usr/include/SDL'
SDL_CONFIG='/bin/sdl-config'
SDL_LIBS='-L/usr/lib -noixemul -lSDL -lc -lm'
SET_MAKE=''
SHELL='/bin/sh'
VERSION='1.4.7'
ac_ct_CC='gcc'
ac_ct_RANLIB='ranlib'
bindir='${exec_prefix}/bin'
build='powerpc-unknown-morphos'
build_alias=''
build_cpu='powerpc'
build_os='morphos'
build_vendor='unknown'
datadir='${prefix}/share'
exec_prefix='${prefix}'
host='powerpc-unknown-morphos'
host_alias=''
host_cpu='powerpc'
host_os='morphos'
host_vendor='unknown'
includedir='${prefix}/include'
infodir='${prefix}/info'
libdir='${exec_prefix}/lib'
libexecdir='${exec_prefix}/libexec'
localstatedir='${prefix}/var'
mandir='${prefix}/man'
oldincludedir='/usr/include'
prefix='/usr/local'
program_transform_name='s,x,x,'
sbindir='${exec_prefix}/sbin'
sharedstatedir='${prefix}/com'
sysconfdir='${prefix}/etc'
target='powerpc-unknown-morphos'
target_alias=''
target_cpu='powerpc'
target_os='morphos'
target_vendor='unknown'

## ----------- ##
## confdefs.h. ##
## ----------- ##

#define HAVE_INTTYPES_H 1
#define HAVE_LIBM 1
#define HAVE_LIBM 1
#define HAVE_LIBSDL_IMAGE 1
#define HAVE_LIBSDL_MIXER 1
#define HAVE_MATH_H 1
#define HAVE_MEMORY_H 1
#define HAVE_STDLIB_H 1
#define HAVE_STRINGS_H 1
#define HAVE_STRING_H 1
#define HAVE_SYS_STAT_H 1
#define HAVE_SYS_TYPES_H 1
#define HAVE_UNISTD_H 1
#define PACKAGE "black-box"
#define PACKAGE_BUGREPORT ""
#define PACKAGE_NAME ""
#define PACKAGE_STRING ""
#define PACKAGE_TARNAME ""
#define PACKAGE_VERSION ""
#define STDC_HEADERS 1
#define VERSION "1.4.7"

configure: exit 0
