C.W.B.A. ROSTERS





                                  L.A.LAKERS
--------------------------------------------------------------------------------
          # POS  HT. RANK  NAME               S  P  D  R  Q  J  TOT
--------------------------------------------------------------------------------
         32  G  6'9   -6   MAGIC JOHNSON      7  8  5  7  7  5   39
         44  G  6'2   -2   JERRY WEST         8  6  6  5  6  4   35
         24  G  6'6   -5   KOBE BRYANT        7  6  6  5  7  7   38
         25  G  6'1    4   GAIL GOODRICH      6  5  5  3  6  4   29
          4  G  6'3    1   BYRON SCOTT        6  4  5  3  7  7   32
         22  F  6'5   -4   ELGIN BAYLOR       7  5  5  7  6  7   37
         42  F  6'9   -1   JAMES WORTHY       6  5  5  5  7  6   34
         52  F  6'6    4   JAMAAL WILKES      6  4  5  5  5  4   29
         15  F  7'0    0   PAU GASOL          6  6  5  6  5  5   33
         45  F  6'9    3   A.C. GREEN         4  4  6  6  5  5   30
         33  C  7'2   -7   KAREEM ABDL-JBBR   8  5  7  7  7  6   40
         34  C  7'1   -5   SHAQUILLE O'NEAL   5  5  7  7  6  8   38
--------------------------------------------------------------------------------
           COACH      -1   PAT RILEY                             44







                                 GOLDEN STATE
--------------------------------------------------------------------------------
          # POS  HT. RANK  NAME               S  P  D  R  Q  J  TOT
--------------------------------------------------------------------------------
         30  G  6'3   -3   STEPHEN CURRY      8  6  5  4  7  6   36
         11  G  6'6   -1   KLAY THOMPSON      7  6  6  4  6  5   34
         12  G  6'6    3   CHRIS MULLIN       8  6  4  4  5  3   30
         10  G  6'0    2   TIM HARDAWAY       7  6  4  3  8  3   31
          5  G  6'3    1   BARON DAVIS        5  6  5  4  7  5   32
         24  F  6'7   -4   RICK BARRY         8  6  6  6  6  5   37
         23  F  6'6   -2   DRAYMOND GREEN     3  7  8  6  6  5   35
         35  F  610   -5   KEVIN DURANT       8  5  6  6  6  7   38
         14  F  6'6    5   TOM MESCHERY       5  3  5  6  4  5   28
          0  F  6'6   -1   ANDRE IGUODALA     4  6  7  5  6  6   34
         13  C  7'1   -0   WILT CHMBERLAIN    7  7  7  8  6  8   43
         42  C  611   -2   NATE THURMOND      5  4  7  8  5  6   35
--------------------------------------------------------------------------------
           COACH      -1   STEVE KERR                            44




S: SHOOTING  P: PASSING  D: DEFENSE  R: REBOUNDING  Q: QUICKNESS  J: JUMPING
C.W.B.A. ROSTERS cont.





                                    PHOENIX
--------------------------------------------------------------------------------
          # POS  HT. RANK  NAME               S  P  D  R  Q  J  TOT
--------------------------------------------------------------------------------
         13  G  6'3   -1   STEVE NASH         7  8  5  4  7  3   34
          5  G  6'1    2   KEVIN JOHNSON      6  6  5  3  7  4   31
          1  G  6'5    2   DEVIN BOOKER       8  5  4  3  6  5   31
         44  G  6'4    3   PAUL WESTPHAL      7  5  5  3  6  4   30
         32  G  6'4   -4   JASON KIDD         5  8  7  6  6  5   37
         31  F  6'7   -5   SHAWN MARION       6  4  7  7  7  7   38
          4  F  6'6    1   WALTER DAVIS       8  5  4  4  6  5   32
         42  F  6'8   -4   CONNIE HAWKINS     7  6  5  6  6  7   37
         24  F  610   -2   TOM CHAMBERS       7  4  5  6  6  7   35
         22  F  610   -6   LARRY NANCE SR.    7  5  7  7  6  7   39
         33  C  6'9   -2   ALVAN ADAMS        6  6  6  6  6  5   35
         34  C  610   -4   AMARE STOUDMIRE    7  4  5  7  6  8   37
--------------------------------------------------------------------------------
           COACH       0   MIKE D'ANTONI                         33







                                 L.A.CLIPPERS
--------------------------------------------------------------------------------
          # POS  HT. RANK  NAME               S  P  D  R  Q  J  TOT
--------------------------------------------------------------------------------
          3  G  6'0   -4   CHRIS PAUL         7  8  7  4  7  4   37
         10  G  6'2    1   NORM NIXON         6  7  5  3  7  4   32
          1  G  6'3    1   CHAUNCEY BILLUPS   7  6  6  4  5  4   32
          4  G  6'3    0   RANDY SMITH        7  5  5  3  7  6   33
         21  G  6'2    5   WORLD B. FREE      7  4  3  3  6  5   28
         32  F  6'9   -3   BLAKE GRIFFIN      6  5  5  7  6  7   36
          5  F  610    0   DANNY MANNING      6  5  5  7  5  5   33
         42  F  6'9   -4   ELTON BRAND        7  4  7  8  5  6   37
          4  F  6'6   -2   RON HARPER         6  6  6  5  6  6   35
         50  F  6'6    2   COREY MAGGETTE     6  4  4  5  6  6   31
         11  C  6'9   -4   BOB MCADOO         8  5  5  7  6  6   37
         12  C  611   -2   DEANDRE JORDAN     4  4  6  8  6  7   35
--------------------------------------------------------------------------------
           COACH      -7   DOC RIVERS                            40




S: SHOOTING  P: PASSING  D: DEFENSE  R: REBOUNDING  Q: QUICKNESS  J: JUMPING
C.W.B.A. ROSTERS cont.





                                  SACRAMENTO
--------------------------------------------------------------------------------
          # POS  HT. RANK  NAME               S  P  D  R  Q  J  TOT
--------------------------------------------------------------------------------
         14  G  6'5   -6   OSCAR ROBERTSON    8  8  7  7  5  4   39
          1  G  6'1   -2   NATE ARCHIBALD     8  7  3  3  8  6   35
         10  G  6'1    2   MIKE BIBBY         7  6  5  3  6  4   31
          2  G  6'5   -1   MITCH RICHMOND     8  5  6  4  6  5   34
          5  G  6'3   -1   DE'AARON FOX       7  5  4  3  8  7   34
          4  F  6'9   -3   CHRIS WEBBER       7  6  4  8  5  6   36
         12  F  610    3   PEJA STOJKOVIC     8  4  4  5  5  4   30
         32  F  6'8   -2   JERRY LUCAS        7  5  5  8  4  6   35
         22  F  6'6   -1   JACK TWYMAN        7  5  5  6  6  5   34
         50  F  6'9   -2   OTIS THORPE        6  4  6  7  6  6   35
         21  C  7'1   -1   VLADE DIVAC        6  7  5  7  4  5   34
         44  C  610   -2   SAM LACEY          6  6  7  7  5  4   35
--------------------------------------------------------------------------------
           COACH      -7   RICK ADELMAN                          40







                                   PORTLAND
--------------------------------------------------------------------------------
          # POS  HT. RANK  NAME               S  P  D  R  Q  J  TOT
--------------------------------------------------------------------------------
         22  G  6'7   -6   CLYDE DREXLER      7  5  7  6  7  7   39
         30  G  6'3    1   TERRY PORTER       6  7  5  4  6  4   32
          3  G  510    1   DAMON STOUDMIRE    6  6  5  3  7  5   32
         45  G  6'4    4   GEOFF PETRIE       7  5  4  3  6  4   29
          4  G  6'6    5   JIM PAXON          6  5  4  3  6  4   28
         20  F  6'9   -3   MAURICE LUCAS      6  4  7  8  5  6   36
         33  F  610   -1   CLIFF ROBINSON     6  4  6  6  6  6   34
         25  F  6'7    0   JEROME KERSEY      6  3  6  6  6  6   33
         12  F  611   -2   LAMRCUS ALDRIDGE   7  5  6  7  5  5   35
         31  F  611   -3   RASHEED WALLACE    7  4  7  7  5  6   36
         32  C  611   -9   BILL WALTON        7  7  8  8  6  6   42
         11  C  7'3   -3   ARVYDAS SABONIS    7  7  6  8  4  4   36
--------------------------------------------------------------------------------
           COACH      -7   JACK RAMSEY                           40




S: SHOOTING  P: PASSING  D: DEFENSE  R: REBOUNDING  Q: QUICKNESS  J: JUMPING
C.W.B.A. ROSTERS cont.





                                    SEATTLE
--------------------------------------------------------------------------------
          # POS  HT. RANK  NAME               S  P  D  R  Q  J  TOT
--------------------------------------------------------------------------------
          0  G  6'3   -6   RUSSEL WESTBROOK   7  6  5  7  7  7   39
         20  G  6'4   -6   GARY PAYTON        6  6  8  5  7  7   39
         24  G  6'4    0   DENNIS JOHNSON     5  6  7  5  5  5   33
         32  G  6'3    5   FRED BROWN         7  5  4  3  6  3   28
         10  G  6'2   -1   GUS WILLIAMS       7  6  5  4  6  6   34
         40  F  610   -6   SHAWN KEMP         7  4  5  8  7  8   39
         11  F  610   -1   SERGE IBAKA        5  3  7  7  6  6   34
         34  F  6'7    0   XAVIER MCDANIEL    6  4  6  6  5  6   33
         43  F  611   -1   JACK SIKMA         7  6  6  7  5  3   34
          5  F  610    1   RASHARD LEWIS      6  4  5  5  6  6   32
         22  C  6'8   -1   SPENCER HAYWOOD    6  5  5  8  4  6   34
         14  C  6'9    2   SAM PERKINS        6  3  6  6  5  5   31
--------------------------------------------------------------------------------
           COACH      -7   LENNY WILKENS                         40







                                   MINNESOTA
--------------------------------------------------------------------------------
          # POS  HT. RANK  NAME               S  P  D  R  Q  J  TOT
--------------------------------------------------------------------------------
         11  G  6'3    3   SAM CASSELL        7  6  5  2  6  4   30
          5  G  511    2   TERRELL BRANDON    6  6  5  3  7  4   31
          3  G  6'2    1   STEPHON MARBURY    7  6  4  3  7  5   32
         23  G  6'7   -4   JIMMY BUTLER       7  5  7  6  6  6   37
          1  G  6'4   -1   ANTHONY EDWARDS    7  4  5  4  7  7   34
         21  F  611   -0   KEVIN GARNETT      7  6  8  8  7  7   43
         42  F  610   -3   KEVIN LOVE         7  5  6  8  5  5   36
         12  F  6'7    5   WALLY SCZERBIAK    7  4  3  4  6  4   28
         24  F  610    0   TOM GUGLIOTTA      6  5  5  6  6  5   33
         22  F  6'7    0   ANDREW WIGGINS     6  4  5  5  7  6   33
         32  C  7'0   -4   KARL-ANTNY TOWNS   8  6  4  7  6  6   37
         25  C  610    0   AL JEFFERSON       6  4  6  7  5  5   33
--------------------------------------------------------------------------------
           COACH      -6   FLIP SAUNDERS                         39




S: SHOOTING  P: PASSING  D: DEFENSE  R: REBOUNDING  Q: QUICKNESS  J: JUMPING
C.W.B.A. ROSTERS cont.





                                     UTAH
--------------------------------------------------------------------------------
          # POS  HT. RANK  NAME               S  P  D  R  Q  J  TOT
--------------------------------------------------------------------------------
         12  G  6'1   -4   JOHN STOCKTON      6  8  7  4  7  5   37
         45  G  6'3   -2   DONOVAN MITCHELL   8  5  5  4  7  6   35
         10  G  6'3    0   DERON WILLIAMS     7  7  4  4  6  5   33
         14  G  6'4    1   JEFF HORNACEK      7  6  5  4  6  4   32
          5  G  6'5   -2   PETE MARAVICH      8  8  3  4  7  5   35
         32  F  6'9   -7   KARL MALONE        8  5  7  8  6  6   40
          4  F  6'5    0   ADRIAN DANTLEY     8  5  5  4  6  5   33
         42  F  6'9   -3   ANDREI KIRILENKO   6  4  8  6  6  6   36
         13  F  611    0   MEHMET OKUR        7  5  5  6  5  5   33
         20  F  6'9    0   CARLOS BOOZER      6  4  6  7  5  5   33
         53  C  7'4    1   MARK EATON         4  3  8  8  4  5   32
         22  C  7'1   -1   RUDY GOBERT        4  3  8  8  5  6   34
--------------------------------------------------------------------------------
           COACH      -7   JERRY SLOAN                           40







                                  SAN ANTONIO
--------------------------------------------------------------------------------
          # POS  HT. RANK  NAME               S  P  D  R  Q  J  TOT
--------------------------------------------------------------------------------
         11  G  6'2    0   TONY PARKER        7  7  4  3  7  5   33
         20  G  6'6   -2   MANU GINOBILI      7  7  6  3  6  6   35
         44  G  6'7    0   GEORGE GERVIN      8  4  5  4  6  6   33
         13  G  6'1    1   JAMES SILAS        7  6  5  4  5  5   32
         00  G  6'1    3   JOHNNY MOORE       6  5  5  3  7  4   30
         21  F  611   -7   TIM DUNCAN         7  6  8  8  5  6   40
          2  F  6'7   -5   KAWHI LEONARD      6  5  8  7  6  6   38
         32  F  6'8    1   SEAN ELLIOTT       7  5  5  4  6  5   32
         35  F  6'9   -1   LARRY KENON        7  5  5  6  5  6   34
         12  F  6'7    3   BRUCE BOWEN        5  4  8  3  5  5   30
         50  C  7'1   -7   DAVID ROBINSON     6  5  8  8  6  7   40
         53  C  7'2   -5   ARTIS GILMORE      7  5  7  8  5  6   38
--------------------------------------------------------------------------------
           COACH      -9   GREGG POPOVICH                        42




S: SHOOTING  P: PASSING  D: DEFENSE  R: REBOUNDING  Q: QUICKNESS  J: JUMPING
C.W.B.A. ROSTERS cont.





                                   CHARLOTTE
--------------------------------------------------------------------------------
          # POS  HT. RANK  NAME               S  P  D  R  Q  J  TOT
--------------------------------------------------------------------------------
         15  G  6'0    0   KEMBA WALKER       8  6  4  3  7  5   33
          1  G  5'4    0   MUGGSY BOGUES      4  8  6  3  8  4   33
         11  G  6'3   -3   BARON DAVIS        7  6  6  4  7  6   36
         30  G  6'4    3   DELL CURRY         8  4  4  3  6  5   30
         12  G  6'6   -1   EDDIE JONES        7  4  7  4  6  6   34
          2  F  6'7   -3   LARRY JOHNSON      7  4  6  7  6  6   36
         41  F  6'8   -3   GLEN RICE          8  5  4  5  7  7   36
          3  F  6'7   -2   GERALD WALLACE     6  4  7  6  6  6   35
          5  F  6'6    3   KELLY TRIPUCKA     8  4  4  3  6  5   30
         24  F  6'9    1   MARVIN WILLIAMS    6  3  6  6  6  5   32
         25  C  610   -5   AL JEFFERSON       7  3  7  8  6  7   38
         50  C  610   -1   EMEKA OKAFOR       6  3  7  7  6  5   34
--------------------------------------------------------------------------------
           COACH      -4   PAUL SILAS                            37







                                    HOUSTON
--------------------------------------------------------------------------------
          # POS  HT. RANK  NAME               S  P  D  R  Q  J  TOT
--------------------------------------------------------------------------------
         13  G  6'5   -3   JAMES HARDEN       8  7  4  4  7  6   36
         22  G  5'9   -2   CALVIN MURPHY      8  6  5  2  8  6   35
          3  G  6'3    0   STEVE FRANCIS      7  5  4  4  7  6   33
         30  G  6'3    2   KENNY SMITH        6  6  5  3  6  5   31
         12  G  6'4    2   VERNON MAXWELL     6  4  6  4  6  5   31
          1  F  6'8   -5   TRACY MCGRADY      8  6  6  4  7  7   38
         25  F  6'9   -1   ROBERT HORRY       5  5  6  6  6  6   34
         44  F  6'9   -3   ELVIN HAYES        7  4  7  8  5  5   36
         45  F  6'8    1   RUDY TOMJANOVIC    7  5  4  5  6  5   32
         50  F  7'4   -2   RALPH SAMPSON      7  4  6  7  5  6   35
         34  C  7'0   -0   HAKEEM OLAJUWON    8  6  8  8  6  7   43
         11  C  7'6   -1   YAO MING           6  4  6  8  5  5   34
--------------------------------------------------------------------------------
           COACH      -7   RUDY TOMJANOVIC                       40




S: SHOOTING  P: PASSING  D: DEFENSE  R: REBOUNDING  Q: QUICKNESS  J: JUMPING
C.W.B.A. ROSTERS cont.





                                    DALLAS
--------------------------------------------------------------------------------
          # POS  HT. RANK  NAME               S  P  D  R  Q  J  TOT
--------------------------------------------------------------------------------
         11  G  6'7   -5   LUKA DONCIC        8  8  5  6  6  5   38
         22  G  6'6    0   ROLANDO BLACKMAN   8  5  5  4  6  5   33
         12  G  6'4    0   DEREK HARPER       6  6  6  4  6  5   33
          4  G  6'7    1   MICHAEL FINLEY     7  5  4  5  6  5   32
         32  G  6'8    3   JAMAL MASHBURN     7  4  3  5  6  5   30
         41  F  7'0   -6   DIRK NOWITZKI      8  6  6  7  6  6   39
         24  F  6'6   -2   MARK AGUIRRE       8  5  5  5  6  6   35
         31  F  6'7   -3   SHAWN MARION       6  5  7  6  6  6   36
          5  F  6'7   -1   JOSH HOWARD        7  3  6  6  6  6   34
         10  F  6'8    3   JAY VINCENT        6  4  4  5  6  5   30
         40  C  7'2    0   JAMES DONALDSON    5  4  7  8  4  5   33
         14  C  7'1   -3   TYSON CHANDLER     5  4  7  8  6  6   36
--------------------------------------------------------------------------------
           COACH      -7   RICK CARLISLE                         40







                                    DENVER
--------------------------------------------------------------------------------
          # POS  HT. RANK  NAME               S  P  D  R  Q  J  TOT
--------------------------------------------------------------------------------
         12  G  6'3   -5   FAT LEVER          6  7  7  5  7  6   38
         13  G  6'4   -4   DAVID THOMPSON     8  5  4  4  8  8   37
          1  G  6'3   -2   CHAUNCEY BILLUPS   7  6  7  4  6  5   35
         25  G  6'1    0   MAHMOUD ABD-RAUF   8  5  4  3  7  6   33
         14  G  6'2    2   ANDRE MILLER       6  7  5  4  5  4   31
          2  F  6'7   -3   ALEX ENGLISH       8  7  4  4  7  6   36
         15  F  6'8   -1   CARMELO ANTHONY    8  5  4  5  6  6   34
         44  F  6'9   -3   DAN ISSEL          7  5  6  7  6  5   36
         24  F  6'9   -1   ANTONIO MCDYESS    6  3  6  7  6  6   34
         21  F  6'8    2   KIKI VANDEWEGHE    7  4  3  5  6  6   31
         35  C  7'2   -3   DIKEMBO MUTOMBO    5  4  8  8  4  7   36
         11  C  611   -7   NIKOLA JOKIC       8  8  6  8  6  4   40
--------------------------------------------------------------------------------
           COACH      -5   DOUG MOE                              38




S: SHOOTING  P: PASSING  D: DEFENSE  R: REBOUNDING  Q: QUICKNESS  J: JUMPING
C.W.B.A. ROSTERS cont.





                                    BOSTON
--------------------------------------------------------------------------------
          # POS  HT. RANK  NAME               S  P  D  R  Q  J  TOT
--------------------------------------------------------------------------------
         24  G  6'4   -1   SAM JONES          8  4  6  4  6  6   34
         14  G  6'1   -1   BOB COUSY          6  8  5  3  7  5   34
         20  G  6'5    3   RAY ALLEN          8  5  4  2  7  4   30
         25  G  6'1    2   K.C. JONES         5  6  8  3  6  3   31
         10  G  6'3    2   JOJO WHITE         7  6  6  3  5  4   31
         33  F  6'9   -9   LARRY BIRD         8  8  7  7  6  6   42
         15  F  6'5   -4   JOHN HAVLICEK      7  7  7  4  6  6   37
         32  F  610   -4   KEVIN MCHALE       8  4  7  7  5  6   37
         34  F  6'7   -1   PAUL PIERCE        8  6  6  5  5  4   34
         11  F  6'1    4   RAJON RONDO        3  8  6  4  4  4   29
          5  C  610   -0   BILL RUSSELL       6  7  8  8  7  7   43
         31  C  5'4    1   ROBERT PARISH      6  3  6  7  4  6   32
--------------------------------------------------------------------------------
           COACH      -1   RED AUERBACH                          44







                                 PHILADELPHIA
--------------------------------------------------------------------------------
          # POS  HT. RANK  NAME               S  P  D  R  Q  J  TOT
--------------------------------------------------------------------------------
          3  G  6'0   -3   ALLEN IVERSON      8  7  5  1  8  7   36
         15  G  6'2    0   HAL GREER          7  6  6  3  6  5   33
         10  G  6'1    0   MAURICE CHEEKS     6  7  7  3  6  4   33
         33  G  6'3    2   HERSEY HAWKINS     7  6  5  2  6  5   31
         22  G  6'4    2   ANDREW TONEY       8  5  5  2  6  5   31
          5  F  6'7   -7   JULIUS ERVING      8  5  6  7  7  7   40
         34  F  6'6   -6   CHARLES BARKLEY    8  6  6  8  5  6   39
         24  F  6'8   -4   BOBBY JONES        5  6  8  6  6  6   37
         15  F  6'6    0   CHET WALKER        7  5  6  5  5  5   33
          4  F  6'8   -3   DOLPH SCHAYES      7  5  6  7  5  6   36
          2  C  610   -4   MOSES MALONE       7  3  7  8  6  6   37
         53  C  611    1   DARRYL DAWKINS     6  2  6  7  5  6   32
--------------------------------------------------------------------------------
           COACH      -7   BILLY CUNNINGHAM                      40




S: SHOOTING  P: PASSING  D: DEFENSE  R: REBOUNDING  Q: QUICKNESS  J: JUMPING
C.W.B.A. ROSTERS cont.





                                  WASHINGTON
--------------------------------------------------------------------------------
          # POS  HT. RANK  NAME               S  P  D  R  Q  J  TOT
--------------------------------------------------------------------------------
         45  G  6'3   -3   PHIL CHENIER       8  6  6  4  7  5   36
          3  G  6'4    0   BRADLEY BEAL       8  5  6  3  6  5   33
          2  G  6'3   -2   JOHN WALL          6  7  5  4  7  6   35
          0  G  6'3   -2   GILBERT ARENAS     8  6  4  4  7  6   35
         35  G  6'5    4   KEVIN GREVEY       7  5  5  3  5  4   29
         11  F  6'9   -7   ELVIN HAYES        8  5  7  8  6  6   40
         25  F  6'6   -5   GUS JOHNSON        7  4  7  8  6  6   38
         22  F  6'7   -2   BOB DANDRIDGE      7  5  7  5  6  5   35
          5  F  6'9   -1   JUWAN HOWARD       6  6  6  6  5  5   34
          4  F  6'8    1   ANTAWN JAMISON     7  4  5  6  5  5   32
         41  C  6'7   -6   WES UNSELD         6  6  8  8  6  5   39
         55  C  7'7    4   GHEORGHE MURESAN   5  3  5  7  4  5   29
--------------------------------------------------------------------------------
           COACH      -5   DICK MOTTA                            38







                                   NEW YORK
--------------------------------------------------------------------------------
          # POS  HT. RANK  NAME               S  P  D  R  Q  J  TOT
--------------------------------------------------------------------------------
         10  G  6'4   -6   WALT FRAZIER       7  8  7  4  7  6   39
         15  G  6'3    0   EARL MONROE        8  6  5  3  5  6   33
         20  G  6'6    2   ALLAN HOUSTON      8  5  5  3  6  4   31
          3  G  6'5    2   JOHN STARKS        7  5  6  3  6  4   31
         13  G  6'3    3   MARK JACKSON       6  6  6  3  5  4   30
         22  F  6'6   -4   DAVE DEBUSSCHR     7  6  7  6  6  5   37
         30  F  6'7   -4   BERNARD KING       8  6  6  5  6  6   37
         24  F  6'5   -1   LATRELL SPREWELL   7  5  6  4  6  6   34
         34  F  6'8   -1   CHARLES OAKLEY     5  5  7  7  5  5   34
         24  F  6'5    4   BILL BRADLEY       6  4  6  4  5  4   29
         14  C  6'9   -7   WILLIS REED        7  6  8  7  6  6   40
         33  C  7'0   -8   PATRICK EWING      8  5  7  8  6  7   41
--------------------------------------------------------------------------------
           COACH      -5   RED HOLZMAN                           38




S: SHOOTING  P: PASSING  D: DEFENSE  R: REBOUNDING  Q: QUICKNESS  J: JUMPING
C.W.B.A. ROSTERS cont.





                                  NEW JERSEY
--------------------------------------------------------------------------------
          # POS  HT. RANK  NAME               S  P  D  R  Q  J  TOT
--------------------------------------------------------------------------------
          3  G  6'5   -1   DRAZEN PETROVIC    8  6  5  2  7  6   34
         20  G  6'5    2   KERRY KITTLES      7  5  5  3  6  5   31
          2  G  6'5    0   MICHEAL RICHRDSON  6  7  6  3  6  5   33
          5  G  6'2   -1   STEPHON MARBURY    7  7  5  3  7  5   34
         30  G  6'4    3   OTIS BIRDSONG      7  5  5  3  6  4   30
         52  F  6'8   -6   BUCK WILLIAMS      7  5  7  8  6  6   39
         44  F  610   -5   DERRICK COLEMAN    7  6  6  7  6  6   38
         24  F  6'7   -1   RICHARD JEFFERSON  7  5  6  5  6  5   34
          4  F  6'9   -4   KENYON MARTIN      6  5  7  7  6  6   37
         55  F  6'6    2   ALBERT KING        6  5  5  4  6  5   31
         11  C  7'0   -3   BROOK LOPEZ        7  5  6  7  5  6   36
         45  C  611    1   JASON COLLINS      5  5  6  6  5  5   32
--------------------------------------------------------------------------------
           COACH      -4   BYRON SCOTT                           37







                                     MIAMI
--------------------------------------------------------------------------------
          # POS  HT. RANK  NAME               S  P  D  R  Q  J  TOT
--------------------------------------------------------------------------------
          3  G  6'4   -7   DWAYNE WADE        8  7  8  4  7  6   40
         22  G  6'7   -5   JIMMY BUTLER       7  6  7  6  7  5   38
          4  G  6'3    3   GORAN DRAGIC       7  6  4  3  6  4   30
         24  G  6'3    3   STEVE SMITH        7  6  4  3  6  4   30
         11  G  6'0    4   SHERMAN DOUGLAS    6  6  5  3  6  3   29
         33  F  610   -6   ALONZO MOURNING    7  4  8  8  6  6   39
         40  F  6'8   -1   UDONIS HASLEM      6  5  8  7  4  4   34
         32  F  6'8    2   BRIANT GRANT       6  5  6  6  4  4   31
         21  F  610    1   HASSAN WHITESIDE   6  3  6  8  4  5   32
          1  F  611   -6   CHRIS BOSH         7  6  7  7  6  6   39
         50  C  611    0   RONY SEIKALY       6  4  6  7  4  6   33
         13  C  6'9   -7   BAM ADEBAYO        7  6  7  8  6  6   40
--------------------------------------------------------------------------------
           COACH      -3   ERIK SPOELSTRA                        36




S: SHOOTING  P: PASSING  D: DEFENSE  R: REBOUNDING  Q: QUICKNESS  J: JUMPING
C.W.B.A. ROSTERS cont.





                                    TORONTO
--------------------------------------------------------------------------------
          # POS  HT. RANK  NAME               S  P  D  R  Q  J  TOT
--------------------------------------------------------------------------------
          4  G  6'0   -3   KYLE LOWRY         7  7  7  4  6  5   36
         10  G  6'7   -2   DEMAR DEROZAN      8  5  6  4  6  6   35
         23  G  6'1    0   FRED VANVLEET      7  6  6  3  6  5   33
         11  G  6'3    3   JOSE CALDERON      6  7  5  3  5  4   30
         24  G  6'6    1   MORRIS PETERSON    6  5  6  4  6  5   32
         15  F  6'6   -6   VINCE CARTER       8  6  6  5  7  7   39
         43  F  6'9   -5   PASCAL SIAKAM      7  6  7  6  6  6   38
          3  F  6'9   -3   ANTONIO DAVIS      6  5  7  7  6  5   36
          2  F  6'7   -1   OG ANUNOBY         6  5  7  5  6  5   34
         12  F  7'0    2   ANDREA BARGNANI    7  4  5  5  5  5   31
         22  C  7'0    0   CHRIS BOUCHER      6  4  6  6  6  5   33
         25  C  6'9    0   JONAS VANCIUNS     6  4  6  7  5  5   33
--------------------------------------------------------------------------------
           COACH      -4   NICK NURSE                            37







                                    ATLANTA
--------------------------------------------------------------------------------
          # POS  HT. RANK  NAME               S  P  D  R  Q  J  TOT
--------------------------------------------------------------------------------
         25  G  6'4    3   DOC RIVERS         6  6  6  2  5  5   30
         10  G  6'0    2   MOOKIE BLAYLOCK    6  7  5  2  6  5   31
         23  G  6'5   -3   LOU HUDSON         8  5  6  4  7  6   36
          2  G  6'7   -3   JOE JOHNSON        7  6  6  5  6  6   36
          3  G  6'1    6   RANDY WITTMAN      5  5  5  3  5  4   27
         34  F  6'8   -8   DOMINIQUE WILKINS  8  6  6  6  7  8   41
         14  F  6'9   -8   BOB PETTIT         8  6  7  8  6  6   41
          5  F  6'9    0   KEVIN WILLIS       6  5  6  7  4  5   33
          4  F  6'8   -1   PAUL MILLSAP       6  6  5  6  6  5   34
         32  F  6'8    0   DAN RNDFIELD       6  5  5  6  6  5   33
         31  C  610   -6   AL HORFORD         7  6  7  7  6  6   39
         30  C  7'1    1   TREE ROLLINS       5  4  7  6  5  5   32
--------------------------------------------------------------------------------
           COACH      -3   MIKE FRATELLO                         36




S: SHOOTING  P: PASSING  D: DEFENSE  R: REBOUNDING  Q: QUICKNESS  J: JUMPING
C.W.B.A. ROSTERS cont.





                                    CHICAGO
--------------------------------------------------------------------------------
          # POS  HT. RANK  NAME               S  P  D  R  Q  J  TOT
--------------------------------------------------------------------------------
          0  G  6'3   -4   DERRICK ROSE       7  7  5  3  8  7   37
         23  G  6'6   -2   MICHAEL JORDAN     8  7  8  6  8  8   45
         10  G  6'5    3   JERRY SLOAN        5  5  7  4  5  4   30
         24  G  6'7    4   REGGIE THEUS       6  6  4  3  6  4   29
         22  G  6'2    2   NORM VAN LIER      5  6  7  4  5  4   31
         33  F  6'8   -9   SCOTTIE PIPPEN     7  7  8  6  7  7   42
         51  F  6'7   -2   DENNIS RODMAN      2  4  8  8  7  6   35
         42  F  6'8    1   BOB LOVE           7  4  6  5  6  4   32
         54  F  610   -2   HORACE GRANT       6  5  7  6  6  5   35
          4  F  610    2   TONI KUKOC         6  6  4  5  5  5   31
         13  C  611   -2   JOAKIM NOAH        4  6  7  7  6  5   35
         53  C  7'2   -2   ARTIS GILMORE      7  4  7  7  5  5   35
--------------------------------------------------------------------------------
           COACH      -1   PHIL JACKSON                          44







                                   CLEVELAND
--------------------------------------------------------------------------------
          # POS  HT. RANK  NAME               S  P  D  R  Q  J  TOT
--------------------------------------------------------------------------------
          2  G  6'2   -2   KYRIE IRVING       8  7  4  3  7  6   35
         25  G  6'0   -2   MARK PRICE         7  8  5  3  7  5   35
         34  G  6'4    3   AUSTIN CARR        6  5  5  3  6  5   30
         14  G  6'6    0   CRAIG EHLO         6  6  6  4  6  5   33
          4  G  6'5    2   BINGO SMITH        6  5  5  4  6  5   31
         23  F  6'9   -2   LEBRON JAMES       8  8  8  7  7  7   45
         22  F  610   -7   LARRY NANCE        7  5  7  6  7  8   40
         20  F  6'8    0   CAMPY RUSSELL      6  5  6  5  6  5   33
         34  F  611   -1   HOTROD WILLIAMS    6  4  6  6  6  6   34
         50  F  6'9    2   JIM CHONES         6  4  6  6  5  4   31
         43  C  7'0   -4   BRAD DAUGHERTY     7  5  6  8  6  5   37
         11  C  7'3    0   ZYDRUNAS ILGOSKAS  6  4  6  7  5  5   33
--------------------------------------------------------------------------------
           COACH      -5   BILL FITCH                            38




S: SHOOTING  P: PASSING  D: DEFENSE  R: REBOUNDING  Q: QUICKNESS  J: JUMPING
C.W.B.A. ROSTERS cont.





                                    DETROIT
--------------------------------------------------------------------------------
          # POS  HT. RANK  NAME               S  P  D  R  Q  J  TOT
--------------------------------------------------------------------------------
         11  G  6'1   -7   ISIAH THOMAS       7  8  7  4  8  6   40
         21  G  6'3   -2   DAVE BING          8  6  5  4  7  5   35
          4  G  6'3   -2   JOE DUMARS         7  7  6  4  6  5   35
         32  G  6'6    0   RIP HAMILTON       7  6  6  3  6  5   33
         15  G  6'2    5   VINNIE JOHNSON     6  5  5  3  5  4   28
         33  F  6'8   -8   GRANT HILL         7  7  7  6  7  7   41
          3  F  6'9   -1   BEN WALLACE        3  4  8  8  6  5   34
         22  F  6'9    0   BAILEY HOWELL      6  5  6  6  5  5   33
         33  F  6'9    2   JOHN SALLEY        5  4  7  5  5  5   31
         23  F  6'9    0   TAYSHAUN PRINCE    6  5  7  5  5  5   33
         14  C  611   -6   BOB LANIER         8  5  7  7  6  6   39
         40  C  611    0   BILL LAIMBEER      7  5  6  7  5  3   33
--------------------------------------------------------------------------------
           COACH      -9   CHUCK DALY                            42







                                    INDIANA
--------------------------------------------------------------------------------
          # POS  HT. RANK  NAME               S  P  D  R  Q  J  TOT
--------------------------------------------------------------------------------
         31  G  6'7   -4   REGGIE MILLER      8  6  6  3  7  7   37
         14  G  6'3   -4   FREDDIE LEWIS      7  6  6  4  6  8   37
         10  G  6'5    1   VERN FLEMING       6  6  6  4  6  4   32
         25  G  6'6    1   BILLY KNIGHT       7  5  5  4  6  5   32
          4  G  6'4    0   VICTOR OLADIPO     7  5  6  3  7  5   33
         35  F  6'9   -1   ROGER BROWN        7  5  6  5  6  5   34
         13  F  6'9   -7   PAUL GEORGE        7  6  7  5  7  8   40
         15  F  611   -3   JERMAINE O'NEAL    7  4  7  6  6  6   36
         12  F  6'9   -2   DETLEF SCHREMPF    7  5  6  6  6  5   35
         45  F  6'8    1   CHUCK PERSON       7  5  5  4  6  5   32
         34  C  6'9   -6   MEL DANIELS        7  5  7  7  6  7   39
         44  C  7'4    0   RIK SMITS          7  4  6  6  5  5   33
--------------------------------------------------------------------------------
           COACH      -3   SLICK LEONARD                         36




S: SHOOTING  P: PASSING  D: DEFENSE  R: REBOUNDING  Q: QUICKNESS  J: JUMPING
C.W.B.A. ROSTERS cont.





                                   MILWAUKEE
--------------------------------------------------------------------------------
          # POS  HT. RANK  NAME               S  P  D  R  Q  J  TOT
--------------------------------------------------------------------------------
          4  G  6'3   -7   SIDNEY MONCRIEF    7  6  8  5  7  7   40
         22  G  6'6    1   MICHAEL REDD       8  5  5  3  6  5   32
          2  G  6'5   -1   PAUL PRESSEY       6  7  6  4  6  5   34
         21  G  6'3    2   QUINN BUCKNER      5  6  7  3  6  4   31
         14  G  6'5    4   JON MCGLCKLIN      7  5  5  3  6  3   29
         34  F  611   -0   GIANNIS ANTTOKMPO  7  6  8  8  7  7   43
          3  F  6'7   -5   MARQUES JOHNSON    7  6  6  6  7  6   38
         34  F  6'9   -4   TERRY CUMMINGS     7  5  6  7  6  6   37
         13  F  6'7    1   GLENN ROBINSON     8  4  5  5  6  4   32
         22  F  6'7   -2   KHRIS MIDDLETON    7  6  6  5  6  5   35
          0  C  7'0   -3   ANDREW BOGUT       6  5  7  8  5  5   36
         53  C  610    4   ALTON LISTER       5  4  7  6  5  2   29
--------------------------------------------------------------------------------
           COACH      -5   DON NELSON                            38







                                    ORLANDO
--------------------------------------------------------------------------------
          # POS  HT. RANK  NAME               S  P  D  R  Q  J  TOT
--------------------------------------------------------------------------------
          1  G  6'7   -6   PENNY HARDAWAY     7  7  6  5  7  7   39
         25  G  6'6   -3   NICK ANDERSON      7  5  6  4  6  8   36
         10  G  6'1    0   DARRELL ARMSTRONG  6  6  6  4  6  5   33
         14  G  6'0    1   JAMEER NELSON      7  6  5  3  6  5   32
          4  G  6'1    4   SCOTT SKILES       5  8  5  3  5  3   29
         15  F  610   -1   HEDO TURKOGLU      7  6  5  5  6  5   34
         12  F  610    0   RASHARD LEWIS      7  5  5  5  6  5   33
          3  F  6'8   -3   DENNIS SCOTT       8  5  5  5  7  6   36
         45  F  6'8    1   BO OUTLAW          4  4  7  6  6  5   32
         00  F  6'9    2   AARON GORDON       6  5  6  5  5  4   31
         13  C  611   -7   DWIGHT HOWARD      6  4  8  8  7  7   40
         11  C  610   -2   NIKOLA VUCEVIC     7  5  6  7  5  5   35
--------------------------------------------------------------------------------
           COACH      -5   STAN VAN GUNDY                        38




S: SHOOTING  P: PASSING  D: DEFENSE  R: REBOUNDING  Q: QUICKNESS  J: JUMPING
