This file contains any messages produced by compilers while
running configure, to aid debugging if configure makes a mistake.

It was created by configure, which was
generated by GNU Autoconf 2.54.  Invocation command line was

  $ configure --disable-dependency-tracking --bindir=/SDK/Local/C --prefix=/SDK/Local --libdir=/SDK/Local/newlib/lib --includedir=/SDK/Local/common/include CFLAGS=-mcrt=newlib CPPFLAGS=-mcrt=newlib -DMINIGL CXXFLAGS=-mcrt=newlib LIBS=-lunix LDFLAGS=-mcrt=newlib

## --------- ##
## Platform. ##
## --------- ##

hostname = localhost
uname -m = ppc
uname -r = 51.4
uname -s = AmigaOS
uname -v = 4.0

/usr/bin/uname -p = unknown
/bin/uname -X     = unknown

/bin/arch              = unknown
/usr/bin/arch -k       = unknown
/usr/convex/getsysinfo = unknown
hostinfo               = unknown
/bin/machine           = unknown
/usr/bin/oslevel       = unknown
/bin/universe          = unknown

PATH: /gcc/bin
PATH: /SDK/C
PATH: /SDK/Local/C
PATH: /SDK/Local/newlib/bin
PATH: /SDK/Local/clib2/bin
PATH: /C
PATH: .


## ----------- ##
## Core tests. ##
## ----------- ##

configure:1115: creating cache /dev/null
configure:1233: checking for a BSD-compatible install
configure:1287: result: /SDK/Local/C/ginstall -c
configure:1298: checking whether build environment is sane
configure:1341: result: yes
configure:1366: WARNING: `missing' script is too old or missing
configure:1374: checking for gawk
configure:1403: result: no
configure:1374: checking for mawk
configure:1403: result: no
configure:1374: checking for nawk
configure:1390: found /SDK/Local/C/nawk
configure:1400: result: nawk
configure:1410: checking whether /SDK/C/gmake sets ${MAKE}
configure:1430: result: yes
configure:1592: checking for gawk
configure:1618: result: nawk
configure:1674: checking for gcc
configure:1690: found /gcc/bin/gcc
configure:1700: result: gcc
configure:1942: checking for C compiler version
configure:1945: gcc --version </dev/null >&5
gcc (GCC) 4.0.2 (AmigaOS build 20051012)
Copyright (C) 2005 Free Software Foundation, Inc.
This is free software; see the source for copying conditions.  There is NO
warranty; not even for MERCHANTABILITY or FITNESS FOR A PARTICULAR PURPOSE.

configure:1948: $? = 0
configure:1950: gcc -v </dev/null >&5
Reading specs from Bub:SDK/gcc/bin/../lib/gcc/ppc-amigaos/4.0.2/specs
Target: ppc-amigaos
Configured with: ../gcc-4.0.2/configure --host=ppc-amigaos --target=ppc-amigaos --build=i686-cygwin --prefix=/gcc --enable-languages=c,c++,objc --enable-haifa --enable-sjlj-exceptions --disable-shared --disable-libstdcxx-pch
Thread model: single
gcc version 4.0.2 (AmigaOS build 20051012)
configure:1953: $? = 0
configure:1955: gcc -V </dev/null >&5
gcc: '-V' option must have argument
configure:1958: $? = 1
configure:1978: checking for C compiler default output
configure:1981: gcc -mcrt=newlib -mcrt=newlib -DMINIGL -mcrt=newlib conftest.c -lunix >&5
configure:1984: $? = 0
configure:2018: result: a.out
configure:2023: checking whether the C compiler works
configure:2029: ./a.out
configure:2032: $? = 0
configure:2047: result: yes
configure:2054: checking whether we are cross compiling
configure:2056: result: no
configure:2059: checking for suffix of executables
configure:2061: gcc -o conftest -mcrt=newlib -mcrt=newlib -DMINIGL -mcrt=newlib conftest.c -lunix >&5
configure:2064: $? = 0
configure:2087: result: 
configure:2093: checking for suffix of object files
configure:2111: gcc -c -mcrt=newlib -mcrt=newlib -DMINIGL conftest.c >&5
configure:2114: $? = 0
configure:2133: result: o
configure:2137: checking whether we are using the GNU C compiler
configure:2158: gcc -c -mcrt=newlib -mcrt=newlib -DMINIGL conftest.c >&5
configure:2161: $? = 0
configure:2164: test -s conftest.o
configure:2167: $? = 0
configure:2179: result: yes
configure:2185: checking whether gcc accepts -g
configure:2203: gcc -c -g -mcrt=newlib -DMINIGL conftest.c >&5
configure:2206: $? = 0
configure:2209: test -s conftest.o
configure:2212: $? = 0
configure:2222: result: yes
configure:2239: checking for gcc option to accept ANSI C
configure:2296: gcc  -c -mcrt=newlib -mcrt=newlib -DMINIGL conftest.c >&5
configure:2299: $? = 0
configure:2302: test -s conftest.o
configure:2305: $? = 0
configure:2322: result: none needed
configure:2340: gcc -c -mcrt=newlib -mcrt=newlib -DMINIGL conftest.c >&5
conftest.c:2: error: syntax error before 'me'
configure:2343: $? = 1
configure: failed program was:
#ifndef __cplusplus
  choke me
#endif
configure:2460: checking for style of include used by /SDK/C/gmake
configure:2488: result: GNU
configure:2516: checking dependency style of gcc
configure:2578: result: none
configure:2607: checking for a BSD-compatible install
configure:2661: result: /SDK/Local/C/ginstall -c
configure:2672: checking whether ln -s works
configure:2676: result: yes
configure:2689: checking how to run the C preprocessor
configure:2715: gcc -E -mcrt=newlib -DMINIGL conftest.c
configure:2721: $? = 0
configure:2748: gcc -E -mcrt=newlib -DMINIGL conftest.c
configure:2744:28: error: ac_nonexistent.h: No such file or directory
configure:2754: $? = 1
configure: failed program was:
#line 2743 "configure"
#include "confdefs.h"
#include <ac_nonexistent.h>
configure:2791: result: gcc -E
configure:2806: gcc -E -mcrt=newlib -DMINIGL conftest.c
configure:2812: $? = 0
configure:2839: gcc -E -mcrt=newlib -DMINIGL conftest.c
configure:2835:28: error: ac_nonexistent.h: No such file or directory
configure:2845: $? = 1
configure: failed program was:
#line 2834 "configure"
#include "confdefs.h"
#include <ac_nonexistent.h>
configure:2885: checking for egrep
configure:2895: result: grep -E
configure:2900: checking for ANSI C header files
configure:2914: gcc -E -mcrt=newlib -DMINIGL conftest.c
configure:2920: $? = 0
configure:3007: gcc -o conftest -mcrt=newlib -mcrt=newlib -DMINIGL -mcrt=newlib conftest.c -lunix >&5
configure: In function 'main':
configure:2998: warning: incompatible implicit declaration of built-in function 'exit'
configure:3010: $? = 0
configure:3012: ./conftest
configure:3015: $? = 0
configure:3029: result: yes
configure:3041: checking for main in -lSDL
configure:3062: gcc -o conftest -mcrt=newlib -mcrt=newlib -DMINIGL -mcrt=newlib conftest.c -lSDL  -lunix >&5
configure:3065: $? = 0
configure:3068: test -s conftest
configure:3071: $? = 0
configure:3082: result: yes
configure:3094: checking for main in -lSDL_ttf
configure:3115: gcc -o conftest -mcrt=newlib -mcrt=newlib -DMINIGL -mcrt=newlib conftest.c -lSDL_ttf  -lSDL -lunix >&5
configure:3118: $? = 0
configure:3121: test -s conftest
configure:3124: $? = 0
configure:3135: result: yes
configure:3147: checking for main in -lpthread
configure:3168: gcc -o conftest -mcrt=newlib -mcrt=newlib -DMINIGL -mcrt=newlib conftest.c -lpthread  -lSDL_ttf -lSDL -lunix >&5
configure:3171: $? = 0
configure:3174: test -s conftest
configure:3177: $? = 0
configure:3188: result: yes
configure:3221: checking for atexit
configure:3258: gcc -o conftest -mcrt=newlib -mcrt=newlib -DMINIGL -mcrt=newlib conftest.c -lpthread -lSDL_ttf -lSDL -lunix >&5
configure:3261: $? = 0
configure:3264: test -s conftest
configure:3267: $? = 0
configure:3277: result: yes
configure:3399: creating ./config.status

## ---------------------- ##
## Running config.status. ##
## ---------------------- ##

This file was extended by config.status, which was
generated by GNU Autoconf 2.54.  Invocation command line was

  CONFIG_FILES    = 
  CONFIG_HEADERS  = 
  CONFIG_LINKS    = 
  CONFIG_COMMANDS = 
  $ ./config.status 

on localhost

config.status:629: creating Makefile
config.status:733: creating config.h
config.status:943: executing depfiles commands

## ---------------- ##
## Cache variables. ##
## ---------------- ##

ac_cv_c_compiler_gnu=yes
ac_cv_env_CC_set=
ac_cv_env_CC_value=
ac_cv_env_CFLAGS_set=set
ac_cv_env_CFLAGS_value=-mcrt=newlib
ac_cv_env_CPPFLAGS_set=set
ac_cv_env_CPPFLAGS_value='-mcrt=newlib -DMINIGL'
ac_cv_env_CPP_set=
ac_cv_env_CPP_value=
ac_cv_env_LDFLAGS_set=set
ac_cv_env_LDFLAGS_value=-mcrt=newlib
ac_cv_env_build_alias_set=
ac_cv_env_build_alias_value=
ac_cv_env_host_alias_set=
ac_cv_env_host_alias_value=
ac_cv_env_target_alias_set=
ac_cv_env_target_alias_value=
ac_cv_exeext=
ac_cv_func_atexit=yes
ac_cv_header_stdc=yes
ac_cv_lib_SDL_main=yes
ac_cv_lib_SDL_ttf_main=yes
ac_cv_lib_pthread_main=yes
ac_cv_objext=o
ac_cv_path_install='/SDK/Local/C/ginstall -c'
ac_cv_prog_AWK=nawk
ac_cv_prog_CPP='gcc -E'
ac_cv_prog_ac_ct_CC=gcc
ac_cv_prog_cc_g=yes
ac_cv_prog_cc_stdc=
ac_cv_prog_egrep='grep -E'
ac_cv_prog_make__SDK_C_gmake_set=yes
am_cv_CC_dependencies_compiler_type=none

## ----------------- ##
## Output variables. ##
## ----------------- ##

ac_ct_CC='gcc'
ac_ct_STRIP=''
ACLOCAL='aclocal-1.7'
am__fastdepCC_FALSE=''
am__fastdepCC_TRUE='#'
am__include='include'
am__quote=''
AMDEP_FALSE=''
AMDEP_TRUE='#'
AMDEPBACKSLASH=''
AMTAR='tar'
AUTOCONF='autoconf'
AUTOHEADER='autoheader'
AUTOMAKE='automake-1.7'
AWK='nawk'
bindir='/SDK/Local/C'
build_alias=''
CC='gcc'
CCDEPMODE='depmode=none'
CFLAGS='-mcrt=newlib'
CPP='gcc -E'
CPPFLAGS='-mcrt=newlib -DMINIGL'
CYGPATH_W='echo'
datadir='${prefix}/share'
DEFS='-DHAVE_CONFIG_H'
DEPDIR='.deps'
ECHO_C=''ECHO_N=''
ECHO_T=''
EGREP='grep -E'
exec_prefix='${prefix}'
EXEEXT=''
host_alias=''
includedir='/SDK/Local/common/include'
infodir='${prefix}/info'
INSTALL_DATA='${INSTALL} -m 644'
INSTALL_PROGRAM='${INSTALL}'
INSTALL_SCRIPT='${INSTALL}'
install_sh='/RAM Disk/gnurobbo-0.57/install-sh'
INSTALL_STRIP_PROGRAM='${SHELL} $(install_sh) -c -s'
LDFLAGS='-mcrt=newlib'
libdir='/SDK/Local/newlib/lib'
libexecdir='${exec_prefix}/libexec'
LIBOBJS=''
LIBS='-lpthread -lSDL_ttf -lSDL -lunix'
LN_S='ln -s'
localstatedir='${prefix}/var'
LTLIBOBJS=''
MAKEINFO='makeinfo'
mandir='${prefix}/man'
OBJEXT='o'
oldincludedir='/usr/include'
PACKAGE='gnurobbo'
PACKAGE_BUGREPORT=''
PACKAGE_NAME=''
PACKAGE_STRING=''
PACKAGE_TARNAME=''
PACKAGE_VERSION=''
PATH_SEPARATOR=':'
prefix='/SDK/Local'
program_transform_name='s,x,x,'
sbindir='${exec_prefix}/sbin'
SET_MAKE=''
sharedstatedir='${prefix}/com'
SHELL='/bin/sh'
STRIP=''
sysconfdir='${prefix}/etc'
target_alias=''
VERSION='0.57'

## ----------- ##
## confdefs.h. ##
## ----------- ##

#define HAVE_ATEXIT 1
#define HAVE_LIBPTHREAD 1
#define HAVE_LIBSDL 1
#define HAVE_LIBSDL_TTF 1
#define PACKAGE "gnurobbo"
#define PACKAGE_BUGREPORT ""
#define PACKAGE_DATA_DIR "/SDK/Local/share/gnurobbo/"
#define PACKAGE_NAME ""
#define PACKAGE_STRING ""
#define PACKAGE_TARNAME ""
#define PACKAGE_VERSION ""
#define STDC_HEADERS 1
#define VERSION "0.57"

configure: exit 0
