This file contains any messages produced by compilers while
running configure, to aid debugging if configure makes a mistake.

configure:556: checking for a BSD compatible install
configure:609: checking whether build environment is sane
configure:666: checking whether make sets ${MAKE}
configure:712: checking for working aclocal
configure:725: checking for working autoconf
configure:738: checking for working automake
configure:751: checking for working autoheader
configure:764: checking for working makeinfo
configure:783: checking for strerror in -lcposix
configure:802: cc -o conftest    conftest.c -lcposix   1>&5
/usr/lib/gcc-lib/i486-suse-linux/3.2/../../../../i486-suse-linux/bin/ld: cannot find -lcposix
collect2: ld returned 1 exit status
configure: failed program was:
#line 791 "configure"
#include "confdefs.h"
/* Override any gcc2 internal prototype to avoid an error.  */
/* We use char because int might match the return type of a gcc2
    builtin and then its argument prototype would still apply.  */
char strerror();

int main() {
strerror()
; return 0; }
configure:828: checking for gcc
configure:941: checking whether the C compiler (gcc  ) works
configure:957: gcc -o conftest    conftest.c  1>&5
configure:983: checking whether the C compiler (gcc  ) is a cross-compiler
configure:988: checking whether we are using GNU C
configure:997: gcc -E conftest.c
configure:1016: checking whether gcc accepts -g
configure:1051: checking for gcc option to accept ANSI C
configure:1104: gcc  -c -g -O2  conftest.c 1>&5
configure:1129: checking how to run the C preprocessor
configure:1150: gcc -E  conftest.c >/dev/null 2>conftest.out
configure:1209: checking for ANSI C header files
configure:1222: gcc -E  conftest.c >/dev/null 2>conftest.out
configure:1289: gcc -o conftest -g -O2   conftest.c  1>&5
configure:1328: checking for string.h
configure:1338: gcc -E  conftest.c >/dev/null 2>conftest.out
configure:1328: checking for errno.h
configure:1338: gcc -E  conftest.c >/dev/null 2>conftest.out
configure:1328: checking for signal.h
configure:1338: gcc -E  conftest.c >/dev/null 2>conftest.out
configure:1328: checking for netdb.h
configure:1338: gcc -E  conftest.c >/dev/null 2>conftest.out
configure:1328: checking for netinet/in.h
configure:1338: gcc -E  conftest.c >/dev/null 2>conftest.out
configure:1328: checking for arpa/inet.h
configure:1338: gcc -E  conftest.c >/dev/null 2>conftest.out
configure:1328: checking for sys/socket.h
configure:1338: gcc -E  conftest.c >/dev/null 2>conftest.out
configure:1328: checking for sys/types.h
configure:1338: gcc -E  conftest.c >/dev/null 2>conftest.out
configure:1328: checking for sys/wait.h
configure:1338: gcc -E  conftest.c >/dev/null 2>conftest.out
configure:1328: checking for unistd.h
configure:1338: gcc -E  conftest.c >/dev/null 2>conftest.out
configure:1370: checking for strcat
configure:1398: gcc -o conftest -g -O2   conftest.c  1>&5
configure:1382: warning: conflicting types for built-in function `strcat'
configure:1370: checking for strcmp
configure:1398: gcc -o conftest -g -O2   conftest.c  1>&5
configure:1382: warning: conflicting types for built-in function `strcmp'
configure:1370: checking for strcpy
configure:1398: gcc -o conftest -g -O2   conftest.c  1>&5
configure:1382: warning: conflicting types for built-in function `strcpy'
