2003.09.05 13:24 B C:\Brain\RoadFighter\RoadFighter\graphics\arrow.bmp --> dhcp111.iiia.csic.es /Users/santi/backup PC(5-9-2003)/RoadFighter/RoadFighter/graphics arrow.bmp
2003.09.05 13:24 B C:\Brain\RoadFighter\RoadFighter\graphics\car1.bmp --> dhcp111.iiia.csic.es /Users/santi/backup PC(5-9-2003)/RoadFighter/RoadFighter/graphics car1.bmp
2003.09.05 13:24 B C:\Brain\RoadFighter\RoadFighter\graphics\car2.bmp --> dhcp111.iiia.csic.es /Users/santi/backup PC(5-9-2003)/RoadFighter/RoadFighter/graphics car2.bmp
2003.09.05 13:24 B C:\Brain\RoadFighter\RoadFighter\graphics\checkpoint.bmp --> dhcp111.iiia.csic.es /Users/santi/backup PC(5-9-2003)/RoadFighter/RoadFighter/graphics checkpoint.bmp
2003.09.05 13:24 B C:\Brain\RoadFighter\RoadFighter\graphics\disclaimer.jpg --> dhcp111.iiia.csic.es /Users/santi/backup PC(5-9-2003)/RoadFighter/RoadFighter/graphics disclaimer.jpg
2003.09.05 13:24 B C:\Brain\RoadFighter\RoadFighter\graphics\empty.bmp --> dhcp111.iiia.csic.es /Users/santi/backup PC(5-9-2003)/RoadFighter/RoadFighter/graphics empty.bmp
2003.09.05 13:24 B C:\Brain\RoadFighter\RoadFighter\graphics\enemycars.bmp --> dhcp111.iiia.csic.es /Users/santi/backup PC(5-9-2003)/RoadFighter/RoadFighter/graphics enemycars.bmp
2003.09.05 13:24 B C:\Brain\RoadFighter\RoadFighter\graphics\explosion.bmp --> dhcp111.iiia.csic.es /Users/santi/backup PC(5-9-2003)/RoadFighter/RoadFighter/graphics explosion.bmp
2003.09.05 13:24 B C:\Brain\RoadFighter\RoadFighter\graphics\fuel.bmp --> dhcp111.iiia.csic.es /Users/santi/backup PC(5-9-2003)/RoadFighter/RoadFighter/graphics fuel.bmp
2003.09.05 13:24 B C:\Brain\RoadFighter\RoadFighter\graphics\fuel_scores.bmp --> dhcp111.iiia.csic.es /Users/santi/backup PC(5-9-2003)/RoadFighter/RoadFighter/graphics fuel_scores.bmp
2003.09.05 13:24 B C:\Brain\RoadFighter\RoadFighter\graphics\gamemap.bmp --> dhcp111.iiia.csic.es /Users/santi/backup PC(5-9-2003)/RoadFighter/RoadFighter/graphics gamemap.bmp
2003.09.05 13:24 B C:\Brain\RoadFighter\RoadFighter\graphics\gameover.jpg --> dhcp111.iiia.csic.es /Users/santi/backup PC(5-9-2003)/RoadFighter/RoadFighter/graphics gameover.jpg
2003.09.05 13:24 B C:\Brain\RoadFighter\RoadFighter\graphics\goal.bmp --> dhcp111.iiia.csic.es /Users/santi/backup PC(5-9-2003)/RoadFighter/RoadFighter/graphics goal.bmp
2003.09.05 13:24 B C:\Brain\RoadFighter\RoadFighter\graphics\konami1.jpg --> dhcp111.iiia.csic.es /Users/santi/backup PC(5-9-2003)/RoadFighter/RoadFighter/graphics konami1.jpg
2003.09.05 13:24 B C:\Brain\RoadFighter\RoadFighter\graphics\konami2.jpg --> dhcp111.iiia.csic.es /Users/santi/backup PC(5-9-2003)/RoadFighter/RoadFighter/graphics konami2.jpg
2003.09.05 13:24 B C:\Brain\RoadFighter\RoadFighter\graphics\level1.bmp --> dhcp111.iiia.csic.es /Users/santi/backup PC(5-9-2003)/RoadFighter/RoadFighter/graphics level1.bmp
2003.09.05 13:24 B C:\Brain\RoadFighter\RoadFighter\graphics\level2.bmp --> dhcp111.iiia.csic.es /Users/santi/backup PC(5-9-2003)/RoadFighter/RoadFighter/graphics level2.bmp
2003.09.05 13:24 B C:\Brain\RoadFighter\RoadFighter\graphics\level3.bmp --> dhcp111.iiia.csic.es /Users/santi/backup PC(5-9-2003)/RoadFighter/RoadFighter/graphics level3.bmp
2003.09.05 13:24 B C:\Brain\RoadFighter\RoadFighter\graphics\level4.bmp --> dhcp111.iiia.csic.es /Users/santi/backup PC(5-9-2003)/RoadFighter/RoadFighter/graphics level4.bmp
2003.09.05 13:24 B C:\Brain\RoadFighter\RoadFighter\graphics\level5.bmp --> dhcp111.iiia.csic.es /Users/santi/backup PC(5-9-2003)/RoadFighter/RoadFighter/graphics level5.bmp
2003.09.05 13:24 B C:\Brain\RoadFighter\RoadFighter\graphics\level6.bmp --> dhcp111.iiia.csic.es /Users/santi/backup PC(5-9-2003)/RoadFighter/RoadFighter/graphics level6.bmp
2003.09.05 13:24 B C:\Brain\RoadFighter\RoadFighter\graphics\minicar1.bmp --> dhcp111.iiia.csic.es /Users/santi/backup PC(5-9-2003)/RoadFighter/RoadFighter/graphics minicar1.bmp
2003.09.05 13:24 B C:\Brain\RoadFighter\RoadFighter\graphics\minicar2.bmp --> dhcp111.iiia.csic.es /Users/santi/backup PC(5-9-2003)/RoadFighter/RoadFighter/graphics minicar2.bmp
2003.09.05 13:24 B C:\Brain\RoadFighter\RoadFighter\graphics\obstacles.bmp --> dhcp111.iiia.csic.es /Users/santi/backup PC(5-9-2003)/RoadFighter/RoadFighter/graphics obstacles.bmp
2003.09.05 13:24 B C:\Brain\RoadFighter\RoadFighter\graphics\pause.bmp --> dhcp111.iiia.csic.es /Users/santi/backup PC(5-9-2003)/RoadFighter/RoadFighter/graphics pause.bmp
2003.09.05 13:24 B C:\Brain\RoadFighter\RoadFighter\graphics\retroremakes.bmp --> dhcp111.iiia.csic.es /Users/santi/backup PC(5-9-2003)/RoadFighter/RoadFighter/graphics retroremakes.bmp
2003.09.05 13:24 B C:\Brain\RoadFighter\RoadFighter\graphics\road.bmp --> dhcp111.iiia.csic.es /Users/santi/backup PC(5-9-2003)/RoadFighter/RoadFighter/graphics road.bmp
2003.09.05 13:24 B C:\Brain\RoadFighter\RoadFighter\graphics\s_board11p.bmp --> dhcp111.iiia.csic.es /Users/santi/backup PC(5-9-2003)/RoadFighter/RoadFighter/graphics s_board11p.bmp
2003.09.05 13:24 B C:\Brain\RoadFighter\RoadFighter\graphics\s_board12p.bmp --> dhcp111.iiia.csic.es /Users/santi/backup PC(5-9-2003)/RoadFighter/RoadFighter/graphics s_board12p.bmp
2003.09.05 13:24 B C:\Brain\RoadFighter\RoadFighter\graphics\s_board21p.bmp --> dhcp111.iiia.csic.es /Users/santi/backup PC(5-9-2003)/RoadFighter/RoadFighter/graphics s_board21p.bmp
2003.09.05 13:24 B C:\Brain\RoadFighter\RoadFighter\graphics\s_board22p.bmp --> dhcp111.iiia.csic.es /Users/santi/backup PC(5-9-2003)/RoadFighter/RoadFighter/graphics s_board22p.bmp
2003.09.05 13:24 B C:\Brain\RoadFighter\RoadFighter\graphics\scoreboard.bmp --> dhcp111.iiia.csic.es /Users/santi/backup PC(5-9-2003)/RoadFighter/RoadFighter/graphics scoreboard.bmp
2003.09.05 13:24 B C:\Brain\RoadFighter\RoadFighter\graphics\scoreboard11p.bmp --> dhcp111.iiia.csic.es /Users/santi/backup PC(5-9-2003)/RoadFighter/RoadFighter/graphics scoreboard11p.bmp
2003.09.05 13:24 B C:\Brain\RoadFighter\RoadFighter\graphics\scoreboard12p.bmp --> dhcp111.iiia.csic.es /Users/santi/backup PC(5-9-2003)/RoadFighter/RoadFighter/graphics scoreboard12p.bmp
2003.09.05 13:24 B C:\Brain\RoadFighter\RoadFighter\graphics\scoreboard21p.bmp --> dhcp111.iiia.csic.es /Users/santi/backup PC(5-9-2003)/RoadFighter/RoadFighter/graphics scoreboard21p.bmp
2003.09.05 13:24 B C:\Brain\RoadFighter\RoadFighter\graphics\scoreboard22p.bmp --> dhcp111.iiia.csic.es /Users/santi/backup PC(5-9-2003)/RoadFighter/RoadFighter/graphics scoreboard22p.bmp
2003.09.05 13:24 B C:\Brain\RoadFighter\RoadFighter\graphics\scoreboard_left.bmp --> dhcp111.iiia.csic.es /Users/santi/backup PC(5-9-2003)/RoadFighter/RoadFighter/graphics scoreboard_left.bmp
2003.09.05 13:24 B C:\Brain\RoadFighter\RoadFighter\graphics\semaphore.bmp --> dhcp111.iiia.csic.es /Users/santi/backup PC(5-9-2003)/RoadFighter/RoadFighter/graphics semaphore.bmp
2003.09.05 13:24 B C:\Brain\RoadFighter\RoadFighter\graphics\stage1.jpg --> dhcp111.iiia.csic.es /Users/santi/backup PC(5-9-2003)/RoadFighter/RoadFighter/graphics stage1.jpg
2003.09.05 13:24 B C:\Brain\RoadFighter\RoadFighter\graphics\stage2.jpg --> dhcp111.iiia.csic.es /Users/santi/backup PC(5-9-2003)/RoadFighter/RoadFighter/graphics stage2.jpg
2003.09.05 13:24 B C:\Brain\RoadFighter\RoadFighter\graphics\stage3.jpg --> dhcp111.iiia.csic.es /Users/santi/backup PC(5-9-2003)/RoadFighter/RoadFighter/graphics stage3.jpg
2003.09.05 13:24 B C:\Brain\RoadFighter\RoadFighter\graphics\stage4.jpg --> dhcp111.iiia.csic.es /Users/santi/backup PC(5-9-2003)/RoadFighter/RoadFighter/graphics stage4.jpg
2003.09.05 13:24 B C:\Brain\RoadFighter\RoadFighter\graphics\stage5.jpg --> dhcp111.iiia.csic.es /Users/santi/backup PC(5-9-2003)/RoadFighter/RoadFighter/graphics stage5.jpg
2003.09.05 13:24 B C:\Brain\RoadFighter\RoadFighter\graphics\stage6.jpg --> dhcp111.iiia.csic.es /Users/santi/backup PC(5-9-2003)/RoadFighter/RoadFighter/graphics stage6.jpg
2003.09.05 13:24 B C:\Brain\RoadFighter\RoadFighter\graphics\title.jpg --> dhcp111.iiia.csic.es /Users/santi/backup PC(5-9-2003)/RoadFighter/RoadFighter/graphics title.jpg
