This file contains any messages produced by compilers while
running configure, to aid debugging if configure makes a mistake.

configure:582: checking for a BSD compatible install
configure:635: checking whether build environment is sane
configure:706: checking for mawk
configure:706: checking for gawk
configure:706: checking for nawk
configure:706: checking for awk
configure:736: checking whether make sets ${MAKE}
configure:863: checking host system type
configure:892: checking for gcc
configure:1005: checking whether the C compiler (gcc -noixemul  ) works
configure:1021: gcc -noixemul -o conftest    conftest.c  1>&5
configure:1047: checking whether the C compiler (gcc -noixemul  ) is a cross-compiler
configure:1052: checking whether we are using GNU C
configure:1061: gcc -noixemul -E conftest.c
configure:1080: checking whether gcc -noixemul accepts -g
configure:1119: checking for style of include used by make
configure:1153: checking dependency style of gcc -noixemul
configure:1229: checking for c++
configure:1229: checking for g++
configure:1261: checking whether the C++ compiler (g++  ) works
configure:1277: g++ -o conftest    conftest.C  1>&5
configure:1303: checking whether the C++ compiler (g++  ) is a cross-compiler
configure:1308: checking whether we are using GNU C++
configure:1317: g++ -E conftest.C
configure:1336: checking whether g++ accepts -g
configure:1370: checking dependency style of g++
configure:1437: checking how to run the C preprocessor
configure:1458: gcc -noixemul -E  conftest.c >/dev/null 2>conftest.out
configure:1517: checking for ANSI C header files
configure:1530: gcc -noixemul -E  conftest.c >/dev/null 2>conftest.out
configure:1597: gcc -noixemul -o conftest    conftest.c  1>&5
configure: failed program was:
#line 1586 "configure"
#include "confdefs.h"
#include <ctype.h>
#define ISLOWER(c) ('a' <= (c) && (c) <= 'z')
#define TOUPPER(c) (ISLOWER(c) ? 'A' + ((c) - 'a') : (c))
#define XOR(e, f) (((e) && !(f)) || (!(e) && (f)))
int main () { int i; for (i = 0; i < 256; i++)
if (XOR (islower (i), ISLOWER (i)) || toupper (i) != TOUPPER (i)) exit(2);
exit (0); }

configure:1621: checking whether make sets ${MAKE}
configure:1659: checking for a BSD compatible install
configure:1775: checking for sdl-config
configure:1810: checking for SDL - version >= 1.1.6
configure:1895: gcc -noixemul -o conftest  -noixemul -I/usr/include/SDL   conftest.c  -L/usr/lib -noixemul -ljpeg -lpng -ltiff -lSDL -lfreetype -lz -lm 1>&5
configure:1975: checking for Mix_OpenAudio in -lSDL_mixer
configure:1994: gcc -noixemul -o conftest    conftest.c -lSDL_mixer   1>&5
configure:2024: checking for gzopen in -lz
configure:2043: gcc -noixemul -o conftest    conftest.c -lz   1>&5
configure:2107: checking for GL library
configure:2117: gcc -noixemul -o conftest  -noixemul -I/usr/include/SDL   conftest.c -lz  -L/usr/lib -noixemul -ljpeg -lpng -ltiff -lSDL -lfreetype -lz -lm  -lSDL_mixer  -lGL 1>&5
configure:2389: checking for glXGetProcAddressARB
configure:2417: gcc -noixemul -o conftest  -noixemul -I/usr/include/SDL   conftest.c -lz  -L/usr/lib -noixemul -ljpeg -lpng -ltiff -lSDL -lfreetype -lz -lm  -lSDL_mixer  -lGL 1>&5
/t/ccMkO08w.o: In function `main':
/t/ccMkO08w.o(.text+0x14): undefined reference to `glXGetProcAddressARB'
collect2: ld returned 1 exit status
configure: failed program was:
#line 2394 "configure"
#include "confdefs.h"
/* System header to define __stub macros and hopefully few prototypes,
    which can conflict with char glXGetProcAddressARB(); below.  */
#include <assert.h>
/* Override any gcc2 internal prototype to avoid an error.  */
/* We use char because int might match the return type of a gcc2
    builtin and then its argument prototype would still apply.  */
char glXGetProcAddressARB();

int main() {

/* The GNU C library defines this for functions which it implements
    to always fail with ENOSYS.  Some functions are actually named
    something starting with __ and the normal name is an alias.  */
#if defined (__stub_glXGetProcAddressARB) || defined (__stub___glXGetProcAddressARB)
choke me
#else
glXGetProcAddressARB();
#endif

; return 0; }
configure:2465: checking for GLU library
configure:2475: gcc -noixemul -o conftest  -noixemul -I/usr/include/SDL   conftest.c -lz  -L/usr/lib -noixemul -ljpeg -lpng -ltiff -lSDL -lfreetype -lz -lm  -lSDL_mixer  -lGL -lGLU 1>&5
configure:2558: checking for GL/gl.h
configure:2565: gcc -noixemul -E    -DHAVE_SDL_MIXER=1 conftest.c >/dev/null 2>conftest.out
configure:2623: checking for IMG_Load in -lSDL_image
configure:2642: gcc -noixemul -o conftest  -noixemul -I/usr/include/SDL   conftest.c -lSDL_image  -lz  -L/usr/lib -noixemul -ljpeg -lpng -ltiff -lSDL -lfreetype -lz -lm 1>&5
configure:2673: checking for working const
configure:2727: gcc -noixemul -c  -noixemul -I/usr/include/SDL  conftest.c 1>&5
