96/02/19 21:36:19 MUD server V1.0 Copyright 1996 by Chris Gray started
96/02/19 21:36:19 _start = 0x07525df0 lib = 0x074df554
96/02/19 21:36:20 MUD client V1.0 Copyright 1996 by Chris Gray started
96/02/19 21:36:20 Character SysAdmin enters the game
96/02/19 21:36:20 Setting WIZARD mode
96/02/19 21:36:51 expandIndexTable
96/02/19 21:37:18 expandIndexTable
96/02/19 21:37:45 expandIndexTable
96/02/19 21:38:05 expandIndexTable
96/02/19 21:38:27 expandIndexTable
96/02/19 21:39:23 Character SysAdmin leaves the game
96/02/19 21:39:23 MUD client V1.0 Copyright 1996 by Chris Gray terminated
96/02/19 21:42:18 MUD client V1.0 Copyright 1996 by Chris Gray started
96/02/19 21:42:23 Character SysAdmin enters the game
96/02/19 21:42:23 Setting WIZARD mode
96/02/19 21:42:33 SysAdmin has set the shutdown flag.
96/02/19 21:42:36 Clearing WIZARD mode
96/02/19 21:42:39 BootClient for player SysAdmin
96/02/19 21:42:39 Character SysAdmin leaves the game
96/02/19 21:42:39 MUD client V1.0 Copyright 1996 by Chris Gray terminated
96/02/19 21:42:39 Shutting down, 2 clients serviced
96/02/19 21:42:39 Machines: 11 created, 0 deleted
96/02/19 21:42:42 Things: 784 created, 0 destroyed
96/02/19 21:42:42 Messages: 27688 processed, 2710 sent
96/02/19 21:42:42 Allocator:  used: 1617920  limit: 1000000000
96/02/19 21:42:43 allocs: 176206  frees: 176206  reclaims: 0  panics: 0
96/02/19 21:42:43 cre 5904 del 15 rd 28278 rep 2318 shr 4 exp 8175 dir 6786
96/02/19 21:42:43 frd 523 fwt 1626 fsk 1952
96/02/19 21:42:43 MUD server V1.0 Copyright 1996 by Chris Gray shut down
