1997/08/07 20:36:28 MUD server V1.1 Copyright 1997 by Chris Gray started
1997/08/07 20:36:28 _start = 0x075b2cc0 lib = 0x075db60c
1997/08/07 20:36:34 MUD client V1.1 Copyright 1997 by Chris Gray started
1997/08/07 20:36:34 Character SysAdmin enters the game
1997/08/07 20:36:34 Setting WIZARD mode
1997/08/07 20:37:10 expandIndexTable
1997/08/07 20:37:41 expandIndexTable
1997/08/07 20:38:11 expandIndexTable
1997/08/07 20:38:38 expandIndexTable
1997/08/07 20:39:00 expandIndexTable
1997/08/07 20:40:03 expandIndexTable
1997/08/07 20:40:45 Character SysAdmin leaves the game
1997/08/07 20:40:45 MUD client V1.1 Copyright 1997 by Chris Gray terminated
1997/08/07 20:41:00 MUD client V1.1 Copyright 1997 by Chris Gray started
1997/08/07 20:41:04 Character SysAdmin enters the game
1997/08/07 20:41:04 Setting WIZARD mode
1997/08/07 20:41:25 Clearing WIZARD mode
1997/08/07 20:41:30 BootClient for player SysAdmin
1997/08/07 20:41:30 Character SysAdmin leaves the game
1997/08/07 20:41:31 MUD client V1.1 Copyright 1997 by Chris Gray terminated
1997/08/07 20:41:37 Server shutdown request via message - currently 0 clients
1997/08/07 20:41:37 Shutting down, 2 clients serviced
1997/08/07 20:41:37 Machines: 11 created, 0 deleted
1997/08/07 20:41:41 Things: 793 created, 0 destroyed
1997/08/07 20:41:41 Messages: 29478 processed, 13551 sent
1997/08/07 20:41:41 Allocator:  used: 1716224  limit: 1000000000
1997/08/07 20:41:41 allocs: 186513  frees: 186513  reclaims: 0  panics: 0
1997/08/07 20:41:50 cre 6210 del 15 rd 28716 rep 2426 shr 4 exp 8505 dir 7258
1997/08/07 20:41:50 frd 998 fwt 2336 fsk 3127
1997/08/07 20:41:50 MUD server V1.1 Copyright 1997 by Chris Gray shut down
