This file contains any messages produced by compilers while
running configure, to aid debugging if configure makes a mistake.

It was created by configure, which was
generated by GNU Autoconf 2.52.  Invocation command line was

  $ configure --build amigaos build_alias=amigaos --no-create --no-recursion

## ---------- ##
## Platform.  ##
## ---------- ##

hostname = localhost
uname -m = powerpc
uname -r = 0.1
uname -s = MorphOS
uname -v = 1

/usr/bin/uname -p = unknown
/bin/uname -X     = unknown

/bin/arch              = unknown
/usr/bin/arch -k       = unknown
/usr/convex/getsysinfo = unknown
hostinfo               = unknown
/bin/machine           = unknown
/usr/bin/oslevel       = unknown
/bin/universe          = unknown

PATH = /bin:/usr/bin:/usr/ucb

## ------------ ##
## Core tests.  ##
## ------------ ##

configure:957: PATH=".;."; conftest.sh
configure: configure[965]: conftest.sh: not found
configure:960: $? = 127
configure:1014: checking for gcc
configure:1029: found /bin/gcc
configure:1037: result: gcc
configure:1265: checking for C compiler version
configure:1268: gcc --version </dev/null >&5
2.95.3
configure:1271: $? = 0
configure:1273: gcc -v </dev/null >&5
Reading specs from /gg/lib/gcc-lib/ppc-morphos/2.95.3/specs
gcc version 2.95.3 20010315 (release/cisc)
configure:1276: $? = 0
configure:1278: gcc -V </dev/null >&5
gcc: argument to `-V' is missing
configure:1281: $? = 1
configure:1301: checking for C compiler default output
configure:1304: gcc    conftest.c  >&5
configure:1307: $? = 0
configure:1336: result: a.out
configure:1341: checking whether the C compiler works
configure:1347: ./a.out
configure:1350: $? = 0
configure:1365: result: yes
configure:1372: checking whether we are cross compiling
configure:1374: result: no
configure:1377: checking for executable suffix
configure:1379: gcc -o conftest    conftest.c  >&5
Interrupt - cc1
Interrupt - gcc
Interrupt - sh

## ----------------- ##
## Cache variables.  ##
## ----------------- ##

ac_cv_env_CC_set=
ac_cv_env_CC_value=
ac_cv_env_CFLAGS_set=
ac_cv_env_CFLAGS_value=
ac_cv_env_CPPFLAGS_set=
ac_cv_env_CPPFLAGS_value=
ac_cv_env_CPP_set=
ac_cv_env_CPP_value=
ac_cv_env_CXXCPP_set=
ac_cv_env_CXXCPP_value=
ac_cv_env_CXXFLAGS_set=
ac_cv_env_CXXFLAGS_value=
ac_cv_env_CXX_set=
ac_cv_env_CXX_value=
ac_cv_env_LDFLAGS_set=
ac_cv_env_LDFLAGS_value=
ac_cv_env_build_alias_set=set
ac_cv_env_build_alias_value=amigaos
ac_cv_env_host_alias_set=
ac_cv_env_host_alias_value=
ac_cv_env_target_alias_set=
ac_cv_env_target_alias_value=
ac_cv_prog_ac_ct_CC=gcc


configure: caught signal 2
configure: exit 1
