This file contains any messages produced by compilers while
running configure, to aid debugging if configure makes a mistake.

configure:574: checking for a BSD compatible install
configure:627: checking whether build environment is sane
configure:698: checking for mawk
configure:728: checking whether make sets ${MAKE}
configure:852: checking for gcc
configure:965: checking whether the C compiler (gcc -noixemul  -noixemul -I/usr/include/SDL -Wall -fomit-frame-pointer -ffast-math -fexpensive-optimizations ) works
configure:981: gcc -noixemul -o conftest  -noixemul -I/usr/include/SDL -Wall -fomit-frame-pointer -ffast-math -fexpensive-optimizations   conftest.c  1>&5
configure:978: warning: return-type defaults to `int'
configure:1007: checking whether the C compiler (gcc -noixemul  -noixemul -I/usr/include/SDL -Wall -fomit-frame-pointer -ffast-math -fexpensive-optimizations ) is a cross-compiler
configure:1012: checking whether we are using GNU C
configure:1040: checking whether gcc -noixemul accepts -g
configure:1079: checking for style of include used by make
configure:1113: checking dependency style of gcc -noixemul
configure:1189: checking for c++
configure:1221: checking whether the C++ compiler (g++  -Wall -fomit-frame-pointer -ffast-math -fexpensive-optimizations ) works
configure:1237: g++ -o conftest  -Wall -fomit-frame-pointer -ffast-math -fexpensive-optimizations   conftest.C  1>&5
configure:1263: checking whether the C++ compiler (g++  -Wall -fomit-frame-pointer -ffast-math -fexpensive-optimizations ) is a cross-compiler
configure:1268: checking whether we are using GNU C++
configure:1296: checking whether g++ accepts -g
configure:1330: checking dependency style of g++
configure:1397: checking how to run the C preprocessor
configure:1477: checking for ANSI C header files
configure:1581: checking whether make sets ${MAKE}
configure:1619: checking for a BSD compatible install
configure:1728: checking for sdl-config
configure:1763: checking for SDL - version >= 1.0.8
configure:1848: gcc -noixemul -o conftest  -noixemul -I/usr/include/SDL -Wall -fomit-frame-pointer -ffast-math -fexpensive-optimizations -noixemul -I/usr/include/SDL   conftest.c  -L/usr/lib -noixemul -ljpeg -lpng -ltiff -lSDL -lfreetype -lz -lm 1>&5
configure:1936: checking for gzopen in -lz
configure:1983: checking for IMG_Load in -lSDL_image
configure:2032: checking for TTF_Init in -lSDL_ttf
configure:2051: gcc -noixemul -o conftest  -noixemul -I/usr/include/SDL -Wall -fomit-frame-pointer -ffast-math -fexpensive-optimizations -noixemul -I/usr/include/SDL   conftest.c -lSDL_ttf  -lz  -L/usr/lib -noixemul -ljpeg -lpng -ltiff -lSDL -lfreetype -lz -lm -lSDL_image 1>&5
configure:2083: checking for ANSI C header files
configure:2188: checking for working const
