This file contains any messages produced by compilers while
running configure, to aid debugging if configure makes a mistake.

It was created by Zoids-Quest configure 0.0.1, which was
generated by GNU Autoconf 2.59.  Invocation command line was

  $ configure --disable-dependency-tracking --bindir=/SDK/Local/C --prefix=/SDK/Local --libdir=/SDK/Local/clib2/lib --includedir=/SDK/Local/common/include CFLAGS=-mcrt=clib2 CPPFLAGS=-mcrt=clib2 -DMINIGL CXXFLAGS=-mcrt=clib2 LIBS=-lunix LDFLAGS=-mcrt=clib2

## --------- ##
## Platform. ##
## --------- ##

hostname = localhost
uname -m = ppc
uname -r = 51.4
uname -s = AmigaOS
uname -v = 4.0

/usr/bin/uname -p = unknown
/bin/uname -X     = unknown

/bin/arch              = unknown
/usr/bin/arch -k       = unknown
/usr/convex/getsysinfo = unknown
hostinfo               = unknown
/bin/machine           = unknown
/usr/bin/oslevel       = unknown
/bin/universe          = unknown

PATH: /gcc/bin
PATH: /SDK/C
PATH: /SDK/Local/C
PATH: /SDK/Local/newlib/bin
PATH: /SDK/Local/clib2/bin
PATH: /C
PATH: .


## ----------- ##
## Core tests. ##
## ----------- ##

configure:1247: creating cache /dev/null
configure:1369: checking build system type
configure:1387: result: powerpc-unknown-amigaos
configure:1395: checking host system type
configure:1409: result: powerpc-unknown-amigaos
configure:1417: checking target system type
configure:1431: result: powerpc-unknown-amigaos
configure:1459: checking for a BSD-compatible install
configure:1514: result: /SDK/Local/C/ginstall -c
configure:1525: checking whether build environment is sane
configure:1568: result: yes
configure:1592: WARNING: `missing' script is too old or missing
configure:1633: checking for gawk
configure:1662: result: no
configure:1633: checking for mawk
configure:1662: result: no
configure:1633: checking for nawk
configure:1649: found /SDK/Local/C/nawk
configure:1659: result: nawk
configure:1669: checking whether /SDK/C/gmake sets $(MAKE)
configure:1689: result: yes
configure:1914: checking for g++
configure:1930: found /gcc/bin/g++
configure:1940: result: g++
configure:1956: checking for C++ compiler version
configure:1959: g++ --version </dev/null >&5
g++ (GCC) 4.0.2 (AmigaOS build 20051012)
Copyright (C) 2005 Free Software Foundation, Inc.
This is free software; see the source for copying conditions.  There is NO
warranty; not even for MERCHANTABILITY or FITNESS FOR A PARTICULAR PURPOSE.

configure:1962: $? = 0
configure:1964: g++ -v </dev/null >&5
Reading specs from Bub:SDK/gcc/bin/../lib/gcc/ppc-amigaos/4.0.2/specs
Target: ppc-amigaos
Configured with: ../gcc-4.0.2/configure --host=ppc-amigaos --target=ppc-amigaos --build=i686-cygwin --prefix=/gcc --enable-languages=c,c++,objc --enable-haifa --enable-sjlj-exceptions --disable-shared --disable-libstdcxx-pch
Thread model: single
gcc version 4.0.2 (AmigaOS build 20051012)
configure:1967: $? = 0
configure:1969: g++ -V </dev/null >&5
g++: '-V' option must have argument
configure:1972: $? = 1
configure:1995: checking for C++ compiler default output file name
configure:1998: g++ -mcrt=clib2 -mcrt=clib2 -DMINIGL -mcrt=clib2 conftest.cc -lunix >&5
configure:2001: $? = 0
configure:2047: result: a.out
configure:2052: checking whether the C++ compiler works
configure:2058: ./a.out
configure:2061: $? = 0
configure:2078: result: yes
configure:2085: checking whether we are cross compiling
configure:2087: result: no
configure:2090: checking for suffix of executables
configure:2092: g++ -o conftest -mcrt=clib2 -mcrt=clib2 -DMINIGL -mcrt=clib2 conftest.cc -lunix >&5
configure:2095: $? = 0
configure:2120: result: 
configure:2126: checking for suffix of object files
configure:2147: g++ -c -mcrt=clib2 -mcrt=clib2 -DMINIGL conftest.cc >&5
configure:2150: $? = 0
configure:2172: result: o
configure:2176: checking whether we are using the GNU C++ compiler
configure:2200: g++ -c -mcrt=clib2 -mcrt=clib2 -DMINIGL conftest.cc >&5
configure:2206: $? = 0
configure:2209: test -z 			 || test ! -s conftest.err
configure:2212: $? = 0
configure:2215: test -s conftest.o
configure:2218: $? = 0
configure:2231: result: yes
configure:2237: checking whether g++ accepts -g
configure:2258: g++ -c -g -mcrt=clib2 -DMINIGL conftest.cc >&5
configure:2264: $? = 0
configure:2267: test -z 			 || test ! -s conftest.err
configure:2270: $? = 0
configure:2273: test -s conftest.o
configure:2276: $? = 0
configure:2287: result: yes
configure:2329: g++ -c -mcrt=clib2 -mcrt=clib2 -DMINIGL conftest.cc >&5
configure:2335: $? = 0
configure:2338: test -z 			 || test ! -s conftest.err
configure:2341: $? = 0
configure:2344: test -s conftest.o
configure:2347: $? = 0
configure:2373: g++ -c -mcrt=clib2 -mcrt=clib2 -DMINIGL conftest.cc >&5
conftest.cc: In function 'int main()':
conftest.cc:15: error: 'exit' was not declared in this scope
configure:2379: $? = 1
configure: failed program was:
| /* confdefs.h.  */
| 
| #define PACKAGE_NAME "Zoids-Quest"
| #define PACKAGE_TARNAME "zoids-quest"
| #define PACKAGE_VERSION "0.0.1"
| #define PACKAGE_STRING "Zoids-Quest 0.0.1"
| #define PACKAGE_BUGREPORT ""
| #define PACKAGE "zoids-quest"
| #define VERSION "0.0.1"
| /* end confdefs.h.  */
| 
| int
| main ()
| {
| exit (42);
|   ;
|   return 0;
| }
configure:2329: g++ -c -mcrt=clib2 -mcrt=clib2 -DMINIGL conftest.cc >&5
SDK:clib2/include/stdlib.h:123: error: declaration of 'void std::exit(int)' throws different exceptions
conftest.cc:11: error: than previous declaration 'void std::exit(int) throw ()'
configure:2335: $? = 1
configure: failed program was:
| /* confdefs.h.  */
| 
| #define PACKAGE_NAME "Zoids-Quest"
| #define PACKAGE_TARNAME "zoids-quest"
| #define PACKAGE_VERSION "0.0.1"
| #define PACKAGE_STRING "Zoids-Quest 0.0.1"
| #define PACKAGE_BUGREPORT ""
| #define PACKAGE "zoids-quest"
| #define VERSION "0.0.1"
| /* end confdefs.h.  */
| extern "C" void std::exit (int) throw (); using std::exit;
| #include <stdlib.h>
| int
| main ()
| {
| exit (42);
|   ;
|   return 0;
| }
configure:2329: g++ -c -mcrt=clib2 -mcrt=clib2 -DMINIGL conftest.cc >&5
configure:2335: $? = 0
configure:2338: test -z 			 || test ! -s conftest.err
configure:2341: $? = 0
configure:2344: test -s conftest.o
configure:2347: $? = 0
configure:2373: g++ -c -mcrt=clib2 -mcrt=clib2 -DMINIGL conftest.cc >&5
configure:2379: $? = 0
configure:2382: test -z 			 || test ! -s conftest.err
configure:2385: $? = 0
configure:2388: test -s conftest.o
configure:2391: $? = 0
configure:2425: checking for style of include used by /SDK/C/gmake
configure:2453: result: GNU
configure:2481: checking dependency style of g++
configure:2571: result: none
configure:2634: checking for gcc
configure:2650: found /gcc/bin/gcc
configure:2660: result: gcc
configure:2904: checking for C compiler version
configure:2907: gcc --version </dev/null >&5
gcc (GCC) 4.0.2 (AmigaOS build 20051012)
Copyright (C) 2005 Free Software Foundation, Inc.
This is free software; see the source for copying conditions.  There is NO
warranty; not even for MERCHANTABILITY or FITNESS FOR A PARTICULAR PURPOSE.

configure:2910: $? = 0
configure:2912: gcc -v </dev/null >&5
Reading specs from Bub:SDK/gcc/bin/../lib/gcc/ppc-amigaos/4.0.2/specs
Target: ppc-amigaos
Configured with: ../gcc-4.0.2/configure --host=ppc-amigaos --target=ppc-amigaos --build=i686-cygwin --prefix=/gcc --enable-languages=c,c++,objc --enable-haifa --enable-sjlj-exceptions --disable-shared --disable-libstdcxx-pch
Thread model: single
gcc version 4.0.2 (AmigaOS build 20051012)
configure:2915: $? = 0
configure:2917: gcc -V </dev/null >&5
gcc: '-V' option must have argument
configure:2920: $? = 1
configure:2923: checking whether we are using the GNU C compiler
configure:2947: gcc -c -mcrt=clib2 -mcrt=clib2 -DMINIGL conftest.c >&5
configure:2953: $? = 0
configure:2956: test -z 			 || test ! -s conftest.err
configure:2959: $? = 0
configure:2962: test -s conftest.o
configure:2965: $? = 0
configure:2978: result: yes
configure:2984: checking whether gcc accepts -g
configure:3005: gcc -c -g -mcrt=clib2 -DMINIGL conftest.c >&5
configure:3011: $? = 0
configure:3014: test -z 			 || test ! -s conftest.err
configure:3017: $? = 0
configure:3020: test -s conftest.o
configure:3023: $? = 0
configure:3034: result: yes
configure:3051: checking for gcc option to accept ANSI C
configure:3121: gcc  -c -mcrt=clib2 -mcrt=clib2 -DMINIGL conftest.c >&5
configure:3127: $? = 0
configure:3130: test -z 			 || test ! -s conftest.err
configure:3133: $? = 0
configure:3136: test -s conftest.o
configure:3139: $? = 0
configure:3157: result: none needed
configure:3175: gcc -c -mcrt=clib2 -mcrt=clib2 -DMINIGL conftest.c >&5
conftest.c:2: error: syntax error before 'me'
configure:3181: $? = 1
configure: failed program was:
| #ifndef __cplusplus
|   choke me
| #endif
configure:3313: checking dependency style of gcc
configure:3403: result: none
configure:3464: checking for sdl-config
configure:3482: found /SDK/Local/newlib/bin/sdl-config
configure:3495: result: /SDK/Local/newlib/bin/sdl-config
configure:3503: checking for SDL - version >= 1.2.4
configure:3593: gcc -o conftest -mcrt=clib2 -I/SDK/Local/common/include/SDL -mcrt=clib2 -DMINIGL -mcrt=clib2 conftest.c -lunix -L/SDK/Local/newlib/lib -lGL -lGLU -lSDL -lauto -lpthread -lm -lm >&5
configure:3596: $? = 0
configure:3598: ./conftest
configure:3601: $? = 0
configure:3619: result: yes
configure:3759: checking for xml2-config
configure:3777: found /SDK/Local/C/xml2-config
configure:3790: result: /SDK/Local/C/xml2-config
configure:3798: checking for libxml - version >= 2.0.0
configure:3905: gcc -o conftest -mcrt=clib2 -I/SDK/Local/common/include/SDL -mcrt=clib2 -DMINIGL -I/SDK/Local/common/include/libxml2 -mcrt=clib2 conftest.c -L/SDK/Local/clib2/lib -lxml2 -lz -lpthread -liconv -lm -lnet -lunix -lunix -L/SDK/Local/newlib/lib -lGL -lGLU -lSDL -lauto -lpthread -lm -lm >&5
configure:3908: $? = 0
configure:3910: ./conftest
Fatal: program compiled against libxml 2 using libxml 49532
Fatal: program compiled against libxml 2 using libxml 49532
configure:3913: $? = 0
configure:3932: result: yes (version 2.6.26)
configure:4032: checking for main in -lSDL_gfx
configure:4056: gcc -o conftest -mcrt=clib2 -I/SDK/Local/common/include/SDL -I/SDK/Local/common/include/libxml2 -mcrt=clib2 -DMINIGL -mcrt=clib2 conftest.c -lSDL_gfx  -lunix -L/SDK/Local/newlib/lib -lGL -lGLU -lSDL -lauto -lpthread -lm -lm -L/SDK/Local/clib2/lib -lxml2 -lz -lpthread -liconv -lm -lnet -lunix >&5
configure:4062: $? = 0
configure:4065: test -z 			 || test ! -s conftest.err
configure:4068: $? = 0
configure:4071: test -s conftest
configure:4074: $? = 0
configure:4087: result: yes
configure:4101: checking for main in -lSDL_image
configure:4125: gcc -o conftest -mcrt=clib2 -I/SDK/Local/common/include/SDL -I/SDK/Local/common/include/libxml2 -mcrt=clib2 -DMINIGL -mcrt=clib2 conftest.c -lSDL_image  -lSDL_gfx -lunix -L/SDK/Local/newlib/lib -lGL -lGLU -lSDL -lauto -lpthread -lm -lm -L/SDK/Local/clib2/lib -lxml2 -lz -lpthread -liconv -lm -lnet -lunix >&5
configure:4131: $? = 0
configure:4134: test -z 			 || test ! -s conftest.err
configure:4137: $? = 0
configure:4140: test -s conftest
configure:4143: $? = 0
configure:4156: result: yes
configure:4170: checking for main in -lSDL_mixer
configure:4194: gcc -o conftest -mcrt=clib2 -I/SDK/Local/common/include/SDL -I/SDK/Local/common/include/libxml2 -mcrt=clib2 -DMINIGL -mcrt=clib2 conftest.c -lSDL_mixer  -lSDL_image -lSDL_gfx -lunix -L/SDK/Local/newlib/lib -lGL -lGLU -lSDL -lauto -lpthread -lm -lm -L/SDK/Local/clib2/lib -lxml2 -lz -lpthread -liconv -lm -lnet -lunix >&5
configure:4200: $? = 0
configure:4203: test -z 			 || test ! -s conftest.err
configure:4206: $? = 0
configure:4209: test -s conftest
configure:4212: $? = 0
configure:4225: result: yes
configure:4246: checking how to run the C preprocessor
configure:4281: gcc -E -mcrt=clib2 -DMINIGL conftest.c
configure:4287: $? = 0
configure:4319: gcc -E -mcrt=clib2 -DMINIGL conftest.c
conftest.c:17:28: error: ac_nonexistent.h: No such file or directory
configure:4325: $? = 1
configure: failed program was:
| /* confdefs.h.  */
| 
| #define PACKAGE_NAME "Zoids-Quest"
| #define PACKAGE_TARNAME "zoids-quest"
| #define PACKAGE_VERSION "0.0.1"
| #define PACKAGE_STRING "Zoids-Quest 0.0.1"
| #define PACKAGE_BUGREPORT ""
| #define PACKAGE "zoids-quest"
| #define VERSION "0.0.1"
| #ifdef __cplusplus
| extern "C" void std::exit (int); using std::exit;
| #endif
| #define HAVE_LIBSDL_GFX 1
| #define HAVE_LIBSDL_IMAGE 1
| #define HAVE_LIBSDL_MIXER 1
| /* end confdefs.h.  */
| #include <ac_nonexistent.h>
configure:4364: result: gcc -E
configure:4388: gcc -E -mcrt=clib2 -DMINIGL conftest.c
configure:4394: $? = 0
configure:4426: gcc -E -mcrt=clib2 -DMINIGL conftest.c
conftest.c:17:28: error: ac_nonexistent.h: No such file or directory
configure:4432: $? = 1
configure: failed program was:
| /* confdefs.h.  */
| 
| #define PACKAGE_NAME "Zoids-Quest"
| #define PACKAGE_TARNAME "zoids-quest"
| #define PACKAGE_VERSION "0.0.1"
| #define PACKAGE_STRING "Zoids-Quest 0.0.1"
| #define PACKAGE_BUGREPORT ""
| #define PACKAGE "zoids-quest"
| #define VERSION "0.0.1"
| #ifdef __cplusplus
| extern "C" void std::exit (int); using std::exit;
| #endif
| #define HAVE_LIBSDL_GFX 1
| #define HAVE_LIBSDL_IMAGE 1
| #define HAVE_LIBSDL_MIXER 1
| /* end confdefs.h.  */
| #include <ac_nonexistent.h>
configure:4476: checking for egrep
configure:4486: result: grep -E
configure:4491: checking for ANSI C header files
configure:4516: gcc -c -mcrt=clib2 -I/SDK/Local/common/include/SDL -I/SDK/Local/common/include/libxml2 -mcrt=clib2 -DMINIGL conftest.c >&5
configure:4522: $? = 0
configure:4525: test -z 			 || test ! -s conftest.err
configure:4528: $? = 0
configure:4531: test -s conftest.o
configure:4534: $? = 0
configure:4623: gcc -o conftest -mcrt=clib2 -I/SDK/Local/common/include/SDL -I/SDK/Local/common/include/libxml2 -mcrt=clib2 -DMINIGL -mcrt=clib2 conftest.c -lSDL_mixer -lSDL_image -lSDL_gfx -lunix -L/SDK/Local/newlib/lib -lGL -lGLU -lSDL -lauto -lpthread -lm -lm -L/SDK/Local/clib2/lib -lxml2 -lz -lpthread -liconv -lm -lnet -lunix >&5
conftest.c: In function 'main':
conftest.c:34: warning: incompatible implicit declaration of built-in function 'exit'
configure:4626: $? = 0
configure:4628: ./conftest
configure:4631: $? = 0
configure:4646: result: yes
configure:4670: checking for sys/types.h
configure:4686: gcc -c -mcrt=clib2 -I/SDK/Local/common/include/SDL -I/SDK/Local/common/include/libxml2 -mcrt=clib2 -DMINIGL conftest.c >&5
configure:4692: $? = 0
configure:4695: test -z 			 || test ! -s conftest.err
configure:4698: $? = 0
configure:4701: test -s conftest.o
configure:4704: $? = 0
configure:4715: result: yes
configure:4670: checking for sys/stat.h
configure:4686: gcc -c -mcrt=clib2 -I/SDK/Local/common/include/SDL -I/SDK/Local/common/include/libxml2 -mcrt=clib2 -DMINIGL conftest.c >&5
configure:4692: $? = 0
configure:4695: test -z 			 || test ! -s conftest.err
configure:4698: $? = 0
configure:4701: test -s conftest.o
configure:4704: $? = 0
configure:4715: result: yes
configure:4670: checking for stdlib.h
configure:4686: gcc -c -mcrt=clib2 -I/SDK/Local/common/include/SDL -I/SDK/Local/common/include/libxml2 -mcrt=clib2 -DMINIGL conftest.c >&5
configure:4692: $? = 0
configure:4695: test -z 			 || test ! -s conftest.err
configure:4698: $? = 0
configure:4701: test -s conftest.o
configure:4704: $? = 0
configure:4715: result: yes
configure:4670: checking for string.h
configure:4686: gcc -c -mcrt=clib2 -I/SDK/Local/common/include/SDL -I/SDK/Local/common/include/libxml2 -mcrt=clib2 -DMINIGL conftest.c >&5
configure:4692: $? = 0
configure:4695: test -z 			 || test ! -s conftest.err
configure:4698: $? = 0
configure:4701: test -s conftest.o
configure:4704: $? = 0
configure:4715: result: yes
configure:4670: checking for memory.h
configure:4686: gcc -c -mcrt=clib2 -I/SDK/Local/common/include/SDL -I/SDK/Local/common/include/libxml2 -mcrt=clib2 -DMINIGL conftest.c >&5
In file included from conftest.c:57:
SDK:local/common/include/memory.h:1:2: warning: #warning Hey Spot! Exchange memory.h with string.h
configure:4692: $? = 0
configure:4695: test -z 			 || test ! -s conftest.err
configure:4698: $? = 0
configure:4701: test -s conftest.o
configure:4704: $? = 0
configure:4715: result: yes
configure:4670: checking for strings.h
configure:4686: gcc -c -mcrt=clib2 -I/SDK/Local/common/include/SDL -I/SDK/Local/common/include/libxml2 -mcrt=clib2 -DMINIGL conftest.c >&5
configure:4692: $? = 0
configure:4695: test -z 			 || test ! -s conftest.err
configure:4698: $? = 0
configure:4701: test -s conftest.o
configure:4704: $? = 0
configure:4715: result: yes
configure:4670: checking for inttypes.h
configure:4686: gcc -c -mcrt=clib2 -I/SDK/Local/common/include/SDL -I/SDK/Local/common/include/libxml2 -mcrt=clib2 -DMINIGL conftest.c >&5
configure:4692: $? = 0
configure:4695: test -z 			 || test ! -s conftest.err
configure:4698: $? = 0
configure:4701: test -s conftest.o
configure:4704: $? = 0
configure:4715: result: yes
configure:4670: checking for stdint.h
configure:4686: gcc -c -mcrt=clib2 -I/SDK/Local/common/include/SDL -I/SDK/Local/common/include/libxml2 -mcrt=clib2 -DMINIGL conftest.c >&5
configure:4692: $? = 0
configure:4695: test -z 			 || test ! -s conftest.err
configure:4698: $? = 0
configure:4701: test -s conftest.o
configure:4704: $? = 0
configure:4715: result: yes
configure:4670: checking for unistd.h
configure:4686: gcc -c -mcrt=clib2 -I/SDK/Local/common/include/SDL -I/SDK/Local/common/include/libxml2 -mcrt=clib2 -DMINIGL conftest.c >&5
configure:4692: $? = 0
configure:4695: test -z 			 || test ! -s conftest.err
configure:4698: $? = 0
configure:4701: test -s conftest.o
configure:4704: $? = 0
configure:4715: result: yes
configure:4735: checking for stdlib.h
configure:4740: result: yes
configure:4735: checking for string.h
configure:4740: result: yes
configure:4735: checking for strings.h
configure:4740: result: yes
configure:4735: checking for unistd.h
configure:4740: result: yes
configure:4881: checking for stdbool.h that conforms to C99
configure:4934: gcc -c -mcrt=clib2 -I/SDK/Local/common/include/SDL -I/SDK/Local/common/include/libxml2 -mcrt=clib2 -DMINIGL conftest.c >&5
In file included from conftest.c:32:
SDK:clib2/include/stdbool.h:58:2: warning: #warning C99 header file used by non-C99 compliant compiler.
configure:4940: $? = 0
configure:4943: test -z 			 || test ! -s conftest.err
configure:4946: $? = 0
configure:4949: test -s conftest.o
configure:4952: $? = 0
configure:4963: result: yes
configure:4965: checking for _Bool
configure:4989: gcc -c -mcrt=clib2 -I/SDK/Local/common/include/SDL -I/SDK/Local/common/include/libxml2 -mcrt=clib2 -DMINIGL conftest.c >&5
configure:4995: $? = 0
configure:4998: test -z 			 || test ! -s conftest.err
configure:5001: $? = 0
configure:5004: test -s conftest.o
configure:5007: $? = 0
configure:5018: result: yes
configure:5037: checking for an ANSI C-conforming const
configure:5104: gcc -c -mcrt=clib2 -I/SDK/Local/common/include/SDL -I/SDK/Local/common/include/libxml2 -mcrt=clib2 -DMINIGL conftest.c >&5
configure:5110: $? = 0
configure:5113: test -z 			 || test ! -s conftest.err
configure:5116: $? = 0
configure:5119: test -s conftest.o
configure:5122: $? = 0
configure:5133: result: yes
configure:5264: creating ./config.status

## ---------------------- ##
## Running config.status. ##
## ---------------------- ##

This file was extended by Zoids-Quest config.status 0.0.1, which was
generated by GNU Autoconf 2.59.  Invocation command line was

  CONFIG_FILES    = 
  CONFIG_HEADERS  = 
  CONFIG_LINKS    = 
  CONFIG_COMMANDS = 
  $ ./config.status 

on localhost

config.status:753: creating Makefile
config.status:753: creating src/Makefile
config.status:819: creating config.h
config.status:943: config.h is unchanged
config.status:1123: executing depfiles commands

## ---------------- ##
## Cache variables. ##
## ---------------- ##

ac_cv_build=powerpc-unknown-amigaos
ac_cv_build_alias=ppc-unknown-amigaos
ac_cv_c_compiler_gnu=yes
ac_cv_c_const=yes
ac_cv_cxx_compiler_gnu=yes
ac_cv_env_CC_set=
ac_cv_env_CC_value=
ac_cv_env_CFLAGS_set=set
ac_cv_env_CFLAGS_value=-mcrt=clib2
ac_cv_env_CPPFLAGS_set=set
ac_cv_env_CPPFLAGS_value='-mcrt=clib2 -DMINIGL'
ac_cv_env_CPP_set=
ac_cv_env_CPP_value=
ac_cv_env_CXXFLAGS_set=set
ac_cv_env_CXXFLAGS_value=-mcrt=clib2
ac_cv_env_CXX_set=
ac_cv_env_CXX_value=
ac_cv_env_LDFLAGS_set=set
ac_cv_env_LDFLAGS_value=-mcrt=clib2
ac_cv_env_build_alias_set=
ac_cv_env_build_alias_value=
ac_cv_env_host_alias_set=
ac_cv_env_host_alias_value=
ac_cv_env_target_alias_set=
ac_cv_env_target_alias_value=
ac_cv_exeext=
ac_cv_header_inttypes_h=yes
ac_cv_header_memory_h=yes
ac_cv_header_stdbool_h=yes
ac_cv_header_stdc=yes
ac_cv_header_stdint_h=yes
ac_cv_header_stdlib_h=yes
ac_cv_header_string_h=yes
ac_cv_header_strings_h=yes
ac_cv_header_sys_stat_h=yes
ac_cv_header_sys_types_h=yes
ac_cv_header_unistd_h=yes
ac_cv_host=powerpc-unknown-amigaos
ac_cv_host_alias=ppc-unknown-amigaos
ac_cv_lib_SDL_gfx=ac_cv_lib_SDL_gfx_main
ac_cv_lib_SDL_gfx_main=yes
ac_cv_lib_SDL_image=ac_cv_lib_SDL_image_main
ac_cv_lib_SDL_image_main=yes
ac_cv_lib_SDL_mixer=ac_cv_lib_SDL_mixer_main
ac_cv_lib_SDL_mixer_main=yes
ac_cv_objext=o
ac_cv_path_SDL_CONFIG=/SDK/Local/newlib/bin/sdl-config
ac_cv_path_XML2_CONFIG=/SDK/Local/C/xml2-config
ac_cv_path_install='/SDK/Local/C/ginstall -c'
ac_cv_prog_AWK=nawk
ac_cv_prog_CPP='gcc -E'
ac_cv_prog_ac_ct_CC=gcc
ac_cv_prog_ac_ct_CXX=g++
ac_cv_prog_cc_g=yes
ac_cv_prog_cc_stdc=
ac_cv_prog_cxx_g=yes
ac_cv_prog_egrep='grep -E'
ac_cv_prog_make__SDK_C_gmake_set=yes
ac_cv_target=powerpc-unknown-amigaos
ac_cv_target_alias=ppc-unknown-amigaos
ac_cv_type__Bool=yes
am_cv_CC_dependencies_compiler_type=none
am_cv_CXX_dependencies_compiler_type=none

## ----------------- ##
## Output variables. ##
## ----------------- ##

ac_ct_CC='gcc'
ac_ct_CXX='g++'
ac_ct_STRIP=''
ACLOCAL='aclocal-1.9'
am__fastdepCC_FALSE=''
am__fastdepCC_TRUE='#'
am__fastdepCXX_FALSE=''
am__fastdepCXX_TRUE='#'
am__include='include'
am__leading_dot='.'
am__quote=''
am__tar='${AMTAR} chof - "$$tardir"'
am__untar='${AMTAR} xf -'
AMDEP_FALSE=''
AMDEP_TRUE='#'
AMDEPBACKSLASH=''
AMTAR='tar'
AUTOCONF='autoconf'
AUTOHEADER='autoheader'
AUTOMAKE='automake-1.9'
AWK='nawk'
bindir='/SDK/Local/C'
build='powerpc-unknown-amigaos'
build_alias=''
build_cpu='powerpc'
build_os='amigaos'
build_vendor='unknown'
CC='gcc'
CCDEPMODE='depmode=none'
CFLAGS='-mcrt=clib2 -I/SDK/Local/common/include/SDL -I/SDK/Local/common/include/libxml2'
CPP='gcc -E'
CPPFLAGS='-mcrt=clib2 -DMINIGL'
CXX='g++'
CXXDEPMODE='depmode=none'
CXXFLAGS='-mcrt=clib2 -I/SDK/Local/common/include/SDL -I/SDK/Local/common/include/libxml2'
CYGPATH_W='echo'
datadir='${prefix}/share'
DEFS='-DHAVE_CONFIG_H'
DEPDIR='.deps'
ECHO_C=''ECHO_N=''
ECHO_T=''
EGREP='grep -E'
exec_prefix='${prefix}'
EXEEXT=''
host='powerpc-unknown-amigaos'
host_alias=''
host_cpu='powerpc'
host_os='amigaos'
host_vendor='unknown'
includedir='/SDK/Local/common/include'
infodir='${prefix}/info'
INSTALL_DATA='${INSTALL} -m 644'
INSTALL_PROGRAM='${INSTALL}'
INSTALL_SCRIPT='${INSTALL}'
install_sh='/RAM Disk/zoidsquest-0.0.1/install-sh'
INSTALL_STRIP_PROGRAM='${SHELL} $(install_sh) -c -s'
LDFLAGS='-mcrt=clib2'
libdir='/SDK/Local/clib2/lib'
libexecdir='${exec_prefix}/libexec'
LIBOBJS=''
LIBS='-lSDL_mixer -lSDL_image -lSDL_gfx -lunix -L/SDK/Local/newlib/lib -lGL -lGLU -lSDL -lauto -lpthread -lm -lm -L/SDK/Local/clib2/lib -lxml2 -lz -lpthread -liconv -lm -lnet -lunix'
localstatedir='${prefix}/var'
LTLIBOBJS=''
MAKEINFO='makeinfo'
mandir='${prefix}/man'
mkdir_p='mkdir -p --'
OBJEXT='o'
oldincludedir='/usr/include'
PACKAGE='zoids-quest'
PACKAGE_BUGREPORT=''
PACKAGE_NAME='Zoids-Quest'
PACKAGE_STRING='Zoids-Quest 0.0.1'
PACKAGE_TARNAME='zoids-quest'
PACKAGE_VERSION='0.0.1'
PATH_SEPARATOR=':'
prefix='/SDK/Local'
program_transform_name='s,x,x,'
sbindir='${exec_prefix}/sbin'
SDL_CFLAGS='-I/SDK/Local/common/include/SDL'
SDL_CONFIG='/SDK/Local/newlib/bin/sdl-config'
SDL_LIBS='-L/SDK/Local/newlib/lib -lGL -lGLU -lSDL -lauto -lpthread -lm -lm'
SET_MAKE=''
sharedstatedir='${prefix}/com'
SHELL='/bin/sh'
STRIP=''
sysconfdir='${prefix}/etc'
target='powerpc-unknown-amigaos'
target_alias=''
target_cpu='powerpc'
target_os='amigaos'
target_vendor='unknown'
VERSION='0.0.1'
XML_CPPFLAGS='-I/SDK/Local/common/include/libxml2'
XML_LIBS='-L/SDK/Local/clib2/lib -lxml2 -lz -lpthread -liconv -lm -lnet -lunix'
XML2_CONFIG='/SDK/Local/C/xml2-config'

## ----------- ##
## confdefs.h. ##
## ----------- ##

#define HAVE__BOOL 1
#define HAVE_INTTYPES_H 1
#define HAVE_LIBSDL_GFX 1
#define HAVE_LIBSDL_IMAGE 1
#define HAVE_LIBSDL_MIXER 1
#define HAVE_MEMORY_H 1
#define HAVE_STDBOOL_H 1
#define HAVE_STDINT_H 1
#define HAVE_STDLIB_H 1
#define HAVE_STDLIB_H 1
#define HAVE_STRING_H 1
#define HAVE_STRING_H 1
#define HAVE_STRINGS_H 1
#define HAVE_STRINGS_H 1
#define HAVE_SYS_STAT_H 1
#define HAVE_SYS_TYPES_H 1
#define HAVE_UNISTD_H 1
#define HAVE_UNISTD_H 1
#define PACKAGE "zoids-quest"
#define PACKAGE_BUGREPORT ""
#define PACKAGE_NAME "Zoids-Quest"
#define PACKAGE_STRING "Zoids-Quest 0.0.1"
#define PACKAGE_TARNAME "zoids-quest"
#define PACKAGE_VERSION "0.0.1"
#define STDC_HEADERS 1
#define VERSION "0.0.1"
#endif
#ifdef __cplusplus
extern "C" void std::exit (int); using std::exit;

configure: exit 0
