This file contains any messages produced by compilers while
running configure, to aid debugging if configure makes a mistake.

It was created by d2x configure 0.2.5, which was
generated by GNU Autoconf 2.57.  Invocation command line was

  $ configure --disable-network --enable-macdata

## --------- ##
## Platform. ##
## --------- ##

hostname = iti.humppa.jyu.fi
uname -m = powerpc
uname -r = 1.5
uname -s = MorphOS
uname -v = 50.77

/usr/bin/uname -p = unknown
/bin/uname -X     = unknown

/bin/arch              = unknown
/usr/bin/arch -k       = unknown
/usr/convex/getsysinfo = unknown
hostinfo               = unknown
/bin/machine           = unknown
/usr/bin/oslevel       = unknown
/bin/universe          = unknown

PATH: .
PATH: /bin
PATH: /usr/bin
PATH: /usr/local/bin
PATH: /mossys/c
PATH: /c
PATH: .


## ----------- ##
## Core tests. ##
## ----------- ##

configure:1349: checking build system type
configure:1367: result: powerpc-unknown-morphos
configure:1375: checking host system type
configure:1389: result: powerpc-unknown-morphos
configure:1397: checking target system type
configure:1411: result: powerpc-unknown-morphos
configure:1439: checking for a BSD-compatible install
configure:1493: result: /bin/install -c
configure:1504: checking whether build environment is sane
configure:1547: result: yes
configure:1580: checking for gawk
configure:1609: result: no
configure:1580: checking for mawk
configure:1609: result: no
configure:1580: checking for nawk
configure:1609: result: no
configure:1580: checking for awk
configure:1596: found /bin/awk
configure:1606: result: awk
configure:1616: checking whether make sets $(MAKE)
configure:1636: result: yes
configure:1820: checking whether to enable maintainer-specific portions of Makefiles
configure:1829: result: no
configure:1860: checking for a BSD-compatible install
configure:1914: result: /bin/install -c
configure:1925: checking whether make sets $(MAKE)
configure:1945: result: yes
configure:1966: checking for style of include used by make
configure:1994: result: GNU
configure:2065: checking for gcc
configure:2091: result: gcc -noixemul
configure:2335: checking for C compiler version
configure:2338: gcc -noixemul --version </dev/null >&5
2.95.3
configure:2341: $? = 0
configure:2343: gcc -noixemul -v </dev/null >&5
Reading specs from /gg/lib/gcc-lib/ppc-morphos/2.95.3/specs
gcc version 2.95.3 20040102 (release/emm-zapek)
configure:2346: $? = 0
configure:2348: gcc -noixemul -V </dev/null >&5
gcc: argument to `-V' is missing
configure:2351: $? = 1
configure:2375: checking for C compiler default output
configure:2378: gcc -noixemul     conftest.c  >&5
configure:2381: $? = 0
configure:2427: result: a.out
configure:2432: checking whether the C compiler works
configure:2438: ./a.out
configure:2441: $? = 0
configure:2458: result: yes
configure:2465: checking whether we are cross compiling
configure:2467: result: no
configure:2470: checking for suffix of executables
configure:2472: gcc -noixemul -o conftest     conftest.c  >&5
configure:2475: $? = 0
configure:2500: result: 
configure:2506: checking for suffix of object files
configure:2528: gcc -noixemul -c    conftest.c >&5
configure:2531: $? = 0
configure:2553: result: o
configure:2557: checking whether we are using the GNU C compiler
configure:2582: gcc -noixemul -c    conftest.c >&5
configure:2585: $? = 0
configure:2588: test -s conftest.o
configure:2591: $? = 0
configure:2604: result: yes
configure:2610: checking whether gcc -noixemul accepts -g
configure:2632: gcc -noixemul -c -g  conftest.c >&5
configure:2635: $? = 0
configure:2638: test -s conftest.o
configure:2641: $? = 0
configure:2652: result: yes
configure:2669: checking for gcc -noixemul option to accept ANSI C
configure:2730: gcc -noixemul  -c    conftest.c >&5
configure:2733: $? = 0
configure:2736: test -s conftest.o
configure:2739: $? = 0
configure:2757: result: none needed
configure:2775: gcc -noixemul -c    conftest.c >&5
conftest.c:2: parse error before `me'
configure:2778: $? = 1
configure: failed program was:
| #ifndef __cplusplus
|   choke me
| #endif
configure:2889: checking dependency style of gcc -noixemul
configure:2957: result: gcc
configure:2976: checking for strerror in -lcposix
configure:3007: gcc -noixemul -o conftest     conftest.c -lcposix   >&5
/gg/ppc-morphos/bin/ld: cannot open -lcposix: No such file or directory
collect2: ld returned 1 exit status
configure:3010: $? = 1
configure: failed program was:
| #line 2984 "configure"
| /* confdefs.h.  */
| 
| #define PACKAGE_NAME "d2x"
| #define PACKAGE_TARNAME "d2x"
| #define PACKAGE_VERSION "0.2.5"
| #define PACKAGE_STRING "d2x 0.2.5"
| #define PACKAGE_BUGREPORT "descent-source@warpcore.org"
| #define PACKAGE "d2x"
| #define VERSION "0.2.5"
| #define D2XMAJOR 0
| #define D2XMINOR 2
| #define D2XMICRO 5
| /* end confdefs.h.  */
| 
| /* Override any gcc2 internal prototype to avoid an error.  */
| #ifdef __cplusplus
| extern "C"
| #endif
| /* We use char because int might match the return type of a gcc2
|    builtin and then its argument prototype would still apply.  */
| char strerror ();
| int
| main ()
| {
| strerror ();
|   ;
|   return 0;
| }
configure:3028: result: no
configure:3077: checking for gcc
configure:3104: result: gcc -noixemul
configure:3157: checking for ranlib
configure:3173: found /bin/ranlib
configure:3184: result: ranlib
configure:3237: checking for strip
configure:3253: found /bin/strip
configure:3264: result: strip
configure:3317: checking for ar
configure:3333: found /bin/ar
configure:3344: result: ar
configure:3402: checking for gcc
configure:3428: result: gcc -noixemul
configure:3672: checking for C compiler version
configure:3675: gcc -noixemul --version </dev/null >&5
2.95.3
configure:3678: $? = 0
configure:3680: gcc -noixemul -v </dev/null >&5
Reading specs from /gg/lib/gcc-lib/ppc-morphos/2.95.3/specs
gcc version 2.95.3 20040102 (release/emm-zapek)
configure:3683: $? = 0
configure:3685: gcc -noixemul -V </dev/null >&5
gcc: argument to `-V' is missing
configure:3688: $? = 1
configure:3691: checking whether we are using the GNU C compiler
configure:3738: result: yes
configure:3744: checking whether gcc -noixemul accepts -g
configure:3786: result: yes
configure:3803: checking for gcc -noixemul option to accept ANSI C
configure:3891: result: none needed
configure:3909: gcc -noixemul -c    conftest.c >&5
conftest.c:2: parse error before `me'
configure:3912: $? = 1
configure: failed program was:
| #ifndef __cplusplus
|   choke me
| #endif
configure:4023: checking dependency style of gcc -noixemul
configure:4091: result: gcc
configure:4160: checking for g++
configure:4176: found /bin/g++
configure:4186: result: g++
configure:4202: checking for C++ compiler version
configure:4205: g++ --version </dev/null >&5
2.95.3
configure:4208: $? = 0
configure:4210: g++ -v </dev/null >&5
Reading specs from /gg/lib/gcc-lib/ppc-morphos/2.95.3/specs
gcc version 2.95.3 20040102 (release/emm-zapek)
configure:4213: $? = 0
configure:4215: g++ -V </dev/null >&5
g++: argument to `-V' missing

configure:4218: $? = 1
configure:4221: checking whether we are using the GNU C++ compiler
configure:4246: g++ -c   conftest.cc >&5
configure:4249: $? = 0
configure:4252: test -s conftest.o
configure:4255: $? = 0
configure:4268: result: yes
configure:4274: checking whether g++ accepts -g
configure:4296: g++ -c -g  conftest.cc >&5
configure:4299: $? = 0
configure:4302: test -s conftest.o
configure:4305: $? = 0
configure:4316: result: yes
configure:4360: g++ -c -g -O2  conftest.cc >&5
configure:4363: $? = 0
configure:4366: test -s conftest.o
configure:4369: $? = 0
configure:4396: g++ -c -g -O2  conftest.cc >&5
configure:4399: $? = 0
configure:4402: test -s conftest.o
configure:4405: $? = 0
configure:4430: checking dependency style of g++
configure:4498: result: gcc
configure:4520: checking how to run the C preprocessor
configure:4556: gcc -noixemul -E  conftest.c
configure:4562: $? = 0
configure:4594: gcc -noixemul -E  conftest.c
configure:4599: ac_nonexistent.h: No such file or directory
configure:4600: $? = 1
configure: failed program was:
| #line 4586 "configure"
| /* confdefs.h.  */
| 
| #define PACKAGE_NAME "d2x"
| #define PACKAGE_TARNAME "d2x"
| #define PACKAGE_VERSION "0.2.5"
| #define PACKAGE_STRING "d2x 0.2.5"
| #define PACKAGE_BUGREPORT "descent-source@warpcore.org"
| #define PACKAGE "d2x"
| #define VERSION "0.2.5"
| #define D2XMAJOR 0
| #define D2XMINOR 2
| #define D2XMICRO 5
| /* end confdefs.h.  */
| #include <ac_nonexistent.h>
configure:4638: result: gcc -noixemul -E
configure:4663: gcc -noixemul -E  conftest.c
configure:4669: $? = 0
configure:4701: gcc -noixemul -E  conftest.c
configure:4706: ac_nonexistent.h: No such file or directory
configure:4707: $? = 1
configure: failed program was:
| #line 4693 "configure"
| /* confdefs.h.  */
| 
| #define PACKAGE_NAME "d2x"
| #define PACKAGE_TARNAME "d2x"
| #define PACKAGE_VERSION "0.2.5"
| #define PACKAGE_STRING "d2x 0.2.5"
| #define PACKAGE_BUGREPORT "descent-source@warpcore.org"
| #define PACKAGE "d2x"
| #define VERSION "0.2.5"
| #define D2XMAJOR 0
| #define D2XMINOR 2
| #define D2XMICRO 5
| /* end confdefs.h.  */
| #include <ac_nonexistent.h>
configure:4750: checking for egrep
configure:4760: result: grep -E
configure:4765: checking for ANSI C header files
configure:4791: gcc -noixemul -c    conftest.c >&5
configure:4794: $? = 0
configure:4797: test -s conftest.o
configure:4800: $? = 0
configure:4892: gcc -noixemul -o conftest     conftest.c  >&5
configure:4895: $? = 0
configure:4897: ./conftest
configure:4900: $? = 2
configure: program exited with status 2
configure: failed program was:
| #line 4861 "configure"
| /* confdefs.h.  */
| 
| #define PACKAGE_NAME "d2x"
| #define PACKAGE_TARNAME "d2x"
| #define PACKAGE_VERSION "0.2.5"
| #define PACKAGE_STRING "d2x 0.2.5"
| #define PACKAGE_BUGREPORT "descent-source@warpcore.org"
| #define PACKAGE "d2x"
| #define VERSION "0.2.5"
| #define D2XMAJOR 0
| #define D2XMINOR 2
| #define D2XMICRO 5
| /* end confdefs.h.  */
| #include <ctype.h>
| #if ((' ' & 0x0FF) == 0x020)
| # define ISLOWER(c) ('a' <= (c) && (c) <= 'z')
| # define TOUPPER(c) (ISLOWER(c) ? 'A' + ((c) - 'a') : (c))
| #else
| # define ISLOWER(c)                    (('a' <= (c) && (c) <= 'i')                      || ('j' <= (c) && (c) <= 'r')                      || ('s' <= (c) && (c) <= 'z'))
| # define TOUPPER(c) (ISLOWER(c) ? ((c) | 0x40) : (c))
| #endif
| 
| #define XOR(e, f) (((e) && !(f)) || (!(e) && (f)))
| int
| main ()
| {
|   int i;
|   for (i = 0; i < 256; i++)
|     if (XOR (islower (i), ISLOWER (i))
|         || toupper (i) != TOUPPER (i))
|       exit(2);
|   exit (0);
| }
configure:4915: result: no
configure:4929: checking for nasm
configure:4962: result: no
configure:4929: checking for nasmw
configure:4962: result: no
configure:4970: checking whether byte ordering is bigendian
configure:4998: gcc -noixemul -c    conftest.c >&5
configure:5001: $? = 0
configure:5004: test -s conftest.o
configure:5007: $? = 0
configure:5032: gcc -noixemul -c    conftest.c >&5
configure:5035: $? = 0
configure:5038: test -s conftest.o
configure:5041: $? = 0
configure:5155: result: yes
configure:5203: checking whether nanosleep is declared
configure:5229: gcc -noixemul -c    conftest.c >&5
configure: In function `main':
configure:5229: `nanosleep' undeclared (first use in this function)
configure:5229: (Each undeclared identifier is reported only once
configure:5229: for each function it appears in.)
configure:5232: $? = 1
configure: failed program was:
| #line 5209 "configure"
| /* confdefs.h.  */
| 
| #define PACKAGE_NAME "d2x"
| #define PACKAGE_TARNAME "d2x"
| #define PACKAGE_VERSION "0.2.5"
| #define PACKAGE_STRING "d2x 0.2.5"
| #define PACKAGE_BUGREPORT "descent-source@warpcore.org"
| #define PACKAGE "d2x"
| #define VERSION "0.2.5"
| #define D2XMAJOR 0
| #define D2XMINOR 2
| #define D2XMICRO 5
| #define WORDS_BIGENDIAN 1
| /* end confdefs.h.  */
| #include <time.h>
| 
| int
| main ()
| {
| #ifndef nanosleep
|   char *p = (char *) nanosleep;
| #endif
| 
|   ;
|   return 0;
| }
configure:5249: result: no
configure:5281: checking for sys/types.h
configure:5298: gcc -noixemul -c    conftest.c >&5
configure:5301: $? = 0
configure:5304: test -s conftest.o
configure:5307: $? = 0
configure:5318: result: yes
configure:5281: checking for sys/stat.h
configure:5298: gcc -noixemul -c    conftest.c >&5
configure:5301: $? = 0
configure:5304: test -s conftest.o
configure:5307: $? = 0
configure:5318: result: yes
configure:5281: checking for stdlib.h
configure:5298: gcc -noixemul -c    conftest.c >&5
configure:5301: $? = 0
configure:5304: test -s conftest.o
configure:5307: $? = 0
configure:5318: result: yes
configure:5281: checking for string.h
configure:5298: gcc -noixemul -c    conftest.c >&5
configure:5301: $? = 0
configure:5304: test -s conftest.o
configure:5307: $? = 0
configure:5318: result: yes
configure:5281: checking for memory.h
configure:5298: gcc -noixemul -c    conftest.c >&5
configure:5301: $? = 0
configure:5304: test -s conftest.o
configure:5307: $? = 0
configure:5318: result: yes
configure:5281: checking for strings.h
configure:5298: gcc -noixemul -c    conftest.c >&5
configure:5301: $? = 0
configure:5304: test -s conftest.o
configure:5307: $? = 0
configure:5318: result: yes
configure:5281: checking for inttypes.h
configure:5298: gcc -noixemul -c    conftest.c >&5
configure:5301: $? = 0
configure:5304: test -s conftest.o
configure:5307: $? = 0
configure:5318: result: yes
configure:5281: checking for stdint.h
configure:5298: gcc -noixemul -c    conftest.c >&5
configure:5344: stdint.h: No such file or directory
configure:5301: $? = 1
configure: failed program was:
| #line 5287 "configure"
| /* confdefs.h.  */
| 
| #define PACKAGE_NAME "d2x"
| #define PACKAGE_TARNAME "d2x"
| #define PACKAGE_VERSION "0.2.5"
| #define PACKAGE_STRING "d2x 0.2.5"
| #define PACKAGE_BUGREPORT "descent-source@warpcore.org"
| #define PACKAGE "d2x"
| #define VERSION "0.2.5"
| #define D2XMAJOR 0
| #define D2XMINOR 2
| #define D2XMICRO 5
| #define WORDS_BIGENDIAN 1
| #define HAVE_DECL_NANOSLEEP 0
| #define HAVE_SYS_TYPES_H 1
| #define HAVE_SYS_STAT_H 1
| #define HAVE_STDLIB_H 1
| #define HAVE_STRING_H 1
| #define HAVE_MEMORY_H 1
| #define HAVE_STRINGS_H 1
| #define HAVE_INTTYPES_H 1
| /* end confdefs.h.  */
| #include <stdio.h>
| #if HAVE_SYS_TYPES_H
| # include <sys/types.h>
| #endif
| #if HAVE_SYS_STAT_H
| # include <sys/stat.h>
| #endif
| #if STDC_HEADERS
| # include <stdlib.h>
| # include <stddef.h>
| #else
| # if HAVE_STDLIB_H
| #  include <stdlib.h>
| # endif
| #endif
| #if HAVE_STRING_H
| # if !STDC_HEADERS && HAVE_MEMORY_H
| #  include <memory.h>
| # endif
| # include <string.h>
| #endif
| #if HAVE_STRINGS_H
| # include <strings.h>
| #endif
| #if HAVE_INTTYPES_H
| # include <inttypes.h>
| #else
| # if HAVE_STDINT_H
| #  include <stdint.h>
| # endif
| #endif
| #if HAVE_UNISTD_H
| # include <unistd.h>
| #endif
| 
| #include <stdint.h>
configure:5318: result: no
configure:5281: checking for unistd.h
configure:5298: gcc -noixemul -c    conftest.c >&5
configure:5301: $? = 0
configure:5304: test -s conftest.o
configure:5307: $? = 0
configure:5318: result: yes
configure:5330: checking for struct timespec
configure:5355: gcc -noixemul -c    conftest.c >&5
configure:5358: $? = 0
configure:5361: test -s conftest.o
configure:5364: $? = 0
configure:5375: result: yes
configure:5385: checking for struct timeval

## ---------------- ##
## Cache variables. ##
## ---------------- ##

ac_cv_build=powerpc-unknown-morphos
ac_cv_build_alias=powerpc-unknown-morphos
ac_cv_c_bigendian=yes
ac_cv_c_compiler_gnu=yes
ac_cv_cxx_compiler_gnu=yes
ac_cv_env_CC_set=set
ac_cv_env_CC_value='gcc -noixemul'
ac_cv_env_CFLAGS_set=
ac_cv_env_CFLAGS_value=
ac_cv_env_CPPFLAGS_set=
ac_cv_env_CPPFLAGS_value=
ac_cv_env_CPP_set=
ac_cv_env_CPP_value=
ac_cv_env_CXXFLAGS_set=
ac_cv_env_CXXFLAGS_value=
ac_cv_env_CXX_set=
ac_cv_env_CXX_value=
ac_cv_env_LDFLAGS_set=
ac_cv_env_LDFLAGS_value=
ac_cv_env_build_alias_set=
ac_cv_env_build_alias_value=
ac_cv_env_host_alias_set=
ac_cv_env_host_alias_value=
ac_cv_env_target_alias_set=
ac_cv_env_target_alias_value=
ac_cv_exeext=
ac_cv_have_decl_nanosleep=no
ac_cv_header_inttypes_h=yes
ac_cv_header_memory_h=yes
ac_cv_header_stdc=no
ac_cv_header_stdint_h=no
ac_cv_header_stdlib_h=yes
ac_cv_header_string_h=yes
ac_cv_header_strings_h=yes
ac_cv_header_sys_stat_h=yes
ac_cv_header_sys_types_h=yes
ac_cv_header_unistd_h=yes
ac_cv_host=powerpc-unknown-morphos
ac_cv_host_alias=powerpc-unknown-morphos
ac_cv_lib_cposix_strerror=no
ac_cv_objext=o
ac_cv_path_install='/bin/install -c'
ac_cv_prog_AWK=awk
ac_cv_prog_CPP='gcc -noixemul -E'
ac_cv_prog_ac_ct_AR=ar
ac_cv_prog_ac_ct_CC='gcc -noixemul'
ac_cv_prog_ac_ct_CXX=g++
ac_cv_prog_ac_ct_RANLIB=ranlib
ac_cv_prog_ac_ct_STRIP=strip
ac_cv_prog_cc_g=yes
ac_cv_prog_cc_stdc=
ac_cv_prog_cxx_g=yes
ac_cv_prog_egrep='grep -E'
ac_cv_prog_make_make_set=yes
ac_cv_target=powerpc-unknown-morphos
ac_cv_target_alias=powerpc-unknown-morphos
ac_cv_type_struct_timespec=yes
am_cv_CC_dependencies_compiler_type=gcc
am_cv_CXX_dependencies_compiler_type=gcc

## ----------------- ##
## Output variables. ##
## ----------------- ##

ACLOCAL='${SHELL} /Varasto/Lähdekoodit/d2x-0.2.5/missing --run aclocal-1.7'
AMDEPBACKSLASH='\'
AMDEP_FALSE='#'
AMDEP_TRUE=''
AMTAR='${SHELL} /Varasto/Lähdekoodit/d2x-0.2.5/missing --run tar'
AR='ar'
AUTOCONF='${SHELL} /Varasto/Lähdekoodit/d2x-0.2.5/missing --run autoconf'
AUTOHEADER='${SHELL} /Varasto/Lähdekoodit/d2x-0.2.5/missing --run autoheader'
AUTOMAKE='${SHELL} /Varasto/Lähdekoodit/d2x-0.2.5/missing --run automake-1.7'
AWK='awk'
CC='gcc -noixemul'
CCAS=''
CCASFLAGS=''
CCDEPMODE='depmode=gcc'
CFLAGS=' '
CPP='gcc -noixemul -E'
CPPFLAGS=''
CXX='g++'
CXXDEPMODE='depmode=gcc'
CXXFLAGS='-g -O2'
CYGPATH_W='echo'
D2X_ARCH_SUBDIRS=''
D2X_MAIN_SUBDIRS=''
DEFS=''
DEPDIR='.deps'
ECHO_C=''ECHO_N=''
ECHO_T=''
EDITOR_FALSE=''
EDITOR_TRUE=''
EGREP='grep -E'
EXEEXT=''
GGI_LIBS=''
INSTALL_DATA='${INSTALL} -m 644'
INSTALL_PROGRAM='${INSTALL}'
INSTALL_SCRIPT='${INSTALL}'
INSTALL_STRIP_PROGRAM='${SHELL} $(install_sh) -c -s'
LDFLAGS=''
LIBOBJS=''
LIBS=''
LTLIBOBJS=''
MACDATA_FALSE=''
MACDATA_TRUE=''
MACOSX_FALSE=''
MACOSX_TRUE=''
MAINT='#'
MAINTAINER_MODE_FALSE=''
MAINTAINER_MODE_TRUE='#'
MAKEINFO='${SHELL} /Varasto/Lähdekoodit/d2x-0.2.5/missing --run makeinfo'
MINGW32_FALSE=''
MINGW32_TRUE=''
NASM='no'
NASMFLAGS=''
OBJEXT='o'
OGL_LIBS=''
PACKAGE='d2x'
PACKAGE_BUGREPORT='descent-source@warpcore.org'
PACKAGE_NAME='d2x'
PACKAGE_STRING='d2x 0.2.5'
PACKAGE_TARNAME='d2x'
PACKAGE_VERSION='0.2.5'
PATH_SEPARATOR=':'
RANLIB='ranlib'
SDL_CFLAGS=''
SDL_CONFIG=''
SDL_LIBS=''
SET_MAKE=''
SHELL='/bin/sh'
STRIP='strip'
SVGA_LIBS=''
TARGETS=''
USE_ASM_FALSE=''
USE_ASM_TRUE=''
USE_GGI_FALSE=''
USE_GGI_TRUE=''
USE_LINUX_JOY_FALSE=''
USE_LINUX_JOY_TRUE=''
USE_NETWORK_FALSE=''
USE_NETWORK_TRUE=''
USE_OPENGL_FALSE=''
USE_OPENGL_TRUE=''
USE_SVGALIB_FALSE=''
USE_SVGALIB_TRUE=''
VERSION='0.2.5'
ac_ct_AR='ar'
ac_ct_CC='gcc -noixemul'
ac_ct_CXX='g++'
ac_ct_RANLIB='ranlib'
ac_ct_STRIP='strip'
am__fastdepCC_FALSE=''
am__fastdepCC_TRUE='#'
am__fastdepCXX_FALSE=''
am__fastdepCXX_TRUE='#'
am__include='include'
am__leading_dot='.'
am__quote=''
bindir='${exec_prefix}/bin'
build='powerpc-unknown-morphos'
build_alias=''
build_cpu='powerpc'
build_os='morphos'
build_vendor='unknown'
datadir='${prefix}/share'
exec_prefix='NONE'
host='powerpc-unknown-morphos'
host_alias=''
host_cpu='powerpc'
host_os='morphos'
host_vendor='unknown'
includedir='${prefix}/include'
infodir='${prefix}/info'
install_sh='/Varasto/Lähdekoodit/d2x-0.2.5/install-sh'
libdir='${exec_prefix}/lib'
libexecdir='${exec_prefix}/libexec'
localstatedir='${prefix}/var'
mandir='${prefix}/man'
oldincludedir='/usr/include'
prefix='NONE'
program_transform_name='s,x,x,'
sbindir='${exec_prefix}/sbin'
sharedstatedir='${prefix}/com'
sharepath=''
sysconfdir='${prefix}/etc'
target='powerpc-unknown-morphos'
target_alias=''
target_cpu='powerpc'
target_os='morphos'
target_vendor='unknown'

## ----------- ##
## confdefs.h. ##
## ----------- ##

#define D2XMAJOR 0
#define D2XMICRO 5
#define D2XMINOR 2
#define HAVE_DECL_NANOSLEEP 0
#define HAVE_INTTYPES_H 1
#define HAVE_MEMORY_H 1
#define HAVE_STDLIB_H 1
#define HAVE_STRINGS_H 1
#define HAVE_STRING_H 1
#define HAVE_STRUCT_TIMESPEC 1
#define HAVE_SYS_STAT_H 1
#define HAVE_SYS_TYPES_H 1
#define HAVE_UNISTD_H 1
#define PACKAGE "d2x"
#define PACKAGE_BUGREPORT "descent-source@warpcore.org"
#define PACKAGE_NAME "d2x"
#define PACKAGE_STRING "d2x 0.2.5"
#define PACKAGE_TARNAME "d2x"
#define PACKAGE_VERSION "0.2.5"
#define VERSION "0.2.5"
#define WORDS_BIGENDIAN 1

configure: caught signal 2
configure: exit 1
