 1 2 1118 Caspar (The Friendly Ghost)
 2 5 2718 Slongo The Unknown
 2 3 2618 Vlad Tepes
 2 2 3012 Bedwyr the Brave
 1 3 3112 Quasar
 2 1 5853 Theodore
 1 8 3212 Walther (The Unbeatable)
 2 5 5952 Yrsa
 1 3 3112 Cleopetra
 1 5 3112 Adolf
 2 3 5853 Bantor
 2 2 5853 Hugo
 2 2 5853 George
 1 5 3112 Lisa
 2 3 5853 Hortense
 1 7 3212 Finn (The Nasty)
 2 2 5853 Blondie
 2 3 5853 Viggo
 1 5 3112 Zarathustra
 2 1 5853 Paula
 2 2 5853 Asger
 2 3 5853 Erasmus
 2 2 5853 Lars
 2 2 5853 Maude
 2 2 5853 Fletch
 2 2 5853 Aage Halvgrim
 2 2 5853 Fister
 2 2 5853 Dora
 1 1 3012 Irmgard
 2 3 5853 Erik
 2 2 5853 Bjørn
 2 2 5853 Ansgar
 2 3 5853 Randi
 1 3 3112 hammy
