433       
 1 2 1118 Caspar (The Friendly Ghost)
 2 5 2718 Slongo The Unknown
 2 3 2618 Vlad Tepes
 2 2 3012 Bedwyr the Brave
 1 3 3112 Quasar
 2 1 5853 Theodore
 1 8 3212 Walther (The Unbeatable)
 2 5 5952 Yrsa
 1 3 3112 Cleopetra
 1 5 3112 Adolf
 2 3 5853 Bantor
 2 2 5853 Hugo
 2 2 5853 George
 1 5 3112 Lisa
 2 3 5853 Hortense
 1 7 3212 Finn (The Nasty)
 2 2 5853 Blondie
 2 3 5853 Viggo
 1 5 3112 Zarathustra
 2 1 5853 Paula
 2 2 5853 Asger
 2 3 5853 Erasmus
 2 2 5853 Lars
 2 2 5853 Maude
 2 2 5853 Fletch
 2 2 5853 Aage Halvgrim
 2 2 5853 Fister
 2 2 5853 Dora
 1 1 3012 Irmgard
 2 3 5853 Erik
 2 2 5853 Bjørn
 2 2 5853 Ansgar
 2 3 5853 Randi
 1 3 3112 hammy
 1 3 3112 Vladimir
 2 5 2912 Vladimir
 1 3 3112 Vladimir
 2 6 3112 Lazarus
 1 9 3312 Lazarus
 2 10 1912 Lazarus
 1 10 3312 Lazarus
 1 3 3112 Lazarus
 2 11 1912 Igor
 1 11 3312 Brage
 1 15 3512 Brage
 1 15 3512 Brage
 1 4 3112 Raistlin
 2 5 3942 Raistlin
 2 5 1912 Raistlin
 1 5 3112 Raistlin
 2 5 3942 Raistlin
 2 5 1912 Raistlin
 1 1 3012 Yamamoto
 1 5 3112 Yamamoto
 1 5 3112 Yamamoto
 1 5 3112 Yamamoto
 1 6 3212 Yamamoto
 1 7 3212 Yamamoto
 1 1 3012 Fibonacci
 1 5 3112 Mjoelner
 1 5 3112 Tycho
 2 5 3932 Tycho
 1 5 3112 Tycho
 1 9 3312 Tycho
 1 9 3312 Tycho
 1 10 3312 Tycho
 1 10 3312 Tycho
 1 10 3312 Tycho
 2 10 3912 Tycho
 2 10 2912 Tycho
 1 11 3312 Tycho
 2 16 3932 Tycho
 1 16 3512 Tycho
 1 16 3512 Tycho
 2 8 1913 Yamamoto
 1 15 3512 Tycho
 1 21 3712 Tycho
 1 32 3912 Tycho
 1 32 3912 Tycho
 1 39 3912 Tycho
 1 39 3912 Tycho
 1 39 3912 Tycho
 1 39 3912 Tycho
 1 39 3912 Tycho
 1 39 3912 Tycho
 2 40 66452 Tycho
 2 42 1911 Tycho
 1 86 3912 Tycho
 1 62 3912 Tycho
 2 2 1813 Mjoelner
 2 2 1933 Mjoelner
 2 2 5813 Mjoelner
 2 8 5942 Yamamoto
 2 8 2922 Yamamoto
 2 8 5952 Yamamoto
 2 8 5952 Yamamoto
 2 8 5952 Yamamoto
 1 8 3212 Yamamoto
 1 10 3312 Yamamoto
 1 2 3012 Mjoelner
 1 9 3312 Mjoelner
 1 9 3312 Mjoelner
 2 10 -15958 Balder
 1 10 3312 Balder
 2 10 -15958 Balder
 1 10 3312 Balder
 2 10 -15958 Balder
 2 10 -15958 Balder
 2 10 -15958 Balder
 2 10 -15958 Balder
 2 10 -15958 Balder
 2 10 -15958 Balder
 2 10 -15958 Balder
 2 10 -15958 Balder
 2 11 -15958 Balder
 1 11 3312 Balder
 1 11 3312 Balder
 2 14 -15958 Balder
 2 17 -15858 Balder
 2 44 5952 Balder
 2 44 3932 Balder
 2 44 -15358 Balder
 2 4 3932 Mjoelner
 1 4 3112 Mjoelner
 1 5 3112 Mjoelner
 2 5 5952 Mjoelner
 1 10 3312 Mjoelner
 1 10 3312 Mjoelner
 1 11 3312 Mjoelner
 2 10 4942 Mjoelner
 1 12 3412 Mjoelner
 1 14 3412 Mjoelner
 1 14 3412 Mjoelner
 4 155 1932 Gar Yogath
 4 156 5951 Holth Galivan
 4 209 2921 Udo Cain
 4 255 1921 San Quark
 4 256 4941 Ken Balar
 4 256 4941 Ken Balar
 4 257 5951 Ken Balar
 4 256 5951 Ken Balar
 4 256 -15259 Ken Balar
 4 256 -15259 Ken Balar
 4 256 4941 Han Falorn
 2 1 6063 Mjoelner
 4 256 5961 Ken Balar
 4 256 4941 Ken Balar
 4 256 5951 Ken Balar
 4 256 5951 Ken Balar
 4 256 5951 Ken Balar
 4 256 4941 Ken Balar
 4 256 5951 Ken Balar
 4 256 4941 Ken Balar
 4 256 4941 Ken Balar
 4 256 3931 Ken Balar
 4 256 4941 Ken Balar
 4 257 4941 Ken Balar
 4 257 -15049 Ken Balar
 4 257 4941 Ken Balar
 4 257 4941 Ken Balar
 2 8 4941 Dal Taryn
 1 8 3212 Dal Taryn
 1 8 3212 Dal Taryn
 2 8 5951 Dal Taryn
 2 8 4941 Dal Taryn
 2 8 4941 Dal Taryn
 2 8 4941 Dal Taryn
 2 8 4941 Dal Taryn
 2 8 5951 Dal Taryn
 2 8 3931 Geronimo
 2 8 3941 Dal Taryn
 2 8 3931 Dal Taryn
 2 8 4941 Dal Taryn
 2 8 6161 Dal Taryn
 2 8 3931 Dal Taryn
 2 8 5951 Dal Taryn
 2 8 4941 Dal Taryn
 2 8 -15059 Dal Taryn
 2 8 5951 Dal Taryn
 2 8 5951 Dal Taryn
 2 8 1911 Dal Taryn
 2 8 -16059 Dal Taryn
 2 8 5951 Dal Taryn
 2 8 4941 Dal Taryn
 2 8 52621 Dal Taryn
 1 8 3212 Dal Taryn
 1 10 3312 Dal Taryn
 1 8 3212 Dal Taryn
 2 8 1911 Dal Taryn
 2 8 62721 Dal Taryn
 4 257 4941 Ken Balar
 2 8 3931 Dal Taryn
 2 8 2921 Dal Taryn
 2 8 3931 Dal Taryn
 2 8 3931 Dal Taryn
 2 9 4941 Dal Taryn
 2 9 3931 Dal Taryn
 2 9 4941 Dal Taryn
 2 9 2921 Dal Taryn
 2 9 3931 Dal Taryn
 2 9 3931 Dal Taryn
 2 9 4941 Dal Taryn
 2 10 4941 Dal Taryn
 2 9 3931 Dal Taryn
 2 9 3931 Dal Taryn
 2 9 -16059 Dal Taryn
 2 9 -16059 Dal Taryn
 1 10 3312 Dal Taryn
 2 10 3931 Dal Taryn
 2 9 3931 Dal Taryn
 2 9 56661 Dal Taryn
 2 9 68781 Dal Taryn
 2 9 6661 Dal Taryn
 2 9 5951 Dal Taryn
 2 9 3931 Dal Taryn
 2 9 4941 Dal Taryn
 2 9 5951 Dal Taryn
 2 9 4941 Dal Taryn
 2 9 4941 Dal Taryn
 2 9 5951 Dal Taryn
 2 10 4941 Dal Taryn
 2 9 4941 Dal Taryn
 2 9 4941 Dal Taryn
 2 9 4941 Dal Taryn
 2 9 4941 Dal Taryn
 2 9 4941 Dal Taryn
 2 9 5951 Dal Taryn
 2 9 4941 Dal Taryn
 2 10 4941 Dal Taryn
 2 9 4941 Dal Taryn
 2 9 3931 Dal Taryn
 2 9 2921 Dal Taryn
 2 9 4941 Dal Taryn
 2 9 3931 Dal Taryn
 2 9 3931 Dal Taryn
 2 9 3931 Dal Taryn
 2 9 5951 Dal Taryn
 2 9 3931 Dal Taryn
 2 9 5951 Dal Taryn
 2 9 3931 Dal Taryn
 2 9 4941 Dal Taryn
 1 10 3312 Dal Taryn
 1 10 3312 Dal Taryn
 1 11 3312 Dal Taryn
 2 10 2921 Dal Taryn
 2 10 2921 Dal Taryn
 2 10 4941 Dal Taryn
 2 10 4941 Dal Taryn
 2 10 4941 Dal Taryn
 2 10 3931 Dal Taryn
 1 10 3312 Dal Taryn
 2 10 3931 Dal Taryn
 2 10 3931 Dal Taryn
 2 10 2921 Dal Taryn
 2 10 4941 Dal Taryn
 2 10 4941 Dal Taryn
 2 10 4941 Dal Taryn
 2 10 4941 Dal Taryn
 2 10 3741 Dal Taryn
 2 10 4941 Dal Taryn
 2 10 3931 Dal Taryn
 2 10 3931 Dal Taryn
 2 10 3931 Dal Taryn
 2 10 3931 Dal Taryn
 2 11 2921 Dal Tyron
 2 11 2921 Dal Tyron
 2 11 2921 Dal Tyron
 2 11 2921 Dal Tyron
 2 11 2921 Dal Tyron
 2 11 3931 Dal Tyron
 4 16 2921 Dal Tyron
 4 257 1911 Ken Balar
 1 11 3312 Dal Tyron
 1 11 3312 Dal Tyron
 2 11 3931 Dal Tyron
 2 12 2921 Dal Tyron
 2 15 3931 aggaton
 2 15 3931 aggaton
 1 15 3512 aggaton
 2 15 3931 aggaton
 2 15 3931 aggaton
 2 15 3931 aggaton
 2 15 3931 aggaton
 2 15 3931 aggaton
 2 15 2921 aggaton
 1 15 3512 aggaton
 2 15 2921 aggaton
 2 15 3931 aggaton
 2 15 3931 aggaton
 1 2 3012 aggaton
 2 17 3931 aggaton
 3 159 1932 Khen Oughar
 2 17 3931 aggaton
 2 17 5951 aggaton
 2 17 4941 aggaton
 2 17 4941 aggaton
 2 50 2921 aggaton
 2 20 4941 aggaton
 2 20 3931 aggaton
 4 160 3932 Han Ragatau
 3 160 3932 Hans Rachatau
 4 160 3932 aggaton
 4 160 3932 aggaton
 4 160 3932 aggaton
 2 17 1911 aggaton
 2 17 2921 aggaton
 2 17 2921 aggaton
 2 17 3931 aggaton
 2 17 3931 aggaton
 2 17 3931 aggaton
 2 17 1911 aggaton
 2 17 3931 aggaton
 2 17 1911 aggaton
 2 17 -48179 aggaton
 2 17 4941 aggaton
 2 17 2921 aggaton
 2 17 -48179 aggaton
 2 17 3931 aggaton
 2 17 3931 aggaton
 2 17 3931 aggaton
 4 160 3932 aggaton
 2 17 3931 aggaton
 2 17 2921 aggaton
 4 160 3932 aggaton
 2 17 3931 aggaton
 4 160 3932 aggaton
 2 17 3931 aggaton
 2 17 5951 aggaton
 2 17 3931 aggaton
 2 17 5951 aggaton
 2 17 -15859 aggaton
 2 17 3931 aggaton
 2 17 1911 aggaton
 2 17 1911 aggaton
 2 17 2921 aggaton
 2 17 2921 aggaton
 2 17 3931 aggaton
 2 17 4941 aggaton
 4 160 6962 aggaton
 2 17 5951 aggaton
 2 17 2921 Carmen Alrunerod
 2 17 2921 Cal Duhnedain
 4 160 1912 Hal Caramon
 1 17 3512 aggaton
 2 17 3931 aggaton
 2 8 2722 aggaton
 2 8 3932 aggaton
 1 8 3212 aggaton
 2 8 1913 aggaton
 1 8 3212 aggaton
 2 8 2622 aggaton
 2 17 2921 aggaton
 2 17 3931 aggaton
 2 17 3931 aggaton
 2 17 3931 aggaton
 2 17 3931 aggaton
 4 160 3932 aggaton
 2 17 2921 aggaton
 2 17 2921 aggaton
 4 160 1912 aggaton
 4 160 3932 Idah Salverohn
 4 160 2922 aggaton
 4 160 3932 Idun Washatai
 2 17 3931 aggaton
 4 160 2922 aggaton
 4 160 1912 Udo Cain
 1 3 3112 Hagbard
 2 3 -16157 Hagbard
 1 3 3112 Hagbard
 2 3 1913 Hagbard
 1 3 3112 Hagbard
 2 3 1913 Hagbard
 2 4 3932 Hagbard
 1 17 3512 aggaton
 2 17 3921 aggaton
 2 17 2921 aggaton
 2 8 1313 Ben Hurt
 2 8 1413 aggaton
 2 8 3233 Sal Fingur
 2 8 2443 aggaton
 2 1 1913 Mjoelner
 2 3 2912 Mjoelner
 2 3 3622 Mjoelner
 1 4 3112 Mjoelner
 2 3 1912 Mjoelner
 2 3 5952 Mjoelner
 2 3 5952 Mjoelner
 1 4 3112 Mjoelner
 2 5 5952 Mjoelner
 1 5 3112 Mjoelner
 1 6 3212 Mjoelner
 2 7 3912 Mjoelner
 2 7 3952 Mjoelner
 2 7 5952 Mjoelner
 2 7 5952 Mjoelner
 2 7 5952 Mjoelner
 2 7 5952 Mjoelner
 2 7 5952 Mjoelner
 2 7 5952 Mjoelner
 2 7 5952 Mjoelner
 2 7 5952 Mjoelner
 2 7 5952 Mjoelner
 2 7 5952 Mjoelner
 2 7 5952 Mjoelner
 2 7 5952 Mjoelner
 1 8 3212 Mjoelner
 2 7 5952 Mjoelner
 1 8 3212 Mjoelner
 1 8 3212 Mjoelner
 2 7 5952 Mjoelner
 2 7 5952 Mjoelner
 1 8 3212 Mjoelner
 1 8 3212 Mjoelner
 1 8 3212 Mjoelner
 2 7 5952 Mjoelner
 2 7 5952 Mjoelner
 2 7 5952 Mjoelner
 2 7 5952 Mjoelner
 2 7 5952 Mjoelner
 2 7 5952 Mjoelner
 2 7 5952 Mjoelner
 1 8 3212 Mjoelner
 2 7 5952 Mjoelner
 2 7 5952 Mjoelner
 2 7 5952 Mjoelner
 2 7 5952 Mjoelner
 2 7 5952 Mjoelner
 2 7 5952 Mjoelner
 2 7 5952 Mjoelner
 2 7 5952 Mjoelner
 2 4 5852 Hagbard
 2 7 5952 Mjoelner
 2 7 4932 Mjoelner
