This file contains any messages produced by compilers while
running configure, to aid debugging if configure makes a mistake.

It was created by Daimonin SDL Client configure BETA3-0.966, which was
generated by GNU Autoconf 2.59.  Invocation command line was

  $ configure --build ppc

## --------- ##
## Platform. ##
## --------- ##

hostname = iti.humppa.jyu.fi
uname -m = powerpc
uname -r = 1.5
uname -s = MorphOS
uname -v = 51.4

/usr/bin/uname -p = unknown
/bin/uname -X     = unknown

/bin/arch              = unknown
/usr/bin/arch -k       = unknown
/usr/convex/getsysinfo = unknown
hostinfo               = unknown
/bin/machine           = unknown
/usr/bin/oslevel       = unknown
/bin/universe          = unknown

PATH: .
PATH: /bin
PATH: /usr/bin
PATH: /usr/local/bin
PATH: /mossys/c
PATH: /c
PATH: .


## ----------- ##
## Core tests. ##
## ----------- ##

configure:1347: checking build system type
configure:1365: result: powerpc-unknown-none
configure:1373: checking host system type
configure:1387: result: powerpc-unknown-none
configure:1395: checking target system type
configure:1409: result: powerpc-unknown-none
configure:1472: checking for gcc
configure:1498: result: gcc -noixemul
configure:1742: checking for C compiler version
configure:1745: gcc -noixemul --version </dev/null >&5
2.95.3
configure:1748: $? = 0
configure:1750: gcc -noixemul -v </dev/null >&5
Reading specs from /gg/lib/gcc-lib/ppc-morphos/2.95.3/specs
gcc version 2.95.3 20040102 (release/emm-zapek)
configure:1753: $? = 0
configure:1755: gcc -noixemul -V </dev/null >&5
gcc: argument to `-V' is missing
configure:1758: $? = 1
configure:1781: checking for C compiler default output file name
configure:1784: gcc -noixemul    conftest.c  >&5
configure:1787: $? = 0
configure:1833: result: a.out
configure:1838: checking whether the C compiler works
configure:1844: ./a.out
configure:1847: $? = 0
configure:1864: result: yes
configure:1871: checking whether we are cross compiling
configure:1873: result: no
configure:1876: checking for suffix of executables
configure:1878: gcc -noixemul -o conftest    conftest.c  >&5
configure:1881: $? = 0
configure:1906: result: 
configure:1912: checking for suffix of object files
configure:1933: gcc -noixemul -c   conftest.c >&5
configure:1936: $? = 0
configure:1958: result: o
configure:1962: checking whether we are using the GNU C compiler
configure:1986: gcc -noixemul -c   conftest.c >&5
configure:1992: $? = 0
configure:1996: test -z 
			 || test ! -s conftest.err
configure:1999: $? = 0
configure:2002: test -s conftest.o
configure:2005: $? = 0
configure:2018: result: yes
configure:2024: checking whether gcc -noixemul accepts -g
configure:2045: gcc -noixemul -c -g  conftest.c >&5
configure:2051: $? = 0
configure:2055: test -z 
			 || test ! -s conftest.err
configure:2058: $? = 0
configure:2061: test -s conftest.o
configure:2064: $? = 0
configure:2075: result: yes
configure:2092: checking for gcc -noixemul option to accept ANSI C
configure:2162: gcc -noixemul  -c -g -O2  conftest.c >&5
configure:2168: $? = 0
configure:2172: test -z 
			 || test ! -s conftest.err
configure:2175: $? = 0
configure:2178: test -s conftest.o
configure:2181: $? = 0
configure:2199: result: none needed
configure:2217: gcc -noixemul -c -g -O2  conftest.c >&5
conftest.c:2: parse error before `me'
configure:2223: $? = 1
configure: failed program was:
| #ifndef __cplusplus
|   choke me
| #endif
configure:2356: checking whether make sets $(MAKE)
configure:2376: result: yes
configure:2398: checking for a BSD-compatible install
configure:2453: result: /bin/install -c
configure:2536: checking for makedepend
configure:2569: result: no
configure:2575: checking for cp
configure:2593: found /bin/cp
configure:2605: result: /bin/cp
configure:2614: checking for rm
configure:2632: found /bin/rm
configure:2644: result: /bin/rm
configure:2653: checking for rmdir
configure:2671: found /bin/rmdir
configure:2683: result: /bin/rmdir
configure:2692: checking for mkdir
configure:2710: found /bin/mkdir
configure:2722: result: /bin/mkdir
configure:2731: checking for wget
configure:2749: found /bin/wget
configure:2762: result: /bin/wget
configure:2780: checking for md5sum
configure:2798: found /bin/md5sum
configure:2811: result: /bin/md5sum
configure:2829: checking for tar
configure:2847: found /bin/tar
configure:2860: result: /bin/tar
configure:2878: checking for bunzip2
configure:2896: found /bin/bunzip2
configure:2909: result: /bin/bunzip2
configure:2930: checking for sdl-config
configure:2948: found /usr/bin/sdl-config
configure:2960: result: /usr/bin/sdl-config
configure:2996: checking for stricmp
configure:3053: gcc -noixemul -o conftest -g -O2   conftest.c  >&5
configure:3059: $? = 0
configure:3063: test -z 
			 || test ! -s conftest.err
configure:3066: $? = 0
configure:3069: test -s conftest
configure:3072: $? = 0
configure:3084: result: yes
configure:2996: checking for strnicmp
configure:3053: gcc -noixemul -o conftest -g -O2   conftest.c  >&5
configure:3059: $? = 0
configure:3063: test -z 
			 || test ! -s conftest.err
configure:3066: $? = 0
configure:3069: test -s conftest
configure:3072: $? = 0
configure:3084: result: yes
configure:2996: checking for strcasecmp
configure:3053: gcc -noixemul -o conftest -g -O2   conftest.c  >&5
configure:3059: $? = 0
configure:3063: test -z 
			 || test ! -s conftest.err
configure:3066: $? = 0
configure:3069: test -s conftest
configure:3072: $? = 0
configure:3084: result: yes
configure:2996: checking for strncasecmp
configure:3053: gcc -noixemul -o conftest -g -O2   conftest.c  >&5
configure:3059: $? = 0
configure:3063: test -z 
			 || test ! -s conftest.err
configure:3066: $? = 0
configure:3069: test -s conftest
configure:3072: $? = 0
configure:3084: result: yes
configure:3099: checking how to run the C preprocessor
configure:3134: gcc -noixemul -E  conftest.c
configure:3140: $? = 0
configure:3172: gcc -noixemul -E  conftest.c
conftest.c:15: ac_nonexistent.h: No such file or directory
configure:3178: $? = 1
configure: failed program was:
| /* confdefs.h.  */
| 
| #define PACKAGE_NAME "Daimonin SDL Client"
| #define PACKAGE_TARNAME "daimonin-sdl-client"
| #define PACKAGE_VERSION "BETA3-0.966"
| #define PACKAGE_STRING "Daimonin SDL Client BETA3-0.966"
| #define PACKAGE_BUGREPORT "support@daimonin.sourceforge.net"
| #define INSTALL_SOUND
| #define __LINUX 1
| #define HAVE_STRICMP 1
| #define HAVE_STRNICMP 1
| #define HAVE_STRCASECMP 1
| #define HAVE_STRNCASECMP 1
| /* end confdefs.h.  */
| #include <ac_nonexistent.h>
configure:3217: result: gcc -noixemul -E
configure:3241: gcc -noixemul -E  conftest.c
configure:3247: $? = 0
configure:3279: gcc -noixemul -E  conftest.c
conftest.c:15: ac_nonexistent.h: No such file or directory
configure:3285: $? = 1
configure: failed program was:
| /* confdefs.h.  */
| 
| #define PACKAGE_NAME "Daimonin SDL Client"
| #define PACKAGE_TARNAME "daimonin-sdl-client"
| #define PACKAGE_VERSION "BETA3-0.966"
| #define PACKAGE_STRING "Daimonin SDL Client BETA3-0.966"
| #define PACKAGE_BUGREPORT "support@daimonin.sourceforge.net"
| #define INSTALL_SOUND
| #define __LINUX 1
| #define HAVE_STRICMP 1
| #define HAVE_STRNICMP 1
| #define HAVE_STRCASECMP 1
| #define HAVE_STRNCASECMP 1
| /* end confdefs.h.  */
| #include <ac_nonexistent.h>
configure:3329: checking for egrep
configure:3339: result: grep -E
configure:3344: checking for ANSI C header files
configure:3369: gcc -noixemul -c -g -O2  conftest.c >&5
configure:3375: $? = 0
configure:3379: test -z 
			 || test ! -s conftest.err
configure:3382: $? = 0
configure:3385: test -s conftest.o
configure:3388: $? = 0
configure:3477: gcc -noixemul -o conftest -g -O2   conftest.c  >&5
configure:3480: $? = 0
configure:3482: ./conftest
configure:3485: $? = 2
configure: program exited with status 2
configure: failed program was:
| /* confdefs.h.  */
| 
| #define PACKAGE_NAME "Daimonin SDL Client"
| #define PACKAGE_TARNAME "daimonin-sdl-client"
| #define PACKAGE_VERSION "BETA3-0.966"
| #define PACKAGE_STRING "Daimonin SDL Client BETA3-0.966"
| #define PACKAGE_BUGREPORT "support@daimonin.sourceforge.net"
| #define INSTALL_SOUND
| #define __LINUX 1
| #define HAVE_STRICMP 1
| #define HAVE_STRNICMP 1
| #define HAVE_STRCASECMP 1
| #define HAVE_STRNCASECMP 1
| /* end confdefs.h.  */
| #include <ctype.h>
| #if ((' ' & 0x0FF) == 0x020)
| # define ISLOWER(c) ('a' <= (c) && (c) <= 'z')
| # define TOUPPER(c) (ISLOWER(c) ? 'A' + ((c) - 'a') : (c))
| #else
| # define ISLOWER(c) 		   (('a' <= (c) && (c) <= 'i') 		     || ('j' <= (c) && (c) <= 'r') 		     || ('s' <= (c) && (c) <= 'z'))
| # define TOUPPER(c) (ISLOWER(c) ? ((c) | 0x40) : (c))
| #endif
| 
| #define XOR(e, f) (((e) && !(f)) || (!(e) && (f)))
| int
| main ()
| {
|   int i;
|   for (i = 0; i < 256; i++)
|     if (XOR (islower (i), ISLOWER (i))
| 	|| toupper (i) != TOUPPER (i))
|       exit(2);
|   exit (0);
| }
configure:3500: result: no
configure:3524: checking for sys/types.h
configure:3540: gcc -noixemul -c -g -O2  conftest.c >&5
configure:3546: $? = 0
configure:3550: test -z 
			 || test ! -s conftest.err
configure:3553: $? = 0
configure:3556: test -s conftest.o
configure:3559: $? = 0
configure:3570: result: yes
configure:3524: checking for sys/stat.h
configure:3540: gcc -noixemul -c -g -O2  conftest.c >&5
configure:3546: $? = 0
configure:3550: test -z 
			 || test ! -s conftest.err
configure:3553: $? = 0
configure:3556: test -s conftest.o
configure:3559: $? = 0
configure:3570: result: yes
configure:3524: checking for stdlib.h
configure:3540: gcc -noixemul -c -g -O2  conftest.c >&5
configure:3546: $? = 0
configure:3550: test -z 
			 || test ! -s conftest.err
configure:3553: $? = 0
configure:3556: test -s conftest.o
configure:3559: $? = 0
configure:3570: result: yes
configure:3524: checking for string.h
configure:3540: gcc -noixemul -c -g -O2  conftest.c >&5
configure:3546: $? = 0
configure:3550: test -z 
			 || test ! -s conftest.err
configure:3553: $? = 0
configure:3556: test -s conftest.o
configure:3559: $? = 0
configure:3570: result: yes
configure:3524: checking for memory.h
configure:3540: gcc -noixemul -c -g -O2  conftest.c >&5
configure:3546: $? = 0
configure:3550: test -z 
			 || test ! -s conftest.err
configure:3553: $? = 0
configure:3556: test -s conftest.o
configure:3559: $? = 0
configure:3570: result: yes
configure:3524: checking for strings.h
configure:3540: gcc -noixemul -c -g -O2  conftest.c >&5
configure:3546: $? = 0
configure:3550: test -z 
			 || test ! -s conftest.err
configure:3553: $? = 0
configure:3556: test -s conftest.o
configure:3559: $? = 0
configure:3570: result: yes
configure:3524: checking for inttypes.h
configure:3540: gcc -noixemul -c -g -O2  conftest.c >&5
configure:3546: $? = 0
configure:3550: test -z 
			 || test ! -s conftest.err
configure:3553: $? = 0
configure:3556: test -s conftest.o
configure:3559: $? = 0
configure:3570: result: yes
configure:3524: checking for stdint.h
configure:3540: gcc -noixemul -c -g -O2  conftest.c >&5
configure:3546: $? = 0
configure:3550: test -z 
			 || test ! -s conftest.err
configure:3553: $? = 0
configure:3556: test -s conftest.o
configure:3559: $? = 0
configure:3570: result: yes
configure:3524: checking for unistd.h
configure:3540: gcc -noixemul -c -g -O2  conftest.c >&5
configure:3546: $? = 0
configure:3550: test -z 
			 || test ! -s conftest.err
configure:3553: $? = 0
configure:3556: test -s conftest.o
configure:3559: $? = 0
configure:3570: result: yes
configure:3587: checking for unistd.h
configure:3592: result: yes
configure:3746: checking fcntl.h usability
configure:3758: gcc -noixemul -c -g -O2  conftest.c >&5
configure:3764: $? = 0
configure:3768: test -z 
			 || test ! -s conftest.err
configure:3771: $? = 0
configure:3774: test -s conftest.o
configure:3777: $? = 0
configure:3787: result: yes
configure:3791: checking fcntl.h presence
configure:3801: gcc -noixemul -E  conftest.c
configure:3807: $? = 0
configure:3827: result: yes
configure:3862: checking for fcntl.h
configure:3869: result: yes
configure:3995: creating ./config.status

## ---------------------- ##
## Running config.status. ##
## ---------------------- ##

This file was extended by Daimonin SDL Client config.status BETA3-0.966, which was
generated by GNU Autoconf 2.59.  Invocation command line was

  CONFIG_FILES    = 
  CONFIG_HEADERS  = 
  CONFIG_LINKS    = 
  CONFIG_COMMANDS = 
  $ ./config.status 

on iti.humppa.jyu.fi

config.status:4719: creating Makefile
config.status:4719: creating ../../src/updater/Makefile
config.status:4719: creating ../../src/Makefile
config.status:4822: creating ../../src/include/define.h

## ---------------- ##
## Cache variables. ##
## ---------------- ##

ac_cv_build=powerpc-unknown-none
ac_cv_build_alias=ppc
ac_cv_c_compiler_gnu=yes
ac_cv_env_CC_set=set
ac_cv_env_CC_value='gcc -noixemul'
ac_cv_env_CFLAGS_set=
ac_cv_env_CFLAGS_value=
ac_cv_env_CPPFLAGS_set=
ac_cv_env_CPPFLAGS_value=
ac_cv_env_CPP_set=
ac_cv_env_CPP_value=
ac_cv_env_LDFLAGS_set=
ac_cv_env_LDFLAGS_value=
ac_cv_env_build_alias_set=set
ac_cv_env_build_alias_value=ppc
ac_cv_env_host_alias_set=
ac_cv_env_host_alias_value=
ac_cv_env_target_alias_set=
ac_cv_env_target_alias_value=
ac_cv_exeext=
ac_cv_func_strcasecmp=yes
ac_cv_func_stricmp=yes
ac_cv_func_strncasecmp=yes
ac_cv_func_strnicmp=yes
ac_cv_header_fcntl_h=yes
ac_cv_header_inttypes_h=yes
ac_cv_header_memory_h=yes
ac_cv_header_stdc=no
ac_cv_header_stdint_h=yes
ac_cv_header_stdlib_h=yes
ac_cv_header_string_h=yes
ac_cv_header_strings_h=yes
ac_cv_header_sys_stat_h=yes
ac_cv_header_sys_types_h=yes
ac_cv_header_unistd_h=yes
ac_cv_host=powerpc-unknown-none
ac_cv_host_alias=ppc
ac_cv_objext=o
ac_cv_path_BUNZIP2=/bin/bunzip2
ac_cv_path_CP=/bin/cp
ac_cv_path_MD5SUM=/bin/md5sum
ac_cv_path_MKDIR=/bin/mkdir
ac_cv_path_RM=/bin/rm
ac_cv_path_RMDIR=/bin/rmdir
ac_cv_path_SDL_CONFIG=/usr/bin/sdl-config
ac_cv_path_TAR=/bin/tar
ac_cv_path_WGET=/bin/wget
ac_cv_path_install='/bin/install -c'
ac_cv_prog_CPP='gcc -noixemul -E'
ac_cv_prog_ac_ct_CC='gcc -noixemul'
ac_cv_prog_cc_g=yes
ac_cv_prog_cc_stdc=
ac_cv_prog_egrep='grep -E'
ac_cv_prog_make_make_set=yes
ac_cv_target=powerpc-unknown-none
ac_cv_target_alias=ppc

## ----------------- ##
## Output variables. ##
## ----------------- ##

BUNZIP2='/bin/bunzip2'
CC='gcc -noixemul'
CFLAGS='-g -O2'
CP='/bin/cp'
CPP='gcc -noixemul -E'
CPPFLAGS=''
DEFS='-DHAVE_CONFIG_H'
DEPEND=''
ECHO_C=''ECHO_N=''
ECHO_T=''
EGREP='grep -E'
EXEEXT=''
INSTALL_DATA='${INSTALL} -m 644'
INSTALL_PROGRAM='${INSTALL}'
INSTALL_SCRIPT='${INSTALL}'
LDFLAGS=''
LIBOBJS=''
LIBS=''
LTLIBOBJS=''
MD5SUM='/bin/md5sum'
MKDIR='/bin/mkdir'
OBJEXT='o'
PACKAGE_BUGREPORT='support@daimonin.sourceforge.net'
PACKAGE_NAME='Daimonin SDL Client'
PACKAGE_STRING='Daimonin SDL Client BETA3-0.966'
PACKAGE_TARNAME='daimonin-sdl-client'
PACKAGE_VERSION='BETA3-0.966'
PATH_SEPARATOR=':'
RM='/bin/rm'
RMDIR='/bin/rmdir'
SDL_CFLAGS='-noixemul -I/usr/include/SDL'
SDL_CONFIG='/usr/bin/sdl-config'
SDL_LIBS='-L/usr/lib -noixemul -ljpeg -lpng -ltiff -lSDL -lfreetype -lz -lm'
SET_MAKE=''
SHELL='/bin/sh'
TAR='/bin/tar'
WGET='/bin/wget'
ac_ct_CC='gcc -noixemul'
bindir='${exec_prefix}/bin'
build='powerpc-unknown-none'
build_alias='ppc'
build_cpu='powerpc'
build_os='none'
build_vendor='unknown'
datadir='${prefix}/share'
exec_prefix='${prefix}'
host='powerpc-unknown-none'
host_alias=''
host_cpu='powerpc'
host_os='none'
host_vendor='unknown'
includedir='${prefix}/include'
infodir='${prefix}/info'
libdir='${exec_prefix}/lib'
libexecdir='${exec_prefix}/libexec'
localstatedir='${prefix}/var'
mandir='${prefix}/man'
oldincludedir='/usr/include'
prefix='../../../client-BETA3-0.966'
program_transform_name='s,x,x,'
sbindir='${exec_prefix}/sbin'
sharedstatedir='${prefix}/com'
sysconfdir='${prefix}/etc'
target='powerpc-unknown-none'
target_alias=''
target_cpu='powerpc'
target_os='none'
target_vendor='unknown'

## ----------- ##
## confdefs.h. ##
## ----------- ##

#define HAVE_FCNTL_H 1
#define HAVE_INTTYPES_H 1
#define HAVE_MEMORY_H 1
#define HAVE_STDINT_H 1
#define HAVE_STDLIB_H 1
#define HAVE_STRCASECMP 1
#define HAVE_STRICMP 1
#define HAVE_STRINGS_H 1
#define HAVE_STRING_H 1
#define HAVE_STRNCASECMP 1
#define HAVE_STRNICMP 1
#define HAVE_SYS_STAT_H 1
#define HAVE_SYS_TYPES_H 1
#define HAVE_UNISTD_H 1
#define HAVE_UNISTD_H 1
#define INSTALL_SOUND
#define PACKAGE_BUGREPORT "support@daimonin.sourceforge.net"
#define PACKAGE_NAME "Daimonin SDL Client"
#define PACKAGE_STRING "Daimonin SDL Client BETA3-0.966"
#define PACKAGE_TARNAME "daimonin-sdl-client"
#define PACKAGE_VERSION "BETA3-0.966"
#define PREFIX "../../../client-BETA3-0.966"
#define __LINUX 1

configure: exit 0
