List Video Modes
All resolutions available.
VideoInfo: hardware surfaces? yes
VideoInfo: windows manager? yes
VideoInfo: hw to hw blit? yes
VideoInfo: hw to hw ckey blit? no
VideoInfo: hw to hw alpha blit? no
VideoInfo: sw to hw blit? no
VideoInfo: sw to hw ckey blit? no
VideoInfo: sw to hw alpha blit? no
VideoInfo: color fill? yes
VideoInfo: video memory: 0KB
ERROR sprite.c: Can't load sprite bitmaps/palette.png
load_bitmap(): Can't load bitmap bitmaps/palette.png
ERROR sprite.c: Can't load sprite bitmaps/font7x4.png
load_bitmap(): Can't load bitmap bitmaps/font7x4.png
ERROR sprite.c: Can't load sprite bitmaps/font6x3out.png
load_bitmap(): Can't load bitmap bitmaps/font6x3out.png
ERROR sprite.c: Can't load sprite bitmaps/font_big.png
load_bitmap(): Can't load bitmap bitmaps/font_big.png
ERROR sprite.c: Can't load sprite bitmaps/font7x4out.png
load_bitmap(): Can't load bitmap bitmaps/font7x4out.png
ERROR sprite.c: Can't load sprite bitmaps/intro.png
load_bitmap(): Can't load bitmap bitmaps/intro.png
