This file contains any messages produced by compilers while
running configure, to aid debugging if configure makes a mistake.

configure:617: checking host system type
configure:638: checking target system type
configure:656: checking build system type
configure:715: checking for a BSD compatible install
configure:772: checking for -p flag to install
configure:795: checking whether build environment is sane
configure:833: checking whether /SDK/C/gmake sets ${MAKE}
configure:879: checking for working aclocal
configure:892: checking for working autoconf
configure:905: checking for working automake
configure:918: checking for working autoheader
configure:931: checking for working makeinfo
configure:1037: checking for gcc
configure:1150: checking whether the C compiler (gcc  -mcrt=newlib -mcrt=newlib) works
configure:1166: gcc -o conftest  -mcrt=newlib  -mcrt=newlib conftest.c -lunix 1>&5
configure:1192: checking whether the C compiler (gcc  -mcrt=newlib -mcrt=newlib) is a cross-compiler
configure:1197: checking whether we are using GNU C
configure:1206: gcc -E conftest.c
configure:1225: checking whether gcc accepts -g
configure:1354: checking how to run the C preprocessor
configure:1375: gcc -E  conftest.c >/dev/null 2>conftest.out
configure:1470: checking whether  supports -frepo
configure:1497: rm -rf SunWS_cache; g++ -o conftest -mcrt=newlib -frepo  -mcrt=newlib conftest.C -lunix 1>&5
configure:1725: checking for ld used by GCC
configure:1793: checking if the linker (ld) is GNU ld
GNU ld version 2.14 20030612 (Amiga OS build 20050713)
configure:1810: checking for ld option to reload object files
configure:1822: checking for BSD-compatible nm
configure:1860: checking whether ln -s works
configure:1881: checking how to recognise dependant libraries
configure:2202: checking for ranlib
configure:2269: checking for strip
configure:2441: checking for Cygwin environment
configure:2457: gcc -c -O2  -mcrt=newlib  conftest.c 1>&5
configure: In function 'main':
configure:2453: error: '__CYGWIN32__' undeclared (first use in this function)
configure:2453: error: (Each undeclared identifier is reported only once
configure:2453: error: for each function it appears in.)
configure: failed program was:
#line 2446 "configure"
#include "confdefs.h"

int main() {

#ifndef __CYGWIN__
#define __CYGWIN__ __CYGWIN32__
#endif
return __CYGWIN__;
; return 0; }
configure:2474: checking for mingw32 environment
configure:2486: gcc -c -O2  -mcrt=newlib  conftest.c 1>&5
configure: In function 'main':
configure:2482: error: '__MINGW32__' undeclared (first use in this function)
configure:2482: error: (Each undeclared identifier is reported only once
configure:2482: error: for each function it appears in.)
configure: failed program was:
#line 2479 "configure"
#include "confdefs.h"

int main() {
return __MINGW32__;
; return 0; }
ltconfig:678:checking for gcc option to produce PIC
ltconfig:687:checking that gcc PIC flag -m68020 -resident32 -malways-restore-a4 -DPIC works.
ltconfig:697: gcc -c -O2  -mcrt=newlib -m68020 -resident32 -malways-restore-a4 -DPIC -DPIC  conftest.c 1>&5
cc1: error: invalid option '68020'
cc1: error: invalid option 'always-restore-a4'
ltconfig:749: checking if gcc static flag -static works
ltconfig:758: gcc -o conftest -O2  -mcrt=newlib  -mcrt=newlib -static conftest.c -lunix 1>&5
ltconfig:780: finding the maximum length of command line arguments
ltconfig:@lineno@: result: 18874369
ltconfig:829: checking if gcc supports -c -o file.o
ltconfig:830: gcc -c -O2  -mcrt=newlib -o out/conftest2.o  conftest.c 1>&5
ltconfig:883: checking if gcc supports -fno-rtti -fno-exceptions
ltconfig:884: gcc -c -O2  -mcrt=newlib -fno-rtti -fno-exceptions -c conftest.c  conftest.c 1>&5
ltconfig:1423: checking if global_symbol_pipe works
ltconfig:1424: gcc -c -O2  -mcrt=newlib  conftest.c 1>&5
ltconfig:1427: eval "/gcc/bin/nm -B conftest.o | sed -n -e 's/^.*[ 	]\([ABCDGISTW]\)[ 	][ 	]*\(\)\([_A-Za-z][_A-Za-z0-9]*\)$/\1 \2\3 \3/p' > conftest.nm"
ltconfig:1479: gcc -o conftest -O2  -mcrt=newlib -fno-builtin  -mcrt=newlib conftest.c conftstm.o 1>&5
ltconfig:1583: checking for dlopen in -ldl
ltconfig:1603: gcc -o conftest -O2  -mcrt=newlib -fno-builtin  -mcrt=newlib conftest.c -ldl  -lunix 1>&5
Bub:SDK/gcc/ppc-amigaos/bin/ld: cannot find -ldl
ltconfig: failed program was:
/*#line 1590 "ltconfig"*/
/* Override any gcc2 internal prototype to avoid an error.  */
/* We use char because int might match the return type of a gcc2
    builtin and then its argument prototype would still apply.  */
#ifdef __cplusplus
extern "C"
#endif
char dlopen();

int main() {
dlopen()
; return 0; }
ltconfig:1622: checking for dlopen
ltconfig:1652: gcc -o conftest -O2  -mcrt=newlib -fno-builtin  -mcrt=newlib conftest.c -lunix 1>&5
/tmp/ccUt2LVe.o(.text+0xc): In function `main':
: undefined reference to `dlopen'
ltconfig: failed program was:
/*#line 1627 "ltconfig"*/
/* System header to define __stub macros and hopefully few prototypes,
    which can conflict with char dlopen(); below.  */
#include <assert.h>
/* Override any gcc2 internal prototype to avoid an error.  */
/* We use char because int might match the return type of a gcc2
    builtin and then its argument prototype would still apply.  */
#ifdef __cplusplus
extern "C"
#endif
char dlopen();

int main() {

/* The GNU C library defines this for functions which it implements
    to always fail with ENOSYS.  Some functions are actually named
    something starting with __ and the normal name is an alias.  */
#if defined (__stub_dlopen) || defined (__stub___dlopen)
choke me
#else
dlopen();
#endif

; return 0; }
ltconfig:1669: checking for dlopen in -lsvld
ltconfig:1689: gcc -o conftest -O2  -mcrt=newlib -fno-builtin  -mcrt=newlib conftest.c -lsvld  -lunix 1>&5
Bub:SDK/gcc/ppc-amigaos/bin/ld: cannot find -lsvld
ltconfig: failed program was:
/*#line 1676 "ltconfig"*/
/* Override any gcc2 internal prototype to avoid an error.  */
/* We use char because int might match the return type of a gcc2
    builtin and then its argument prototype would still apply.  */
#ifdef __cplusplus
extern "C"
#endif
char dlopen();

int main() {
dlopen()
; return 0; }
ltconfig:1708: checking for dld_link in -ldld
ltconfig:1728: gcc -o conftest -O2  -mcrt=newlib -fno-builtin  -mcrt=newlib conftest.c -ldld  -lunix 1>&5
Bub:SDK/gcc/ppc-amigaos/bin/ld: cannot find -ldld
ltconfig: failed program was:
/*#line 1715 "ltconfig"*/
/* Override any gcc2 internal prototype to avoid an error.  */
/* We use char because int might match the return type of a gcc2
    builtin and then its argument prototype would still apply.  */
#ifdef __cplusplus
extern "C"
#endif
char dld_link();

int main() {
dld_link()
; return 0; }
ltconfig:1747: checking for shl_load
ltconfig:1777: gcc -o conftest -O2  -mcrt=newlib -fno-builtin  -mcrt=newlib conftest.c -lunix 1>&5
/tmp/cc6JoDxX.o(.text+0xc): In function `main':
: undefined reference to `shl_load'
ltconfig: failed program was:
/*#line 1752 "ltconfig"*/
/* System header to define __stub macros and hopefully few prototypes,
    which can conflict with char shl_load(); below.  */
#include <assert.h>
/* Override any gcc2 internal prototype to avoid an error.  */
/* We use char because int might match the return type of a gcc2
    builtin and then its argument prototype would still apply.  */
#ifdef __cplusplus
extern "C"
#endif
char shl_load();

int main() {

/* The GNU C library defines this for functions which it implements
    to always fail with ENOSYS.  Some functions are actually named
    something starting with __ and the normal name is an alias.  */
#if defined (__stub_shl_load) || defined (__stub___shl_load)
choke me
#else
shl_load();
#endif

; return 0; }
ltconfig:1795: checking for shl_load in -ldld
ltconfig:1816: gcc -o conftest -O2  -mcrt=newlib -fno-builtin  -mcrt=newlib conftest.c -ldld  -lunix 1>&5
Bub:SDK/gcc/ppc-amigaos/bin/ld: cannot find -ldld
ltconfig: failed program was:
/*#line 1802 "ltconfig"*/
#include "confdefs.h"
/* Override any gcc2 internal prototype to avoid an error.  */
/* We use char because int might match the return type of a gcc2
    builtin and then its argument prototype would still apply.  */
#ifdef __cplusplus
extern "C"
#endif
char shl_load();

int main() {
shl_load()
; return 0; }
configure:2599: checking for object suffix
configure:2605: gcc -c -O2  -mcrt=newlib  conftest.c 1>&5
configure:2625: checking for executable suffix
configure:2635: gcc -o conftest -O2  -mcrt=newlib  -mcrt=newlib conftest.c -lunix 1>&5
configure:2808: checking for ranlib
configure:2875: checking for strip
configure:3054: checking for extra includes
configure:3085: checking for extra libs
configure:3165: checking for sdl-config
configure:3200: checking for SDL - version >= 1.2.0
configure:3285: gcc -o conftest -O2  -mcrt=newlib -I/SDK/Local/common/include/SDL  -mcrt=newlib conftest.c -lunix -L/SDK/Local/newlib/lib -lGL -lGLU -lSDL -lauto -lpthread -lm -lm 1>&5
configure:3391: checking if opengoal should be compiled
