This file contains any messages produced by compilers while
running configure, to aid debugging if configure makes a mistake.

It was created by configure, which was
generated by GNU Autoconf 2.61.  Invocation command line was

  $ ./configure 

## --------- ##
## Platform. ##
## --------- ##

hostname = localhost
uname -m = powerpc
uname -r = 1.4
uname -s = MorphOS
uname -v = 50.60

/usr/bin/uname -p = unknown
/bin/uname -X     = unknown

/bin/arch              = unknown
/usr/bin/arch -k       = unknown
/usr/convex/getsysinfo = unknown
/usr/bin/hostinfo      = unknown
/bin/machine           = unknown
/usr/bin/oslevel       = unknown
/bin/universe          = unknown

PATH: .
PATH: /bin
PATH: /usr/bin
PATH: /usr/local/bin
PATH: /mossys/c
PATH: /c
PATH: .


## ----------- ##
## Core tests. ##
## ----------- ##

configure:1738: checking build system type
configure:1756: result: powerpc-unknown-morphos
configure:1778: checking host system type
configure:1793: result: powerpc-unknown-morphos
configure:1815: checking target system type
configure:1830: result: powerpc-unknown-morphos
configure:1876: checking for a BSD-compatible install
configure:1932: result: /bin/install -c
configure:1943: checking whether build environment is sane
configure:1986: result: yes
configure:2010: WARNING: `missing' script is too old or missing
configure:2051: checking for gawk
configure:2067: found /bin/gawk
configure:2078: result: gawk
configure:2089: checking whether make sets $(MAKE)
configure:2110: result: yes
configure:2344: checking for gcc
configure:2360: found /bin/gcc
configure:2371: result: gcc
configure:2609: checking for C compiler version
configure:2616: gcc --version >&5
2.95.3
configure:2619: $? = 0
configure:2626: gcc -v >&5
Reading specs from /gg/lib/gcc-lib/ppc-morphos/2.95.3/specs
gcc version 2.95.3 20070319 (release/emm-zapek-cisc-munk)
configure:2629: $? = 0
configure:2636: gcc -V >&5
gcc: argument to `-V' is missing
configure:2639: $? = 1
configure:2662: checking for C compiler default output file name
configure:2689: gcc    conftest.c  >&5
configure:2692: $? = 0
configure:2730: result: a.out
configure:2747: checking whether the C compiler works
configure:2757: ./a.out
configure:2760: $? = 0
configure:2777: result: yes
configure:2784: checking whether we are cross compiling
configure:2786: result: no
configure:2789: checking for suffix of executables
configure:2796: gcc -o conftest    conftest.c  >&5
configure:2799: $? = 0
configure:2823: result: 
configure:2829: checking for suffix of object files
configure:2855: gcc -c   conftest.c >&5
configure:2858: $? = 0
configure:2881: result: o
configure:2885: checking whether we are using the GNU C compiler
configure:2914: gcc -c   conftest.c >&5
configure:2920: $? = 0
configure:2937: result: yes
configure:2942: checking whether gcc accepts -g
configure:2972: gcc -c -g  conftest.c >&5
configure:2978: $? = 0
configure:3077: result: yes
configure:3094: checking for gcc option to accept ISO C89
configure:3168: gcc  -c -g -O2  conftest.c >&5
configure:3174: $? = 0
configure:3197: result: none needed
configure:3226: checking for style of include used by make
configure:3254: result: GNU
configure:3282: checking dependency style of gcc
configure:3372: result: gcc
configure:3402: checking for a BSD-compatible install
configure:3458: result: /bin/install -c
configure:3472: checking for an ANSI C-conforming const
configure:3547: gcc -c -g -O2  conftest.c >&5
configure:3553: $? = 0
configure:3568: result: yes
configure:3620: checking for sdl-config
configure:3638: found /bin/sdl-config
configure:3651: result: /bin/sdl-config
configure:3660: checking for SDL - version >= 1.2.0
configure:3755: gcc -o conftest -g -O2 -noixemul -I/usr/local/include/SDL   conftest.c  -L/usr/local/lib -noixemul -lSDL -lc -lm -lc >&5
configure:3758: $? = 0
configure:3764: ./conftest
configure:3767: $? = 0
configure:3787: result: yes
configure:3885: checking for main in -lSDL_image
configure:3914: gcc -o conftest -g -O2   conftest.c -lSDL_image -L/usr/local/lib -noixemul -lSDL -lc -lm -lc  >&5
configure:3920: $? = 0
configure:3938: result: yes
configure:4101: creating ./config.status

## ---------------------- ##
## Running config.status. ##
## ---------------------- ##

This file was extended by config.status, which was
generated by GNU Autoconf 2.61.  Invocation command line was

  CONFIG_FILES    = 
  CONFIG_HEADERS  = 
  CONFIG_LINKS    = 
  CONFIG_COMMANDS = 
  $ ./config.status 

on localhost

config.status:4814: creating Makefile
config.status:4814: creating src/Makefile
config.status:4814: creating gfx/Makefile
config.status:5005: executing depfiles commands

## ---------------- ##
## Cache variables. ##
## ---------------- ##

ac_cv_build=powerpc-unknown-morphos
ac_cv_c_compiler_gnu=yes
ac_cv_c_const=yes
ac_cv_env_CC_set=
ac_cv_env_CC_value=
ac_cv_env_CFLAGS_set=
ac_cv_env_CFLAGS_value=
ac_cv_env_CPPFLAGS_set=
ac_cv_env_CPPFLAGS_value=
ac_cv_env_LDFLAGS_set=
ac_cv_env_LDFLAGS_value=
ac_cv_env_LIBS_set=
ac_cv_env_LIBS_value=
ac_cv_env_build_alias_set=
ac_cv_env_build_alias_value=
ac_cv_env_host_alias_set=
ac_cv_env_host_alias_value=
ac_cv_env_target_alias_set=
ac_cv_env_target_alias_value=
ac_cv_host=powerpc-unknown-morphos
ac_cv_lib_SDL_image_main=yes
ac_cv_objext=o
ac_cv_path_SDL_CONFIG=/bin/sdl-config
ac_cv_path_install='/bin/install -c'
ac_cv_prog_AWK=gawk
ac_cv_prog_ac_ct_CC=gcc
ac_cv_prog_cc_c89=
ac_cv_prog_cc_g=yes
ac_cv_prog_make_make_set=yes
ac_cv_target=powerpc-unknown-morphos
am_cv_CC_dependencies_compiler_type=gcc

## ----------------- ##
## Output variables. ##
## ----------------- ##

ACLOCAL='aclocal-1.9'
AMDEPBACKSLASH='\'
AMDEP_FALSE='#'
AMDEP_TRUE=''
AMTAR='tar'
AUTOCONF='autoconf'
AUTOHEADER='autoheader'
AUTOMAKE='automake-1.9'
AWK='gawk'
CC='gcc'
CCDEPMODE='depmode=gcc'
CFLAGS='-g -O2 -noixemul -I/usr/local/include/SDL -DDATADIR="\"${datarootdir}/nuclearchess\"" -Wall'
CPPFLAGS=''
CYGPATH_W='echo'
DEFS='-DPACKAGE_NAME=\"\" -DPACKAGE_TARNAME=\"\" -DPACKAGE_VERSION=\"\" -DPACKAGE_STRING=\"\" -DPACKAGE_BUGREPORT=\"\" -DPACKAGE=\"nuclearchess\" -DVERSION=\"1.0.0\" -DHAVE_LIBSDL_IMAGE=1'
DEPDIR='.deps'
ECHO_C=''
ECHO_N='-n'
ECHO_T=''
EXEEXT=''
INSTALL_DATA='${INSTALL} -m 644'
INSTALL_PROGRAM='${INSTALL}'
INSTALL_SCRIPT='${INSTALL}'
INSTALL_STRIP_PROGRAM='${SHELL} $(install_sh) -c -s'
LDFLAGS=''
LIBOBJS=''
LIBS='-L/usr/local/lib -noixemul -lSDL -lc -lm -lc -lSDL_image'
LTLIBOBJS=''
MAKEINFO='makeinfo'
OBJEXT='o'
PACKAGE='nuclearchess'
PACKAGE_BUGREPORT=''
PACKAGE_NAME=''
PACKAGE_STRING=''
PACKAGE_TARNAME=''
PACKAGE_VERSION=''
PATH_SEPARATOR=':'
SDL_CFLAGS='-noixemul -I/usr/local/include/SDL'
SDL_CONFIG='/bin/sdl-config'
SDL_LIBS='-L/usr/local/lib -noixemul -lSDL -lc -lm -lc'
SET_MAKE=''
SHELL='/bin/sh'
STRIP=''
VERSION='1.0.0'
ac_ct_CC='gcc'
am__fastdepCC_FALSE=''
am__fastdepCC_TRUE='#'
am__include='include'
am__leading_dot='.'
am__quote=''
am__tar='${AMTAR} chof - "$$tardir"'
am__untar='${AMTAR} xf -'
bindir='${exec_prefix}/bin'
build='powerpc-unknown-morphos'
build_alias=''
build_cpu='powerpc'
build_os='morphos'
build_vendor='unknown'
datadir='${datarootdir}'
datarootdir='${prefix}/share'
docdir='${datarootdir}/doc/${PACKAGE}'
dvidir='${docdir}'
exec_prefix='${prefix}'
host='powerpc-unknown-morphos'
host_alias=''
host_cpu='powerpc'
host_os='morphos'
host_vendor='unknown'
htmldir='${docdir}'
includedir='${prefix}/include'
infodir='${datarootdir}/info'
install_sh='/Ram Disk/nuclearchess-1.0.0/install-sh'
libdir='${exec_prefix}/lib'
libexecdir='${exec_prefix}/libexec'
localedir='${datarootdir}/locale'
localstatedir='${prefix}/var'
mandir='${datarootdir}/man'
mkdir_p='mkdir -p --'
oldincludedir='/usr/include'
pdfdir='${docdir}'
prefix='/usr/local'
program_transform_name='s,x,x,'
psdir='${docdir}'
sbindir='${exec_prefix}/sbin'
sharedstatedir='${prefix}/com'
sysconfdir='${prefix}/etc'
target='powerpc-unknown-morphos'
target_alias=''
target_cpu='powerpc'
target_os='morphos'
target_vendor='unknown'

## ----------- ##
## confdefs.h. ##
## ----------- ##

#define PACKAGE_NAME ""
#define PACKAGE_TARNAME ""
#define PACKAGE_VERSION ""
#define PACKAGE_STRING ""
#define PACKAGE_BUGREPORT ""
#define PACKAGE "nuclearchess"
#define VERSION "1.0.0"
#define HAVE_LIBSDL_IMAGE 1

configure: exit 0
