This file contains any messages produced by compilers while
running configure, to aid debugging if configure makes a mistake.

configure:564: checking for a BSD compatible install
configure:617: checking whether build environment is sane
configure:674: checking whether make sets ${MAKE}
configure:720: checking for working aclocal
configure:733: checking for working autoconf
configure:746: checking for working automake
configure:759: checking for working autoheader
configure:772: checking for working makeinfo
configure:788: checking whether make sets ${MAKE}
configure:817: checking for gcc
configure:930: checking whether the C compiler (gcc  ) works
configure:946: gcc -o conftest    conftest.c  1>&5
configure:972: checking whether the C compiler (gcc  ) is a cross-compiler
configure:977: checking whether we are using GNU C
configure:1005: checking whether gcc accepts -g
configure:1048: checking for a BSD compatible install
configure:1109: checking host system type
configure:1130: checking target system type
configure:1196: checking for sdl-config
configure:1231: checking for SDL - version >= 1.0.8
configure:1316: gcc -o conftest -g -O2 -noixemul -I/usr/include/SDL   conftest.c  -L/usr/lib -noixemul -lSDL -lc -lm 1>&5
