ReplayLog( {
  Comment1 = "Generated by Stratagus Version 2.1",
  Comment2 = "Visit http://Stratagus.Org for more information",
  Comment3 = "$Id: commands.c,v 1.113 2004/06/24 18:07:53 jarod42 Exp $",
  Date = "Sat Aug 23 09:04:39 2031",
  Map = "Scandinavien",
  MapPath = "maps/default.pud",
  MapId = 3896021713,
  Type = 1,
  Race = -1,
  LocalPlayer = 0,
  Players = {
	{ Race = 0, Team = 0, Type = 0 },
	{ Race = 0, Team = 0, Type = 0 },
	{ Race = 0, Team = 0, Type = 0 },
	{ Race = 0, Team = 0, Type = 0 },
	{ Race = 0, Team = 0, Type = 0 },
	{ Race = 0, Team = 0, Type = 0 },
	{ Race = 0, Team = 0, Type = 0 },
	{ Race = 0, Team = 0, Type = 0 },
	{ Race = 0, Team = 0, Type = 0 },
	{ Race = 0, Team = 0, Type = 0 },
	{ Race = 0, Team = 0, Type = 0 },
	{ Race = 0, Team = 0, Type = 0 },
	{ Race = 0, Team = 0, Type = 0 },
	{ Race = 0, Team = 0, Type = 0 },
	{ Race = 0, Team = 0, Type = 0 },
	{ Race = 0, Team = 0, Type = 0 }
  },
  Resource = -1,
  NumUnits = -1,
  TileSet = -1,
  NoFow = 0,
  RevealMap = 0,
  GameType = -1,
  Opponents = -1,
  Engine = { 2, 1, 0 },
  Network = { 0, 9, 2 }
} )
Log( { GameCycle = 44, UnitNumber = 25, UnitIdent = "unit-peasant", Action = "move", Flush = 1, PosX = 79, PosY = 75, SyncRandSeed = 3038082173 } )
Log( { GameCycle = 44, UnitNumber = 24, UnitIdent = "unit-footman", Action = "move", Flush = 1, PosX = 79, PosY = 75, SyncRandSeed = 3038082173 } )
Log( { GameCycle = 44, UnitNumber = 26, UnitIdent = "unit-footman", Action = "move", Flush = 1, PosX = 79, PosY = 75, SyncRandSeed = 3038082173 } )
Log( { GameCycle = 44, UnitNumber = 27, UnitIdent = "unit-peasant", Action = "move", Flush = 1, PosX = 79, PosY = 75, SyncRandSeed = 3038082173 } )
Log( { GameCycle = 76, UnitNumber = 25, UnitIdent = "unit-peasant", Action = "move", Flush = 1, PosX = 80, PosY = 77, SyncRandSeed = 976076667 } )
Log( { GameCycle = 76, UnitNumber = 24, UnitIdent = "unit-footman", Action = "move", Flush = 1, PosX = 80, PosY = 77, SyncRandSeed = 976076667 } )
Log( { GameCycle = 76, UnitNumber = 26, UnitIdent = "unit-footman", Action = "move", Flush = 1, PosX = 80, PosY = 77, SyncRandSeed = 976076667 } )
Log( { GameCycle = 76, UnitNumber = 27, UnitIdent = "unit-peasant", Action = "move", Flush = 1, PosX = 80, PosY = 77, SyncRandSeed = 976076667 } )
Log( { GameCycle = 132, UnitNumber = 25, UnitIdent = "unit-peasant", Action = "move", Flush = 1, PosX = 76, PosY = 80, SyncRandSeed = 3723665009 } )
Log( { GameCycle = 132, UnitNumber = 24, UnitIdent = "unit-footman", Action = "move", Flush = 1, PosX = 76, PosY = 80, SyncRandSeed = 3723665009 } )
Log( { GameCycle = 132, UnitNumber = 26, UnitIdent = "unit-footman", Action = "move", Flush = 1, PosX = 76, PosY = 80, SyncRandSeed = 3723665009 } )
Log( { GameCycle = 132, UnitNumber = 27, UnitIdent = "unit-peasant", Action = "move", Flush = 1, PosX = 76, PosY = 80, SyncRandSeed = 3723665009 } )
Log( { GameCycle = 206, UnitNumber = 25, UnitIdent = "unit-peasant", Action = "move", Flush = 1, PosX = 73, PosY = 80, SyncRandSeed = 2195358760 } )
Log( { GameCycle = 206, UnitNumber = 27, UnitIdent = "unit-peasant", Action = "move", Flush = 1, PosX = 73, PosY = 80, SyncRandSeed = 2195358760 } )
Log( { GameCycle = 206, UnitNumber = 26, UnitIdent = "unit-footman", Action = "move", Flush = 1, PosX = 73, PosY = 80, SyncRandSeed = 2195358760 } )
Log( { GameCycle = 206, UnitNumber = 24, UnitIdent = "unit-footman", Action = "move", Flush = 1, PosX = 73, PosY = 80, SyncRandSeed = 2195358760 } )
Log( { GameCycle = 254, UnitNumber = 25, UnitIdent = "unit-peasant", Action = "move", Flush = 1, PosX = 70, PosY = 78, SyncRandSeed = 2647153924 } )
Log( { GameCycle = 254, UnitNumber = 27, UnitIdent = "unit-peasant", Action = "move", Flush = 1, PosX = 70, PosY = 78, SyncRandSeed = 2647153924 } )
Log( { GameCycle = 254, UnitNumber = 26, UnitIdent = "unit-footman", Action = "move", Flush = 1, PosX = 70, PosY = 78, SyncRandSeed = 2647153924 } )
Log( { GameCycle = 254, UnitNumber = 24, UnitIdent = "unit-footman", Action = "move", Flush = 1, PosX = 70, PosY = 78, SyncRandSeed = 2647153924 } )
Log( { GameCycle = 301, UnitNumber = 25, UnitIdent = "unit-peasant", Action = "move", Flush = 1, PosX = 67, PosY = 77, SyncRandSeed = 2863007818 } )
Log( { GameCycle = 301, UnitNumber = 27, UnitIdent = "unit-peasant", Action = "move", Flush = 1, PosX = 67, PosY = 77, SyncRandSeed = 2863007818 } )
Log( { GameCycle = 301, UnitNumber = 26, UnitIdent = "unit-footman", Action = "move", Flush = 1, PosX = 67, PosY = 77, SyncRandSeed = 2863007818 } )
Log( { GameCycle = 301, UnitNumber = 24, UnitIdent = "unit-footman", Action = "move", Flush = 1, PosX = 67, PosY = 77, SyncRandSeed = 2863007818 } )
Log( { GameCycle = 419, UnitNumber = 25, UnitIdent = "unit-peasant", Action = "move", Flush = 1, PosX = 65, PosY = 80, SyncRandSeed = 4222936427 } )
Log( { GameCycle = 419, UnitNumber = 27, UnitIdent = "unit-peasant", Action = "move", Flush = 1, PosX = 65, PosY = 80, SyncRandSeed = 4222936427 } )
Log( { GameCycle = 419, UnitNumber = 26, UnitIdent = "unit-footman", Action = "move", Flush = 1, PosX = 65, PosY = 80, SyncRandSeed = 4222936427 } )
Log( { GameCycle = 419, UnitNumber = 24, UnitIdent = "unit-footman", Action = "move", Flush = 1, PosX = 65, PosY = 80, SyncRandSeed = 4222936427 } )
Log( { GameCycle = 511, UnitNumber = 25, UnitIdent = "unit-peasant", Action = "move", Flush = 1, PosX = 62, PosY = 80, SyncRandSeed = 2814125723 } )
Log( { GameCycle = 511, UnitNumber = 27, UnitIdent = "unit-peasant", Action = "move", Flush = 1, PosX = 62, PosY = 80, SyncRandSeed = 2814125723 } )
Log( { GameCycle = 511, UnitNumber = 26, UnitIdent = "unit-footman", Action = "move", Flush = 1, PosX = 62, PosY = 80, SyncRandSeed = 2814125723 } )
Log( { GameCycle = 511, UnitNumber = 24, UnitIdent = "unit-footman", Action = "move", Flush = 1, PosX = 62, PosY = 80, SyncRandSeed = 2814125723 } )
Log( { GameCycle = 577, UnitNumber = 25, UnitIdent = "unit-peasant", Action = "move", Flush = 1, PosX = 59, PosY = 78, SyncRandSeed = 2546954710 } )
Log( { GameCycle = 577, UnitNumber = 27, UnitIdent = "unit-peasant", Action = "move", Flush = 1, PosX = 59, PosY = 78, SyncRandSeed = 2546954710 } )
Log( { GameCycle = 577, UnitNumber = 26, UnitIdent = "unit-footman", Action = "move", Flush = 1, PosX = 59, PosY = 78, SyncRandSeed = 2546954710 } )
Log( { GameCycle = 577, UnitNumber = 24, UnitIdent = "unit-footman", Action = "move", Flush = 1, PosX = 59, PosY = 78, SyncRandSeed = 2546954710 } )
Log( { GameCycle = 657, UnitNumber = 25, UnitIdent = "unit-peasant", Action = "move", Flush = 1, PosX = 56, PosY = 77, SyncRandSeed = 3031876562 } )
Log( { GameCycle = 657, UnitNumber = 27, UnitIdent = "unit-peasant", Action = "move", Flush = 1, PosX = 56, PosY = 77, SyncRandSeed = 3031876562 } )
Log( { GameCycle = 657, UnitNumber = 26, UnitIdent = "unit-footman", Action = "move", Flush = 1, PosX = 56, PosY = 77, SyncRandSeed = 3031876562 } )
Log( { GameCycle = 657, UnitNumber = 24, UnitIdent = "unit-footman", Action = "move", Flush = 1, PosX = 56, PosY = 77, SyncRandSeed = 3031876562 } )
Log( { GameCycle = 706, UnitNumber = 25, UnitIdent = "unit-peasant", Action = "move", Flush = 1, PosX = 52, PosY = 77, SyncRandSeed = 2238932736 } )
Log( { GameCycle = 706, UnitNumber = 27, UnitIdent = "unit-peasant", Action = "move", Flush = 1, PosX = 52, PosY = 77, SyncRandSeed = 2238932736 } )
Log( { GameCycle = 706, UnitNumber = 26, UnitIdent = "unit-footman", Action = "move", Flush = 1, PosX = 52, PosY = 77, SyncRandSeed = 2238932736 } )
Log( { GameCycle = 706, UnitNumber = 24, UnitIdent = "unit-footman", Action = "move", Flush = 1, PosX = 52, PosY = 77, SyncRandSeed = 2238932736 } )
Log( { GameCycle = 776, UnitNumber = 25, UnitIdent = "unit-peasant", Action = "move", Flush = 1, PosX = 53, PosY = 74, SyncRandSeed = 1100164792 } )
Log( { GameCycle = 776, UnitNumber = 27, UnitIdent = "unit-peasant", Action = "move", Flush = 1, PosX = 53, PosY = 74, SyncRandSeed = 1100164792 } )
Log( { GameCycle = 776, UnitNumber = 26, UnitIdent = "unit-footman", Action = "move", Flush = 1, PosX = 53, PosY = 74, SyncRandSeed = 1100164792 } )
Log( { GameCycle = 776, UnitNumber = 24, UnitIdent = "unit-footman", Action = "move", Flush = 1, PosX = 53, PosY = 74, SyncRandSeed = 1100164792 } )
Log( { GameCycle = 838, UnitNumber = 25, UnitIdent = "unit-peasant", Action = "move", Flush = 1, PosX = 60, PosY = 72, SyncRandSeed = 2561609434 } )
Log( { GameCycle = 838, UnitNumber = 27, UnitIdent = "unit-peasant", Action = "move", Flush = 1, PosX = 60, PosY = 72, SyncRandSeed = 2561609434 } )
Log( { GameCycle = 838, UnitNumber = 26, UnitIdent = "unit-footman", Action = "move", Flush = 1, PosX = 60, PosY = 72, SyncRandSeed = 2561609434 } )
Log( { GameCycle = 838, UnitNumber = 24, UnitIdent = "unit-footman", Action = "move", Flush = 1, PosX = 60, PosY = 72, SyncRandSeed = 2561609434 } )
Log( { GameCycle = 920, UnitNumber = 26, UnitIdent = "unit-footman", Action = "move", Flush = 1, PosX = 62, PosY = 70, SyncRandSeed = 2773431818 } )
Log( { GameCycle = 959, UnitNumber = 26, UnitIdent = "unit-footman", Action = "move", Flush = 1, PosX = 62, PosY = 69, SyncRandSeed = 724812502 } )
Log( { GameCycle = 990, UnitNumber = 26, UnitIdent = "unit-footman", Action = "move", Flush = 1, PosX = 64, PosY = 68, SyncRandSeed = 1429417868 } )
Log( { GameCycle = 1021, UnitNumber = 26, UnitIdent = "unit-footman", Action = "move", Flush = 1, PosX = 68, PosY = 68, SyncRandSeed = 2095327848 } )
Log( { GameCycle = 1092, UnitNumber = 26, UnitIdent = "unit-footman", Action = "move", Flush = 1, PosX = 68, PosY = 77, SyncRandSeed = 2273107164 } )
Log( { GameCycle = 1154, UnitNumber = 24, UnitIdent = "unit-footman", Action = "move", Flush = 1, PosX = 70, PosY = 77, SyncRandSeed = 2815729812 } )
Log( { GameCycle = 1154, UnitNumber = 26, UnitIdent = "unit-footman", Action = "move", Flush = 1, PosX = 70, PosY = 77, SyncRandSeed = 2815729812 } )
Log( { GameCycle = 1245, UnitNumber = 24, UnitIdent = "unit-footman", Action = "move", Flush = 1, PosX = 67, PosY = 83, SyncRandSeed = 3060993258 } )
Log( { GameCycle = 1245, UnitNumber = 26, UnitIdent = "unit-footman", Action = "move", Flush = 1, PosX = 67, PosY = 83, SyncRandSeed = 3060993258 } )
Log( { GameCycle = 1379, UnitNumber = 24, UnitIdent = "unit-footman", Action = "move", Flush = 1, PosX = 66, PosY = 86, SyncRandSeed = 3398205838 } )
Log( { GameCycle = 1379, UnitNumber = 26, UnitIdent = "unit-footman", Action = "move", Flush = 1, PosX = 66, PosY = 86, SyncRandSeed = 3398205838 } )
Log( { GameCycle = 1413, UnitNumber = 24, UnitIdent = "unit-footman", Action = "move", Flush = 1, PosX = 66, PosY = 89, SyncRandSeed = 3716883660 } )
Log( { GameCycle = 1413, UnitNumber = 26, UnitIdent = "unit-footman", Action = "move", Flush = 1, PosX = 66, PosY = 89, SyncRandSeed = 3716883660 } )
Log( { GameCycle = 1456, UnitNumber = 24, UnitIdent = "unit-footman", Action = "move", Flush = 1, PosX = 64, PosY = 91, SyncRandSeed = 1208139010 } )
Log( { GameCycle = 1456, UnitNumber = 26, UnitIdent = "unit-footman", Action = "move", Flush = 1, PosX = 64, PosY = 91, SyncRandSeed = 1208139010 } )
Log( { GameCycle = 1469, UnitNumber = 24, UnitIdent = "unit-footman", Action = "move", Flush = 1, PosX = 60, PosY = 92, SyncRandSeed = 549164780 } )
Log( { GameCycle = 1469, UnitNumber = 26, UnitIdent = "unit-footman", Action = "move", Flush = 1, PosX = 60, PosY = 92, SyncRandSeed = 549164780 } )
Log( { GameCycle = 1495, UnitNumber = 24, UnitIdent = "unit-footman", Action = "move", Flush = 1, PosX = 59, PosY = 89, SyncRandSeed = 4224491516 } )
Log( { GameCycle = 1495, UnitNumber = 26, UnitIdent = "unit-footman", Action = "move", Flush = 1, PosX = 59, PosY = 89, SyncRandSeed = 4224491516 } )
Log( { GameCycle = 1557, UnitNumber = 24, UnitIdent = "unit-footman", Action = "move", Flush = 1, PosX = 55, PosY = 91, SyncRandSeed = 1084673618 } )
Log( { GameCycle = 1557, UnitNumber = 26, UnitIdent = "unit-footman", Action = "move", Flush = 1, PosX = 55, PosY = 91, SyncRandSeed = 1084673618 } )
Log( { GameCycle = 1587, UnitNumber = 24, UnitIdent = "unit-footman", Action = "move", Flush = 1, PosX = 53, PosY = 90, SyncRandSeed = 897795592 } )
Log( { GameCycle = 1587, UnitNumber = 26, UnitIdent = "unit-footman", Action = "move", Flush = 1, PosX = 53, PosY = 90, SyncRandSeed = 897795592 } )
Log( { GameCycle = 1648, UnitNumber = 24, UnitIdent = "unit-footman", Action = "move", Flush = 1, PosX = 50, PosY = 89, SyncRandSeed = 2058016778 } )
Log( { GameCycle = 1648, UnitNumber = 26, UnitIdent = "unit-footman", Action = "move", Flush = 1, PosX = 50, PosY = 89, SyncRandSeed = 2058016778 } )
Log( { GameCycle = 1707, UnitNumber = 24, UnitIdent = "unit-footman", Action = "move", Flush = 1, PosX = 50, PosY = 85, SyncRandSeed = 4027808276 } )
Log( { GameCycle = 1707, UnitNumber = 26, UnitIdent = "unit-footman", Action = "move", Flush = 1, PosX = 50, PosY = 85, SyncRandSeed = 4027808276 } )
Log( { GameCycle = 1801, UnitNumber = 24, UnitIdent = "unit-footman", Action = "move", Flush = 1, PosX = 46, PosY = 80, SyncRandSeed = 72729022 } )
Log( { GameCycle = 1801, UnitNumber = 26, UnitIdent = "unit-footman", Action = "move", Flush = 1, PosX = 46, PosY = 80, SyncRandSeed = 72729022 } )
Log( { GameCycle = 1936, UnitNumber = 24, UnitIdent = "unit-footman", Action = "move", Flush = 1, PosX = 45, PosY = 77, SyncRandSeed = 1102255420 } )
Log( { GameCycle = 1936, UnitNumber = 26, UnitIdent = "unit-footman", Action = "move", Flush = 1, PosX = 45, PosY = 77, SyncRandSeed = 1102255420 } )
Log( { GameCycle = 1978, UnitNumber = 24, UnitIdent = "unit-footman", Action = "move", Flush = 1, PosX = 45, PosY = 74, SyncRandSeed = 3528197008 } )
Log( { GameCycle = 1978, UnitNumber = 26, UnitIdent = "unit-footman", Action = "move", Flush = 1, PosX = 45, PosY = 74, SyncRandSeed = 3528197008 } )
Log( { GameCycle = 2041, UnitNumber = 24, UnitIdent = "unit-footman", Action = "move", Flush = 1, PosX = 44, PosY = 72, SyncRandSeed = 1491693667 } )
Log( { GameCycle = 2041, UnitNumber = 26, UnitIdent = "unit-footman", Action = "move", Flush = 1, PosX = 44, PosY = 72, SyncRandSeed = 1491693667 } )
Log( { GameCycle = 2091, UnitNumber = 24, UnitIdent = "unit-footman", Action = "move", Flush = 1, PosX = 43, PosY = 69, SyncRandSeed = 3509905317 } )
Log( { GameCycle = 2091, UnitNumber = 26, UnitIdent = "unit-footman", Action = "move", Flush = 1, PosX = 43, PosY = 69, SyncRandSeed = 3509905317 } )
Log( { GameCycle = 2150, UnitNumber = 24, UnitIdent = "unit-footman", Action = "move", Flush = 1, PosX = 41, PosY = 70, SyncRandSeed = 2870894815 } )
Log( { GameCycle = 2150, UnitNumber = 26, UnitIdent = "unit-footman", Action = "move", Flush = 1, PosX = 41, PosY = 70, SyncRandSeed = 2870894815 } )
Log( { GameCycle = 2191, UnitNumber = 24, UnitIdent = "unit-footman", Action = "move", Flush = 1, PosX = 38, PosY = 72, SyncRandSeed = 3369192377 } )
Log( { GameCycle = 2191, UnitNumber = 26, UnitIdent = "unit-footman", Action = "move", Flush = 1, PosX = 38, PosY = 72, SyncRandSeed = 3369192377 } )
Log( { GameCycle = 2254, UnitNumber = 24, UnitIdent = "unit-footman", Action = "move", Flush = 1, PosX = 35, PosY = 73, SyncRandSeed = 3465988253 } )
Log( { GameCycle = 2254, UnitNumber = 26, UnitIdent = "unit-footman", Action = "move", Flush = 1, PosX = 35, PosY = 73, SyncRandSeed = 3465988253 } )
Log( { GameCycle = 2321, UnitNumber = 24, UnitIdent = "unit-footman", Action = "move", Flush = 1, PosX = 32, PosY = 72, SyncRandSeed = 4002706723 } )
Log( { GameCycle = 2321, UnitNumber = 26, UnitIdent = "unit-footman", Action = "move", Flush = 1, PosX = 32, PosY = 72, SyncRandSeed = 4002706723 } )
Log( { GameCycle = 2374, UnitNumber = 24, UnitIdent = "unit-footman", Action = "move", Flush = 1, PosX = 28, PosY = 72, SyncRandSeed = 2139922935 } )
Log( { GameCycle = 2374, UnitNumber = 26, UnitIdent = "unit-footman", Action = "move", Flush = 1, PosX = 28, PosY = 72, SyncRandSeed = 2139922935 } )
Log( { GameCycle = 2422, UnitNumber = 24, UnitIdent = "unit-footman", Action = "move", Flush = 1, PosX = 26, PosY = 71, SyncRandSeed = 4117325395 } )
Log( { GameCycle = 2422, UnitNumber = 26, UnitIdent = "unit-footman", Action = "move", Flush = 1, PosX = 26, PosY = 71, SyncRandSeed = 4117325395 } )
Log( { GameCycle = 2479, UnitNumber = 24, UnitIdent = "unit-footman", Action = "move", Flush = 1, PosX = 23, PosY = 69, SyncRandSeed = 3178529053 } )
Log( { GameCycle = 2479, UnitNumber = 26, UnitIdent = "unit-footman", Action = "move", Flush = 1, PosX = 23, PosY = 69, SyncRandSeed = 3178529053 } )
Log( { GameCycle = 2534, UnitNumber = 24, UnitIdent = "unit-footman", Action = "move", Flush = 1, PosX = 22, PosY = 66, SyncRandSeed = 4281909369 } )
Log( { GameCycle = 2534, UnitNumber = 26, UnitIdent = "unit-footman", Action = "move", Flush = 1, PosX = 22, PosY = 66, SyncRandSeed = 4281909369 } )
Log( { GameCycle = 2578, UnitNumber = 24, UnitIdent = "unit-footman", Action = "move", Flush = 1, PosX = 23, PosY = 64, SyncRandSeed = 1564449553 } )
Log( { GameCycle = 2578, UnitNumber = 26, UnitIdent = "unit-footman", Action = "move", Flush = 1, PosX = 23, PosY = 64, SyncRandSeed = 1564449553 } )
Log( { GameCycle = 2616, UnitNumber = 24, UnitIdent = "unit-footman", Action = "move", Flush = 1, PosX = 22, PosY = 61, SyncRandSeed = 1520216635 } )
Log( { GameCycle = 2616, UnitNumber = 26, UnitIdent = "unit-footman", Action = "move", Flush = 1, PosX = 22, PosY = 61, SyncRandSeed = 1520216635 } )
Log( { GameCycle = 2653, UnitNumber = 24, UnitIdent = "unit-footman", Action = "move", Flush = 1, PosX = 22, PosY = 58, SyncRandSeed = 3161457773 } )
Log( { GameCycle = 2653, UnitNumber = 26, UnitIdent = "unit-footman", Action = "move", Flush = 1, PosX = 22, PosY = 58, SyncRandSeed = 3161457773 } )
Log( { GameCycle = 2690, UnitNumber = 24, UnitIdent = "unit-footman", Action = "move", Flush = 1, PosX = 23, PosY = 56, SyncRandSeed = 961378787 } )
Log( { GameCycle = 2690, UnitNumber = 26, UnitIdent = "unit-footman", Action = "move", Flush = 1, PosX = 23, PosY = 56, SyncRandSeed = 961378787 } )
Log( { GameCycle = 2737, UnitNumber = 24, UnitIdent = "unit-footman", Action = "move", Flush = 1, PosX = 25, PosY = 55, SyncRandSeed = 1069913697 } )
Log( { GameCycle = 2737, UnitNumber = 26, UnitIdent = "unit-footman", Action = "move", Flush = 1, PosX = 25, PosY = 55, SyncRandSeed = 1069913697 } )
Log( { GameCycle = 2770, UnitNumber = 24, UnitIdent = "unit-footman", Action = "move", Flush = 1, PosX = 26, PosY = 52, SyncRandSeed = 2526776535 } )
Log( { GameCycle = 2770, UnitNumber = 26, UnitIdent = "unit-footman", Action = "move", Flush = 1, PosX = 26, PosY = 52, SyncRandSeed = 2526776535 } )
Log( { GameCycle = 2821, UnitNumber = 24, UnitIdent = "unit-footman", Action = "move", Flush = 1, PosX = 29, PosY = 50, SyncRandSeed = 3227915153 } )
Log( { GameCycle = 2821, UnitNumber = 26, UnitIdent = "unit-footman", Action = "move", Flush = 1, PosX = 29, PosY = 50, SyncRandSeed = 3227915153 } )
Log( { GameCycle = 2871, UnitNumber = 24, UnitIdent = "unit-footman", Action = "move", Flush = 1, PosX = 32, PosY = 50, SyncRandSeed = 965688387 } )
Log( { GameCycle = 2871, UnitNumber = 26, UnitIdent = "unit-footman", Action = "move", Flush = 1, PosX = 32, PosY = 50, SyncRandSeed = 965688387 } )
Log( { GameCycle = 2947, UnitNumber = 24, UnitIdent = "unit-footman", Action = "move", Flush = 1, PosX = 34, PosY = 49, SyncRandSeed = 452398817 } )
Log( { GameCycle = 2947, UnitNumber = 26, UnitIdent = "unit-footman", Action = "move", Flush = 1, PosX = 34, PosY = 49, SyncRandSeed = 452398817 } )
Log( { GameCycle = 3055, UnitNumber = 24, UnitIdent = "unit-footman", Action = "attack", Flush = 1, PosX = 32, PosY = 49, DestUnitNumber = 8, SyncRandSeed = 2182884166 } )
Log( { GameCycle = 3055, UnitNumber = 26, UnitIdent = "unit-footman", Action = "attack", Flush = 1, PosX = 32, PosY = 49, DestUnitNumber = 8, SyncRandSeed = 2182884166 } )
Log( { GameCycle = 3109, UnitNumber = 24, UnitIdent = "unit-footman", Action = "move", Flush = 1, PosX = 34, PosY = 49, SyncRandSeed = 3802252787 } )
Log( { GameCycle = 3233, UnitNumber = 24, UnitIdent = "unit-footman", Action = "move", Flush = 1, PosX = 35, PosY = 50, SyncRandSeed = 2346851338 } )
Log( { GameCycle = 3277, UnitNumber = 26, UnitIdent = "unit-footman", Action = "move", Flush = 1, PosX = 34, PosY = 48, SyncRandSeed = 1766161104 } )
Log( { GameCycle = 3277, UnitNumber = 24, UnitIdent = "unit-footman", Action = "move", Flush = 1, PosX = 34, PosY = 48, SyncRandSeed = 1766161104 } )
Log( { GameCycle = 3291, UnitNumber = 26, UnitIdent = "unit-footman", Action = "move", Flush = 1, PosX = 36, PosY = 47, SyncRandSeed = 3063259314 } )
Log( { GameCycle = 3291, UnitNumber = 24, UnitIdent = "unit-footman", Action = "move", Flush = 1, PosX = 36, PosY = 47, SyncRandSeed = 3063259314 } )
Log( { GameCycle = 3322, UnitNumber = 26, UnitIdent = "unit-footman", Action = "move", Flush = 1, PosX = 38, PosY = 47, SyncRandSeed = 4057458694 } )
Log( { GameCycle = 3322, UnitNumber = 24, UnitIdent = "unit-footman", Action = "move", Flush = 1, PosX = 38, PosY = 47, SyncRandSeed = 4057458694 } )
Log( { GameCycle = 3340, UnitNumber = 26, UnitIdent = "unit-footman", Action = "move", Flush = 1, PosX = 39, PosY = 48, SyncRandSeed = 2866057290 } )
Log( { GameCycle = 3340, UnitNumber = 24, UnitIdent = "unit-footman", Action = "move", Flush = 1, PosX = 39, PosY = 48, SyncRandSeed = 2866057290 } )
Log( { GameCycle = 3388, UnitNumber = 26, UnitIdent = "unit-footman", Action = "attack", Flush = 1, PosX = 42, PosY = 46, DestUnitNumber = 9, SyncRandSeed = 432444040 } )
Log( { GameCycle = 3388, UnitNumber = 24, UnitIdent = "unit-footman", Action = "attack", Flush = 1, PosX = 42, PosY = 46, DestUnitNumber = 9, SyncRandSeed = 432444040 } )
Log( { GameCycle = 3451, UnitNumber = 24, UnitIdent = "unit-footman", Action = "move", Flush = 1, PosX = 38, PosY = 48, SyncRandSeed = 2992990926 } )
Log( { GameCycle = 3609, UnitNumber = 26, UnitIdent = "unit-footman", Action = "move", Flush = 1, PosX = 42, PosY = 47, SyncRandSeed = 2908706975 } )
Log( { GameCycle = 3630, UnitNumber = 26, UnitIdent = "unit-footman", Action = "move", Flush = 1, PosX = 44, PosY = 48, SyncRandSeed = 4287593391 } )
Log( { GameCycle = 3642, UnitNumber = 26, UnitIdent = "unit-footman", Action = "attack", Flush = 1, PosX = 42, PosY = 49, DestUnitNumber = 42, SyncRandSeed = 4287593391 } )
Log( { GameCycle = 4009, UnitNumber = 27, UnitIdent = "unit-peasant", Action = "build", Flush = 1, PosX = 65, PosY = 69, Value = [[unit-town-hall]], SyncRandSeed = 4002389200 } )
Log( { GameCycle = 4678, UnitNumber = 25, UnitIdent = "unit-peasant", Action = "repair", Flush = 1, PosX = 66, PosY = 71, DestUnitNumber = 46, SyncRandSeed = 2784229698 } )
Log( { GameCycle = 5033, UnitNumber = 26, UnitIdent = "unit-footman", Action = "attack", Flush = 1, PosX = 45, PosY = 47, DestUnitNumber = 48, SyncRandSeed = 317621279 } )
Log( { GameCycle = 5260, UnitNumber = 25, UnitIdent = "unit-peasant", Action = "resource", Flush = 1, DestUnitNumber = 20, SyncRandSeed = 64582374 } )
Log( { GameCycle = 5281, UnitNumber = 27, UnitIdent = "unit-peasant", Action = "resource", Flush = 1, DestUnitNumber = 20, SyncRandSeed = 1299388761 } )
Log( { GameCycle = 5456, UnitNumber = 26, UnitIdent = "unit-footman", Action = "attack", Flush = 1, PosX = 43, PosY = 47, DestUnitNumber = 10, SyncRandSeed = 796485206 } )
Log( { GameCycle = 5752, UnitNumber = 26, UnitIdent = "unit-footman", Action = "attack", Flush = 1, PosX = 46, PosY = 46, DestUnitNumber = 48, SyncRandSeed = 2040724567 } )
Log( { GameCycle = 6010, UnitNumber = 25, UnitIdent = "unit-peasant", Action = "move", Flush = 1, PosX = 64, PosY = 68, SyncRandSeed = 142918723 } )
Log( { GameCycle = 6062, UnitNumber = 25, UnitIdent = "unit-peasant", Action = "resource", Flush = 1, DestUnitNumber = 20, SyncRandSeed = 2294741185 } )
Log( { GameCycle = 6079, UnitNumber = 25, UnitIdent = "unit-peasant", Action = "resource-loc", Flush = 1, PosX = 60, PosY = 67, SyncRandSeed = 3502015816 } )
Log( { GameCycle = 6092, UnitNumber = 25, UnitIdent = "unit-peasant", Action = "resource-loc", Flush = 1, PosX = 70, PosY = 69, SyncRandSeed = 786311670 } )
Log( { GameCycle = 7497, UnitNumber = 27, UnitIdent = "unit-peasant", Action = "move", Flush = 1, PosX = 64, PosY = 68, SyncRandSeed = 3145154962 } )
Log( { GameCycle = 7547, UnitNumber = 27, UnitIdent = "unit-peasant", Action = "build", Flush = 1, PosX = 64, PosY = 67, Value = [[unit-farm]], SyncRandSeed = 906340206 } )
Log( { GameCycle = 8195, UnitNumber = 27, UnitIdent = "unit-peasant", Action = "resource", Flush = 1, DestUnitNumber = 20, SyncRandSeed = 1852570342 } )
Log( { GameCycle = 8460, UnitNumber = 46, UnitIdent = "unit-town-hall", Action = "train", Flush = 1, Value = [[unit-peasant]], SyncRandSeed = 2396454829 } )
Log( { GameCycle = 8644, UnitNumber = 26, UnitIdent = "unit-footman", Action = "move", Flush = 1, PosX = 71, PosY = 75, SyncRandSeed = 1211626924 } )
Log( { GameCycle = 8835, UnitNumber = 55, UnitIdent = "unit-peasant", Action = "resource", Flush = 1, DestUnitNumber = 20, SyncRandSeed = 3865561337 } )
Log( { GameCycle = 9418, UnitNumber = 46, UnitIdent = "unit-town-hall", Action = "train", Flush = 1, Value = [[unit-peasant]], SyncRandSeed = 282227485 } )
Log( { GameCycle = 9668, UnitNumber = 59, UnitIdent = "unit-peasant", Action = "resource-loc", Flush = 1, PosX = 67, PosY = 65, SyncRandSeed = 1133821595 } )
Log( { GameCycle = 10351, UnitNumber = 25, UnitIdent = "unit-peasant", Action = "move", Flush = 1, PosX = 68, PosY = 74, SyncRandSeed = 612073417 } )
Log( { GameCycle = 10418, UnitNumber = 25, UnitIdent = "unit-peasant", Action = "build", Flush = 1, PosX = 67, PosY = 75, Value = [[unit-farm]], SyncRandSeed = 2387495851 } )
Log( { GameCycle = 11066, UnitNumber = 25, UnitIdent = "unit-peasant", Action = "resource-loc", Flush = 1, PosX = 71, PosY = 71, SyncRandSeed = 2802647971 } )
Log( { GameCycle = 11088, UnitNumber = 46, UnitIdent = "unit-town-hall", Action = "train", Flush = 1, Value = [[unit-peasant]], SyncRandSeed = 165688473 } )
Log( { GameCycle = 11337, UnitNumber = 66, UnitIdent = "unit-peasant", Action = "resource", Flush = 1, DestUnitNumber = 20, SyncRandSeed = 1745414543 } )
Log( { GameCycle = 11604, UnitNumber = 46, UnitIdent = "unit-town-hall", Action = "train", Flush = 1, Value = [[unit-peasant]], SyncRandSeed = 3878414383 } )
Log( { GameCycle = 11849, UnitNumber = 69, UnitIdent = "unit-peasant", Action = "resource", Flush = 1, DestUnitNumber = 20, SyncRandSeed = 1861683125 } )
Log( { GameCycle = 12039, UnitNumber = 46, UnitIdent = "unit-town-hall", Action = "train", Flush = 1, Value = [[unit-peasant]], SyncRandSeed = 121579813 } )
Log( { GameCycle = 12287, UnitNumber = 70, UnitIdent = "unit-peasant", Action = "resource", Flush = 1, DestUnitNumber = 20, SyncRandSeed = 1134241567 } )
Log( { GameCycle = 12414, UnitNumber = 46, UnitIdent = "unit-town-hall", Action = "train", Flush = 1, Value = [[unit-peasant]], SyncRandSeed = 1032952977 } )
Log( { GameCycle = 12720, UnitNumber = 72, UnitIdent = "unit-peasant", Action = "move", Flush = 1, PosX = 66, PosY = 76, SyncRandSeed = 2895401297 } )
Log( { GameCycle = 12842, UnitNumber = 72, UnitIdent = "unit-peasant", Action = "build", Flush = 1, PosX = 65, PosY = 75, Value = [[unit-farm]], SyncRandSeed = 2084322099 } )
Log( { GameCycle = 13495, UnitNumber = 72, UnitIdent = "unit-peasant", Action = "resource-loc", Flush = 1, PosX = 64, PosY = 75, SyncRandSeed = 4188134703 } )
Log( { GameCycle = 13519, UnitNumber = 46, UnitIdent = "unit-town-hall", Action = "train", Flush = 1, Value = [[unit-peasant]], SyncRandSeed = 1014493793 } )
Log( { GameCycle = 13527, UnitNumber = 46, UnitIdent = "unit-town-hall", Action = "train", Flush = 1, Value = [[unit-peasant]], SyncRandSeed = 3322473765 } )
Log( { GameCycle = 13770, UnitNumber = 75, UnitIdent = "unit-peasant", Action = "resource-loc", Flush = 1, PosX = 60, PosY = 67, SyncRandSeed = 862854879 } )
Log( { GameCycle = 14067, UnitNumber = 76, UnitIdent = "unit-peasant", Action = "resource-loc", Flush = 1, PosX = 61, PosY = 74, SyncRandSeed = 3225586157 } )
Log( { GameCycle = 14080, UnitNumber = 76, UnitIdent = "unit-peasant", Action = "move", Flush = 1, PosX = 63, PosY = 73, SyncRandSeed = 2524823217 } )
Log( { GameCycle = 14119, UnitNumber = 76, UnitIdent = "unit-peasant", Action = "build", Flush = 1, PosX = 68, PosY = 77, Value = [[unit-farm]], SyncRandSeed = 2079873319 } )
Log( { GameCycle = 14381, UnitNumber = 46, UnitIdent = "unit-town-hall", Action = "train", Flush = 1, Value = [[unit-peasant]], SyncRandSeed = 1622003493 } )
Log( { GameCycle = 14631, UnitNumber = 82, UnitIdent = "unit-peasant", Action = "resource-loc", Flush = 1, PosX = 61, PosY = 74, SyncRandSeed = 2814072755 } )
Log( { GameCycle = 14916, UnitNumber = 76, UnitIdent = "unit-peasant", Action = "move", Flush = 1, PosX = 70, PosY = 77, SyncRandSeed = 2171136645 } )
Log( { GameCycle = 15999, UnitNumber = 76, UnitIdent = "unit-peasant", Action = "build", Flush = 1, PosX = 71, PosY = 76, Value = [[unit-human-barracks]], SyncRandSeed = 3514281055 } )
Log( { GameCycle = 16050, UnitNumber = 46, UnitIdent = "unit-town-hall", Action = "train", Flush = 1, Value = [[unit-peasant]], SyncRandSeed = 1891465497 } )
Log( { GameCycle = 16308, UnitNumber = 94, UnitIdent = "unit-peasant", Action = "repair", Flush = 1, PosX = 72, PosY = 77, DestUnitNumber = 92, SyncRandSeed = 2687186751 } )
Log( { GameCycle = 16885, UnitNumber = 94, UnitIdent = "unit-peasant", Action = "resource-loc", Flush = 1, PosX = 72, PosY = 71, SyncRandSeed = 2657868447 } )
Log( { GameCycle = 16935, UnitNumber = 92, UnitIdent = "unit-human-barracks", Action = "train", Flush = 1, Value = [[unit-footman]], SyncRandSeed = 83375057 } )
Log( { GameCycle = 16944, UnitNumber = 92, UnitIdent = "unit-human-barracks", Action = "train", Flush = 1, Value = [[unit-footman]], SyncRandSeed = 371217147 } )
Log( { GameCycle = 16989, UnitNumber = 26, UnitIdent = "unit-footman", Action = "attack", Flush = 1, PosX = 70, PosY = 68, DestUnitNumber = 86, SyncRandSeed = 1985854987 } )
Log( { GameCycle = 17009, UnitNumber = 25, UnitIdent = "unit-peasant", Action = "move", Flush = 1, PosX = 69, PosY = 71, SyncRandSeed = 3065081946 } )
Log( { GameCycle = 17019, UnitNumber = 25, UnitIdent = "unit-peasant", Action = "move", Flush = 1, PosX = 69, PosY = 73, SyncRandSeed = 2156671232 } )
Log( { GameCycle = 17092, UnitNumber = 59, UnitIdent = "unit-peasant", Action = "move", Flush = 1, PosX = 70, PosY = 67, SyncRandSeed = 3787147260 } )
Log( { GameCycle = 17163, UnitNumber = 59, UnitIdent = "unit-peasant", Action = "move", Flush = 1, PosX = 70, PosY = 67, SyncRandSeed = 574284187 } )
Log( { GameCycle = 17214, UnitNumber = 59, UnitIdent = "unit-peasant", Action = "attack", Flush = 1, PosX = 70, PosY = 67, DestUnitNumber = 86, SyncRandSeed = 1330390945 } )
Log( { GameCycle = 17281, UnitNumber = 102, UnitIdent = "unit-footman", Action = "attack", Flush = 1, PosX = 70, PosY = 67, DestUnitNumber = 86, SyncRandSeed = 173744096 } )
Log( { GameCycle = 17327, UnitNumber = 59, UnitIdent = "unit-peasant", Action = "move", Flush = 1, PosX = 69, PosY = 69, SyncRandSeed = 4175627640 } )
Log( { GameCycle = 17363, UnitNumber = 59, UnitIdent = "unit-peasant", Action = "move", Flush = 1, PosX = 69, PosY = 72, SyncRandSeed = 947871180 } )
Log( { GameCycle = 17448, UnitNumber = 59, UnitIdent = "unit-peasant", Action = "resource-loc", Flush = 1, PosX = 69, PosY = 64, SyncRandSeed = 2629548173 } )
Log( { GameCycle = 17471, UnitNumber = 102, UnitIdent = "unit-footman", Action = "move", Flush = 1, PosX = 69, PosY = 66, SyncRandSeed = 2759379519 } )
Log( { GameCycle = 17508, UnitNumber = 76, UnitIdent = "unit-peasant", Action = "resource-loc", Flush = 1, PosX = 71, PosY = 67, SyncRandSeed = 2830532345 } )
Log( { GameCycle = 17563, UnitNumber = 104, UnitIdent = "unit-footman", Action = "move", Flush = 1, PosX = 72, PosY = 74, SyncRandSeed = 1866762035 } )
Log( { GameCycle = 17590, UnitNumber = 92, UnitIdent = "unit-human-barracks", Action = "train", Flush = 1, Value = [[unit-footman]], SyncRandSeed = 1029538371 } )
Log( { GameCycle = 17598, UnitNumber = 92, UnitIdent = "unit-human-barracks", Action = "train", Flush = 1, Value = [[unit-footman]], SyncRandSeed = 885961675 } )
Log( { GameCycle = 17781, UnitNumber = 46, UnitIdent = "unit-town-hall", Action = "train", Flush = 1, Value = [[unit-peasant]], SyncRandSeed = 3701494289 } )
Log( { GameCycle = 17998, UnitNumber = 106, UnitIdent = "unit-footman", Action = "move", Flush = 1, PosX = 57, PosY = 71, SyncRandSeed = 3395058107 } )
Log( { GameCycle = 18128, UnitNumber = 108, UnitIdent = "unit-peasant", Action = "build", Flush = 1, PosX = 72, PosY = 64, Value = [[unit-human-watch-tower]], SyncRandSeed = 2777892651 } )
Log( { GameCycle = 18205, UnitNumber = 102, UnitIdent = "unit-footman", Action = "move", Flush = 1, PosX = 73, PosY = 63, SyncRandSeed = 3952189505 } )
Log( { GameCycle = 18238, UnitNumber = 111, UnitIdent = "unit-footman", Action = "move", Flush = 1, PosX = 76, PosY = 70, SyncRandSeed = 548875327 } )
Log( { GameCycle = 18359, UnitNumber = 111, UnitIdent = "unit-footman", Action = "move", Flush = 1, PosX = 79, PosY = 71, SyncRandSeed = 346774841 } )
Log( { GameCycle = 18516, UnitNumber = 92, UnitIdent = "unit-human-barracks", Action = "train", Flush = 1, Value = [[unit-footman]], SyncRandSeed = 3337777953 } )
Log( { GameCycle = 18768, UnitNumber = 108, UnitIdent = "unit-peasant", Action = "build", Flush = 1, PosX = 66, PosY = 65, Value = [[unit-elven-lumber-mill]], SyncRandSeed = 4288982007 } )
Log( { GameCycle = 18807, UnitNumber = 102, UnitIdent = "unit-footman", Action = "move", Flush = 1, PosX = 74, PosY = 68, SyncRandSeed = 1500877275 } )
Log( { GameCycle = 18855, UnitNumber = 25, UnitIdent = "unit-footman", Action = "move", Flush = 1, PosX = 75, PosY = 78, SyncRandSeed = 1216722999 } )
Log( { GameCycle = 19029, UnitNumber = 104, UnitIdent = "unit-footman", Action = "move", Flush = 1, PosX = 67, PosY = 78, SyncRandSeed = 4140212347 } )
Log( { GameCycle = 19370, UnitNumber = 66, UnitIdent = "unit-peasant", Action = "move", Flush = 1, PosX = 64, PosY = 71, SyncRandSeed = 3735154343 } )
Log( { GameCycle = 19431, UnitNumber = 66, UnitIdent = "unit-peasant", Action = "build", Flush = 1, PosX = 70, PosY = 72, Value = [[unit-human-blacksmith]], SyncRandSeed = 2328777083 } )
Log( { GameCycle = 19773, UnitNumber = 37, UnitIdent = "unit-elven-lumber-mill", Action = "research", Flush = 1, Value = [[upgrade-arrow1]], SyncRandSeed = 2303550529 } )
Log( { GameCycle = 19829, UnitNumber = 108, UnitIdent = "unit-peasant", Action = "resource-loc", Flush = 1, PosX = 65, PosY = 65, SyncRandSeed = 3960612295 } )
Log( { GameCycle = 19954, UnitNumber = 104, UnitIdent = "unit-footman", Action = "attack", Flush = 1, PosX = 41, PosY = 49, DestUnitNumber = 42, SyncRandSeed = 2131845522 } )
Log( { GameCycle = 20515, UnitNumber = 76, UnitIdent = "unit-peasant", Action = "move", Flush = 1, PosX = 70, PosY = 68, SyncRandSeed = 3278697270 } )
Log( { GameCycle = 20550, UnitNumber = 76, UnitIdent = "unit-peasant", Action = "build", Flush = 1, PosX = 70, PosY = 68, Value = [[unit-farm]], SyncRandSeed = 1200554152 } )
Log( { GameCycle = 20735, UnitNumber = 25, UnitIdent = "unit-footman", Action = "attack", Flush = 1, PosX = 41, PosY = 51, DestUnitNumber = 42, SyncRandSeed = 1718609366 } )
Log( { GameCycle = 20735, UnitNumber = 111, UnitIdent = "unit-footman", Action = "attack", Flush = 1, PosX = 41, PosY = 51, DestUnitNumber = 42, SyncRandSeed = 1718609366 } )
Log( { GameCycle = 20834, UnitNumber = 86, UnitIdent = "unit-human-blacksmith", Action = "research", Flush = 1, Value = [[upgrade-sword1]], SyncRandSeed = 715224780 } )
Log( { GameCycle = 21223, UnitNumber = 76, UnitIdent = "unit-peasant", Action = "resource-loc", Flush = 1, PosX = 64, PosY = 64, SyncRandSeed = 2457855999 } )
Log( { GameCycle = 21298, UnitNumber = 66, UnitIdent = "unit-peasant", Action = "resource-loc", Flush = 1, PosX = 60, PosY = 65, SyncRandSeed = 1742577286 } )
Log( { GameCycle = 21346, UnitNumber = 102, UnitIdent = "unit-footman", Action = "move", Flush = 1, PosX = 62, PosY = 66, SyncRandSeed = 1179145763 } )
Log( { GameCycle = 21422, UnitNumber = 104, UnitIdent = "unit-footman", Action = "move", Flush = 1, PosX = 43, PosY = 58, SyncRandSeed = 2871715129 } )
Log( { GameCycle = 21559, UnitNumber = 104, UnitIdent = "unit-footman", Action = "attack", Flush = 1, PosX = 46, PosY = 63, DestUnitNumber = 112, SyncRandSeed = 2439498163 } )
Log( { GameCycle = 21559, UnitNumber = 111, UnitIdent = "unit-footman", Action = "attack", Flush = 1, PosX = 46, PosY = 63, DestUnitNumber = 112, SyncRandSeed = 2439498163 } )
Log( { GameCycle = 21559, UnitNumber = 25, UnitIdent = "unit-footman", Action = "attack", Flush = 1, PosX = 46, PosY = 63, DestUnitNumber = 112, SyncRandSeed = 2439498163 } )
Log( { GameCycle = 21740, UnitNumber = 104, UnitIdent = "unit-footman", Action = "move", Flush = 1, PosX = 43, PosY = 58, SyncRandSeed = 1457507941 } )
Log( { GameCycle = 21740, UnitNumber = 111, UnitIdent = "unit-footman", Action = "move", Flush = 1, PosX = 43, PosY = 58, SyncRandSeed = 1457507941 } )
Log( { GameCycle = 21740, UnitNumber = 25, UnitIdent = "unit-footman", Action = "move", Flush = 1, PosX = 43, PosY = 58, SyncRandSeed = 1457507941 } )
Log( { GameCycle = 21756, UnitNumber = 104, UnitIdent = "unit-footman", Action = "move", Flush = 1, PosX = 43, PosY = 55, SyncRandSeed = 1561367217 } )
Log( { GameCycle = 21756, UnitNumber = 111, UnitIdent = "unit-footman", Action = "move", Flush = 1, PosX = 43, PosY = 55, SyncRandSeed = 1561367217 } )
Log( { GameCycle = 21756, UnitNumber = 25, UnitIdent = "unit-footman", Action = "move", Flush = 1, PosX = 43, PosY = 55, SyncRandSeed = 1561367217 } )
Log( { GameCycle = 21771, UnitNumber = 104, UnitIdent = "unit-footman", Action = "move", Flush = 1, PosX = 42, PosY = 52, SyncRandSeed = 1842691656 } )
Log( { GameCycle = 21771, UnitNumber = 111, UnitIdent = "unit-footman", Action = "move", Flush = 1, PosX = 42, PosY = 52, SyncRandSeed = 1842691656 } )
Log( { GameCycle = 21771, UnitNumber = 25, UnitIdent = "unit-footman", Action = "move", Flush = 1, PosX = 42, PosY = 52, SyncRandSeed = 1842691656 } )
Log( { GameCycle = 21801, UnitNumber = 104, UnitIdent = "unit-footman", Action = "move", Flush = 1, PosX = 41, PosY = 53, SyncRandSeed = 3949940162 } )
Log( { GameCycle = 21801, UnitNumber = 111, UnitIdent = "unit-footman", Action = "move", Flush = 1, PosX = 41, PosY = 53, SyncRandSeed = 3949940162 } )
Log( { GameCycle = 21801, UnitNumber = 25, UnitIdent = "unit-footman", Action = "move", Flush = 1, PosX = 41, PosY = 53, SyncRandSeed = 3949940162 } )
Log( { GameCycle = 21832, UnitNumber = 25, UnitIdent = "unit-footman", Action = "attack", Flush = 1, PosX = 43, PosY = 51, DestUnitNumber = 42, SyncRandSeed = 3210717906 } )
Log( { GameCycle = 21839, UnitNumber = 25, UnitIdent = "unit-footman", Action = "move", Flush = 1, PosX = 44, PosY = 51, SyncRandSeed = 2836458774 } )
Log( { GameCycle = 21861, UnitNumber = 111, UnitIdent = "unit-footman", Action = "move", Flush = 1, PosX = 42, PosY = 56, SyncRandSeed = 290318306 } )
Log( { GameCycle = 21861, UnitNumber = 104, UnitIdent = "unit-footman", Action = "move", Flush = 1, PosX = 42, PosY = 56, SyncRandSeed = 290318306 } )
Log( { GameCycle = 21924, UnitNumber = 111, UnitIdent = "unit-footman", Action = "attack", Flush = 1, PosX = 43, PosY = 59, DestUnitNumber = 116, SyncRandSeed = 3996012755 } )
Log( { GameCycle = 21924, UnitNumber = 104, UnitIdent = "unit-footman", Action = "attack", Flush = 1, PosX = 43, PosY = 59, DestUnitNumber = 116, SyncRandSeed = 3996012755 } )
Log( { GameCycle = 22032, UnitNumber = 111, UnitIdent = "unit-footman", Action = "move", Flush = 1, PosX = 43, PosY = 54, SyncRandSeed = 544438160 } )
Log( { GameCycle = 22032, UnitNumber = 104, UnitIdent = "unit-footman", Action = "move", Flush = 1, PosX = 43, PosY = 54, SyncRandSeed = 544438160 } )
Log( { GameCycle = 22058, UnitNumber = 111, UnitIdent = "unit-footman", Action = "move", Flush = 1, PosX = 42, PosY = 52, SyncRandSeed = 18497381 } )
Log( { GameCycle = 22058, UnitNumber = 104, UnitIdent = "unit-footman", Action = "move", Flush = 1, PosX = 42, PosY = 52, SyncRandSeed = 18497381 } )
Log( { GameCycle = 22163, UnitNumber = 92, UnitIdent = "unit-human-barracks", Action = "train", Flush = 1, Value = [[unit-archer]], SyncRandSeed = 3379607323 } )
Log( { GameCycle = 22257, UnitNumber = 92, UnitIdent = "unit-human-barracks", Action = "train", Flush = 1, Value = [[unit-ballista]], SyncRandSeed = 500088761 } )
Log( { GameCycle = 22286, UnitNumber = 92, UnitIdent = "unit-human-barracks", Action = "train", Flush = 1, Value = [[unit-archer]], SyncRandSeed = 1291600976 } )
Log( { GameCycle = 22577, UnitNumber = 48, UnitIdent = "unit-archer", Action = "move", Flush = 1, PosX = 74, PosY = 66, SyncRandSeed = 2594394461 } )
Log( { GameCycle = 22674, UnitNumber = 25, UnitIdent = "unit-footman", Action = "attack", Flush = 1, PosX = 43, PosY = 56, DestUnitNumber = 26, SyncRandSeed = 4196752317 } )
Log( { GameCycle = 22674, UnitNumber = 111, UnitIdent = "unit-footman", Action = "attack", Flush = 1, PosX = 43, PosY = 56, DestUnitNumber = 26, SyncRandSeed = 4196752317 } )
Log( { GameCycle = 22674, UnitNumber = 104, UnitIdent = "unit-footman", Action = "attack", Flush = 1, PosX = 43, PosY = 56, DestUnitNumber = 26, SyncRandSeed = 4196752317 } )
Log( { GameCycle = 22860, UnitNumber = 86, UnitIdent = "unit-human-blacksmith", Action = "research", Flush = 1, Value = [[upgrade-human-shield1]], SyncRandSeed = 169410206 } )
Log( { GameCycle = 23146, UnitNumber = 92, UnitIdent = "unit-human-barracks", Action = "train", Flush = 1, Value = [[unit-footman]], SyncRandSeed = 956499018 } )
Log( { GameCycle = 23413, UnitNumber = 55, UnitIdent = "unit-peasant", Action = "move", Flush = 1, PosX = 63, PosY = 67, SyncRandSeed = 1119066741 } )
Log( { GameCycle = 23441, UnitNumber = 55, UnitIdent = "unit-peasant", Action = "move", Flush = 1, PosX = 40, PosY = 54, SyncRandSeed = 2864597154 } )
Log( { GameCycle = 23657, UnitNumber = 106, UnitIdent = "unit-footman", Action = "move", Flush = 1, PosX = 75, PosY = 78, SyncRandSeed = 233690412 } )
Log( { GameCycle = 23806, UnitNumber = 116, UnitIdent = "unit-ballista", Action = "move", Flush = 1, PosX = 74, PosY = 70, SyncRandSeed = 2769998614 } )
Log( { GameCycle = 24192, UnitNumber = 130, UnitIdent = "unit-archer", Action = "move", Flush = 1, PosX = 75, PosY = 67, SyncRandSeed = 2931794807 } )
Log( { GameCycle = 24264, UnitNumber = 111, UnitIdent = "unit-footman", Action = "move", Flush = 1, PosX = 40, PosY = 50, SyncRandSeed = 239002339 } )
Log( { GameCycle = 24264, UnitNumber = 104, UnitIdent = "unit-footman", Action = "move", Flush = 1, PosX = 40, PosY = 50, SyncRandSeed = 239002339 } )
Log( { GameCycle = 24264, UnitNumber = 25, UnitIdent = "unit-footman", Action = "move", Flush = 1, PosX = 40, PosY = 50, SyncRandSeed = 239002339 } )
Log( { GameCycle = 24279, UnitNumber = 111, UnitIdent = "unit-footman", Action = "move", Flush = 1, PosX = 41, PosY = 47, SyncRandSeed = 1792220045 } )
Log( { GameCycle = 24279, UnitNumber = 104, UnitIdent = "unit-footman", Action = "move", Flush = 1, PosX = 41, PosY = 47, SyncRandSeed = 1792220045 } )
Log( { GameCycle = 24279, UnitNumber = 25, UnitIdent = "unit-footman", Action = "move", Flush = 1, PosX = 41, PosY = 47, SyncRandSeed = 1792220045 } )
Log( { GameCycle = 24294, UnitNumber = 111, UnitIdent = "unit-footman", Action = "move", Flush = 1, PosX = 46, PosY = 45, SyncRandSeed = 135921531 } )
Log( { GameCycle = 24294, UnitNumber = 104, UnitIdent = "unit-footman", Action = "move", Flush = 1, PosX = 46, PosY = 45, SyncRandSeed = 135921531 } )
Log( { GameCycle = 24294, UnitNumber = 25, UnitIdent = "unit-footman", Action = "move", Flush = 1, PosX = 46, PosY = 45, SyncRandSeed = 135921531 } )
Log( { GameCycle = 24330, UnitNumber = 111, UnitIdent = "unit-footman", Action = "move", Flush = 1, PosX = 43, PosY = 42, SyncRandSeed = 4163821169 } )
Log( { GameCycle = 24330, UnitNumber = 104, UnitIdent = "unit-footman", Action = "move", Flush = 1, PosX = 43, PosY = 42, SyncRandSeed = 4163821169 } )
Log( { GameCycle = 24330, UnitNumber = 25, UnitIdent = "unit-footman", Action = "move", Flush = 1, PosX = 43, PosY = 42, SyncRandSeed = 4163821169 } )
Log( { GameCycle = 24354, UnitNumber = 111, UnitIdent = "unit-footman", Action = "move", Flush = 1, PosX = 47, PosY = 45, SyncRandSeed = 2650346335 } )
Log( { GameCycle = 24354, UnitNumber = 104, UnitIdent = "unit-footman", Action = "move", Flush = 1, PosX = 47, PosY = 45, SyncRandSeed = 2650346335 } )
Log( { GameCycle = 24354, UnitNumber = 25, UnitIdent = "unit-footman", Action = "move", Flush = 1, PosX = 47, PosY = 45, SyncRandSeed = 2650346335 } )
Log( { GameCycle = 24512, UnitNumber = 26, UnitIdent = "unit-footman", Action = "move", Flush = 1, PosX = 73, PosY = 67, SyncRandSeed = 344647887 } )
Log( { GameCycle = 24623, UnitNumber = 55, UnitIdent = "unit-peasant", Action = "build", Flush = 1, PosX = 39, PosY = 47, Value = [[unit-town-hall]], SyncRandSeed = 1143556009 } )
Log( { GameCycle = 24940, UnitNumber = 92, UnitIdent = "unit-human-barracks", Action = "move", Flush = 1, PosX = 63, PosY = 72, SyncRandSeed = 2753383289 } )
Log( { GameCycle = 24976, UnitNumber = 69, UnitIdent = "unit-peasant", Action = "move", Flush = 1, PosX = 64, PosY = 71, SyncRandSeed = 2258269499 } )
Log( { GameCycle = 25027, UnitNumber = 69, UnitIdent = "unit-peasant", Action = "build", Flush = 1, PosX = 62, PosY = 74, Value = [[unit-farm]], SyncRandSeed = 1057466655 } )
Log( { GameCycle = 25712, UnitNumber = 69, UnitIdent = "unit-peasant", Action = "resource", Flush = 1, DestUnitNumber = 20, SyncRandSeed = 4190432487 } )
Log( { GameCycle = 25844, UnitNumber = 92, UnitIdent = "unit-human-barracks", Action = "train", Flush = 1, Value = [[unit-ballista]], SyncRandSeed = 3930948932 } )
Log( { GameCycle = 26232, UnitNumber = 132, UnitIdent = "unit-town-hall", Action = "train", Flush = 1, Value = [[unit-peasant]], SyncRandSeed = 1961465004 } )
Log( { GameCycle = 26257, UnitNumber = 55, UnitIdent = "unit-peasant", Action = "resource", Flush = 1, DestUnitNumber = 6, SyncRandSeed = 2956871634 } )
Log( { GameCycle = 26541, UnitNumber = 137, UnitIdent = "unit-peasant", Action = "resource", Flush = 1, DestUnitNumber = 6, SyncRandSeed = 3357346292 } )
Log( { GameCycle = 26606, UnitNumber = 132, UnitIdent = "unit-town-hall", Action = "train", Flush = 1, Value = [[unit-peasant]], SyncRandSeed = 1689300584 } )
Log( { GameCycle = 26653, UnitNumber = 111, UnitIdent = "unit-footman", Action = "move", Flush = 1, PosX = 42, PosY = 43, SyncRandSeed = 2023052770 } )
Log( { GameCycle = 26653, UnitNumber = 104, UnitIdent = "unit-footman", Action = "move", Flush = 1, PosX = 42, PosY = 43, SyncRandSeed = 2023052770 } )
Log( { GameCycle = 26653, UnitNumber = 25, UnitIdent = "unit-footman", Action = "move", Flush = 1, PosX = 42, PosY = 43, SyncRandSeed = 2023052770 } )
Log( { GameCycle = 26869, UnitNumber = 141, UnitIdent = "unit-peasant", Action = "resource", Flush = 1, DestUnitNumber = 6, SyncRandSeed = 3325594378 } )
Log( { GameCycle = 26975, UnitNumber = 102, UnitIdent = "unit-footman", Action = "move", Flush = 1, PosX = 73, PosY = 66, SyncRandSeed = 1722280402 } )
Log( { GameCycle = 27124, UnitNumber = 144, UnitIdent = "unit-ballista", Action = "move", Flush = 1, PosX = 76, PosY = 69, SyncRandSeed = 365347822 } )
Log( { GameCycle = 27191, UnitNumber = 26, UnitIdent = "unit-footman", Action = "attack", Flush = 1, PosX = 74, PosY = 63, DestUnitNumber = 123, SyncRandSeed = 244987098 } )
Log( { GameCycle = 27446, UnitNumber = 48, UnitIdent = "unit-archer", Action = "move", Flush = 1, PosX = 72, PosY = 67, SyncRandSeed = 1129967582 } )
Log( { GameCycle = 27489, UnitNumber = 48, UnitIdent = "unit-archer", Action = "move", Flush = 1, PosX = 74, PosY = 64, SyncRandSeed = 3663690773 } )
Log( { GameCycle = 27515, UnitNumber = 48, UnitIdent = "unit-archer", Action = "move", Flush = 1, PosX = 74, PosY = 60, SyncRandSeed = 1516381759 } )
Log( { GameCycle = 27572, UnitNumber = 48, UnitIdent = "unit-archer", Action = "move", Flush = 1, PosX = 73, PosY = 64, SyncRandSeed = 934265157 } )
Log( { GameCycle = 27742, UnitNumber = 130, UnitIdent = "unit-archer", Action = "move", Flush = 1, PosX = 74, PosY = 65, SyncRandSeed = 3184632271 } )
Log( { GameCycle = 27760, UnitNumber = 48, UnitIdent = "unit-archer", Action = "move", Flush = 1, PosX = 73, PosY = 63, SyncRandSeed = 1650066101 } )
Log( { GameCycle = 27837, UnitNumber = 92, UnitIdent = "unit-human-barracks", Action = "train", Flush = 1, Value = [[unit-footman]], SyncRandSeed = 3184381881 } )
Log( { GameCycle = 27841, UnitNumber = 92, UnitIdent = "unit-human-barracks", Action = "train", Flush = 1, Value = [[unit-footman]], SyncRandSeed = 1175171931 } )
Log( { GameCycle = 28026, UnitNumber = 48, UnitIdent = "unit-archer", Action = "move", Flush = 1, PosX = 74, PosY = 60, SyncRandSeed = 2424035069 } )
Log( { GameCycle = 28026, UnitNumber = 26, UnitIdent = "unit-footman", Action = "move", Flush = 1, PosX = 74, PosY = 60, SyncRandSeed = 2424035069 } )
Log( { GameCycle = 28026, UnitNumber = 130, UnitIdent = "unit-archer", Action = "move", Flush = 1, PosX = 74, PosY = 60, SyncRandSeed = 2424035069 } )
Log( { GameCycle = 28026, UnitNumber = 102, UnitIdent = "unit-footman", Action = "move", Flush = 1, PosX = 74, PosY = 60, SyncRandSeed = 2424035069 } )
Log( { GameCycle = 28026, UnitNumber = 144, UnitIdent = "unit-ballista", Action = "move", Flush = 1, PosX = 74, PosY = 60, SyncRandSeed = 2424035069 } )
Log( { GameCycle = 28026, UnitNumber = 116, UnitIdent = "unit-ballista", Action = "move", Flush = 1, PosX = 74, PosY = 60, SyncRandSeed = 2424035069 } )
Log( { GameCycle = 28106, UnitNumber = 48, UnitIdent = "unit-archer", Action = "move", Flush = 1, PosX = 70, PosY = 54, SyncRandSeed = 3165743813 } )
Log( { GameCycle = 28106, UnitNumber = 26, UnitIdent = "unit-footman", Action = "move", Flush = 1, PosX = 70, PosY = 54, SyncRandSeed = 3165743813 } )
Log( { GameCycle = 28106, UnitNumber = 130, UnitIdent = "unit-archer", Action = "move", Flush = 1, PosX = 70, PosY = 54, SyncRandSeed = 3165743813 } )
Log( { GameCycle = 28106, UnitNumber = 102, UnitIdent = "unit-footman", Action = "move", Flush = 1, PosX = 70, PosY = 54, SyncRandSeed = 3165743813 } )
Log( { GameCycle = 28106, UnitNumber = 144, UnitIdent = "unit-ballista", Action = "move", Flush = 1, PosX = 70, PosY = 54, SyncRandSeed = 3165743813 } )
Log( { GameCycle = 28106, UnitNumber = 116, UnitIdent = "unit-ballista", Action = "move", Flush = 1, PosX = 70, PosY = 54, SyncRandSeed = 3165743813 } )
Log( { GameCycle = 28266, UnitNumber = 106, UnitIdent = "unit-footman", Action = "move", Flush = 1, PosX = 68, PosY = 54, SyncRandSeed = 3165491262 } )
Log( { GameCycle = 28371, UnitNumber = 106, UnitIdent = "unit-footman", Action = "move", Flush = 1, PosX = 67, PosY = 50, SyncRandSeed = 3416455852 } )
Log( { GameCycle = 28371, UnitNumber = 48, UnitIdent = "unit-archer", Action = "move", Flush = 1, PosX = 67, PosY = 50, SyncRandSeed = 3416455852 } )
Log( { GameCycle = 28371, UnitNumber = 102, UnitIdent = "unit-footman", Action = "move", Flush = 1, PosX = 67, PosY = 50, SyncRandSeed = 3416455852 } )
Log( { GameCycle = 28371, UnitNumber = 26, UnitIdent = "unit-footman", Action = "move", Flush = 1, PosX = 67, PosY = 50, SyncRandSeed = 3416455852 } )
Log( { GameCycle = 28371, UnitNumber = 144, UnitIdent = "unit-ballista", Action = "move", Flush = 1, PosX = 67, PosY = 50, SyncRandSeed = 3416455852 } )
Log( { GameCycle = 28371, UnitNumber = 116, UnitIdent = "unit-ballista", Action = "move", Flush = 1, PosX = 67, PosY = 50, SyncRandSeed = 3416455852 } )
Log( { GameCycle = 28371, UnitNumber = 130, UnitIdent = "unit-archer", Action = "move", Flush = 1, PosX = 67, PosY = 50, SyncRandSeed = 3416455852 } )
Log( { GameCycle = 28553, UnitNumber = 150, UnitIdent = "unit-footman", Action = "move", Flush = 1, PosX = 74, PosY = 66, SyncRandSeed = 3973802244 } )
Log( { GameCycle = 28553, UnitNumber = 152, UnitIdent = "unit-footman", Action = "move", Flush = 1, PosX = 74, PosY = 66, SyncRandSeed = 3973802244 } )
Log( { GameCycle = 28693, UnitNumber = 48, UnitIdent = "unit-archer", Action = "move", Flush = 1, PosX = 66, PosY = 47, SyncRandSeed = 2030177604 } )
Log( { GameCycle = 28693, UnitNumber = 130, UnitIdent = "unit-archer", Action = "move", Flush = 1, PosX = 66, PosY = 47, SyncRandSeed = 2030177604 } )
Log( { GameCycle = 28693, UnitNumber = 102, UnitIdent = "unit-footman", Action = "move", Flush = 1, PosX = 66, PosY = 47, SyncRandSeed = 2030177604 } )
Log( { GameCycle = 28693, UnitNumber = 26, UnitIdent = "unit-footman", Action = "move", Flush = 1, PosX = 66, PosY = 47, SyncRandSeed = 2030177604 } )
Log( { GameCycle = 28693, UnitNumber = 116, UnitIdent = "unit-ballista", Action = "move", Flush = 1, PosX = 66, PosY = 47, SyncRandSeed = 2030177604 } )
Log( { GameCycle = 28693, UnitNumber = 144, UnitIdent = "unit-ballista", Action = "move", Flush = 1, PosX = 66, PosY = 47, SyncRandSeed = 2030177604 } )
Log( { GameCycle = 28693, UnitNumber = 106, UnitIdent = "unit-footman", Action = "move", Flush = 1, PosX = 66, PosY = 47, SyncRandSeed = 2030177604 } )
Log( { GameCycle = 28737, UnitNumber = 48, UnitIdent = "unit-archer", Action = "move", Flush = 1, PosX = 67, PosY = 44, SyncRandSeed = 368963564 } )
Log( { GameCycle = 28737, UnitNumber = 130, UnitIdent = "unit-archer", Action = "move", Flush = 1, PosX = 67, PosY = 44, SyncRandSeed = 368963564 } )
Log( { GameCycle = 28737, UnitNumber = 102, UnitIdent = "unit-footman", Action = "move", Flush = 1, PosX = 67, PosY = 44, SyncRandSeed = 368963564 } )
Log( { GameCycle = 28737, UnitNumber = 26, UnitIdent = "unit-footman", Action = "move", Flush = 1, PosX = 67, PosY = 44, SyncRandSeed = 368963564 } )
Log( { GameCycle = 28737, UnitNumber = 116, UnitIdent = "unit-ballista", Action = "move", Flush = 1, PosX = 67, PosY = 44, SyncRandSeed = 368963564 } )
Log( { GameCycle = 28737, UnitNumber = 144, UnitIdent = "unit-ballista", Action = "move", Flush = 1, PosX = 67, PosY = 44, SyncRandSeed = 368963564 } )
Log( { GameCycle = 28737, UnitNumber = 106, UnitIdent = "unit-footman", Action = "move", Flush = 1, PosX = 67, PosY = 44, SyncRandSeed = 368963564 } )
Log( { GameCycle = 28802, UnitNumber = 48, UnitIdent = "unit-archer", Action = "move", Flush = 1, PosX = 69, PosY = 42, SyncRandSeed = 8527080 } )
Log( { GameCycle = 28802, UnitNumber = 130, UnitIdent = "unit-archer", Action = "move", Flush = 1, PosX = 69, PosY = 42, SyncRandSeed = 8527080 } )
Log( { GameCycle = 28802, UnitNumber = 102, UnitIdent = "unit-footman", Action = "move", Flush = 1, PosX = 69, PosY = 42, SyncRandSeed = 8527080 } )
Log( { GameCycle = 28802, UnitNumber = 26, UnitIdent = "unit-footman", Action = "move", Flush = 1, PosX = 69, PosY = 42, SyncRandSeed = 8527080 } )
Log( { GameCycle = 28802, UnitNumber = 116, UnitIdent = "unit-ballista", Action = "move", Flush = 1, PosX = 69, PosY = 42, SyncRandSeed = 8527080 } )
Log( { GameCycle = 28802, UnitNumber = 144, UnitIdent = "unit-ballista", Action = "move", Flush = 1, PosX = 69, PosY = 42, SyncRandSeed = 8527080 } )
Log( { GameCycle = 28802, UnitNumber = 106, UnitIdent = "unit-footman", Action = "move", Flush = 1, PosX = 69, PosY = 42, SyncRandSeed = 8527080 } )
Log( { GameCycle = 28899, UnitNumber = 48, UnitIdent = "unit-archer", Action = "move", Flush = 1, PosX = 73, PosY = 42, SyncRandSeed = 1950581754 } )
Log( { GameCycle = 28899, UnitNumber = 130, UnitIdent = "unit-archer", Action = "move", Flush = 1, PosX = 73, PosY = 42, SyncRandSeed = 1950581754 } )
Log( { GameCycle = 28899, UnitNumber = 102, UnitIdent = "unit-footman", Action = "move", Flush = 1, PosX = 73, PosY = 42, SyncRandSeed = 1950581754 } )
Log( { GameCycle = 28899, UnitNumber = 26, UnitIdent = "unit-footman", Action = "move", Flush = 1, PosX = 73, PosY = 42, SyncRandSeed = 1950581754 } )
Log( { GameCycle = 28899, UnitNumber = 116, UnitIdent = "unit-ballista", Action = "move", Flush = 1, PosX = 73, PosY = 42, SyncRandSeed = 1950581754 } )
Log( { GameCycle = 28899, UnitNumber = 144, UnitIdent = "unit-ballista", Action = "move", Flush = 1, PosX = 73, PosY = 42, SyncRandSeed = 1950581754 } )
Log( { GameCycle = 28899, UnitNumber = 106, UnitIdent = "unit-footman", Action = "move", Flush = 1, PosX = 73, PosY = 42, SyncRandSeed = 1950581754 } )
Log( { GameCycle = 28953, UnitNumber = 48, UnitIdent = "unit-archer", Action = "move", Flush = 1, PosX = 77, PosY = 41, SyncRandSeed = 533790964 } )
Log( { GameCycle = 28953, UnitNumber = 130, UnitIdent = "unit-archer", Action = "move", Flush = 1, PosX = 77, PosY = 41, SyncRandSeed = 533790964 } )
Log( { GameCycle = 28953, UnitNumber = 102, UnitIdent = "unit-footman", Action = "move", Flush = 1, PosX = 77, PosY = 41, SyncRandSeed = 533790964 } )
Log( { GameCycle = 28953, UnitNumber = 26, UnitIdent = "unit-footman", Action = "move", Flush = 1, PosX = 77, PosY = 41, SyncRandSeed = 533790964 } )
Log( { GameCycle = 28953, UnitNumber = 116, UnitIdent = "unit-ballista", Action = "move", Flush = 1, PosX = 77, PosY = 41, SyncRandSeed = 533790964 } )
Log( { GameCycle = 28953, UnitNumber = 144, UnitIdent = "unit-ballista", Action = "move", Flush = 1, PosX = 77, PosY = 41, SyncRandSeed = 533790964 } )
Log( { GameCycle = 28953, UnitNumber = 106, UnitIdent = "unit-footman", Action = "move", Flush = 1, PosX = 77, PosY = 41, SyncRandSeed = 533790964 } )
Log( { GameCycle = 29017, UnitNumber = 48, UnitIdent = "unit-archer", Action = "move", Flush = 1, PosX = 80, PosY = 41, SyncRandSeed = 1337881282 } )
Log( { GameCycle = 29017, UnitNumber = 130, UnitIdent = "unit-archer", Action = "move", Flush = 1, PosX = 80, PosY = 41, SyncRandSeed = 1337881282 } )
Log( { GameCycle = 29017, UnitNumber = 102, UnitIdent = "unit-footman", Action = "move", Flush = 1, PosX = 80, PosY = 41, SyncRandSeed = 1337881282 } )
Log( { GameCycle = 29017, UnitNumber = 26, UnitIdent = "unit-footman", Action = "move", Flush = 1, PosX = 80, PosY = 41, SyncRandSeed = 1337881282 } )
Log( { GameCycle = 29017, UnitNumber = 116, UnitIdent = "unit-ballista", Action = "move", Flush = 1, PosX = 80, PosY = 41, SyncRandSeed = 1337881282 } )
Log( { GameCycle = 29017, UnitNumber = 144, UnitIdent = "unit-ballista", Action = "move", Flush = 1, PosX = 80, PosY = 41, SyncRandSeed = 1337881282 } )
Log( { GameCycle = 29017, UnitNumber = 106, UnitIdent = "unit-footman", Action = "move", Flush = 1, PosX = 80, PosY = 41, SyncRandSeed = 1337881282 } )
Log( { GameCycle = 29073, UnitNumber = 48, UnitIdent = "unit-archer", Action = "move", Flush = 1, PosX = 85, PosY = 40, SyncRandSeed = 1879641314 } )
Log( { GameCycle = 29073, UnitNumber = 130, UnitIdent = "unit-archer", Action = "move", Flush = 1, PosX = 85, PosY = 40, SyncRandSeed = 1879641314 } )
Log( { GameCycle = 29073, UnitNumber = 102, UnitIdent = "unit-footman", Action = "move", Flush = 1, PosX = 85, PosY = 40, SyncRandSeed = 1879641314 } )
Log( { GameCycle = 29073, UnitNumber = 26, UnitIdent = "unit-footman", Action = "move", Flush = 1, PosX = 85, PosY = 40, SyncRandSeed = 1879641314 } )
Log( { GameCycle = 29073, UnitNumber = 116, UnitIdent = "unit-ballista", Action = "move", Flush = 1, PosX = 85, PosY = 40, SyncRandSeed = 1879641314 } )
Log( { GameCycle = 29073, UnitNumber = 144, UnitIdent = "unit-ballista", Action = "move", Flush = 1, PosX = 85, PosY = 40, SyncRandSeed = 1879641314 } )
Log( { GameCycle = 29073, UnitNumber = 106, UnitIdent = "unit-footman", Action = "move", Flush = 1, PosX = 85, PosY = 40, SyncRandSeed = 1879641314 } )
Log( { GameCycle = 29479, UnitNumber = 48, UnitIdent = "unit-archer", Action = "move", Flush = 1, PosX = 87, PosY = 37, SyncRandSeed = 2099594178 } )
Log( { GameCycle = 29479, UnitNumber = 130, UnitIdent = "unit-archer", Action = "move", Flush = 1, PosX = 87, PosY = 37, SyncRandSeed = 2099594178 } )
Log( { GameCycle = 29479, UnitNumber = 102, UnitIdent = "unit-footman", Action = "move", Flush = 1, PosX = 87, PosY = 37, SyncRandSeed = 2099594178 } )
Log( { GameCycle = 29479, UnitNumber = 26, UnitIdent = "unit-footman", Action = "move", Flush = 1, PosX = 87, PosY = 37, SyncRandSeed = 2099594178 } )
Log( { GameCycle = 29479, UnitNumber = 116, UnitIdent = "unit-ballista", Action = "move", Flush = 1, PosX = 87, PosY = 37, SyncRandSeed = 2099594178 } )
Log( { GameCycle = 29479, UnitNumber = 144, UnitIdent = "unit-ballista", Action = "move", Flush = 1, PosX = 87, PosY = 37, SyncRandSeed = 2099594178 } )
Log( { GameCycle = 29479, UnitNumber = 106, UnitIdent = "unit-footman", Action = "move", Flush = 1, PosX = 87, PosY = 37, SyncRandSeed = 2099594178 } )
Log( { GameCycle = 29555, UnitNumber = 48, UnitIdent = "unit-archer", Action = "move", Flush = 1, PosX = 87, PosY = 34, SyncRandSeed = 882753892 } )
Log( { GameCycle = 29555, UnitNumber = 130, UnitIdent = "unit-archer", Action = "move", Flush = 1, PosX = 87, PosY = 34, SyncRandSeed = 882753892 } )
Log( { GameCycle = 29555, UnitNumber = 102, UnitIdent = "unit-footman", Action = "move", Flush = 1, PosX = 87, PosY = 34, SyncRandSeed = 882753892 } )
Log( { GameCycle = 29555, UnitNumber = 26, UnitIdent = "unit-footman", Action = "move", Flush = 1, PosX = 87, PosY = 34, SyncRandSeed = 882753892 } )
Log( { GameCycle = 29555, UnitNumber = 116, UnitIdent = "unit-ballista", Action = "move", Flush = 1, PosX = 87, PosY = 34, SyncRandSeed = 882753892 } )
Log( { GameCycle = 29555, UnitNumber = 144, UnitIdent = "unit-ballista", Action = "move", Flush = 1, PosX = 87, PosY = 34, SyncRandSeed = 882753892 } )
Log( { GameCycle = 29555, UnitNumber = 106, UnitIdent = "unit-footman", Action = "move", Flush = 1, PosX = 87, PosY = 34, SyncRandSeed = 882753892 } )
Log( { GameCycle = 29629, UnitNumber = 48, UnitIdent = "unit-archer", Action = "move", Flush = 1, PosX = 87, PosY = 31, SyncRandSeed = 2048889378 } )
Log( { GameCycle = 29629, UnitNumber = 130, UnitIdent = "unit-archer", Action = "move", Flush = 1, PosX = 87, PosY = 31, SyncRandSeed = 2048889378 } )
Log( { GameCycle = 29629, UnitNumber = 102, UnitIdent = "unit-footman", Action = "move", Flush = 1, PosX = 87, PosY = 31, SyncRandSeed = 2048889378 } )
Log( { GameCycle = 29629, UnitNumber = 26, UnitIdent = "unit-footman", Action = "move", Flush = 1, PosX = 87, PosY = 31, SyncRandSeed = 2048889378 } )
Log( { GameCycle = 29629, UnitNumber = 116, UnitIdent = "unit-ballista", Action = "move", Flush = 1, PosX = 87, PosY = 31, SyncRandSeed = 2048889378 } )
Log( { GameCycle = 29629, UnitNumber = 144, UnitIdent = "unit-ballista", Action = "move", Flush = 1, PosX = 87, PosY = 31, SyncRandSeed = 2048889378 } )
Log( { GameCycle = 29629, UnitNumber = 106, UnitIdent = "unit-footman", Action = "move", Flush = 1, PosX = 87, PosY = 31, SyncRandSeed = 2048889378 } )
Log( { GameCycle = 29721, UnitNumber = 48, UnitIdent = "unit-archer", Action = "move", Flush = 1, PosX = 85, PosY = 28, SyncRandSeed = 117442898 } )
Log( { GameCycle = 29721, UnitNumber = 130, UnitIdent = "unit-archer", Action = "move", Flush = 1, PosX = 85, PosY = 28, SyncRandSeed = 117442898 } )
Log( { GameCycle = 29721, UnitNumber = 102, UnitIdent = "unit-footman", Action = "move", Flush = 1, PosX = 85, PosY = 28, SyncRandSeed = 117442898 } )
Log( { GameCycle = 29721, UnitNumber = 26, UnitIdent = "unit-footman", Action = "move", Flush = 1, PosX = 85, PosY = 28, SyncRandSeed = 117442898 } )
Log( { GameCycle = 29721, UnitNumber = 116, UnitIdent = "unit-ballista", Action = "move", Flush = 1, PosX = 85, PosY = 28, SyncRandSeed = 117442898 } )
Log( { GameCycle = 29721, UnitNumber = 144, UnitIdent = "unit-ballista", Action = "move", Flush = 1, PosX = 85, PosY = 28, SyncRandSeed = 117442898 } )
Log( { GameCycle = 29721, UnitNumber = 106, UnitIdent = "unit-footman", Action = "move", Flush = 1, PosX = 85, PosY = 28, SyncRandSeed = 117442898 } )
Log( { GameCycle = 29984, UnitNumber = 111, UnitIdent = "unit-footman", Action = "move", Flush = 1, PosX = 44, PosY = 39, SyncRandSeed = 446515592 } )
Log( { GameCycle = 29984, UnitNumber = 104, UnitIdent = "unit-footman", Action = "move", Flush = 1, PosX = 44, PosY = 39, SyncRandSeed = 446515592 } )
Log( { GameCycle = 29984, UnitNumber = 25, UnitIdent = "unit-footman", Action = "move", Flush = 1, PosX = 44, PosY = 39, SyncRandSeed = 446515592 } )
Log( { GameCycle = 30051, UnitNumber = 111, UnitIdent = "unit-footman", Action = "move", Flush = 1, PosX = 48, PosY = 38, SyncRandSeed = 1397409946 } )
Log( { GameCycle = 30051, UnitNumber = 104, UnitIdent = "unit-footman", Action = "move", Flush = 1, PosX = 48, PosY = 38, SyncRandSeed = 1397409946 } )
Log( { GameCycle = 30051, UnitNumber = 25, UnitIdent = "unit-footman", Action = "move", Flush = 1, PosX = 48, PosY = 38, SyncRandSeed = 1397409946 } )
Log( { GameCycle = 30094, UnitNumber = 111, UnitIdent = "unit-footman", Action = "move", Flush = 1, PosX = 51, PosY = 37, SyncRandSeed = 1860976020 } )
Log( { GameCycle = 30094, UnitNumber = 104, UnitIdent = "unit-footman", Action = "move", Flush = 1, PosX = 51, PosY = 37, SyncRandSeed = 1860976020 } )
Log( { GameCycle = 30094, UnitNumber = 25, UnitIdent = "unit-footman", Action = "move", Flush = 1, PosX = 51, PosY = 37, SyncRandSeed = 1860976020 } )
Log( { GameCycle = 30181, UnitNumber = 130, UnitIdent = "unit-archer", Action = "move", Flush = 1, PosX = 85, PosY = 41, SyncRandSeed = 2979981802 } )
Log( { GameCycle = 30181, UnitNumber = 116, UnitIdent = "unit-ballista", Action = "move", Flush = 1, PosX = 85, PosY = 41, SyncRandSeed = 2979981802 } )
Log( { GameCycle = 30225, UnitNumber = 130, UnitIdent = "unit-archer", Action = "move", Flush = 1, PosX = 87, PosY = 34, SyncRandSeed = 654300200 } )
Log( { GameCycle = 30225, UnitNumber = 116, UnitIdent = "unit-ballista", Action = "move", Flush = 1, PosX = 87, PosY = 34, SyncRandSeed = 654300200 } )
Log( { GameCycle = 30256, UnitNumber = 144, UnitIdent = "unit-ballista", Action = "move", Flush = 1, PosX = 86, PosY = 30, SyncRandSeed = 2869211418 } )
Log( { GameCycle = 30426, UnitNumber = 104, UnitIdent = "unit-footman", Action = "move", Flush = 1, PosX = 53, PosY = 37, SyncRandSeed = 3100399904 } )
Log( { GameCycle = 30426, UnitNumber = 25, UnitIdent = "unit-footman", Action = "move", Flush = 1, PosX = 53, PosY = 37, SyncRandSeed = 3100399904 } )
Log( { GameCycle = 30426, UnitNumber = 111, UnitIdent = "unit-footman", Action = "move", Flush = 1, PosX = 53, PosY = 37, SyncRandSeed = 3100399904 } )
Log( { GameCycle = 30471, UnitNumber = 104, UnitIdent = "unit-footman", Action = "move", Flush = 1, PosX = 58, PosY = 36, SyncRandSeed = 3203059196 } )
Log( { GameCycle = 30471, UnitNumber = 25, UnitIdent = "unit-footman", Action = "move", Flush = 1, PosX = 58, PosY = 36, SyncRandSeed = 3203059196 } )
Log( { GameCycle = 30471, UnitNumber = 111, UnitIdent = "unit-footman", Action = "move", Flush = 1, PosX = 58, PosY = 36, SyncRandSeed = 3203059196 } )
Log( { GameCycle = 30510, UnitNumber = 104, UnitIdent = "unit-footman", Action = "move", Flush = 1, PosX = 64, PosY = 32, SyncRandSeed = 4016518262 } )
Log( { GameCycle = 30510, UnitNumber = 25, UnitIdent = "unit-footman", Action = "move", Flush = 1, PosX = 64, PosY = 32, SyncRandSeed = 4016518262 } )
Log( { GameCycle = 30510, UnitNumber = 111, UnitIdent = "unit-footman", Action = "move", Flush = 1, PosX = 64, PosY = 32, SyncRandSeed = 4016518262 } )
Log( { GameCycle = 30576, UnitNumber = 102, UnitIdent = "unit-footman", Action = "move", Flush = 1, PosX = 80, PosY = 25, SyncRandSeed = 1422147456 } )
Log( { GameCycle = 30576, UnitNumber = 48, UnitIdent = "unit-archer", Action = "move", Flush = 1, PosX = 80, PosY = 25, SyncRandSeed = 1422147456 } )
Log( { GameCycle = 30576, UnitNumber = 106, UnitIdent = "unit-footman", Action = "move", Flush = 1, PosX = 80, PosY = 25, SyncRandSeed = 1422147456 } )
Log( { GameCycle = 30576, UnitNumber = 144, UnitIdent = "unit-ballista", Action = "move", Flush = 1, PosX = 80, PosY = 25, SyncRandSeed = 1422147456 } )
Log( { GameCycle = 30576, UnitNumber = 26, UnitIdent = "unit-footman", Action = "move", Flush = 1, PosX = 80, PosY = 25, SyncRandSeed = 1422147456 } )
Log( { GameCycle = 30637, UnitNumber = 130, UnitIdent = "unit-archer", Action = "move", Flush = 1, PosX = 84, PosY = 27, SyncRandSeed = 3582792406 } )
Log( { GameCycle = 30637, UnitNumber = 116, UnitIdent = "unit-ballista", Action = "move", Flush = 1, PosX = 84, PosY = 27, SyncRandSeed = 3582792406 } )
Log( { GameCycle = 30701, UnitNumber = 102, UnitIdent = "unit-footman", Action = "move", Flush = 1, PosX = 77, PosY = 23, SyncRandSeed = 1341940944 } )
Log( { GameCycle = 30701, UnitNumber = 26, UnitIdent = "unit-footman", Action = "move", Flush = 1, PosX = 77, PosY = 23, SyncRandSeed = 1341940944 } )
Log( { GameCycle = 30701, UnitNumber = 48, UnitIdent = "unit-archer", Action = "move", Flush = 1, PosX = 77, PosY = 23, SyncRandSeed = 1341940944 } )
Log( { GameCycle = 30782, UnitNumber = 130, UnitIdent = "unit-archer", Action = "move", Flush = 1, PosX = 79, PosY = 22, SyncRandSeed = 3774694814 } )
Log( { GameCycle = 30836, UnitNumber = 130, UnitIdent = "unit-archer", Action = "move", Flush = 1, PosX = 79, PosY = 24, SyncRandSeed = 3634751046 } )
Log( { GameCycle = 30836, UnitNumber = 144, UnitIdent = "unit-ballista", Action = "move", Flush = 1, PosX = 79, PosY = 24, SyncRandSeed = 3634751046 } )
Log( { GameCycle = 30836, UnitNumber = 116, UnitIdent = "unit-ballista", Action = "move", Flush = 1, PosX = 79, PosY = 24, SyncRandSeed = 3634751046 } )
Log( { GameCycle = 31069, UnitNumber = 102, UnitIdent = "unit-footman", Action = "move", Flush = 1, PosX = 76, PosY = 21, SyncRandSeed = 737925532 } )
Log( { GameCycle = 31069, UnitNumber = 48, UnitIdent = "unit-archer", Action = "move", Flush = 1, PosX = 76, PosY = 21, SyncRandSeed = 737925532 } )
Log( { GameCycle = 31069, UnitNumber = 26, UnitIdent = "unit-footman", Action = "move", Flush = 1, PosX = 76, PosY = 21, SyncRandSeed = 737925532 } )
Log( { GameCycle = 31069, UnitNumber = 130, UnitIdent = "unit-archer", Action = "move", Flush = 1, PosX = 76, PosY = 21, SyncRandSeed = 737925532 } )
Log( { GameCycle = 31069, UnitNumber = 144, UnitIdent = "unit-ballista", Action = "move", Flush = 1, PosX = 76, PosY = 21, SyncRandSeed = 737925532 } )
Log( { GameCycle = 31069, UnitNumber = 116, UnitIdent = "unit-ballista", Action = "move", Flush = 1, PosX = 76, PosY = 21, SyncRandSeed = 737925532 } )
Log( { GameCycle = 31209, UnitNumber = 102, UnitIdent = "unit-footman", Action = "move", Flush = 1, PosX = 91, PosY = 28, SyncRandSeed = 3408565860 } )
Log( { GameCycle = 31209, UnitNumber = 48, UnitIdent = "unit-archer", Action = "move", Flush = 1, PosX = 91, PosY = 28, SyncRandSeed = 3408565860 } )
Log( { GameCycle = 31209, UnitNumber = 26, UnitIdent = "unit-footman", Action = "move", Flush = 1, PosX = 91, PosY = 28, SyncRandSeed = 3408565860 } )
Log( { GameCycle = 31209, UnitNumber = 130, UnitIdent = "unit-archer", Action = "move", Flush = 1, PosX = 91, PosY = 28, SyncRandSeed = 3408565860 } )
Log( { GameCycle = 31209, UnitNumber = 144, UnitIdent = "unit-ballista", Action = "move", Flush = 1, PosX = 91, PosY = 28, SyncRandSeed = 3408565860 } )
Log( { GameCycle = 31209, UnitNumber = 116, UnitIdent = "unit-ballista", Action = "move", Flush = 1, PosX = 91, PosY = 28, SyncRandSeed = 3408565860 } )
Log( { GameCycle = 31266, UnitNumber = 106, UnitIdent = "unit-footman", Action = "move", Flush = 1, PosX = 92, PosY = 28, SyncRandSeed = 2141843452 } )
Log( { GameCycle = 31301, UnitNumber = 104, UnitIdent = "unit-footman", Action = "move", Flush = 1, PosX = 59, PosY = 28, SyncRandSeed = 3554672208 } )
Log( { GameCycle = 31301, UnitNumber = 25, UnitIdent = "unit-footman", Action = "move", Flush = 1, PosX = 59, PosY = 28, SyncRandSeed = 3554672208 } )
Log( { GameCycle = 31301, UnitNumber = 111, UnitIdent = "unit-footman", Action = "move", Flush = 1, PosX = 59, PosY = 28, SyncRandSeed = 3554672208 } )
Log( { GameCycle = 31334, UnitNumber = 104, UnitIdent = "unit-footman", Action = "move", Flush = 1, PosX = 60, PosY = 25, SyncRandSeed = 2822782816 } )
Log( { GameCycle = 31334, UnitNumber = 25, UnitIdent = "unit-footman", Action = "move", Flush = 1, PosX = 60, PosY = 25, SyncRandSeed = 2822782816 } )
Log( { GameCycle = 31334, UnitNumber = 111, UnitIdent = "unit-footman", Action = "move", Flush = 1, PosX = 60, PosY = 25, SyncRandSeed = 2822782816 } )
Log( { GameCycle = 31367, UnitNumber = 104, UnitIdent = "unit-footman", Action = "move", Flush = 1, PosX = 56, PosY = 25, SyncRandSeed = 3881803926 } )
Log( { GameCycle = 31367, UnitNumber = 25, UnitIdent = "unit-footman", Action = "move", Flush = 1, PosX = 56, PosY = 25, SyncRandSeed = 3881803926 } )
Log( { GameCycle = 31367, UnitNumber = 111, UnitIdent = "unit-footman", Action = "move", Flush = 1, PosX = 56, PosY = 25, SyncRandSeed = 3881803926 } )
Log( { GameCycle = 31425, UnitNumber = 104, UnitIdent = "unit-footman", Action = "move", Flush = 1, PosX = 55, PosY = 23, SyncRandSeed = 635479508 } )
Log( { GameCycle = 31425, UnitNumber = 25, UnitIdent = "unit-footman", Action = "move", Flush = 1, PosX = 55, PosY = 23, SyncRandSeed = 635479508 } )
Log( { GameCycle = 31425, UnitNumber = 111, UnitIdent = "unit-footman", Action = "move", Flush = 1, PosX = 55, PosY = 23, SyncRandSeed = 635479508 } )
Log( { GameCycle = 31543, UnitNumber = 106, UnitIdent = "unit-footman", Action = "move", Flush = 1, PosX = 95, PosY = 26, SyncRandSeed = 858981453 } )
Log( { GameCycle = 31543, UnitNumber = 116, UnitIdent = "unit-ballista", Action = "move", Flush = 1, PosX = 95, PosY = 26, SyncRandSeed = 858981453 } )
Log( { GameCycle = 31543, UnitNumber = 26, UnitIdent = "unit-footman", Action = "move", Flush = 1, PosX = 95, PosY = 26, SyncRandSeed = 858981453 } )
Log( { GameCycle = 31543, UnitNumber = 144, UnitIdent = "unit-ballista", Action = "move", Flush = 1, PosX = 95, PosY = 26, SyncRandSeed = 858981453 } )
Log( { GameCycle = 31543, UnitNumber = 48, UnitIdent = "unit-archer", Action = "move", Flush = 1, PosX = 95, PosY = 26, SyncRandSeed = 858981453 } )
Log( { GameCycle = 31543, UnitNumber = 130, UnitIdent = "unit-archer", Action = "move", Flush = 1, PosX = 95, PosY = 26, SyncRandSeed = 858981453 } )
Log( { GameCycle = 31543, UnitNumber = 102, UnitIdent = "unit-footman", Action = "move", Flush = 1, PosX = 95, PosY = 26, SyncRandSeed = 858981453 } )
Log( { GameCycle = 31746, UnitNumber = 144, UnitIdent = "unit-ballista", Action = "move", Flush = 1, PosX = 89, PosY = 29, SyncRandSeed = 64908021 } )
Log( { GameCycle = 31786, UnitNumber = 144, UnitIdent = "unit-ballista", Action = "attack", Flush = 1, PosX = 99, PosY = 29, DestUnitNumber = 133, SyncRandSeed = 719878262 } )
Log( { GameCycle = 31807, UnitNumber = 116, UnitIdent = "unit-ballista", Action = "attack", Flush = 1, PosX = 100, PosY = 30, DestUnitNumber = 133, SyncRandSeed = 3678091006 } )
Log( { GameCycle = 31932, UnitNumber = 104, UnitIdent = "unit-footman", Action = "move", Flush = 1, PosX = 86, PosY = 31, SyncRandSeed = 2582999118 } )
Log( { GameCycle = 31932, UnitNumber = 25, UnitIdent = "unit-footman", Action = "move", Flush = 1, PosX = 86, PosY = 31, SyncRandSeed = 2582999118 } )
Log( { GameCycle = 31932, UnitNumber = 111, UnitIdent = "unit-footman", Action = "move", Flush = 1, PosX = 86, PosY = 31, SyncRandSeed = 2582999118 } )
Log( { GameCycle = 32154, UnitNumber = 144, UnitIdent = "unit-ballista", Action = "attack", Flush = 1, PosX = 96, PosY = 30, DestUnitNumber = 146, SyncRandSeed = 309729826 } )
Log( { GameCycle = 32182, UnitNumber = 144, UnitIdent = "unit-ballista", Action = "attack", Flush = 1, PosX = 97, PosY = 31, DestUnitNumber = 114, SyncRandSeed = 2911442615 } )
Log( { GameCycle = 32201, UnitNumber = 116, UnitIdent = "unit-ballista", Action = "attack", Flush = 1, PosX = 97, PosY = 30, DestUnitNumber = 114, SyncRandSeed = 2090259519 } )
Log( { GameCycle = 32228, UnitNumber = 130, UnitIdent = "unit-archer", Action = "follow", Flush = 1, DestUnitNumber = 26, SyncRandSeed = 2459695157 } )
Log( { GameCycle = 32228, UnitNumber = 48, UnitIdent = "unit-archer", Action = "follow", Flush = 1, DestUnitNumber = 26, SyncRandSeed = 2459695157 } )
Log( { GameCycle = 32238, UnitNumber = 130, UnitIdent = "unit-archer", Action = "attack", Flush = 1, PosX = 97, PosY = 30, DestUnitNumber = 114, SyncRandSeed = 4274270750 } )
Log( { GameCycle = 32238, UnitNumber = 48, UnitIdent = "unit-archer", Action = "attack", Flush = 1, PosX = 97, PosY = 30, DestUnitNumber = 114, SyncRandSeed = 4274270750 } )
Log( { GameCycle = 32258, UnitNumber = 130, UnitIdent = "unit-archer", Action = "attack", Flush = 1, PosX = 98, PosY = 31, DestUnitNumber = 139, SyncRandSeed = 3339181494 } )
Log( { GameCycle = 32258, UnitNumber = 48, UnitIdent = "unit-archer", Action = "attack", Flush = 1, PosX = 98, PosY = 31, DestUnitNumber = 139, SyncRandSeed = 3339181494 } )
Log( { GameCycle = 32352, UnitNumber = 48, UnitIdent = "unit-archer", Action = "move", Flush = 1, PosX = 95, PosY = 28, SyncRandSeed = 1981979842 } )
Log( { GameCycle = 32352, UnitNumber = 130, UnitIdent = "unit-archer", Action = "move", Flush = 1, PosX = 95, PosY = 28, SyncRandSeed = 1981979842 } )
Log( { GameCycle = 32352, UnitNumber = 106, UnitIdent = "unit-footman", Action = "move", Flush = 1, PosX = 95, PosY = 28, SyncRandSeed = 1981979842 } )
Log( { GameCycle = 32396, UnitNumber = 48, UnitIdent = "unit-archer", Action = "move", Flush = 1, PosX = 94, PosY = 27, SyncRandSeed = 2100564703 } )
Log( { GameCycle = 32396, UnitNumber = 130, UnitIdent = "unit-archer", Action = "move", Flush = 1, PosX = 94, PosY = 27, SyncRandSeed = 2100564703 } )
Log( { GameCycle = 32396, UnitNumber = 106, UnitIdent = "unit-footman", Action = "move", Flush = 1, PosX = 94, PosY = 27, SyncRandSeed = 2100564703 } )
Log( { GameCycle = 32444, UnitNumber = 48, UnitIdent = "unit-archer", Action = "move", Flush = 1, PosX = 93, PosY = 26, SyncRandSeed = 1792882943 } )
Log( { GameCycle = 32444, UnitNumber = 130, UnitIdent = "unit-archer", Action = "move", Flush = 1, PosX = 93, PosY = 26, SyncRandSeed = 1792882943 } )
Log( { GameCycle = 32444, UnitNumber = 106, UnitIdent = "unit-footman", Action = "move", Flush = 1, PosX = 93, PosY = 26, SyncRandSeed = 1792882943 } )
Log( { GameCycle = 32476, UnitNumber = 48, UnitIdent = "unit-archer", Action = "attack", Flush = 1, PosX = 96, PosY = 30, DestUnitNumber = 74, SyncRandSeed = 2431157130 } )
Log( { GameCycle = 32476, UnitNumber = 130, UnitIdent = "unit-archer", Action = "attack", Flush = 1, PosX = 96, PosY = 30, DestUnitNumber = 74, SyncRandSeed = 2431157130 } )
Log( { GameCycle = 32476, UnitNumber = 106, UnitIdent = "unit-footman", Action = "attack", Flush = 1, PosX = 96, PosY = 30, DestUnitNumber = 74, SyncRandSeed = 2431157130 } )
Log( { GameCycle = 32628, UnitNumber = 25, UnitIdent = "unit-footman", Action = "move", Flush = 1, PosX = 93, PosY = 28, SyncRandSeed = 2594088320 } )
Log( { GameCycle = 32628, UnitNumber = 104, UnitIdent = "unit-footman", Action = "move", Flush = 1, PosX = 93, PosY = 28, SyncRandSeed = 2594088320 } )
Log( { GameCycle = 32628, UnitNumber = 111, UnitIdent = "unit-footman", Action = "move", Flush = 1, PosX = 93, PosY = 28, SyncRandSeed = 2594088320 } )
Log( { GameCycle = 32722, UnitNumber = 25, UnitIdent = "unit-footman", Action = "attack", Flush = 1, PosX = 99, PosY = 33, DestUnitNumber = 160, SyncRandSeed = 776563136 } )
Log( { GameCycle = 32722, UnitNumber = 104, UnitIdent = "unit-footman", Action = "attack", Flush = 1, PosX = 99, PosY = 33, DestUnitNumber = 160, SyncRandSeed = 776563136 } )
Log( { GameCycle = 32722, UnitNumber = 111, UnitIdent = "unit-footman", Action = "attack", Flush = 1, PosX = 99, PosY = 33, DestUnitNumber = 160, SyncRandSeed = 776563136 } )
Log( { GameCycle = 32722, UnitNumber = 130, UnitIdent = "unit-archer", Action = "attack", Flush = 1, PosX = 99, PosY = 33, DestUnitNumber = 160, SyncRandSeed = 776563136 } )
Log( { GameCycle = 32722, UnitNumber = 106, UnitIdent = "unit-footman", Action = "attack", Flush = 1, PosX = 99, PosY = 33, DestUnitNumber = 160, SyncRandSeed = 776563136 } )
Log( { GameCycle = 32797, UnitNumber = 144, UnitIdent = "unit-ballista", Action = "attack", Flush = 1, PosX = 99, PosY = 33, DestUnitNumber = 160, SyncRandSeed = 3845680641 } )
Log( { GameCycle = 32814, UnitNumber = 116, UnitIdent = "unit-ballista", Action = "attack", Flush = 1, PosX = 99, PosY = 33, DestUnitNumber = 160, SyncRandSeed = 4276214119 } )
Log( { GameCycle = 32961, UnitNumber = 144, UnitIdent = "unit-ballista", Action = "attack", Flush = 1, PosX = 100, PosY = 29, DestUnitNumber = 133, SyncRandSeed = 1288045176 } )
Log( { GameCycle = 33102, UnitNumber = 104, UnitIdent = "unit-footman", Action = "move", Flush = 1, PosX = 99, PosY = 33, SyncRandSeed = 473081184 } )
Log( { GameCycle = 33137, UnitNumber = 104, UnitIdent = "unit-footman", Action = "move", Flush = 1, PosX = 98, PosY = 30, SyncRandSeed = 3764116473 } )
Log( { GameCycle = 33155, UnitNumber = 104, UnitIdent = "unit-footman", Action = "move", Flush = 1, PosX = 94, PosY = 27, SyncRandSeed = 1720640955 } )
Log( { GameCycle = 33212, UnitNumber = 92, UnitIdent = "unit-human-barracks", Action = "train", Flush = 1, Value = [[unit-footman]], SyncRandSeed = 548920965 } )
Log( { GameCycle = 33212, UnitNumber = 92, UnitIdent = "unit-human-barracks", Action = "train", Flush = 1, Value = [[unit-footman]], SyncRandSeed = 548920965 } )
Log( { GameCycle = 33213, UnitNumber = 92, UnitIdent = "unit-human-barracks", Action = "train", Flush = 1, Value = [[unit-footman]], SyncRandSeed = 1089384231 } )
Log( { GameCycle = 33227, UnitNumber = 92, UnitIdent = "unit-human-barracks", Action = "train", Flush = 1, Value = [[unit-footman]], SyncRandSeed = 1586008754 } )
Log( { GameCycle = 33234, UnitNumber = 92, UnitIdent = "unit-human-barracks", Action = "train", Flush = 1, Value = [[unit-footman]], SyncRandSeed = 1586008754 } )
Log( { GameCycle = 33241, UnitNumber = 92, UnitIdent = "unit-human-barracks", Action = "train", Flush = 1, Value = [[unit-archer]], SyncRandSeed = 1277964308 } )
Log( { GameCycle = 33243, UnitNumber = 92, UnitIdent = "unit-human-barracks", Action = "train", Flush = 1, Value = [[unit-archer]], SyncRandSeed = 1277964308 } )
Log( { GameCycle = 33246, UnitNumber = 92, UnitIdent = "unit-human-barracks", Action = "train", Flush = 1, Value = [[unit-archer]], SyncRandSeed = 803288469 } )
Log( { GameCycle = 33304, UnitNumber = 130, UnitIdent = "unit-archer", Action = "move", Flush = 1, PosX = 97, PosY = 28, SyncRandSeed = 4006629376 } )
Log( { GameCycle = 33426, UnitNumber = 130, UnitIdent = "unit-archer", Action = "attack", Flush = 1, PosX = 99, PosY = 33, DestUnitNumber = 126, SyncRandSeed = 180419378 } )
Log( { GameCycle = 33426, UnitNumber = 104, UnitIdent = "unit-footman", Action = "attack", Flush = 1, PosX = 99, PosY = 33, DestUnitNumber = 126, SyncRandSeed = 180419378 } )
Log( { GameCycle = 33506, UnitNumber = 104, UnitIdent = "unit-footman", Action = "move", Flush = 0, PosX = 95, PosY = 26, SyncRandSeed = 1972561130 } )
Log( { GameCycle = 33603, UnitNumber = 160, UnitIdent = "unit-footman", Action = "move", Flush = 1, PosX = 69, PosY = 74, SyncRandSeed = 305924780 } )
Log( { GameCycle = 33621, UnitNumber = 160, UnitIdent = "unit-footman", Action = "move", Flush = 1, PosX = 87, PosY = 28, SyncRandSeed = 3429897012 } )
Log( { GameCycle = 33651, UnitNumber = 92, UnitIdent = "unit-human-barracks", Action = "move", Flush = 1, PosX = 73, PosY = 71, SyncRandSeed = 3913958876 } )
Log( { GameCycle = 33686, UnitNumber = 116, UnitIdent = "unit-ballista", Action = "move", Flush = 1, PosX = 95, PosY = 29, SyncRandSeed = 2262594066 } )
Log( { GameCycle = 33760, UnitNumber = 130, UnitIdent = "unit-archer", Action = "move", Flush = 1, PosX = 100, PosY = 30, SyncRandSeed = 437602626 } )
Log( { GameCycle = 33829, UnitNumber = 130, UnitIdent = "unit-archer", Action = "attack", Flush = 1, PosX = 99, PosY = 36, DestUnitNumber = 149, SyncRandSeed = 3054018093 } )
Log( { GameCycle = 33903, UnitNumber = 104, UnitIdent = "unit-footman", Action = "attack", Flush = 1, PosX = 99, PosY = 34, DestUnitNumber = 149, SyncRandSeed = 948512907 } )
Log( { GameCycle = 33976, UnitNumber = 104, UnitIdent = "unit-footman", Action = "attack", Flush = 1, PosX = 102, PosY = 29, DestUnitNumber = 168, SyncRandSeed = 2053944490 } )
Log( { GameCycle = 34090, UnitNumber = 144, UnitIdent = "unit-ballista", Action = "move", Flush = 1, PosX = 95, PosY = 27, SyncRandSeed = 1673520190 } )
Log( { GameCycle = 34189, UnitNumber = 144, UnitIdent = "unit-ballista", Action = "move", Flush = 1, PosX = 88, PosY = 30, SyncRandSeed = 2492900336 } )
Log( { GameCycle = 34189, UnitNumber = 104, UnitIdent = "unit-footman", Action = "move", Flush = 1, PosX = 88, PosY = 30, SyncRandSeed = 2492900336 } )
Log( { GameCycle = 34189, UnitNumber = 116, UnitIdent = "unit-ballista", Action = "move", Flush = 1, PosX = 88, PosY = 30, SyncRandSeed = 2492900336 } )
Log( { GameCycle = 34307, UnitNumber = 152, UnitIdent = "unit-footman", Action = "move", Flush = 1, PosX = 85, PosY = 28, SyncRandSeed = 4135357798 } )
Log( { GameCycle = 34307, UnitNumber = 150, UnitIdent = "unit-footman", Action = "move", Flush = 1, PosX = 85, PosY = 28, SyncRandSeed = 4135357798 } )
Log( { GameCycle = 34307, UnitNumber = 170, UnitIdent = "unit-footman", Action = "move", Flush = 1, PosX = 85, PosY = 28, SyncRandSeed = 4135357798 } )
