ReplayLog( {
  Comment1 = "Generated by Stratagus Version 2.1",
  Comment2 = "Visit http://Stratagus.Org for more information",
  Comment3 = "$Id: commands.c,v 1.113 2004/06/24 18:07:53 jarod42 Exp $",
  Date = "Sun Aug 26 19:08:03 2018",
  Map = "",
  MapPath = "campaigns/human/level01h.cm",
  MapId = 1935290401,
  Type = 1,
  Race = -1,
  LocalPlayer = 0,
  Players = {
	{ Race = 0, Team = 0, Type = 0 },
	{ Race = 0, Team = 0, Type = 0 },
	{ Race = 0, Team = 0, Type = 0 },
	{ Race = 0, Team = 0, Type = 0 },
	{ Race = 0, Team = 0, Type = 0 },
	{ Race = 0, Team = 0, Type = 0 },
	{ Race = 0, Team = 0, Type = 0 },
	{ Race = 0, Team = 0, Type = 0 },
	{ Race = 0, Team = 0, Type = 0 },
	{ Race = 0, Team = 0, Type = 0 },
	{ Race = 0, Team = 0, Type = 0 },
	{ Race = 0, Team = 0, Type = 0 },
	{ Race = 0, Team = 0, Type = 0 },
	{ Race = 0, Team = 0, Type = 0 },
	{ Race = 0, Team = 0, Type = 0 },
	{ Race = 0, Team = 0, Type = 0 }
  },
  Resource = -1,
  NumUnits = -1,
  TileSet = -1,
  NoFow = 0,
  RevealMap = 0,
  GameType = -1,
  Opponents = -1,
  Engine = { 2, 1, 0 },
  Network = { 0, 9, 2 }
} )
Log( { GameCycle = 54, UnitNumber = 3, UnitIdent = "unit-peasant", Action = "move", Flush = 1, PosX = 15, PosY = 7, SyncRandSeed = 2271560481 } )
Log( { GameCycle = 128, UnitNumber = 2, UnitIdent = "unit-footman", Action = "move", Flush = 1, PosX = 16, PosY = 9, SyncRandSeed = 2271560481 } )
