This file contains any messages produced by compilers while
running configure, to aid debugging if configure makes a mistake.

configure:572: checking for a BSD compatible install
configure:629: checking whether build environment is sane
configure:686: checking whether make sets ${MAKE}
configure:733: checking for working aclocal
configure:746: checking for working autoconf
configure:759: checking for working automake
configure:772: checking for working autoheader
configure:785: checking for working makeinfo
configure:802: checking for gnutar
configure:802: checking for gtar
configure:802: checking for tar
configure:846: checking for gcc
configure:959: checking whether the C compiler (gcc   ) works
configure:975: gcc -o conftest    conftest.c  1>&5
configure:1001: checking whether the C compiler (gcc   ) is a cross-compiler
configure:1006: checking whether we are using GNU C
configure:1015: gcc -E conftest.c
configure:1034: checking whether gcc accepts -g
configure:1066: checking how to run the C preprocessor
configure:1087: gcc -E  conftest.c >/dev/null 2>conftest.out
configure:1157: checking for a BSD compatible install
configure:1214: checking whether ln -s works
configure:1235: checking whether make sets ${MAKE}
configure:1305: checking for sdl-config
configure:1340: checking for SDL - version >= 1.1.0
configure:1422: gcc -o conftest -g -O2 -I/Development/include/SDL -D_GNU_SOURCE=1   conftest.c  -L/Development/lib -lSDL 1>&5
configure:1504: checking for Mix_OpenAudio in -lSDL_mixer
configure:1523: gcc -o conftest -g -O2 -I/Development/include/SDL -D_GNU_SOURCE=1   conftest.c -lSDL_mixer   -L/Development/lib -lSDL 1>&5
There are undefined symbols in 'conftest':
ov_info
ov_open
ov_time_seek
ov_open_callbacks
ov_clear
ov_pcm_total
ov_read
configure: failed program was:
#line 1512 "configure"
#include "confdefs.h"
/* Override any gcc2 internal prototype to avoid an error.  */
/* We use char because int might match the return type of a gcc2
    builtin and then its argument prototype would still apply.  */
char Mix_OpenAudio();

int main() {
Mix_OpenAudio()
; return 0; }
configure:1551: checking for sin in -lm
configure:1570: gcc -o conftest -g -O2 -I/Development/include/SDL -D_GNU_SOURCE=1   conftest.c -lm   -L/Development/lib -lSDL 1>&5
configure:1563: warning: conflicting types for built-in function 'sin'
configure:1599: checking for ANSI C header files
configure:1612: gcc -E  conftest.c >/dev/null 2>conftest.out
configure:1679: gcc -o conftest -g -O2 -I/Development/include/SDL -D_GNU_SOURCE=1   conftest.c -lm  -L/Development/lib -lSDL 1>&5
configure: In function 'main':
configure:1674: warning: incompatible implicit declaration of built-in function 'exit'
configure:1703: checking for sys/wait.h that is POSIX.1 compatible
configure:1724: gcc -c -g -O2 -I/Development/include/SDL -D_GNU_SOURCE=1  conftest.c 1>&5
configure:1750: checking for SDL_mixer.h
configure:1760: gcc -E -I/Development/include/SDL -D_GNU_SOURCE=1  conftest.c >/dev/null 2>conftest.out
configure:1750: checking for SDL/SDL_mixer.h
configure:1760: gcc -E -I/Development/include/SDL -D_GNU_SOURCE=1  conftest.c >/dev/null 2>conftest.out
configure:1750: checking for fcntl.h
configure:1760: gcc -E -I/Development/include/SDL -D_GNU_SOURCE=1  conftest.c >/dev/null 2>conftest.out
configure:1750: checking for limits.h
configure:1760: gcc -E -I/Development/include/SDL -D_GNU_SOURCE=1  conftest.c >/dev/null 2>conftest.out
configure:1750: checking for sys/ioctl.h
configure:1760: gcc -E -I/Development/include/SDL -D_GNU_SOURCE=1  conftest.c >/dev/null 2>conftest.out
configure:1750: checking for sys/time.h
configure:1760: gcc -E -I/Development/include/SDL -D_GNU_SOURCE=1  conftest.c >/dev/null 2>conftest.out
configure:1750: checking for unistd.h
configure:1760: gcc -E -I/Development/include/SDL -D_GNU_SOURCE=1  conftest.c >/dev/null 2>conftest.out
configure:1750: checking for syslog.h
configure:1760: gcc -E -I/Development/include/SDL -D_GNU_SOURCE=1  conftest.c >/dev/null 2>conftest.out
configure:1750: checking for windows.h
configure:1760: gcc -E -I/Development/include/SDL -D_GNU_SOURCE=1  conftest.c >/dev/null 2>conftest.out
configure:1756:21: error: windows.h: No such file or directory
configure: failed program was:
#line 1755 "configure"
#include "confdefs.h"
#include <windows.h>
configure:1794: checking for working const
configure:1848: gcc -c -g -O2 -I/Development/include/SDL -D_GNU_SOURCE=1  conftest.c 1>&5
configure:1869: checking for inline
configure:1883: gcc -c -g -O2 -I/Development/include/SDL -D_GNU_SOURCE=1  conftest.c 1>&5
configure:1912: checking for strtol
configure:1941: gcc -o conftest -g -O2 -I/Development/include/SDL -D_GNU_SOURCE=1   conftest.c -lm  -L/Development/lib -lSDL 1>&5
configure:1912: checking for strdup
configure:1941: gcc -o conftest -g -O2 -I/Development/include/SDL -D_GNU_SOURCE=1   conftest.c -lm  -L/Development/lib -lSDL 1>&5
configure:1924: warning: conflicting types for built-in function 'strdup'
configure:1912: checking for strerror
configure:1941: gcc -o conftest -g -O2 -I/Development/include/SDL -D_GNU_SOURCE=1   conftest.c -lm  -L/Development/lib -lSDL 1>&5
configure:1912: checking for syslog
configure:1941: gcc -o conftest -g -O2 -I/Development/include/SDL -D_GNU_SOURCE=1   conftest.c -lm  -L/Development/lib -lSDL 1>&5
There are undefined symbols in 'conftest':
syslog
configure: failed program was:
#line 1917 "configure"
#include "confdefs.h"
/* System header to define __stub macros and hopefully few prototypes,
    which can conflict with char syslog(); below.  */
#include <assert.h>
/* Override any gcc2 internal prototype to avoid an error.  */
/* We use char because int might match the return type of a gcc2
    builtin and then its argument prototype would still apply.  */
char syslog();
char (*f)();

int main() {

/* The GNU C library defines this for functions which it implements
    to always fail with ENOSYS.  Some functions are actually named
    something starting with __ and the normal name is an alias.  */
#if defined (__stub_syslog) || defined (__stub___syslog)
choke me
#else
f = syslog;
#endif

; return 0; }
configure:1912: checking for getenv
configure:1941: gcc -o conftest -g -O2 -I/Development/include/SDL -D_GNU_SOURCE=1   conftest.c -lm  -L/Development/lib -lSDL 1>&5
configure:1912: checking for setenv
configure:1941: gcc -o conftest -g -O2 -I/Development/include/SDL -D_GNU_SOURCE=1   conftest.c -lm  -L/Development/lib -lSDL 1>&5
