1997/08/07 20:45:28 MUD server V1.1 Copyright 1997 by Chris Gray started
1997/08/07 20:45:28 _start = 0x075b2cc0 lib = 0x075db60c
1997/08/07 20:45:32 MUD client V1.1 Copyright 1997 by Chris Gray started
1997/08/07 20:45:37 Character SysAdmin enters the game
1997/08/07 20:45:37 Setting WIZARD mode
1997/08/07 20:47:53 expandIndexTable
1997/08/07 20:48:55 expandIndexTable
1997/08/07 20:49:08 Clearing WIZARD mode
1997/08/07 20:49:20 Character SysAdmin leaves the game
1997/08/07 20:49:20 MUD client V1.1 Copyright 1997 by Chris Gray terminated
1997/08/07 20:49:25 Server shutdown request via message - currently 0 clients
1997/08/07 20:49:25 Shutting down, 1 client serviced
1997/08/07 20:49:25 Machines: 0 created, 0 deleted
1997/08/07 20:49:35 Things: 1256 created, 0 destroyed
1997/08/07 20:49:35 Messages: 11117 processed, 7573 sent
1997/08/07 20:49:35 Allocator:  used: 266240  limit: 1000000000
1997/08/07 20:49:35 allocs: 108121  frees: 108121  reclaims: 0  panics: 0
1997/08/07 20:49:39 cre 2184 del 1 rd 22416 rep 213 shr 0 exp 5985 dir 12395
1997/08/07 20:49:39 frd 373 fwt 748 fsk 1058
1997/08/07 20:49:39 MUD server V1.1 Copyright 1997 by Chris Gray shut down
