This file contains any messages produced by compilers while
running configure, to aid debugging if configure makes a mistake.

It was created by tenmado configure 0.7, which was
generated by GNU Autoconf 2.54.  Invocation command line was

  $ configure --disable-dependency-tracking --bindir=/SDK/Local/C --prefix=/SDK/Local --libdir=/SDK/Local/newlib/lib --includedir=/SDK/Local/common/include CFLAGS=-mcrt=newlib CPPFLAGS=-mcrt=newlib -DMINIGL CXXFLAGS=-mcrt=newlib LIBS=-lunix LDFLAGS=-mcrt=newlib

## --------- ##
## Platform. ##
## --------- ##

hostname = localhost
uname -m = ppc
uname -r = 51.4
uname -s = AmigaOS
uname -v = 4.0

/usr/bin/uname -p = unknown
/bin/uname -X     = unknown

/bin/arch              = unknown
/usr/bin/arch -k       = unknown
/usr/convex/getsysinfo = unknown
hostinfo               = unknown
/bin/machine           = unknown
/usr/bin/oslevel       = unknown
/bin/universe          = unknown

PATH: /gcc/bin
PATH: /SDK/C
PATH: /SDK/Local/C
PATH: /SDK/Local/newlib/bin
PATH: /SDK/Local/clib2/bin
PATH: /C
PATH: .


## ----------- ##
## Core tests. ##
## ----------- ##

configure:1166: creating cache /dev/null
configure:1294: checking for a BSD-compatible install
configure:1348: result: /SDK/Local/C/ginstall -c
configure:1359: checking whether build environment is sane
configure:1402: result: yes
configure:1427: WARNING: `missing' script is too old or missing
configure:1435: checking for gawk
configure:1464: result: no
configure:1435: checking for mawk
configure:1464: result: no
configure:1435: checking for nawk
configure:1451: found /SDK/Local/C/nawk
configure:1461: result: nawk
configure:1471: checking whether /SDK/C/gmake sets ${MAKE}
configure:1491: result: yes
configure:1656: checking for gawk
configure:1682: result: nawk
configure:1738: checking for gcc
configure:1754: found /gcc/bin/gcc
configure:1764: result: gcc
configure:2006: checking for C compiler version
configure:2009: gcc --version </dev/null >&5
gcc (GCC) 4.0.2 (AmigaOS build 20051012)
Copyright (C) 2005 Free Software Foundation, Inc.
This is free software; see the source for copying conditions.  There is NO
warranty; not even for MERCHANTABILITY or FITNESS FOR A PARTICULAR PURPOSE.

configure:2012: $? = 0
configure:2014: gcc -v </dev/null >&5
Reading specs from Bub:SDK/gcc/bin/../lib/gcc/ppc-amigaos/4.0.2/specs
Target: ppc-amigaos
Configured with: ../gcc-4.0.2/configure --host=ppc-amigaos --target=ppc-amigaos --build=i686-cygwin --prefix=/gcc --enable-languages=c,c++,objc --enable-haifa --enable-sjlj-exceptions --disable-shared --disable-libstdcxx-pch
Thread model: single
gcc version 4.0.2 (AmigaOS build 20051012)
configure:2017: $? = 0
configure:2019: gcc -V </dev/null >&5
gcc: '-V' option must have argument
configure:2022: $? = 1
configure:2042: checking for C compiler default output
configure:2045: gcc -mcrt=newlib -mcrt=newlib -DMINIGL -mcrt=newlib conftest.c -lunix >&5
configure:2048: $? = 0
configure:2082: result: a.out
configure:2087: checking whether the C compiler works
configure:2093: ./a.out
configure:2096: $? = 0
configure:2111: result: yes
configure:2118: checking whether we are cross compiling
configure:2120: result: no
configure:2123: checking for suffix of executables
configure:2125: gcc -o conftest -mcrt=newlib -mcrt=newlib -DMINIGL -mcrt=newlib conftest.c -lunix >&5
configure:2128: $? = 0
configure:2151: result: 
configure:2157: checking for suffix of object files
configure:2175: gcc -c -mcrt=newlib -mcrt=newlib -DMINIGL conftest.c >&5
configure:2178: $? = 0
configure:2197: result: o
configure:2201: checking whether we are using the GNU C compiler
configure:2222: gcc -c -mcrt=newlib -mcrt=newlib -DMINIGL conftest.c >&5
configure:2225: $? = 0
configure:2228: test -s conftest.o
configure:2231: $? = 0
configure:2243: result: yes
configure:2249: checking whether gcc accepts -g
configure:2267: gcc -c -g -mcrt=newlib -DMINIGL conftest.c >&5
configure:2270: $? = 0
configure:2273: test -s conftest.o
configure:2276: $? = 0
configure:2286: result: yes
configure:2303: checking for gcc option to accept ANSI C
configure:2360: gcc  -c -mcrt=newlib -mcrt=newlib -DMINIGL conftest.c >&5
configure:2363: $? = 0
configure:2366: test -s conftest.o
configure:2369: $? = 0
configure:2386: result: none needed
configure:2404: gcc -c -mcrt=newlib -mcrt=newlib -DMINIGL conftest.c >&5
conftest.c:2: error: syntax error before 'me'
configure:2407: $? = 1
configure: failed program was:
#ifndef __cplusplus
  choke me
#endif
configure:2524: checking for style of include used by /SDK/C/gmake
configure:2552: result: GNU
configure:2580: checking dependency style of gcc
configure:2642: result: none
configure:2659: checking whether ln -s works
configure:2663: result: yes
configure:2670: checking whether /SDK/C/gmake sets ${MAKE}
configure:2690: result: yes
configure:2740: checking for ranlib
configure:2756: found /gcc/bin/ranlib
configure:2767: result: ranlib
configure:2784: checking for flex
configure:2800: found /SDK/Local/C/flex
configure:2810: result: flex
configure:2823: checking for yywrap in -lfl
configure:2850: gcc -o conftest -mcrt=newlib -mcrt=newlib -DMINIGL -mcrt=newlib conftest.c -lfl  -lunix >&5
Bub:SDK/gcc/ppc-amigaos/bin/ld: cannot find -lfl
configure:2853: $? = 1
configure: failed program was:
#line 2830 "configure"
#include "confdefs.h"

/* Override any gcc2 internal prototype to avoid an error.  */
#ifdef __cplusplus
extern "C"
#endif
/* We use char because int might match the return type of a gcc2
   builtin and then its argument prototype would still apply.  */
char yywrap ();
int
main ()
{
yywrap ();
  ;
  return 0;
}
configure:2870: result: no
configure:2875: checking for yywrap in -ll
configure:2902: gcc -o conftest -mcrt=newlib -mcrt=newlib -DMINIGL -mcrt=newlib conftest.c -ll  -lunix >&5
Bub:SDK/gcc/ppc-amigaos/bin/ld: cannot find -ll
configure:2905: $? = 1
configure: failed program was:
#line 2882 "configure"
#include "confdefs.h"

/* Override any gcc2 internal prototype to avoid an error.  */
#ifdef __cplusplus
extern "C"
#endif
/* We use char because int might match the return type of a gcc2
   builtin and then its argument prototype would still apply.  */
char yywrap ();
int
main ()
{
yywrap ();
  ;
  return 0;
}
configure:2922: result: no
configure:2933: checking lex output file root
configure:2944: flex conftest.l
configure:2947: $? = 0
configure:2959: result: lex.yy
configure:2964: checking whether yytext is a pointer
configure:2980: gcc -o conftest -mcrt=newlib -mcrt=newlib -DMINIGL -mcrt=newlib conftest.c -lunix  >&5
SDK:newlib/lib/crtbegin.o(.text+0x38a): In function `_start':
: undefined reference to `main'
SDK:newlib/lib/crtbegin.o(.text+0x392): In function `_start':
: undefined reference to `main'
SDK:newlib/lib/crtbegin.o(.data+0x24): undefined reference to `main'
/tmp/cctdrVY4.o(.text+0x568): In function `yylex':
: undefined reference to `yywrap'
/tmp/cctdrVY4.o(.text+0x1250): In function `input':
: undefined reference to `yywrap'
configure:2983: $? = 1
configure: failed program was:
/* A lexical scanner generated by flex */

/* Scanner skeleton version:
 * $Header: /home/daffy/u0/vern/flex/RCS/flex.skl,v 2.91 96/09/10 16:58:48 vern Exp $
 */

#define FLEX_SCANNER
#define YY_FLEX_MAJOR_VERSION 2
#define YY_FLEX_MINOR_VERSION 5

#include <stdio.h>


/* cfront 1.2 defines "c_plusplus" instead of "__cplusplus" */
#ifdef c_plusplus
#ifndef __cplusplus
#define __cplusplus
#endif
#endif


#ifdef __cplusplus

#include <stdlib.h>
#include <unistd.h>

/* Use prototypes in function declarations. */
#define YY_USE_PROTOS

/* The "const" storage-class-modifier is valid. */
#define YY_USE_CONST

#else	/* ! __cplusplus */

#if __STDC__

#define YY_USE_PROTOS
#define YY_USE_CONST

#endif	/* __STDC__ */
#endif	/* ! __cplusplus */

#ifdef __TURBOC__
 #pragma warn -rch
 #pragma warn -use
#include <io.h>
#include <stdlib.h>
#define YY_USE_CONST
#define YY_USE_PROTOS
#endif

#ifdef YY_USE_CONST
#define yyconst const
#else
#define yyconst
#endif


#ifdef YY_USE_PROTOS
#define YY_PROTO(proto) proto
#else
#define YY_PROTO(proto) ()
#endif

/* Returned upon end-of-file. */
#define YY_NULL 0

/* Promotes a possibly negative, possibly signed char to an unsigned
 * integer for use as an array index.  If the signed char is negative,
 * we want to instead treat it as an 8-bit unsigned char, hence the
 * double cast.
 */
#define YY_SC_TO_UI(c) ((unsigned int) (unsigned char) c)

/* Enter a start condition.  This macro really ought to take a parameter,
 * but we do it the disgusting crufty way forced on us by the ()-less
 * definition of BEGIN.
 */
#define BEGIN yy_start = 1 + 2 *

/* Translate the current start state into a value that can be later handed
 * to BEGIN to return to the state.  The YYSTATE alias is for lex
 * compatibility.
 */
#define YY_START ((yy_start - 1) / 2)
#define YYSTATE YY_START

/* Action number for EOF rule of a given start state. */
#define YY_STATE_EOF(state) (YY_END_OF_BUFFER + state + 1)

/* Special action meaning "start processing a new file". */
#define YY_NEW_FILE yyrestart( yyin )

#define YY_END_OF_BUFFER_CHAR 0

/* Size of default input buffer. */
#define YY_BUF_SIZE 16384

typedef struct yy_buffer_state *YY_BUFFER_STATE;

extern int yyleng;
extern FILE *yyin, *yyout;

#define EOB_ACT_CONTINUE_SCAN 0
#define EOB_ACT_END_OF_FILE 1
#define EOB_ACT_LAST_MATCH 2

/* The funky do-while in the following #define is used to turn the definition
 * int a single C statement (which needs a semi-colon terminator).  This
 * avoids problems with code like:
 *
 * 	if ( condition_holds )
 *		yyless( 5 );
 *	else
 *		do_something_else();
 *
 * Prior to using the do-while the compiler would get upset at the
 * "else" because it interpreted the "if" statement as being all
 * done when it reached the ';' after the yyless() call.
 */

/* Return all but the first 'n' matched characters back to the input stream. */

#define yyless(n) \
	do \
		{ \
		/* Undo effects of setting up yytext. */ \
		*yy_cp = yy_hold_char; \
		YY_RESTORE_YY_MORE_OFFSET \
		yy_c_buf_p = yy_cp = yy_bp + n - YY_MORE_ADJ; \
		YY_DO_BEFORE_ACTION; /* set up yytext again */ \
		} \
	while ( 0 )

#define unput(c) yyunput( c, yytext_ptr )

/* The following is because we cannot portably get our hands on size_t
 * (without autoconf's help, which isn't available because we want
 * flex-generated scanners to compile on their own).
 */
typedef unsigned int yy_size_t;


struct yy_buffer_state
	{
	FILE *yy_input_file;

	char *yy_ch_buf;		/* input buffer */
	char *yy_buf_pos;		/* current position in input buffer */

	/* Size of input buffer in bytes, not including room for EOB
	 * characters.
	 */
	yy_size_t yy_buf_size;

	/* Number of characters read into yy_ch_buf, not including EOB
	 * characters.
	 */
	int yy_n_chars;

	/* Whether we "own" the buffer - i.e., we know we created it,
	 * and can realloc() it to grow it, and should free() it to
	 * delete it.
	 */
	int yy_is_our_buffer;

	/* Whether this is an "interactive" input source; if so, and
	 * if we're using stdio for input, then we want to use getc()
	 * instead of fread(), to make sure we stop fetching input after
	 * each newline.
	 */
	int yy_is_interactive;

	/* Whether we're considered to be at the beginning of a line.
	 * If so, '^' rules will be active on the next match, otherwise
	 * not.
	 */
	int yy_at_bol;

	/* Whether to try to fill the input buffer when we reach the
	 * end of it.
	 */
	int yy_fill_buffer;

	int yy_buffer_status;
#define YY_BUFFER_NEW 0
#define YY_BUFFER_NORMAL 1
	/* When an EOF's been seen but there's still some text to process
	 * then we mark the buffer as YY_EOF_PENDING, to indicate that we
	 * shouldn't try reading from the input source any more.  We might
	 * still have a bunch of tokens to match, though, because of
	 * possible backing-up.
	 *
	 * When we actually see the EOF, we change the status to "new"
	 * (via yyrestart()), so that the user can continue scanning by
	 * just pointing yyin at a new input file.
	 */
#define YY_BUFFER_EOF_PENDING 2
	};

static YY_BUFFER_STATE yy_current_buffer = 0;

/* We provide macros for accessing buffer states in case in the
 * future we want to put the buffer states in a more general
 * "scanner state".
 */
#define YY_CURRENT_BUFFER yy_current_buffer


/* yy_hold_char holds the character lost when yytext is formed. */
static char yy_hold_char;

static int yy_n_chars;		/* number of characters read into yy_ch_buf */


int yyleng;

/* Points to current character in buffer. */
static char *yy_c_buf_p = (char *) 0;
static int yy_init = 1;		/* whether we need to initialize */
static int yy_start = 0;	/* start state number */

/* Flag which is used to allow yywrap()'s to do buffer switches
 * instead of setting up a fresh yyin.  A bit of a hack ...
 */
static int yy_did_buffer_switch_on_eof;

void yyrestart YY_PROTO(( FILE *input_file ));

void yy_switch_to_buffer YY_PROTO(( YY_BUFFER_STATE new_buffer ));
void yy_load_buffer_state YY_PROTO(( void ));
YY_BUFFER_STATE yy_create_buffer YY_PROTO(( FILE *file, int size ));
void yy_delete_buffer YY_PROTO(( YY_BUFFER_STATE b ));
void yy_init_buffer YY_PROTO(( YY_BUFFER_STATE b, FILE *file ));
void yy_flush_buffer YY_PROTO(( YY_BUFFER_STATE b ));
#define YY_FLUSH_BUFFER yy_flush_buffer( yy_current_buffer )

YY_BUFFER_STATE yy_scan_buffer YY_PROTO(( char *base, yy_size_t size ));
YY_BUFFER_STATE yy_scan_string YY_PROTO(( yyconst char *yy_str ));
YY_BUFFER_STATE yy_scan_bytes YY_PROTO(( yyconst char *bytes, int len ));

static void *yy_flex_alloc YY_PROTO(( yy_size_t ));
static void *yy_flex_realloc YY_PROTO(( void *, yy_size_t ));
static void yy_flex_free YY_PROTO(( void * ));

#define yy_new_buffer yy_create_buffer

#define yy_set_interactive(is_interactive) \
	{ \
	if ( ! yy_current_buffer ) \
		yy_current_buffer = yy_create_buffer( yyin, YY_BUF_SIZE ); \
	yy_current_buffer->yy_is_interactive = is_interactive; \
	}

#define yy_set_bol(at_bol) \
	{ \
	if ( ! yy_current_buffer ) \
		yy_current_buffer = yy_create_buffer( yyin, YY_BUF_SIZE ); \
	yy_current_buffer->yy_at_bol = at_bol; \
	}

#define YY_AT_BOL() (yy_current_buffer->yy_at_bol)

typedef unsigned char YY_CHAR;
FILE *yyin = (FILE *) 0, *yyout = (FILE *) 0;
typedef int yy_state_type;
extern char *yytext;
#define yytext_ptr yytext

static yy_state_type yy_get_previous_state YY_PROTO(( void ));
static yy_state_type yy_try_NUL_trans YY_PROTO(( yy_state_type current_state ));
static int yy_get_next_buffer YY_PROTO(( void ));
static void yy_fatal_error YY_PROTO(( yyconst char msg[] ));

/* Done after the current pattern has been matched and before the
 * corresponding action - sets up yytext.
 */
#define YY_DO_BEFORE_ACTION \
	yytext_ptr = yy_bp; \
	yyleng = (int) (yy_cp - yy_bp); \
	yy_hold_char = *yy_cp; \
	*yy_cp = '\0'; \
	yy_c_buf_p = yy_cp;

#define YY_NUM_RULES 1
#define YY_END_OF_BUFFER 2
static yyconst short int yy_accept[6] =
    {   0,
        0,    0,    2,    1,    0
    } ;

static yyconst int yy_ec[256] =
    {   0,
        1,    1,    1,    1,    1,    1,    1,    1,    1,    1,
        1,    1,    1,    1,    1,    1,    1,    1,    1,    1,
        1,    1,    1,    1,    1,    1,    1,    1,    1,    1,
        1,    1,    1,    1,    1,    1,    1,    1,    1,    1,
        1,    1,    1,    1,    1,    1,    1,    1,    1,    1,
        1,    1,    1,    1,    1,    1,    1,    1,    1,    1,
        1,    1,    1,    1,    1,    1,    1,    1,    1,    1,
        1,    1,    1,    1,    1,    1,    1,    1,    1,    1,
        1,    1,    1,    1,    1,    1,    1,    1,    1,    1,
        1,    1,    1,    1,    1,    1,    1,    1,    1,    1,

        1,    1,    1,    1,    1,    1,    1,    1,    1,    1,
        1,    1,    1,    1,    1,    1,    1,    1,    1,    1,
        1,    1,    1,    1,    1,    1,    1,    1,    1,    1,
        1,    1,    1,    1,    1,    1,    1,    1,    1,    1,
        1,    1,    1,    1,    1,    1,    1,    1,    1,    1,
        1,    1,    1,    1,    1,    1,    1,    1,    1,    1,
        1,    1,    1,    1,    1,    1,    1,    1,    1,    1,
        1,    1,    1,    1,    1,    1,    1,    1,    1,    1,
        1,    1,    1,    1,    1,    1,    1,    1,    1,    1,
        1,    1,    1,    1,    1,    1,    1,    1,    1,    1,

        1,    1,    1,    1,    1,    1,    1,    1,    1,    1,
        1,    1,    1,    1,    1,    1,    1,    1,    1,    1,
        1,    1,    1,    1,    1,    1,    1,    1,    1,    1,
        1,    1,    1,    1,    1,    1,    1,    1,    1,    1,
        1,    1,    1,    1,    1,    1,    1,    1,    1,    1,
        1,    1,    1,    1,    1
    } ;

static yyconst int yy_meta[2] =
    {   0,
        1
    } ;

static yyconst short int yy_base[7] =
    {   0,
        0,    0,    2,    3,    3,    0
    } ;

static yyconst short int yy_def[7] =
    {   0,
        6,    6,    5,    5,    0,    5
    } ;

static yyconst short int yy_nxt[5] =
    {   0,
        4,    5,    3,    5
    } ;

static yyconst short int yy_chk[5] =
    {   0,
        6,    3,    5,    5
    } ;

static yy_state_type yy_last_accepting_state;
static char *yy_last_accepting_cpos;

/* The intent behind this definition is that it'll catch
 * any uses of REJECT which flex missed.
 */
#define REJECT reject_used_but_not_detected
#define yymore() yymore_used_but_not_detected
#define YY_MORE_ADJ 0
#define YY_RESTORE_YY_MORE_OFFSET
char *yytext;
#line 1 "conftest.l"
#define INITIAL 0
#line 363 "lex.yy.c"

/* Macros after this point can all be overridden by user definitions in
 * section 1.
 */

#ifndef YY_SKIP_YYWRAP
#ifdef __cplusplus
extern "C" int yywrap YY_PROTO(( void ));
#else
extern int yywrap YY_PROTO(( void ));
#endif
#endif

#ifndef YY_NO_UNPUT
static void yyunput YY_PROTO(( int c, char *buf_ptr ));
#endif

#ifndef yytext_ptr
static void yy_flex_strncpy YY_PROTO(( char *, yyconst char *, int ));
#endif

#ifdef YY_NEED_STRLEN
static int yy_flex_strlen YY_PROTO(( yyconst char * ));
#endif

#ifndef YY_NO_INPUT
#ifdef __cplusplus
static int yyinput YY_PROTO(( void ));
#else
static int input YY_PROTO(( void ));
#endif
#endif

#if YY_STACK_USED
static int yy_start_stack_ptr = 0;
static int yy_start_stack_depth = 0;
static int *yy_start_stack = 0;
#ifndef YY_NO_PUSH_STATE
static void yy_push_state YY_PROTO(( int new_state ));
#endif
#ifndef YY_NO_POP_STATE
static void yy_pop_state YY_PROTO(( void ));
#endif
#ifndef YY_NO_TOP_STATE
static int yy_top_state YY_PROTO(( void ));
#endif

#else
#define YY_NO_PUSH_STATE 1
#define YY_NO_POP_STATE 1
#define YY_NO_TOP_STATE 1
#endif

#ifdef YY_MALLOC_DECL
YY_MALLOC_DECL
#else
#if __STDC__
#ifndef __cplusplus
#include <stdlib.h>
#endif
#else
/* Just try to get by without declaring the routines.  This will fail
 * miserably on non-ANSI systems for which sizeof(size_t) != sizeof(int)
 * or sizeof(void*) != sizeof(int).
 */
#endif
#endif

/* Amount of stuff to slurp up with each read. */
#ifndef YY_READ_BUF_SIZE
#define YY_READ_BUF_SIZE 8192
#endif

/* Copy whatever the last rule matched to the standard output. */

#ifndef ECHO
/* This used to be an fputs(), but since the string might contain NUL's,
 * we now use fwrite().
 */
#define ECHO (void) fwrite( yytext, yyleng, 1, yyout )
#endif

/* Gets input and stuffs it into "buf".  number of characters read, or YY_NULL,
 * is returned in "result".
 */
#ifndef YY_INPUT
#define YY_INPUT(buf,result,max_size) \
	if ( yy_current_buffer->yy_is_interactive ) \
		{ \
		int c = '*', n; \
		for ( n = 0; n < max_size && \
			     (c = getc( yyin )) != EOF && c != '\n'; ++n ) \
			buf[n] = (char) c; \
		if ( c == '\n' ) \
			buf[n++] = (char) c; \
		if ( c == EOF && ferror( yyin ) ) \
			YY_FATAL_ERROR( "input in flex scanner failed" ); \
		result = n; \
		} \
	else if ( ((result = fread( buf, 1, max_size, yyin )) == 0) \
		  && ferror( yyin ) ) \
		YY_FATAL_ERROR( "input in flex scanner failed" );
#endif

/* No semi-colon after return; correct usage is to write "yyterminate();" -
 * we don't want an extra ';' after the "return" because that will cause
 * some compilers to complain about unreachable statements.
 */
#ifndef yyterminate
#define yyterminate() return YY_NULL
#endif

/* Number of entries by which start-condition stack grows. */
#ifndef YY_START_STACK_INCR
#define YY_START_STACK_INCR 25
#endif

/* Report a fatal error. */
#ifndef YY_FATAL_ERROR
#define YY_FATAL_ERROR(msg) yy_fatal_error( msg )
#endif

/* Default declaration of generated scanner - a define so the user can
 * easily add parameters.
 */
#ifndef YY_DECL
#define YY_DECL int yylex YY_PROTO(( void ))
#endif

/* Code executed at the beginning of each rule, after yytext and yyleng
 * have been set up.
 */
#ifndef YY_USER_ACTION
#define YY_USER_ACTION
#endif

/* Code executed at the end of each rule. */
#ifndef YY_BREAK
#define YY_BREAK break;
#endif

#define YY_RULE_SETUP \
	YY_USER_ACTION

YY_DECL
	{
	register yy_state_type yy_current_state;
	register char *yy_cp, *yy_bp;
	register int yy_act;

#line 1 "conftest.l"

#line 516 "lex.yy.c"

	if ( yy_init )
		{
		yy_init = 0;

#ifdef YY_USER_INIT
		YY_USER_INIT;
#endif

		if ( ! yy_start )
			yy_start = 1;	/* first start state */

		if ( ! yyin )
			yyin = stdin;

		if ( ! yyout )
			yyout = stdout;

		if ( ! yy_current_buffer )
			yy_current_buffer =
				yy_create_buffer( yyin, YY_BUF_SIZE );

		yy_load_buffer_state();
		}

	while ( 1 )		/* loops until end-of-file is reached */
		{
		yy_cp = yy_c_buf_p;

		/* Support of yytext. */
		*yy_cp = yy_hold_char;

		/* yy_bp points to the position in yy_ch_buf of the start of
		 * the current run.
		 */
		yy_bp = yy_cp;

		yy_current_state = yy_start;
yy_match:
		do
			{
			register YY_CHAR yy_c = yy_ec[YY_SC_TO_UI(*yy_cp)];
			if ( yy_accept[yy_current_state] )
				{
				yy_last_accepting_state = yy_current_state;
				yy_last_accepting_cpos = yy_cp;
				}
			while ( yy_chk[yy_base[yy_current_state] + yy_c] != yy_current_state )
				{
				yy_current_state = (int) yy_def[yy_current_state];
				if ( yy_current_state >= 6 )
					yy_c = yy_meta[(unsigned int) yy_c];
				}
			yy_current_state = yy_nxt[yy_base[yy_current_state] + (unsigned int) yy_c];
			++yy_cp;
			}
		while ( yy_base[yy_current_state] != 3 );

yy_find_action:
		yy_act = yy_accept[yy_current_state];
		if ( yy_act == 0 )
			{ /* have to back up */
			yy_cp = yy_last_accepting_cpos;
			yy_current_state = yy_last_accepting_state;
			yy_act = yy_accept[yy_current_state];
			}

		YY_DO_BEFORE_ACTION;


do_action:	/* This label is used only to access EOF actions. */


		switch ( yy_act )
	{ /* beginning of action switch */
			case 0: /* must back up */
			/* undo the effects of YY_DO_BEFORE_ACTION */
			*yy_cp = yy_hold_char;
			yy_cp = yy_last_accepting_cpos;
			yy_current_state = yy_last_accepting_state;
			goto yy_find_action;

case 1:
YY_RULE_SETUP
#line 2 "conftest.l"
ECHO;
	YY_BREAK
#line 604 "lex.yy.c"
case YY_STATE_EOF(INITIAL):
	yyterminate();

	case YY_END_OF_BUFFER:
		{
		/* Amount of text matched not including the EOB char. */
		int yy_amount_of_matched_text = (int) (yy_cp - yytext_ptr) - 1;

		/* Undo the effects of YY_DO_BEFORE_ACTION. */
		*yy_cp = yy_hold_char;
		YY_RESTORE_YY_MORE_OFFSET

		if ( yy_current_buffer->yy_buffer_status == YY_BUFFER_NEW )
			{
			/* We're scanning a new file or input source.  It's
			 * possible that this happened because the user
			 * just pointed yyin at a new source and called
			 * yylex().  If so, then we have to assure
			 * consistency between yy_current_buffer and our
			 * globals.  Here is the right place to do so, because
			 * this is the first action (other than possibly a
			 * back-up) that will match for the new input source.
			 */
			yy_n_chars = yy_current_buffer->yy_n_chars;
			yy_current_buffer->yy_input_file = yyin;
			yy_current_buffer->yy_buffer_status = YY_BUFFER_NORMAL;
			}

		/* Note that here we test for yy_c_buf_p "<=" to the position
		 * of the first EOB in the buffer, since yy_c_buf_p will
		 * already have been incremented past the NUL character
		 * (since all states make transitions on EOB to the
		 * end-of-buffer state).  Contrast this with the test
		 * in input().
		 */
		if ( yy_c_buf_p <= &yy_current_buffer->yy_ch_buf[yy_n_chars] )
			{ /* This was really a NUL. */
			yy_state_type yy_next_state;

			yy_c_buf_p = yytext_ptr + yy_amount_of_matched_text;

			yy_current_state = yy_get_previous_state();

			/* Okay, we're now positioned to make the NUL
			 * transition.  We couldn't have
			 * yy_get_previous_state() go ahead and do it
			 * for us because it doesn't know how to deal
			 * with the possibility of jamming (and we don't
			 * want to build jamming into it because then it
			 * will run more slowly).
			 */

			yy_next_state = yy_try_NUL_trans( yy_current_state );

			yy_bp = yytext_ptr + YY_MORE_ADJ;

			if ( yy_next_state )
				{
				/* Consume the NUL. */
				yy_cp = ++yy_c_buf_p;
				yy_current_state = yy_next_state;
				goto yy_match;
				}

			else
				{
				yy_cp = yy_c_buf_p;
				goto yy_find_action;
				}
			}

		else switch ( yy_get_next_buffer() )
			{
			case EOB_ACT_END_OF_FILE:
				{
				yy_did_buffer_switch_on_eof = 0;

				if ( yywrap() )
					{
					/* Note: because we've taken care in
					 * yy_get_next_buffer() to have set up
					 * yytext, we can now set up
					 * yy_c_buf_p so that if some total
					 * hoser (like flex itself) wants to
					 * call the scanner after we return the
					 * YY_NULL, it'll still work - another
					 * YY_NULL will get returned.
					 */
					yy_c_buf_p = yytext_ptr + YY_MORE_ADJ;

					yy_act = YY_STATE_EOF(YY_START);
					goto do_action;
					}

				else
					{
					if ( ! yy_did_buffer_switch_on_eof )
						YY_NEW_FILE;
					}
				break;
				}

			case EOB_ACT_CONTINUE_SCAN:
				yy_c_buf_p =
					yytext_ptr + yy_amount_of_matched_text;

				yy_current_state = yy_get_previous_state();

				yy_cp = yy_c_buf_p;
				yy_bp = yytext_ptr + YY_MORE_ADJ;
				goto yy_match;

			case EOB_ACT_LAST_MATCH:
				yy_c_buf_p =
				&yy_current_buffer->yy_ch_buf[yy_n_chars];

				yy_current_state = yy_get_previous_state();

				yy_cp = yy_c_buf_p;
				yy_bp = yytext_ptr + YY_MORE_ADJ;
				goto yy_find_action;
			}
		break;
		}

	default:
		YY_FATAL_ERROR(
			"fatal flex scanner internal error--no action found" );
	} /* end of action switch */
		} /* end of scanning one token */
	} /* end of yylex */


/* yy_get_next_buffer - try to read in a new buffer
 *
 * Returns a code representing an action:
 *	EOB_ACT_LAST_MATCH -
 *	EOB_ACT_CONTINUE_SCAN - continue scanning from current position
 *	EOB_ACT_END_OF_FILE - end of file
 */

static int yy_get_next_buffer()
	{
	register char *dest = yy_current_buffer->yy_ch_buf;
	register char *source = yytext_ptr;
	register int number_to_move, i;
	int ret_val;

	if ( yy_c_buf_p > &yy_current_buffer->yy_ch_buf[yy_n_chars + 1] )
		YY_FATAL_ERROR(
		"fatal flex scanner internal error--end of buffer missed" );

	if ( yy_current_buffer->yy_fill_buffer == 0 )
		{ /* Don't try to fill the buffer, so this is an EOF. */
		if ( yy_c_buf_p - yytext_ptr - YY_MORE_ADJ == 1 )
			{
			/* We matched a single character, the EOB, so
			 * treat this as a final EOF.
			 */
			return EOB_ACT_END_OF_FILE;
			}

		else
			{
			/* We matched some text prior to the EOB, first
			 * process it.
			 */
			return EOB_ACT_LAST_MATCH;
			}
		}

	/* Try to read more data. */

	/* First move last chars to start of buffer. */
	number_to_move = (int) (yy_c_buf_p - yytext_ptr) - 1;

	for ( i = 0; i < number_to_move; ++i )
		*(dest++) = *(source++);

	if ( yy_current_buffer->yy_buffer_status == YY_BUFFER_EOF_PENDING )
		/* don't do the read, it's not guaranteed to return an EOF,
		 * just force an EOF
		 */
		yy_current_buffer->yy_n_chars = yy_n_chars = 0;

	else
		{
		int num_to_read =
			yy_current_buffer->yy_buf_size - number_to_move - 1;

		while ( num_to_read <= 0 )
			{ /* Not enough room in the buffer - grow it. */
#ifdef YY_USES_REJECT
			YY_FATAL_ERROR(
"input buffer overflow, can't enlarge buffer because scanner uses REJECT" );
#else

			/* just a shorter name for the current buffer */
			YY_BUFFER_STATE b = yy_current_buffer;

			int yy_c_buf_p_offset =
				(int) (yy_c_buf_p - b->yy_ch_buf);

			if ( b->yy_is_our_buffer )
				{
				int new_size = b->yy_buf_size * 2;

				if ( new_size <= 0 )
					b->yy_buf_size += b->yy_buf_size / 8;
				else
					b->yy_buf_size *= 2;

				b->yy_ch_buf = (char *)
					/* Include room in for 2 EOB chars. */
					yy_flex_realloc( (void *) b->yy_ch_buf,
							 b->yy_buf_size + 2 );
				}
			else
				/* Can't grow it, we don't own it. */
				b->yy_ch_buf = 0;

			if ( ! b->yy_ch_buf )
				YY_FATAL_ERROR(
				"fatal error - scanner input buffer overflow" );

			yy_c_buf_p = &b->yy_ch_buf[yy_c_buf_p_offset];

			num_to_read = yy_current_buffer->yy_buf_size -
						number_to_move - 1;
#endif
			}

		if ( num_to_read > YY_READ_BUF_SIZE )
			num_to_read = YY_READ_BUF_SIZE;

		/* Read in more data. */
		YY_INPUT( (&yy_current_buffer->yy_ch_buf[number_to_move]),
			yy_n_chars, num_to_read );

		yy_current_buffer->yy_n_chars = yy_n_chars;
		}

	if ( yy_n_chars == 0 )
		{
		if ( number_to_move == YY_MORE_ADJ )
			{
			ret_val = EOB_ACT_END_OF_FILE;
			yyrestart( yyin );
			}

		else
			{
			ret_val = EOB_ACT_LAST_MATCH;
			yy_current_buffer->yy_buffer_status =
				YY_BUFFER_EOF_PENDING;
			}
		}

	else
		ret_val = EOB_ACT_CONTINUE_SCAN;

	yy_n_chars += number_to_move;
	yy_current_buffer->yy_ch_buf[yy_n_chars] = YY_END_OF_BUFFER_CHAR;
	yy_current_buffer->yy_ch_buf[yy_n_chars + 1] = YY_END_OF_BUFFER_CHAR;

	yytext_ptr = &yy_current_buffer->yy_ch_buf[0];

	return ret_val;
	}


/* yy_get_previous_state - get the state just before the EOB char was reached */

static yy_state_type yy_get_previous_state()
	{
	register yy_state_type yy_current_state;
	register char *yy_cp;

	yy_current_state = yy_start;

	for ( yy_cp = yytext_ptr + YY_MORE_ADJ; yy_cp < yy_c_buf_p; ++yy_cp )
		{
		register YY_CHAR yy_c = (*yy_cp ? yy_ec[YY_SC_TO_UI(*yy_cp)] : 1);
		if ( yy_accept[yy_current_state] )
			{
			yy_last_accepting_state = yy_current_state;
			yy_last_accepting_cpos = yy_cp;
			}
		while ( yy_chk[yy_base[yy_current_state] + yy_c] != yy_current_state )
			{
			yy_current_state = (int) yy_def[yy_current_state];
			if ( yy_current_state >= 6 )
				yy_c = yy_meta[(unsigned int) yy_c];
			}
		yy_current_state = yy_nxt[yy_base[yy_current_state] + (unsigned int) yy_c];
		}

	return yy_current_state;
	}


/* yy_try_NUL_trans - try to make a transition on the NUL character
 *
 * synopsis
 *	next_state = yy_try_NUL_trans( current_state );
 */

#ifdef YY_USE_PROTOS
static yy_state_type yy_try_NUL_trans( yy_state_type yy_current_state )
#else
static yy_state_type yy_try_NUL_trans( yy_current_state )
yy_state_type yy_current_state;
#endif
	{
	register int yy_is_jam;
	register char *yy_cp = yy_c_buf_p;

	register YY_CHAR yy_c = 1;
	if ( yy_accept[yy_current_state] )
		{
		yy_last_accepting_state = yy_current_state;
		yy_last_accepting_cpos = yy_cp;
		}
	while ( yy_chk[yy_base[yy_current_state] + yy_c] != yy_current_state )
		{
		yy_current_state = (int) yy_def[yy_current_state];
		if ( yy_current_state >= 6 )
			yy_c = yy_meta[(unsigned int) yy_c];
		}
	yy_current_state = yy_nxt[yy_base[yy_current_state] + (unsigned int) yy_c];
	yy_is_jam = (yy_current_state == 5);

	return yy_is_jam ? 0 : yy_current_state;
	}


#ifndef YY_NO_UNPUT
#ifdef YY_USE_PROTOS
static void yyunput( int c, register char *yy_bp )
#else
static void yyunput( c, yy_bp )
int c;
register char *yy_bp;
#endif
	{
	register char *yy_cp = yy_c_buf_p;

	/* undo effects of setting up yytext */
	*yy_cp = yy_hold_char;

	if ( yy_cp < yy_current_buffer->yy_ch_buf + 2 )
		{ /* need to shift things up to make room */
		/* +2 for EOB chars. */
		register int number_to_move = yy_n_chars + 2;
		register char *dest = &yy_current_buffer->yy_ch_buf[
					yy_current_buffer->yy_buf_size + 2];
		register char *source =
				&yy_current_buffer->yy_ch_buf[number_to_move];

		while ( source > yy_current_buffer->yy_ch_buf )
			*--dest = *--source;

		yy_cp += (int) (dest - source);
		yy_bp += (int) (dest - source);
		yy_current_buffer->yy_n_chars =
			yy_n_chars = yy_current_buffer->yy_buf_size;

		if ( yy_cp < yy_current_buffer->yy_ch_buf + 2 )
			YY_FATAL_ERROR( "flex scanner push-back overflow" );
		}

	*--yy_cp = (char) c;


	yytext_ptr = yy_bp;
	yy_hold_char = *yy_cp;
	yy_c_buf_p = yy_cp;
	}
#endif	/* ifndef YY_NO_UNPUT */


#ifdef __cplusplus
static int yyinput()
#else
static int input()
#endif
	{
	int c;

	*yy_c_buf_p = yy_hold_char;

	if ( *yy_c_buf_p == YY_END_OF_BUFFER_CHAR )
		{
		/* yy_c_buf_p now points to the character we want to return.
		 * If this occurs *before* the EOB characters, then it's a
		 * valid NUL; if not, then we've hit the end of the buffer.
		 */
		if ( yy_c_buf_p < &yy_current_buffer->yy_ch_buf[yy_n_chars] )
			/* This was really a NUL. */
			*yy_c_buf_p = '\0';

		else
			{ /* need more input */
			int offset = yy_c_buf_p - yytext_ptr;
			++yy_c_buf_p;

			switch ( yy_get_next_buffer() )
				{
				case EOB_ACT_LAST_MATCH:
					/* This happens because yy_g_n_b()
					 * sees that we've accumulated a
					 * token and flags that we need to
					 * try matching the token before
					 * proceeding.  But for input(),
					 * there's no matching to consider.
					 * So convert the EOB_ACT_LAST_MATCH
					 * to EOB_ACT_END_OF_FILE.
					 */

					/* Reset buffer status. */
					yyrestart( yyin );

					/* fall through */

				case EOB_ACT_END_OF_FILE:
					{
					if ( yywrap() )
						return EOF;

					if ( ! yy_did_buffer_switch_on_eof )
						YY_NEW_FILE;
#ifdef __cplusplus
					return yyinput();
#else
					return input();
#endif
					}

				case EOB_ACT_CONTINUE_SCAN:
					yy_c_buf_p = yytext_ptr + offset;
					break;
				}
			}
		}

	c = *(unsigned char *) yy_c_buf_p;	/* cast for 8-bit char's */
	*yy_c_buf_p = '\0';	/* preserve yytext */
	yy_hold_char = *++yy_c_buf_p;


	return c;
	}


#ifdef YY_USE_PROTOS
void yyrestart( FILE *input_file )
#else
void yyrestart( input_file )
FILE *input_file;
#endif
	{
	if ( ! yy_current_buffer )
		yy_current_buffer = yy_create_buffer( yyin, YY_BUF_SIZE );

	yy_init_buffer( yy_current_buffer, input_file );
	yy_load_buffer_state();
	}


#ifdef YY_USE_PROTOS
void yy_switch_to_buffer( YY_BUFFER_STATE new_buffer )
#else
void yy_switch_to_buffer( new_buffer )
YY_BUFFER_STATE new_buffer;
#endif
	{
	if ( yy_current_buffer == new_buffer )
		return;

	if ( yy_current_buffer )
		{
		/* Flush out information for old buffer. */
		*yy_c_buf_p = yy_hold_char;
		yy_current_buffer->yy_buf_pos = yy_c_buf_p;
		yy_current_buffer->yy_n_chars = yy_n_chars;
		}

	yy_current_buffer = new_buffer;
	yy_load_buffer_state();

	/* We don't actually know whether we did this switch during
	 * EOF (yywrap()) processing, but the only time this flag
	 * is looked at is after yywrap() is called, so it's safe
	 * to go ahead and always set it.
	 */
	yy_did_buffer_switch_on_eof = 1;
	}


#ifdef YY_USE_PROTOS
void yy_load_buffer_state( void )
#else
void yy_load_buffer_state()
#endif
	{
	yy_n_chars = yy_current_buffer->yy_n_chars;
	yytext_ptr = yy_c_buf_p = yy_current_buffer->yy_buf_pos;
	yyin = yy_current_buffer->yy_input_file;
	yy_hold_char = *yy_c_buf_p;
	}


#ifdef YY_USE_PROTOS
YY_BUFFER_STATE yy_create_buffer( FILE *file, int size )
#else
YY_BUFFER_STATE yy_create_buffer( file, size )
FILE *file;
int size;
#endif
	{
	YY_BUFFER_STATE b;

	b = (YY_BUFFER_STATE) yy_flex_alloc( sizeof( struct yy_buffer_state ) );
	if ( ! b )
		YY_FATAL_ERROR( "out of dynamic memory in yy_create_buffer()" );

	b->yy_buf_size = size;

	/* yy_ch_buf has to be 2 characters longer than the size given because
	 * we need to put in 2 end-of-buffer characters.
	 */
	b->yy_ch_buf = (char *) yy_flex_alloc( b->yy_buf_size + 2 );
	if ( ! b->yy_ch_buf )
		YY_FATAL_ERROR( "out of dynamic memory in yy_create_buffer()" );

	b->yy_is_our_buffer = 1;

	yy_init_buffer( b, file );

	return b;
	}


#ifdef YY_USE_PROTOS
void yy_delete_buffer( YY_BUFFER_STATE b )
#else
void yy_delete_buffer( b )
YY_BUFFER_STATE b;
#endif
	{
	if ( ! b )
		return;

	if ( b == yy_current_buffer )
		yy_current_buffer = (YY_BUFFER_STATE) 0;

	if ( b->yy_is_our_buffer )
		yy_flex_free( (void *) b->yy_ch_buf );

	yy_flex_free( (void *) b );
	}


#ifndef YY_ALWAYS_INTERACTIVE
#ifndef YY_NEVER_INTERACTIVE
extern int isatty YY_PROTO(( int ));
#endif
#endif

#ifdef YY_USE_PROTOS
void yy_init_buffer( YY_BUFFER_STATE b, FILE *file )
#else
void yy_init_buffer( b, file )
YY_BUFFER_STATE b;
FILE *file;
#endif


	{
	yy_flush_buffer( b );

	b->yy_input_file = file;
	b->yy_fill_buffer = 1;

#if YY_ALWAYS_INTERACTIVE
	b->yy_is_interactive = 1;
#else
#if YY_NEVER_INTERACTIVE
	b->yy_is_interactive = 0;
#else
	b->yy_is_interactive = file ? (isatty( fileno(file) ) > 0) : 0;
#endif
#endif
	}


#ifdef YY_USE_PROTOS
void yy_flush_buffer( YY_BUFFER_STATE b )
#else
void yy_flush_buffer( b )
YY_BUFFER_STATE b;
#endif

	{
	if ( ! b )
		return;

	b->yy_n_chars = 0;

	/* We always need two end-of-buffer characters.  The first causes
	 * a transition to the end-of-buffer state.  The second causes
	 * a jam in that state.
	 */
	b->yy_ch_buf[0] = YY_END_OF_BUFFER_CHAR;
	b->yy_ch_buf[1] = YY_END_OF_BUFFER_CHAR;

	b->yy_buf_pos = &b->yy_ch_buf[0];

	b->yy_at_bol = 1;
	b->yy_buffer_status = YY_BUFFER_NEW;

	if ( b == yy_current_buffer )
		yy_load_buffer_state();
	}


#ifndef YY_NO_SCAN_BUFFER
#ifdef YY_USE_PROTOS
YY_BUFFER_STATE yy_scan_buffer( char *base, yy_size_t size )
#else
YY_BUFFER_STATE yy_scan_buffer( base, size )
char *base;
yy_size_t size;
#endif
	{
	YY_BUFFER_STATE b;

	if ( size < 2 ||
	     base[size-2] != YY_END_OF_BUFFER_CHAR ||
	     base[size-1] != YY_END_OF_BUFFER_CHAR )
		/* They forgot to leave room for the EOB's. */
		return 0;

	b = (YY_BUFFER_STATE) yy_flex_alloc( sizeof( struct yy_buffer_state ) );
	if ( ! b )
		YY_FATAL_ERROR( "out of dynamic memory in yy_scan_buffer()" );

	b->yy_buf_size = size - 2;	/* "- 2" to take care of EOB's */
	b->yy_buf_pos = b->yy_ch_buf = base;
	b->yy_is_our_buffer = 0;
	b->yy_input_file = 0;
	b->yy_n_chars = b->yy_buf_size;
	b->yy_is_interactive = 0;
	b->yy_at_bol = 1;
	b->yy_fill_buffer = 0;
	b->yy_buffer_status = YY_BUFFER_NEW;

	yy_switch_to_buffer( b );

	return b;
	}
#endif


#ifndef YY_NO_SCAN_STRING
#ifdef YY_USE_PROTOS
YY_BUFFER_STATE yy_scan_string( yyconst char *yy_str )
#else
YY_BUFFER_STATE yy_scan_string( yy_str )
yyconst char *yy_str;
#endif
	{
	int len;
	for ( len = 0; yy_str[len]; ++len )
		;

	return yy_scan_bytes( yy_str, len );
	}
#endif


#ifndef YY_NO_SCAN_BYTES
#ifdef YY_USE_PROTOS
YY_BUFFER_STATE yy_scan_bytes( yyconst char *bytes, int len )
#else
YY_BUFFER_STATE yy_scan_bytes( bytes, len )
yyconst char *bytes;
int len;
#endif
	{
	YY_BUFFER_STATE b;
	char *buf;
	yy_size_t n;
	int i;

	/* Get memory for full buffer, including space for trailing EOB's. */
	n = len + 2;
	buf = (char *) yy_flex_alloc( n );
	if ( ! buf )
		YY_FATAL_ERROR( "out of dynamic memory in yy_scan_bytes()" );

	for ( i = 0; i < len; ++i )
		buf[i] = bytes[i];

	buf[len] = buf[len+1] = YY_END_OF_BUFFER_CHAR;

	b = yy_scan_buffer( buf, n );
	if ( ! b )
		YY_FATAL_ERROR( "bad buffer in yy_scan_bytes()" );

	/* It's okay to grow etc. this buffer, and we should throw it
	 * away when we're done.
	 */
	b->yy_is_our_buffer = 1;

	return b;
	}
#endif


#ifndef YY_NO_PUSH_STATE
#ifdef YY_USE_PROTOS
static void yy_push_state( int new_state )
#else
static void yy_push_state( new_state )
int new_state;
#endif
	{
	if ( yy_start_stack_ptr >= yy_start_stack_depth )
		{
		yy_size_t new_size;

		yy_start_stack_depth += YY_START_STACK_INCR;
		new_size = yy_start_stack_depth * sizeof( int );

		if ( ! yy_start_stack )
			yy_start_stack = (int *) yy_flex_alloc( new_size );

		else
			yy_start_stack = (int *) yy_flex_realloc(
					(void *) yy_start_stack, new_size );

		if ( ! yy_start_stack )
			YY_FATAL_ERROR(
			"out of memory expanding start-condition stack" );
		}

	yy_start_stack[yy_start_stack_ptr++] = YY_START;

	BEGIN(new_state);
	}
#endif


#ifndef YY_NO_POP_STATE
static void yy_pop_state()
	{
	if ( --yy_start_stack_ptr < 0 )
		YY_FATAL_ERROR( "start-condition stack underflow" );

	BEGIN(yy_start_stack[yy_start_stack_ptr]);
	}
#endif


#ifndef YY_NO_TOP_STATE
static int yy_top_state()
	{
	return yy_start_stack[yy_start_stack_ptr - 1];
	}
#endif

#ifndef YY_EXIT_FAILURE
#define YY_EXIT_FAILURE 2
#endif

#ifdef YY_USE_PROTOS
static void yy_fatal_error( yyconst char msg[] )
#else
static void yy_fatal_error( msg )
char msg[];
#endif
	{
	(void) fprintf( stderr, "%s\n", msg );
	exit( YY_EXIT_FAILURE );
	}



/* Redefine yyless() so it works in section 3 code. */

#undef yyless
#define yyless(n) \
	do \
		{ \
		/* Undo effects of setting up yytext. */ \
		yytext[yyleng] = yy_hold_char; \
		yy_c_buf_p = yytext + n; \
		yy_hold_char = *yy_c_buf_p; \
		*yy_c_buf_p = '\0'; \
		yyleng = n; \
		} \
	while ( 0 )


/* Internal utility routines. */

#ifndef yytext_ptr
#ifdef YY_USE_PROTOS
static void yy_flex_strncpy( char *s1, yyconst char *s2, int n )
#else
static void yy_flex_strncpy( s1, s2, n )
char *s1;
yyconst char *s2;
int n;
#endif
	{
	register int i;
	for ( i = 0; i < n; ++i )
		s1[i] = s2[i];
	}
#endif

#ifdef YY_NEED_STRLEN
#ifdef YY_USE_PROTOS
static int yy_flex_strlen( yyconst char *s )
#else
static int yy_flex_strlen( s )
yyconst char *s;
#endif
	{
	register int n;
	for ( n = 0; s[n]; ++n )
		;

	return n;
	}
#endif


#ifdef YY_USE_PROTOS
static void *yy_flex_alloc( yy_size_t size )
#else
static void *yy_flex_alloc( size )
yy_size_t size;
#endif
	{
	return (void *) malloc( size );
	}

#ifdef YY_USE_PROTOS
static void *yy_flex_realloc( void *ptr, yy_size_t size )
#else
static void *yy_flex_realloc( ptr, size )
void *ptr;
yy_size_t size;
#endif
	{
	/* The cast to (char *) in the following accommodates both
	 * implementations that use char* generic pointers, and those
	 * that use void* generic pointers.  It works with the latter
	 * because both ANSI C and C++ allow castless assignment from
	 * any pointer type to void*, and deal with argument conversions
	 * as though doing an assignment.
	 */
	return (void *) realloc( (char *) ptr, size );
	}

#ifdef YY_USE_PROTOS
static void yy_flex_free( void *ptr )
#else
static void yy_flex_free( ptr )
void *ptr;
#endif
	{
	free( ptr );
	}

#if YY_MAIN
int main()
	{
	yylex();
	return 0;
	}
#endif
#line 2 "conftest.l"

extern char *yytext;
configure:3001: result: no
configure:3019: checking for bison
configure:3048: result: no
configure:3019: checking for byacc
configure:3035: found /SDK/Local/C/byacc
configure:3045: result: byacc
configure:3059: checking for sin in -lm
configure:3086: gcc -o conftest -mcrt=newlib -mcrt=newlib -DMINIGL -mcrt=newlib conftest.c -lm  -lunix >&5
configure:3074: warning: conflicting types for built-in function 'sin'
configure:3089: $? = 0
configure:3092: test -s conftest
configure:3095: $? = 0
configure:3106: result: yes
configure:3246: checking for db_create in -ldb3
configure:3273: gcc -o conftest -mcrt=newlib -mcrt=newlib -DMINIGL -mcrt=newlib conftest.c -ldb3  -lm -lunix >&5
Bub:SDK/gcc/ppc-amigaos/bin/ld: cannot find -ldb3
configure:3276: $? = 1
configure: failed program was:
#line 3253 "configure"
#include "confdefs.h"

/* Override any gcc2 internal prototype to avoid an error.  */
#ifdef __cplusplus
extern "C"
#endif
/* We use char because int might match the return type of a gcc2
   builtin and then its argument prototype would still apply.  */
char db_create ();
int
main ()
{
db_create ();
  ;
  return 0;
}
configure:3293: result: no
configure:3305: checking for db_create in -ldb-3
configure:3332: gcc -o conftest -mcrt=newlib -mcrt=newlib -DMINIGL -mcrt=newlib conftest.c -ldb-3  -lm -lunix >&5
Bub:SDK/gcc/ppc-amigaos/bin/ld: cannot find -ldb-3
configure:3335: $? = 1
configure: failed program was:
#line 3312 "configure"
#include "confdefs.h"

/* Override any gcc2 internal prototype to avoid an error.  */
#ifdef __cplusplus
extern "C"
#endif
/* We use char because int might match the return type of a gcc2
   builtin and then its argument prototype would still apply.  */
char db_create ();
int
main ()
{
db_create ();
  ;
  return 0;
}
configure:3352: result: no
configure:3384: checking how to run the C preprocessor
configure:3410: gcc -E -mcrt=newlib -DMINIGL conftest.c
configure:3416: $? = 0
configure:3443: gcc -E -mcrt=newlib -DMINIGL conftest.c
configure:3439:28: error: ac_nonexistent.h: No such file or directory
configure:3449: $? = 1
configure: failed program was:
#line 3438 "configure"
#include "confdefs.h"
#include <ac_nonexistent.h>
configure:3486: result: gcc -E
configure:3501: gcc -E -mcrt=newlib -DMINIGL conftest.c
configure:3507: $? = 0
configure:3534: gcc -E -mcrt=newlib -DMINIGL conftest.c
configure:3530:28: error: ac_nonexistent.h: No such file or directory
configure:3540: $? = 1
configure: failed program was:
#line 3529 "configure"
#include "confdefs.h"
#include <ac_nonexistent.h>
configure:3580: checking for egrep
configure:3590: result: grep -E
configure:3595: checking for ANSI C header files
configure:3609: gcc -E -mcrt=newlib -DMINIGL conftest.c
configure:3615: $? = 0
configure:3702: gcc -o conftest -mcrt=newlib -mcrt=newlib -DMINIGL -mcrt=newlib conftest.c -lm -lunix >&5
configure: In function 'main':
configure:3693: warning: incompatible implicit declaration of built-in function 'exit'
configure:3705: $? = 0
configure:3707: ./conftest
configure:3710: $? = 0
configure:3724: result: yes
configure:3748: checking for sys/types.h
configure:3761: gcc -c -mcrt=newlib -mcrt=newlib -DMINIGL conftest.c >&5
configure:3764: $? = 0
configure:3767: test -s conftest.o
configure:3770: $? = 0
configure:3780: result: yes
configure:3748: checking for sys/stat.h
configure:3761: gcc -c -mcrt=newlib -mcrt=newlib -DMINIGL conftest.c >&5
configure:3764: $? = 0
configure:3767: test -s conftest.o
configure:3770: $? = 0
configure:3780: result: yes
configure:3748: checking for stdlib.h
configure:3761: gcc -c -mcrt=newlib -mcrt=newlib -DMINIGL conftest.c >&5
configure:3764: $? = 0
configure:3767: test -s conftest.o
configure:3770: $? = 0
configure:3780: result: yes
configure:3748: checking for string.h
configure:3761: gcc -c -mcrt=newlib -mcrt=newlib -DMINIGL conftest.c >&5
configure:3764: $? = 0
configure:3767: test -s conftest.o
configure:3770: $? = 0
configure:3780: result: yes
configure:3748: checking for memory.h
configure:3761: gcc -c -mcrt=newlib -mcrt=newlib -DMINIGL conftest.c >&5
In file included from configure:3789:
SDK:local/common/include/memory.h:1:2: warning: #warning Hey Spot! Exchange memory.h with string.h
configure:3764: $? = 0
configure:3767: test -s conftest.o
configure:3770: $? = 0
configure:3780: result: yes
configure:3748: checking for strings.h
configure:3761: gcc -c -mcrt=newlib -mcrt=newlib -DMINIGL conftest.c >&5
configure:3764: $? = 0
configure:3767: test -s conftest.o
configure:3770: $? = 0
configure:3780: result: yes
configure:3748: checking for inttypes.h
configure:3761: gcc -c -mcrt=newlib -mcrt=newlib -DMINIGL conftest.c >&5
configure:3789:22: error: inttypes.h: No such file or directory
configure:3764: $? = 1
configure: failed program was:
#line 3753 "configure"
#include "confdefs.h"
#include <stdio.h>
#if HAVE_SYS_TYPES_H
# include <sys/types.h>
#endif
#if HAVE_SYS_STAT_H
# include <sys/stat.h>
#endif
#if STDC_HEADERS
# include <stdlib.h>
# include <stddef.h>
#else
# if HAVE_STDLIB_H
#  include <stdlib.h>
# endif
#endif
#if HAVE_STRING_H
# if !STDC_HEADERS && HAVE_MEMORY_H
#  include <memory.h>
# endif
# include <string.h>
#endif
#if HAVE_STRINGS_H
# include <strings.h>
#endif
#if HAVE_INTTYPES_H
# include <inttypes.h>
#else
# if HAVE_STDINT_H
#  include <stdint.h>
# endif
#endif
#if HAVE_UNISTD_H
# include <unistd.h>
#endif

#include <inttypes.h>
configure:3780: result: no
configure:3748: checking for stdint.h
configure:3761: gcc -c -mcrt=newlib -mcrt=newlib -DMINIGL conftest.c >&5
configure:3764: $? = 0
configure:3767: test -s conftest.o
configure:3770: $? = 0
configure:3780: result: yes
configure:3748: checking for unistd.h
configure:3761: gcc -c -mcrt=newlib -mcrt=newlib -DMINIGL conftest.c >&5
configure:3764: $? = 0
configure:3767: test -s conftest.o
configure:3770: $? = 0
configure:3780: result: yes
configure:3797: checking for stdlib.h
configure:3802: result: yes
configure:3911: checking for string.h
configure:3916: result: yes
configure:4025: checking for unistd.h
configure:4030: result: yes
configure:4148: checking stddef.h usability
configure:4157: gcc -c -mcrt=newlib -mcrt=newlib -DMINIGL conftest.c >&5
configure:4160: $? = 0
configure:4163: test -s conftest.o
configure:4166: $? = 0
configure:4175: result: yes
configure:4179: checking stddef.h presence
configure:4186: gcc -E -mcrt=newlib -DMINIGL conftest.c
configure:4192: $? = 0
configure:4210: result: yes
configure:4228: checking for stddef.h
configure:4235: result: yes
configure:4262: checking limits.h usability
configure:4271: gcc -c -mcrt=newlib -mcrt=newlib -DMINIGL conftest.c >&5
configure:4274: $? = 0
configure:4277: test -s conftest.o
configure:4280: $? = 0
configure:4289: result: yes
configure:4293: checking limits.h presence
configure:4300: gcc -E -mcrt=newlib -DMINIGL conftest.c
configure:4306: $? = 0
configure:4324: result: yes
configure:4342: checking for limits.h
configure:4349: result: yes
configure:4364: checking for an ANSI C-conforming const
configure:4428: gcc -c -mcrt=newlib -mcrt=newlib -DMINIGL conftest.c >&5
configure:4431: $? = 0
configure:4434: test -s conftest.o
configure:4437: $? = 0
configure:4447: result: yes
configure:4457: checking for uid_t in sys/types.h
configure:4477: result: yes
configure:4492: checking whether struct tm is in sys/time.h or time.h
configure:4512: gcc -c -mcrt=newlib -mcrt=newlib -DMINIGL conftest.c >&5
configure:4515: $? = 0
configure:4518: test -s conftest.o
configure:4521: $? = 0
configure:4531: result: time.h
configure:4541: checking for size_t
configure:4562: gcc -c -mcrt=newlib -mcrt=newlib -DMINIGL conftest.c >&5
configure:4565: $? = 0
configure:4568: test -s conftest.o
configure:4571: $? = 0
configure:4581: result: yes
configure:4600: checking for stdlib.h
configure:4605: result: yes
configure:4709: checking for working malloc
configure:4735: gcc -o conftest -mcrt=newlib -mcrt=newlib -DMINIGL -mcrt=newlib conftest.c -lm -lunix >&5
configure:4738: $? = 0
configure:4740: ./conftest
configure:4743: $? = 0
configure:4756: result: yes
configure:4784: checking for stdlib.h
configure:4789: result: yes
configure:4893: checking for working realloc
configure:4919: gcc -o conftest -mcrt=newlib -mcrt=newlib -DMINIGL -mcrt=newlib conftest.c -lm -lunix >&5
configure:4922: $? = 0
configure:4924: ./conftest
configure:4927: $? = 0
configure:4940: result: yes
configure:4967: checking for atexit
configure:5004: gcc -o conftest -mcrt=newlib -mcrt=newlib -DMINIGL -mcrt=newlib conftest.c -lm -lunix >&5
configure:5007: $? = 0
configure:5010: test -s conftest
configure:5013: $? = 0
configure:5023: result: yes
configure:5037: checking for sqrt
configure:5074: gcc -o conftest -mcrt=newlib -mcrt=newlib -DMINIGL -mcrt=newlib conftest.c -lm -lunix >&5
configure:5052: warning: conflicting types for built-in function 'sqrt'
configure:5077: $? = 0
configure:5080: test -s conftest
configure:5083: $? = 0
configure:5093: result: yes
configure:5107: checking for strdup
configure:5144: gcc -o conftest -mcrt=newlib -mcrt=newlib -DMINIGL -mcrt=newlib conftest.c -lm -lunix >&5
configure:5122: warning: conflicting types for built-in function 'strdup'
configure:5147: $? = 0
configure:5150: test -s conftest
configure:5153: $? = 0
configure:5163: result: yes
configure:5177: checking for memset
configure:5214: gcc -o conftest -mcrt=newlib -mcrt=newlib -DMINIGL -mcrt=newlib conftest.c -lm -lunix >&5
configure:5192: warning: conflicting types for built-in function 'memset'
configure:5217: $? = 0
configure:5220: test -s conftest
configure:5223: $? = 0
configure:5233: result: yes
configure:5247: checking for strtol
configure:5284: gcc -o conftest -mcrt=newlib -mcrt=newlib -DMINIGL -mcrt=newlib conftest.c -lm -lunix >&5
configure:5287: $? = 0
configure:5290: test -s conftest
configure:5293: $? = 0
configure:5303: result: yes
configure:5425: creating ./config.status

## ---------------------- ##
## Running config.status. ##
## ---------------------- ##

This file was extended by tenmado config.status 0.7, which was
generated by GNU Autoconf 2.54.  Invocation command line was

  CONFIG_FILES    = 
  CONFIG_HEADERS  = 
  CONFIG_LINKS    = 
  CONFIG_COMMANDS = 
  $ ./config.status 

on localhost

config.status:641: creating Makefile
config.status:641: creating happy-L/Makefile
config.status:641: creating happy-L/default/Makefile
config.status:641: creating happy-L/image/Makefile
config.status:641: creating libbac/Makefile
config.status:641: creating libtenm/Makefile
config.status:641: creating save/Makefile
config.status:745: creating config.h
config.status:991: executing depfiles commands

## ---------------- ##
## Cache variables. ##
## ---------------- ##

ac_cv_c_compiler_gnu=yes
ac_cv_c_const=yes
ac_cv_env_CC_set=
ac_cv_env_CC_value=
ac_cv_env_CFLAGS_set=set
ac_cv_env_CFLAGS_value=-mcrt=newlib
ac_cv_env_CPPFLAGS_set=set
ac_cv_env_CPPFLAGS_value='-mcrt=newlib -DMINIGL'
ac_cv_env_CPP_set=
ac_cv_env_CPP_value=
ac_cv_env_LDFLAGS_set=set
ac_cv_env_LDFLAGS_value=-mcrt=newlib
ac_cv_env_build_alias_set=
ac_cv_env_build_alias_value=
ac_cv_env_host_alias_set=
ac_cv_env_host_alias_value=
ac_cv_env_target_alias_set=
ac_cv_env_target_alias_value=
ac_cv_exeext=
ac_cv_func_atexit=yes
ac_cv_func_malloc_works=yes
ac_cv_func_memset=yes
ac_cv_func_realloc_works=yes
ac_cv_func_sqrt=yes
ac_cv_func_strdup=yes
ac_cv_func_strtol=yes
ac_cv_header_inttypes_h=no
ac_cv_header_limits_h=yes
ac_cv_header_memory_h=yes
ac_cv_header_stdc=yes
ac_cv_header_stddef_h=yes
ac_cv_header_stdint_h=yes
ac_cv_header_stdlib_h=yes
ac_cv_header_string_h=yes
ac_cv_header_strings_h=yes
ac_cv_header_sys_stat_h=yes
ac_cv_header_sys_types_h=yes
ac_cv_header_unistd_h=yes
ac_cv_lib_db3_db_create=no
ac_cv_lib_db_3_db_create=no
ac_cv_lib_fl_yywrap=no
ac_cv_lib_l_yywrap=no
ac_cv_lib_m_sin=yes
ac_cv_objext=o
ac_cv_path_install='/SDK/Local/C/ginstall -c'
ac_cv_prog_AWK=nawk
ac_cv_prog_CPP='gcc -E'
ac_cv_prog_LEX=flex
ac_cv_prog_YACC=byacc
ac_cv_prog_ac_ct_CC=gcc
ac_cv_prog_ac_ct_RANLIB=ranlib
ac_cv_prog_cc_g=yes
ac_cv_prog_cc_stdc=
ac_cv_prog_egrep='grep -E'
ac_cv_prog_lex_root=lex.yy
ac_cv_prog_lex_yytext_pointer=no
ac_cv_prog_make__SDK_C_gmake_set=yes
ac_cv_struct_tm=time.h
ac_cv_type_size_t=yes
ac_cv_type_uid_t=yes
am_cv_CC_dependencies_compiler_type=none

## ----------------- ##
## Output variables. ##
## ----------------- ##

ac_ct_CC='gcc'
ac_ct_RANLIB='ranlib'
ac_ct_STRIP=''
ACLOCAL='aclocal-1.7'
am__fastdepCC_FALSE=''
am__fastdepCC_TRUE='#'
am__include='include'
am__quote=''
AMDEP_FALSE=''
AMDEP_TRUE='#'
AMDEPBACKSLASH=''
AMTAR='tar'
AUTOCONF='autoconf'
AUTOHEADER='autoheader'
AUTOMAKE='automake-1.7'
AWK='nawk'
bindir='/SDK/Local/C'
build_alias=''
CC='gcc'
CCDEPMODE='depmode=none'
CFLAGS='-mcrt=newlib'
CPP='gcc -E'
CPPFLAGS='-mcrt=newlib -DMINIGL'
CYGPATH_W='echo'
datadir='${prefix}/share'
DEFS='-DHAVE_CONFIG_H'
DEPDIR='.deps'
ECHO_C=''ECHO_N=''
ECHO_T=''
EGREP='grep -E'
exec_prefix='${prefix}'
EXEEXT=''
host_alias=''
includedir='/SDK/Local/common/include'
infodir='${prefix}/info'
INSTALL_DATA='${INSTALL} -m 644'
INSTALL_PROGRAM='${INSTALL}'
INSTALL_SCRIPT='${INSTALL}'
install_sh='/RAM Disk/tenmado-0.7/install-sh'
INSTALL_STRIP_PROGRAM='${SHELL} $(install_sh) -c -s'
LDFLAGS='-mcrt=newlib'
LEX='flex'
LEX_OUTPUT_ROOT='lex.yy'
LEXLIB=''
libdir='/SDK/Local/newlib/lib'
libexecdir='${exec_prefix}/libexec'
LIBOBJS=''
LIBS='-lm -lunix'
LN_S='ln -s'
localstatedir='${prefix}/var'
LTLIBOBJS=''
MAKEINFO='makeinfo'
mandir='${prefix}/man'
OBJEXT='o'
oldincludedir='/usr/include'
PACKAGE='tenmado'
PACKAGE_BUGREPORT='oohara@libra.interq.or.jp'
PACKAGE_NAME='tenmado'
PACKAGE_STRING='tenmado 0.7'
PACKAGE_TARNAME='tenmado'
PACKAGE_VERSION='0.7'
PATH_SEPARATOR=':'
prefix='/SDK/Local'
program_transform_name='s,x,x,'
RANLIB='ranlib'
sbindir='${exec_prefix}/sbin'
SET_MAKE=''
sharedstatedir='${prefix}/com'
SHELL='/bin/sh'
STRIP=''
sysconfdir='${prefix}/etc'
target_alias=''
VERSION='0.7'
YACC='byacc'

## ----------- ##
## confdefs.h. ##
## ----------- ##

#define HAVE_ATEXIT 1
#define HAVE_LIBM 1
#define HAVE_LIMITS_H 1
#define HAVE_MALLOC 1
#define HAVE_MEMORY_H 1
#define HAVE_MEMSET 1
#define HAVE_REALLOC 1
#define HAVE_SQRT 1
#define HAVE_STDDEF_H 1
#define HAVE_STDINT_H 1
#define HAVE_STDLIB_H 1
#define HAVE_STDLIB_H 1
#define HAVE_STDLIB_H 1
#define HAVE_STDLIB_H 1
#define HAVE_STRDUP 1
#define HAVE_STRING_H 1
#define HAVE_STRING_H 1
#define HAVE_STRINGS_H 1
#define HAVE_STRTOL 1
#define HAVE_SYS_STAT_H 1
#define HAVE_SYS_TYPES_H 1
#define HAVE_UNISTD_H 1
#define HAVE_UNISTD_H 1
#define PACKAGE "tenmado"
#define PACKAGE_BUGREPORT "oohara@libra.interq.or.jp"
#define PACKAGE_NAME "tenmado"
#define PACKAGE_STRING "tenmado 0.7"
#define PACKAGE_TARNAME "tenmado"
#define PACKAGE_VERSION "0.7"
#define STDC_HEADERS 1
#define VERSION "0.7"

configure: exit 0
