This file contains any messages produced by compilers while
running configure, to aid debugging if configure makes a mistake.

It was created by dangen configure 0.3, which was
generated by GNU Autoconf 2.59.  Invocation command line was

  $ ./configure --host=m68k-amigaos --target=m68k-amigaos --build=i686-pc-cygwin --with-cpu=m68040 --prefix=/usr/local/amiga/m68k-amigaos --disable-dependency-tracking

## --------- ##
## Platform. ##
## --------- ##

hostname = Artu
uname -m = i686
uname -r = 1.5.25(0.156/4/2)
uname -s = CYGWIN_NT-5.1
uname -v = 2008-06-12 19:34

/usr/bin/uname -p = unknown
/bin/uname -X     = unknown

/bin/arch              = i686
/usr/bin/arch -k       = unknown
/usr/convex/getsysinfo = unknown
hostinfo               = unknown
/bin/machine           = unknown
/usr/bin/oslevel       = unknown
/bin/universe          = unknown

PATH: /usr/local/bin
PATH: /usr/bin
PATH: /bin
PATH: /usr/X11R6/bin
PATH: /cygdrive/e/WINDOWS/system32
PATH: /cygdrive/e/WINDOWS
PATH: /cygdrive/e/WINDOWS/System32/Wbem
PATH: /cygdrive/e/Program Files/Microsoft SQL Server/80/Tools/BINN
PATH: /cygdrive/e/Program Files/Microsoft SQL Server/80/Tools/Binn/
PATH: /cygdrive/e
PATH: /cygdrive/e/Program Files/TortoiseSVN/bin
PATH: /cygdrive/e/Gry/amiga/AmiKit
PATH: /usr/local/amiga
PATH: /cygdrive/e/Documents and Settings/All Users/Documents/RAD Studio/5.0/Bpl
PATH: /cygdrive/e/WINDOWS/system32
PATH: /cygdrive/e/WINDOWS
PATH: /cygdrive/e/WINDOWS/System32/wbe


## ----------- ##
## Core tests. ##
## ----------- ##

configure:1360: checking for a BSD-compatible install
configure:1415: result: /usr/bin/install -c
configure:1426: checking whether build environment is sane
configure:1469: result: yes
configure:1502: checking for gawk
configure:1518: found /usr/bin/gawk
configure:1528: result: gawk
configure:1538: checking whether make sets $(MAKE)
configure:1562: result: no
configure:1637: checking for m68k-amigaos-strip
configure:1666: result: no
configure:1675: checking for strip
configure:1691: found /usr/bin/strip
configure:1702: result: strip
configure:1732: checking for gawk
configure:1758: result: gawk
configure:1776: checking for m68k-amigaos-gcc
configure:1792: found /usr/bin/m68k-amigaos-gcc
configure:1802: result: m68k-amigaos-gcc
configure:2084: checking for C compiler version
configure:2087: m68k-amigaos-gcc --version </dev/null >&5
m68k-amigaos-gcc (GCC) 3.4.0
Copyright (C) 2004 Free Software Foundation, Inc.
This is free software; see the source for copying conditions.  There is NO
warranty; not even for MERCHANTABILITY or FITNESS FOR A PARTICULAR PURPOSE.

configure:2090: $? = 0
configure:2092: m68k-amigaos-gcc -v </dev/null >&5
Reading specs from /usr/local/amiga/lib/gcc/m68k-amigaos/3.4.0/specs
Configured with: ../gcc-3.4.0/configure --prefix=/usr/local/amiga --target=m68k-amigaos --enable-languages=c
Thread model: single
gcc version 3.4.0
configure:2095: $? = 0
configure:2097: m68k-amigaos-gcc -V </dev/null >&5
m68k-amigaos-gcc: `-V' option must have argument
configure:2100: $? = 1
configure:2123: checking for C compiler default output file name
configure:2126: m68k-amigaos-gcc    conftest.c  >&5
configure:2129: $? = 0
configure:2175: result: a.out
configure:2180: checking whether the C compiler works
configure:2206: result: yes
configure:2213: checking whether we are cross compiling
configure:2215: result: yes
configure:2218: checking for suffix of executables
configure:2220: m68k-amigaos-gcc -o conftest    conftest.c  >&5
configure:2223: $? = 0
configure:2248: result: 
configure:2254: checking for suffix of object files
configure:2275: m68k-amigaos-gcc -c   conftest.c >&5
configure:2278: $? = 0
configure:2300: result: o
configure:2304: checking whether we are using the GNU C compiler
configure:2328: m68k-amigaos-gcc -c   conftest.c >&5
configure:2334: $? = 0
configure:2337: test -z 			 || test ! -s conftest.err
configure:2340: $? = 0
configure:2343: test -s conftest.o
configure:2346: $? = 0
configure:2359: result: yes
configure:2365: checking whether m68k-amigaos-gcc accepts -g
configure:2386: m68k-amigaos-gcc -c -g  conftest.c >&5
configure:2392: $? = 0
configure:2395: test -z 			 || test ! -s conftest.err
configure:2398: $? = 0
configure:2401: test -s conftest.o
configure:2404: $? = 0
configure:2415: result: yes
configure:2432: checking for m68k-amigaos-gcc option to accept ANSI C
configure:2502: m68k-amigaos-gcc  -c -g -O2  conftest.c >&5
configure:2508: $? = 0
configure:2511: test -z 			 || test ! -s conftest.err
configure:2514: $? = 0
configure:2517: test -s conftest.o
configure:2520: $? = 0
configure:2538: result: none needed
configure:2556: m68k-amigaos-gcc -c -g -O2  conftest.c >&5
conftest.c:2: error: syntax error before "me"
configure:2562: $? = 1
configure: failed program was:
| #ifndef __cplusplus
|   choke me
| #endif
configure:2703: checking for style of include used by make
configure:2731: result: GNU
configure:2759: checking dependency style of m68k-amigaos-gcc
configure:2842: result: none
configure:2859: checking whether ln -s works
configure:2863: result: yes
configure:2870: checking whether make sets $(MAKE)
configure:2894: result: no
configure:2902: checking for m68k-amigaos-ranlib
configure:2918: found /usr/bin/m68k-amigaos-ranlib
configure:2928: result: m68k-amigaos-ranlib
configure:2984: checking for flex
configure:3013: result: no
configure:2984: checking for lex
configure:3013: result: no
configure:3023: checking for yywrap in -lfl
configure:3053: m68k-amigaos-gcc -o conftest -g -O2   conftest.c -lfl   >&5
/usr/local/amiga/lib/gcc/m68k-amigaos/3.4.0/../../../../m68k-amigaos/bin/ld: cannot find -lfl
collect2: ld returned 1 exit status
configure:3059: $? = 1
configure: failed program was:
| /* confdefs.h.  */
| 
| #define PACKAGE_NAME "dangen"
| #define PACKAGE_TARNAME "dangen"
| #define PACKAGE_VERSION "0.3"
| #define PACKAGE_STRING "dangen 0.3"
| #define PACKAGE_BUGREPORT "oohara@libra.interq.or.jp"
| #define PACKAGE "dangen"
| #define VERSION "0.3"
| /* end confdefs.h.  */
| 
| /* Override any gcc2 internal prototype to avoid an error.  */
| #ifdef __cplusplus
| extern "C"
| #endif
| /* We use char because int might match the return type of a gcc2
|    builtin and then its argument prototype would still apply.  */
| char yywrap ();
| int
| main ()
| {
| yywrap ();
|   ;
|   return 0;
| }
configure:3084: result: no
configure:3089: checking for yywrap in -ll
configure:3119: m68k-amigaos-gcc -o conftest -g -O2   conftest.c -ll   >&5
/usr/local/amiga/lib/gcc/m68k-amigaos/3.4.0/../../../../m68k-amigaos/bin/ld: cannot find -ll
collect2: ld returned 1 exit status
configure:3125: $? = 1
configure: failed program was:
| /* confdefs.h.  */
| 
| #define PACKAGE_NAME "dangen"
| #define PACKAGE_TARNAME "dangen"
| #define PACKAGE_VERSION "0.3"
| #define PACKAGE_STRING "dangen 0.3"
| #define PACKAGE_BUGREPORT "oohara@libra.interq.or.jp"
| #define PACKAGE "dangen"
| #define VERSION "0.3"
| /* end confdefs.h.  */
| 
| /* Override any gcc2 internal prototype to avoid an error.  */
| #ifdef __cplusplus
| extern "C"
| #endif
| /* We use char because int might match the return type of a gcc2
|    builtin and then its argument prototype would still apply.  */
| char yywrap ();
| int
| main ()
| {
| yywrap ();
|   ;
|   return 0;
| }
configure:3150: result: no
configure:3258: checking for bison
configure:3287: result: no
configure:3258: checking for byacc
configure:3287: result: no
configure:3298: checking for sin in -lm
configure:3328: m68k-amigaos-gcc -o conftest -g -O2   conftest.c -lm   >&5
conftest.c:18: warning: conflicting types for built-in function 'sin'
configure:3334: $? = 0
configure:3337: test -z 			 || test ! -s conftest.err
configure:3340: $? = 0
configure:3343: test -s conftest
configure:3346: $? = 0
configure:3359: result: yes
configure:3390: checking how to run the C preprocessor
configure:3425: m68k-amigaos-gcc -E  conftest.c
configure:3431: $? = 0
configure:3463: m68k-amigaos-gcc -E  conftest.c
conftest.c:12:28: ac_nonexistent.h: No such file or directory
configure:3469: $? = 1
configure: failed program was:
| /* confdefs.h.  */
| 
| #define PACKAGE_NAME "dangen"
| #define PACKAGE_TARNAME "dangen"
| #define PACKAGE_VERSION "0.3"
| #define PACKAGE_STRING "dangen 0.3"
| #define PACKAGE_BUGREPORT "oohara@libra.interq.or.jp"
| #define PACKAGE "dangen"
| #define VERSION "0.3"
| #define HAVE_LIBM 1
| /* end confdefs.h.  */
| #include <ac_nonexistent.h>
configure:3508: result: m68k-amigaos-gcc -E
configure:3532: m68k-amigaos-gcc -E  conftest.c
configure:3538: $? = 0
configure:3570: m68k-amigaos-gcc -E  conftest.c
conftest.c:12:28: ac_nonexistent.h: No such file or directory
configure:3576: $? = 1
configure: failed program was:
| /* confdefs.h.  */
| 
| #define PACKAGE_NAME "dangen"
| #define PACKAGE_TARNAME "dangen"
| #define PACKAGE_VERSION "0.3"
| #define PACKAGE_STRING "dangen 0.3"
| #define PACKAGE_BUGREPORT "oohara@libra.interq.or.jp"
| #define PACKAGE "dangen"
| #define VERSION "0.3"
| #define HAVE_LIBM 1
| /* end confdefs.h.  */
| #include <ac_nonexistent.h>
configure:3620: checking for egrep
configure:3630: result: grep -E
configure:3635: checking for ANSI C header files
configure:3660: m68k-amigaos-gcc -c -g -O2  conftest.c >&5
configure:3666: $? = 0
configure:3669: test -z 			 || test ! -s conftest.err
configure:3672: $? = 0
configure:3675: test -s conftest.o
configure:3678: $? = 0
configure:3790: result: yes
configure:3814: checking for sys/types.h
configure:3830: m68k-amigaos-gcc -c -g -O2  conftest.c >&5
configure:3836: $? = 0
configure:3839: test -z 			 || test ! -s conftest.err
configure:3842: $? = 0
configure:3845: test -s conftest.o
configure:3848: $? = 0
configure:3859: result: yes
configure:3814: checking for sys/stat.h
configure:3830: m68k-amigaos-gcc -c -g -O2  conftest.c >&5
configure:3836: $? = 0
configure:3839: test -z 			 || test ! -s conftest.err
configure:3842: $? = 0
configure:3845: test -s conftest.o
configure:3848: $? = 0
configure:3859: result: yes
configure:3814: checking for stdlib.h
configure:3830: m68k-amigaos-gcc -c -g -O2  conftest.c >&5
configure:3836: $? = 0
configure:3839: test -z 			 || test ! -s conftest.err
configure:3842: $? = 0
configure:3845: test -s conftest.o
configure:3848: $? = 0
configure:3859: result: yes
configure:3814: checking for string.h
configure:3830: m68k-amigaos-gcc -c -g -O2  conftest.c >&5
configure:3836: $? = 0
configure:3839: test -z 			 || test ! -s conftest.err
configure:3842: $? = 0
configure:3845: test -s conftest.o
configure:3848: $? = 0
configure:3859: result: yes
configure:3814: checking for memory.h
configure:3830: m68k-amigaos-gcc -c -g -O2  conftest.c >&5
configure:3836: $? = 0
configure:3839: test -z 			 || test ! -s conftest.err
configure:3842: $? = 0
configure:3845: test -s conftest.o
configure:3848: $? = 0
configure:3859: result: yes
configure:3814: checking for strings.h
configure:3830: m68k-amigaos-gcc -c -g -O2  conftest.c >&5
configure:3836: $? = 0
configure:3839: test -z 			 || test ! -s conftest.err
configure:3842: $? = 0
configure:3845: test -s conftest.o
configure:3848: $? = 0
configure:3859: result: yes
configure:3814: checking for inttypes.h
configure:3830: m68k-amigaos-gcc -c -g -O2  conftest.c >&5
In file included from /usr/local/amiga/lib/gcc/m68k-amigaos/3.4.0/../../../../m68k-amigaos/sys-include/tr1/cstdint:43,
                 from /usr/local/amiga/lib/gcc/m68k-amigaos/3.4.0/../../../../m68k-amigaos/sys-include/tr1/cinttypes:37,
                 from /usr/local/amiga/lib/gcc/m68k-amigaos/3.4.0/../../../../m68k-amigaos/include/inttypes.h:37,
                 from conftest.c:54:
/usr/local/amiga/lib/gcc/m68k-amigaos/3.4.0/../../../../m68k-amigaos/include/bits/c++config.h:233: error: syntax error before "std"
/usr/local/amiga/lib/gcc/m68k-amigaos/3.4.0/../../../../m68k-amigaos/include/bits/c++config.h:233: error: syntax error before '{' token
In file included from /usr/local/amiga/lib/gcc/m68k-amigaos/3.4.0/../../../../m68k-amigaos/sys-include/tr1/cinttypes:37,
                 from /usr/local/amiga/lib/gcc/m68k-amigaos/3.4.0/../../../../m68k-amigaos/include/inttypes.h:37,
                 from conftest.c:54:
/usr/local/amiga/lib/gcc/m68k-amigaos/3.4.0/../../../../m68k-amigaos/sys-include/tr1/cstdint:52:30: tr1_impl/cstdint: No such file or directory
In file included from /usr/local/amiga/lib/gcc/m68k-amigaos/3.4.0/../../../../m68k-amigaos/include/inttypes.h:37,
                 from conftest.c:54:
/usr/local/amiga/lib/gcc/m68k-amigaos/3.4.0/../../../../m68k-amigaos/sys-include/tr1/cinttypes:46:32: tr1_impl/cinttypes: No such file or directory
configure:3836: $? = 1
configure: failed program was:
| /* confdefs.h.  */
| 
| #define PACKAGE_NAME "dangen"
| #define PACKAGE_TARNAME "dangen"
| #define PACKAGE_VERSION "0.3"
| #define PACKAGE_STRING "dangen 0.3"
| #define PACKAGE_BUGREPORT "oohara@libra.interq.or.jp"
| #define PACKAGE "dangen"
| #define VERSION "0.3"
| #define HAVE_LIBM 1
| #define STDC_HEADERS 1
| #define HAVE_SYS_TYPES_H 1
| #define HAVE_SYS_STAT_H 1
| #define HAVE_STDLIB_H 1
| #define HAVE_STRING_H 1
| #define HAVE_MEMORY_H 1
| #define HAVE_STRINGS_H 1
| /* end confdefs.h.  */
| #include <stdio.h>
| #if HAVE_SYS_TYPES_H
| # include <sys/types.h>
| #endif
| #if HAVE_SYS_STAT_H
| # include <sys/stat.h>
| #endif
| #if STDC_HEADERS
| # include <stdlib.h>
| # include <stddef.h>
| #else
| # if HAVE_STDLIB_H
| #  include <stdlib.h>
| # endif
| #endif
| #if HAVE_STRING_H
| # if !STDC_HEADERS && HAVE_MEMORY_H
| #  include <memory.h>
| # endif
| # include <string.h>
| #endif
| #if HAVE_STRINGS_H
| # include <strings.h>
| #endif
| #if HAVE_INTTYPES_H
| # include <inttypes.h>
| #else
| # if HAVE_STDINT_H
| #  include <stdint.h>
| # endif
| #endif
| #if HAVE_UNISTD_H
| # include <unistd.h>
| #endif
| 
| #include <inttypes.h>
configure:3859: result: no
configure:3814: checking for stdint.h
configure:3830: m68k-amigaos-gcc -c -g -O2  conftest.c >&5
In file included from /usr/local/amiga/lib/gcc/m68k-amigaos/3.4.0/../../../../m68k-amigaos/include/stdint.h:15,
                 from conftest.c:54:
/usr/local/amiga/lib/gcc/m68k-amigaos/3.4.0/../../../../m68k-amigaos/include/sys/stdint.h:71:32: machine/int_limits.h: No such file or directory
/usr/local/amiga/lib/gcc/m68k-amigaos/3.4.0/../../../../m68k-amigaos/include/sys/stdint.h:75:31: machine/int_const.h: No such file or directory
configure:3836: $? = 1
configure: failed program was:
| /* confdefs.h.  */
| 
| #define PACKAGE_NAME "dangen"
| #define PACKAGE_TARNAME "dangen"
| #define PACKAGE_VERSION "0.3"
| #define PACKAGE_STRING "dangen 0.3"
| #define PACKAGE_BUGREPORT "oohara@libra.interq.or.jp"
| #define PACKAGE "dangen"
| #define VERSION "0.3"
| #define HAVE_LIBM 1
| #define STDC_HEADERS 1
| #define HAVE_SYS_TYPES_H 1
| #define HAVE_SYS_STAT_H 1
| #define HAVE_STDLIB_H 1
| #define HAVE_STRING_H 1
| #define HAVE_MEMORY_H 1
| #define HAVE_STRINGS_H 1
| /* end confdefs.h.  */
| #include <stdio.h>
| #if HAVE_SYS_TYPES_H
| # include <sys/types.h>
| #endif
| #if HAVE_SYS_STAT_H
| # include <sys/stat.h>
| #endif
| #if STDC_HEADERS
| # include <stdlib.h>
| # include <stddef.h>
| #else
| # if HAVE_STDLIB_H
| #  include <stdlib.h>
| # endif
| #endif
| #if HAVE_STRING_H
| # if !STDC_HEADERS && HAVE_MEMORY_H
| #  include <memory.h>
| # endif
| # include <string.h>
| #endif
| #if HAVE_STRINGS_H
| # include <strings.h>
| #endif
| #if HAVE_INTTYPES_H
| # include <inttypes.h>
| #else
| # if HAVE_STDINT_H
| #  include <stdint.h>
| # endif
| #endif
| #if HAVE_UNISTD_H
| # include <unistd.h>
| #endif
| 
| #include <stdint.h>
configure:3859: result: no
configure:3814: checking for unistd.h
configure:3830: m68k-amigaos-gcc -c -g -O2  conftest.c >&5
configure:3836: $? = 0
configure:3839: test -z 			 || test ! -s conftest.err
configure:3842: $? = 0
configure:3845: test -s conftest.o
configure:3848: $? = 0
configure:3859: result: yes
configure:3876: checking for stdlib.h
configure:3881: result: yes
configure:4025: checking for string.h
configure:4030: result: yes
configure:4174: checking for unistd.h
configure:4179: result: yes
configure:4332: checking stddef.h usability
configure:4344: m68k-amigaos-gcc -c -g -O2  conftest.c >&5
configure:4350: $? = 0
configure:4353: test -z 			 || test ! -s conftest.err
configure:4356: $? = 0
configure:4359: test -s conftest.o
configure:4362: $? = 0
configure:4372: result: yes
configure:4376: checking stddef.h presence
configure:4386: m68k-amigaos-gcc -E  conftest.c
configure:4392: $? = 0
configure:4412: result: yes
configure:4447: checking for stddef.h
configure:4454: result: yes
configure:4481: checking limits.h usability
configure:4493: m68k-amigaos-gcc -c -g -O2  conftest.c >&5
configure:4499: $? = 0
configure:4502: test -z 			 || test ! -s conftest.err
configure:4505: $? = 0
configure:4508: test -s conftest.o
configure:4511: $? = 0
configure:4521: result: yes
configure:4525: checking limits.h presence
configure:4535: m68k-amigaos-gcc -E  conftest.c
configure:4541: $? = 0
configure:4561: result: yes
configure:4596: checking for limits.h
configure:4603: result: yes
configure:4618: checking for an ANSI C-conforming const
configure:4685: m68k-amigaos-gcc -c -g -O2  conftest.c >&5
configure:4691: $? = 0
configure:4694: test -z 			 || test ! -s conftest.err
configure:4697: $? = 0
configure:4700: test -s conftest.o
configure:4703: $? = 0
configure:4714: result: yes
configure:4724: checking for uid_t in sys/types.h
configure:4747: result: yes
configure:4762: checking whether struct tm is in sys/time.h or time.h
configure:4785: m68k-amigaos-gcc -c -g -O2  conftest.c >&5
configure:4791: $? = 0
configure:4794: test -z 			 || test ! -s conftest.err
configure:4797: $? = 0
configure:4800: test -s conftest.o
configure:4803: $? = 0
configure:4814: result: time.h
configure:4824: checking for size_t
configure:4848: m68k-amigaos-gcc -c -g -O2  conftest.c >&5
configure:4854: $? = 0
configure:4857: test -z 			 || test ! -s conftest.err
configure:4860: $? = 0
configure:4863: test -s conftest.o
configure:4866: $? = 0
configure:4877: result: yes
configure:4896: checking for stdlib.h
configure:4901: result: yes
configure:5040: checking for GNU libc compatible malloc
configure:5091: result: no
configure:5126: checking for stdlib.h
configure:5131: result: yes
configure:5270: checking for GNU libc compatible realloc
configure:5321: result: no
configure:5355: checking for atexit
configure:5412: m68k-amigaos-gcc -o conftest -g -O2   conftest.c -lm  >&5
configure:5418: $? = 0
configure:5421: test -z 			 || test ! -s conftest.err
configure:5424: $? = 0
configure:5427: test -s conftest
configure:5430: $? = 0
configure:5442: result: yes
configure:5456: checking for sqrt
configure:5513: m68k-amigaos-gcc -o conftest -g -O2   conftest.c -lm  >&5
conftest.c:56: warning: conflicting types for built-in function 'sqrt'
configure:5519: $? = 0
configure:5522: test -z 			 || test ! -s conftest.err
configure:5525: $? = 0
configure:5528: test -s conftest
configure:5531: $? = 0
configure:5543: result: yes
configure:5557: checking for strdup
configure:5614: m68k-amigaos-gcc -o conftest -g -O2   conftest.c -lm  >&5
conftest.c:57: warning: conflicting types for built-in function 'strdup'
configure:5620: $? = 0
configure:5623: test -z 			 || test ! -s conftest.err
configure:5626: $? = 0
configure:5629: test -s conftest
configure:5632: $? = 0
configure:5644: result: yes
configure:5658: checking for memset
configure:5715: m68k-amigaos-gcc -o conftest -g -O2   conftest.c -lm  >&5
conftest.c:58: warning: conflicting types for built-in function 'memset'
configure:5721: $? = 0
configure:5724: test -z 			 || test ! -s conftest.err
configure:5727: $? = 0
configure:5730: test -s conftest
configure:5733: $? = 0
configure:5745: result: yes
configure:5759: checking for strtol
configure:5816: m68k-amigaos-gcc -o conftest -g -O2   conftest.c -lm  >&5
configure:5822: $? = 0
configure:5825: test -z 			 || test ! -s conftest.err
configure:5828: $? = 0
configure:5831: test -s conftest
configure:5834: $? = 0
configure:5846: result: yes
configure:5968: creating ./config.status

## ---------------------- ##
## Running config.status. ##
## ---------------------- ##

This file was extended by dangen config.status 0.3, which was
generated by GNU Autoconf 2.59.  Invocation command line was

  CONFIG_FILES    = 
  CONFIG_HEADERS  = 
  CONFIG_LINKS    = 
  CONFIG_COMMANDS = 
  $ ./config.status 

on Artu

config.status:736: creating Makefile
config.status:736: creating libtenm/Makefile
config.status:736: creating record/Makefile
config.status:736: creating spqr/Makefile
config.status:736: creating spqr/image/Makefile
config.status:802: creating config.h
config.status:1118: executing depfiles commands

## ---------------- ##
## Cache variables. ##
## ---------------- ##

ac_cv_c_compiler_gnu=yes
ac_cv_c_const=yes
ac_cv_env_CC_set=
ac_cv_env_CC_value=
ac_cv_env_CFLAGS_set=
ac_cv_env_CFLAGS_value=
ac_cv_env_CPPFLAGS_set=
ac_cv_env_CPPFLAGS_value=
ac_cv_env_CPP_set=
ac_cv_env_CPP_value=
ac_cv_env_LDFLAGS_set=
ac_cv_env_LDFLAGS_value=
ac_cv_env_build_alias_set=set
ac_cv_env_build_alias_value=i686-pc-cygwin
ac_cv_env_host_alias_set=set
ac_cv_env_host_alias_value=m68k-amigaos
ac_cv_env_target_alias_set=set
ac_cv_env_target_alias_value=m68k-amigaos
ac_cv_exeext=
ac_cv_func_atexit=yes
ac_cv_func_malloc_0_nonnull=no
ac_cv_func_memset=yes
ac_cv_func_realloc_0_nonnull=no
ac_cv_func_sqrt=yes
ac_cv_func_strdup=yes
ac_cv_func_strtol=yes
ac_cv_header_inttypes_h=no
ac_cv_header_limits_h=yes
ac_cv_header_memory_h=yes
ac_cv_header_stdc=yes
ac_cv_header_stddef_h=yes
ac_cv_header_stdint_h=no
ac_cv_header_stdlib_h=yes
ac_cv_header_string_h=yes
ac_cv_header_strings_h=yes
ac_cv_header_sys_stat_h=yes
ac_cv_header_sys_types_h=yes
ac_cv_header_unistd_h=yes
ac_cv_lib_fl_yywrap=no
ac_cv_lib_l_yywrap=no
ac_cv_lib_m_sin=yes
ac_cv_objext=o
ac_cv_path_install='/usr/bin/install -c'
ac_cv_prog_AWK=gawk
ac_cv_prog_CC=m68k-amigaos-gcc
ac_cv_prog_CPP='m68k-amigaos-gcc -E'
ac_cv_prog_RANLIB=m68k-amigaos-ranlib
ac_cv_prog_ac_ct_STRIP=strip
ac_cv_prog_cc_g=yes
ac_cv_prog_cc_stdc=
ac_cv_prog_egrep='grep -E'
ac_cv_prog_make_make_set=no
ac_cv_struct_tm=time.h
ac_cv_type_size_t=yes
ac_cv_type_uid_t=yes
am_cv_CC_dependencies_compiler_type=none

## ----------------- ##
## Output variables. ##
## ----------------- ##

ACLOCAL='${SHELL} /cygdrive/e/syf/Dangen/Source/missing --run aclocal-1.7'
AMDEPBACKSLASH=''
AMDEP_FALSE=''
AMDEP_TRUE='#'
AMTAR='${SHELL} /cygdrive/e/syf/Dangen/Source/missing --run tar'
AUTOCONF='${SHELL} /cygdrive/e/syf/Dangen/Source/missing --run autoconf'
AUTOHEADER='${SHELL} /cygdrive/e/syf/Dangen/Source/missing --run autoheader'
AUTOMAKE='${SHELL} /cygdrive/e/syf/Dangen/Source/missing --run automake-1.7'
AWK='gawk'
CC='m68k-amigaos-gcc'
CCDEPMODE='depmode=none'
CFLAGS='-g -O2'
CPP='m68k-amigaos-gcc -E'
CPPFLAGS=''
CYGPATH_W='cygpath -w'
DEFS='-DHAVE_CONFIG_H'
DEPDIR='.deps'
ECHO_C=''
ECHO_N='-n'
ECHO_T=''
EGREP='grep -E'
EXEEXT=''
INSTALL_DATA='${INSTALL} -m 644'
INSTALL_PROGRAM='${INSTALL}'
INSTALL_SCRIPT='${INSTALL}'
INSTALL_STRIP_PROGRAM='${SHELL} $(install_sh) -c -s'
LDFLAGS=''
LEX='${SHELL} /cygdrive/e/syf/Dangen/Source/missing --run flex'
LEXLIB=''
LEX_OUTPUT_ROOT=''
LIBOBJS=' malloc$U.o realloc$U.o'
LIBS='-lm '
LN_S='ln -s'
LTLIBOBJS=' malloc$U.lo realloc$U.lo'
MAKEINFO='${SHELL} /cygdrive/e/syf/Dangen/Source/missing --run makeinfo'
OBJEXT='o'
PACKAGE='dangen'
PACKAGE_BUGREPORT='oohara@libra.interq.or.jp'
PACKAGE_NAME='dangen'
PACKAGE_STRING='dangen 0.3'
PACKAGE_TARNAME='dangen'
PACKAGE_VERSION='0.3'
PATH_SEPARATOR=':'
RANLIB='m68k-amigaos-ranlib'
SET_MAKE='MAKE=make'
SHELL='/bin/sh'
STRIP='strip'
VERSION='0.3'
YACC='yacc'
ac_ct_CC=''
ac_ct_RANLIB=''
ac_ct_STRIP='strip'
am__fastdepCC_FALSE=''
am__fastdepCC_TRUE='#'
am__include='include'
am__leading_dot='.'
am__quote=''
bindir='${exec_prefix}/bin'
build_alias='i686-pc-cygwin'
datadir='${prefix}/share'
exec_prefix='${prefix}'
host_alias='m68k-amigaos'
includedir='${prefix}/include'
infodir='${prefix}/info'
install_sh='/cygdrive/e/syf/Dangen/Source/install-sh'
libdir='${exec_prefix}/lib'
libexecdir='${exec_prefix}/libexec'
localstatedir='${prefix}/var'
mandir='${prefix}/man'
oldincludedir='/usr/include'
prefix='/usr/local/amiga/m68k-amigaos'
program_transform_name='s,x,x,'
sbindir='${exec_prefix}/sbin'
sharedstatedir='${prefix}/com'
sysconfdir='${prefix}/etc'
target_alias='m68k-amigaos'

## ----------- ##
## confdefs.h. ##
## ----------- ##

#define HAVE_ATEXIT 1
#define HAVE_LIBM 1
#define HAVE_LIMITS_H 1
#define HAVE_MALLOC 0
#define HAVE_MEMORY_H 1
#define HAVE_MEMSET 1
#define HAVE_REALLOC 0
#define HAVE_SQRT 1
#define HAVE_STDDEF_H 1
#define HAVE_STDLIB_H 1
#define HAVE_STDLIB_H 1
#define HAVE_STDLIB_H 1
#define HAVE_STDLIB_H 1
#define HAVE_STRDUP 1
#define HAVE_STRINGS_H 1
#define HAVE_STRING_H 1
#define HAVE_STRING_H 1
#define HAVE_STRTOL 1
#define HAVE_SYS_STAT_H 1
#define HAVE_SYS_TYPES_H 1
#define HAVE_UNISTD_H 1
#define HAVE_UNISTD_H 1
#define PACKAGE "dangen"
#define PACKAGE_BUGREPORT "oohara@libra.interq.or.jp"
#define PACKAGE_NAME "dangen"
#define PACKAGE_STRING "dangen 0.3"
#define PACKAGE_TARNAME "dangen"
#define PACKAGE_VERSION "0.3"
#define STDC_HEADERS 1
#define VERSION "0.3"
#define malloc rpl_malloc
#define realloc rpl_realloc

configure: exit 0
