This file contains any messages produced by compilers while
running configure, to aid debugging if configure makes a mistake.

It was created by configure, which was
generated by GNU Autoconf 2.59.  Invocation command line was

  $ configure 

## --------- ##
## Platform. ##
## --------- ##

hostname = localhost
uname -m = powerpc
uname -r = 1.4
uname -s = MorphOS
uname -v = 50.60

/usr/bin/uname -p = unknown
/bin/uname -X     = unknown

/bin/arch              = unknown
/usr/bin/arch -k       = unknown
/usr/convex/getsysinfo = unknown
hostinfo               = unknown
/bin/machine           = unknown
/usr/bin/oslevel       = unknown
/bin/universe          = unknown

PATH: .
PATH: /bin
PATH: /usr/bin
PATH: /usr/local/bin
PATH: /mossys/c
PATH: /c
PATH: .


## ----------- ##
## Core tests. ##
## ----------- ##

configure:1527: checking for a BSD-compatible install
configure:1582: result: /bin/install -c
configure:1593: checking whether build environment is sane
configure:1636: result: yes
configure:1661: WARNING: `missing' script is too old or missing
configure:1669: checking for gawk
configure:1685: found /bin/gawk
configure:1695: result: gawk
configure:1705: checking whether make sets $(MAKE)
configure:1725: result: yes
configure:1929: checking for g++
configure:1945: found /bin/g++
configure:1955: result: g++
configure:1971: checking for C++ compiler version
configure:1974: g++ --version </dev/null >&5
2.95.3
configure:1977: $? = 0
configure:1979: g++ -v </dev/null >&5
Reading specs from /gg/lib/gcc-lib/ppc-morphos/2.95.3/specs
gcc version 2.95.3 20010315 (release/cisc)
configure:1982: $? = 0
configure:1984: g++ -V </dev/null >&5
g++: argument to `-V' missing

configure:1987: $? = 1
configure:2010: checking for C++ compiler default output file name
configure:2013: g++    conftest.cc  >&5
configure:2016: $? = 0
configure:2062: result: a.out
configure:2067: checking whether the C++ compiler works
configure:2073: ./a.out
configure:2076: $? = 0
configure:2093: result: yes
configure:2100: checking whether we are cross compiling
configure:2102: result: no
configure:2105: checking for suffix of executables
configure:2107: g++ -o conftest    conftest.cc  >&5
configure:2110: $? = 0
configure:2135: result: 
configure:2141: checking for suffix of object files
configure:2162: g++ -c   conftest.cc >&5
configure:2165: $? = 0
configure:2187: result: o
configure:2191: checking whether we are using the GNU C++ compiler
configure:2215: g++ -c   conftest.cc >&5
configure:2221: $? = 0
configure:2225: test -z 
			 || test ! -s conftest.err
configure:2228: $? = 0
configure:2231: test -s conftest.o
configure:2234: $? = 0
configure:2247: result: yes
configure:2253: checking whether g++ accepts -g
configure:2274: g++ -c -g  conftest.cc >&5
configure:2280: $? = 0
configure:2284: test -z 
			 || test ! -s conftest.err
configure:2287: $? = 0
configure:2290: test -s conftest.o
configure:2293: $? = 0
configure:2304: result: yes
configure:2346: g++ -c -g -O2  conftest.cc >&5
configure:2352: $? = 0
configure:2356: test -z 
			 || test ! -s conftest.err
configure:2359: $? = 0
configure:2362: test -s conftest.o
configure:2365: $? = 0
configure:2391: g++ -c -g -O2  conftest.cc >&5
configure:2397: $? = 0
configure:2401: test -z 
			 || test ! -s conftest.err
configure:2404: $? = 0
configure:2407: test -s conftest.o
configure:2410: $? = 0
configure:2452: checking for style of include used by make
configure:2480: result: GNU
configure:2508: checking dependency style of g++
configure:2570: result: gcc
configure:2647: checking build system type
configure:2665: result: powerpc-unknown-morphos
configure:2673: checking host system type
configure:2687: result: powerpc-unknown-morphos
configure:2741: checking for gcc
configure:2757: found /bin/gcc
configure:2767: result: gcc
configure:3011: checking for C compiler version
configure:3014: gcc --version </dev/null >&5
2.95.3
configure:3017: $? = 0
configure:3019: gcc -v </dev/null >&5
Reading specs from /gg/lib/gcc-lib/ppc-morphos/2.95.3/specs
gcc version 2.95.3 20020615 (experimental/emm)
configure:3022: $? = 0
configure:3024: gcc -V </dev/null >&5
gcc: argument to `-V' is missing
configure:3027: $? = 1
configure:3030: checking whether we are using the GNU C compiler
configure:3054: gcc -c   conftest.c >&5
configure:3060: $? = 0
configure:3064: test -z 
			 || test ! -s conftest.err
configure:3067: $? = 0
configure:3070: test -s conftest.o
configure:3073: $? = 0
configure:3086: result: yes
configure:3092: checking whether gcc accepts -g
configure:3113: gcc -c -g  conftest.c >&5
configure:3119: $? = 0
configure:3123: test -z 
			 || test ! -s conftest.err
configure:3126: $? = 0
configure:3129: test -s conftest.o
configure:3132: $? = 0
configure:3143: result: yes
configure:3160: checking for gcc option to accept ANSI C
configure:3230: gcc  -c -g -O2  conftest.c >&5
configure:3236: $? = 0
configure:3240: test -z 
			 || test ! -s conftest.err
configure:3243: $? = 0
configure:3246: test -s conftest.o
configure:3249: $? = 0
configure:3267: result: none needed
configure:3285: gcc -c -g -O2  conftest.c >&5
conftest.c:2: parse error before `me'
configure:3291: $? = 1
configure: failed program was:
| #ifndef __cplusplus
|   choke me
| #endif
configure:3426: checking dependency style of gcc
configure:3488: result: gcc
configure:3515: checking for ld used by GCC
configure:3578: result: /gg/ppc-morphos/bin/ld
configure:3587: checking if the linker (/gg/ppc-morphos/bin/ld) is GNU ld
GNU ld version 2.9.1 (with BFD 2.9.1)
configure:3599: result: yes
configure:3604: checking for /gg/ppc-morphos/bin/ld option to reload object files
configure:3611: result: -r
configure:3616: checking for BSD-compatible nm
configure:3652: result: /bin/nm -B
configure:3655: checking for a sed that does not truncate output
configure:3737: result: /bin/sed
configure:3740: checking whether ln -s works
configure:3747: result: no, using cp -p
configure:3751: checking how to recognise dependent libraries
configure:3932: result: unknown
configure:3945: checking command to parse /bin/nm -B output
configure:4029: g++ -c -g -O2  conftest.cc >&5
configure:4032: $? = 0
configure:4036: /bin/nm -B conftest.o \| sed -n -e 's/^.*[ 	]\([ABCDGISTW][ABCDGISTW]*\)[ 	][ 	]*\(\)\([_A-Za-z][_A-Za-z0-9]*\)$/\1 \2\3 \3/p' \> conftest.nm
configure:4039: $? = 0
configure:4091: g++ -o conftest -g -O2   conftest.cc conftstm.o >&5
configure:4094: $? = 0
configure:4138: result: ok
configure:4148: checking how to run the C++ preprocessor
configure:4179: g++ -E  conftest.cc
configure:4185: $? = 0
configure:4217: g++ -E  conftest.cc
conftest.cc:11: ac_nonexistent.h: No such file or directory
configure:4223: $? = 1
configure: failed program was:
| /* confdefs.h.  */
| 
| #define PACKAGE_NAME ""
| #define PACKAGE_TARNAME ""
| #define PACKAGE_VERSION ""
| #define PACKAGE_STRING ""
| #define PACKAGE_BUGREPORT ""
| #define PACKAGE "aklabeth"
| #define VERSION "1.0"
| /* end confdefs.h.  */
| #include <ac_nonexistent.h>
configure:4262: result: g++ -E
configure:4286: g++ -E  conftest.cc
configure:4292: $? = 0
configure:4324: g++ -E  conftest.cc
conftest.cc:11: ac_nonexistent.h: No such file or directory
configure:4330: $? = 1
configure: failed program was:
| /* confdefs.h.  */
| 
| #define PACKAGE_NAME ""
| #define PACKAGE_TARNAME ""
| #define PACKAGE_VERSION ""
| #define PACKAGE_STRING ""
| #define PACKAGE_BUGREPORT ""
| #define PACKAGE "aklabeth"
| #define VERSION "1.0"
| /* end confdefs.h.  */
| #include <ac_nonexistent.h>
configure:4374: checking for egrep
configure:4384: result: grep -E
configure:4389: checking for ANSI C header files
configure:4414: g++ -c -g -O2  conftest.cc >&5
configure:4420: $? = 0
configure:4424: test -z 
			 || test ! -s conftest.err
configure:4427: $? = 0
configure:4430: test -s conftest.o
configure:4433: $? = 0
configure:4522: g++ -o conftest -g -O2   conftest.cc  >&5
configure:4525: $? = 0
configure:4527: ./conftest
configure:4530: $? = 0
configure:4545: result: yes
configure:4569: checking for sys/types.h
configure:4585: g++ -c -g -O2  conftest.cc >&5
configure:4591: $? = 0
configure:4595: test -z 
			 || test ! -s conftest.err
configure:4598: $? = 0
configure:4601: test -s conftest.o
configure:4604: $? = 0
configure:4615: result: yes
configure:4569: checking for sys/stat.h
configure:4585: g++ -c -g -O2  conftest.cc >&5
configure:4591: $? = 0
configure:4595: test -z 
			 || test ! -s conftest.err
configure:4598: $? = 0
configure:4601: test -s conftest.o
configure:4604: $? = 0
configure:4615: result: yes
configure:4569: checking for stdlib.h
configure:4585: g++ -c -g -O2  conftest.cc >&5
configure:4591: $? = 0
configure:4595: test -z 
			 || test ! -s conftest.err
configure:4598: $? = 0
configure:4601: test -s conftest.o
configure:4604: $? = 0
configure:4615: result: yes
configure:4569: checking for string.h
configure:4585: g++ -c -g -O2  conftest.cc >&5
configure:4591: $? = 0
configure:4595: test -z 
			 || test ! -s conftest.err
configure:4598: $? = 0
configure:4601: test -s conftest.o
configure:4604: $? = 0
configure:4615: result: yes
configure:4569: checking for memory.h
configure:4585: g++ -c -g -O2  conftest.cc >&5
configure:4591: $? = 0
configure:4595: test -z 
			 || test ! -s conftest.err
configure:4598: $? = 0
configure:4601: test -s conftest.o
configure:4604: $? = 0
configure:4615: result: yes
configure:4569: checking for strings.h
configure:4585: g++ -c -g -O2  conftest.cc >&5
configure:4591: $? = 0
configure:4595: test -z 
			 || test ! -s conftest.err
configure:4598: $? = 0
configure:4601: test -s conftest.o
configure:4604: $? = 0
configure:4615: result: yes
configure:4569: checking for inttypes.h
configure:4585: g++ -c -g -O2  conftest.cc >&5
configure:4591: $? = 0
configure:4595: test -z 
			 || test ! -s conftest.err
configure:4598: $? = 0
configure:4601: test -s conftest.o
configure:4604: $? = 0
configure:4615: result: yes
configure:4569: checking for stdint.h
configure:4585: g++ -c -g -O2  conftest.cc >&5
conftest.cc:54: stdint.h: No such file or directory
configure:4591: $? = 1
configure: failed program was:
| /* confdefs.h.  */
| 
| #define PACKAGE_NAME ""
| #define PACKAGE_TARNAME ""
| #define PACKAGE_VERSION ""
| #define PACKAGE_STRING ""
| #define PACKAGE_BUGREPORT ""
| #define PACKAGE "aklabeth"
| #define VERSION "1.0"
| #define STDC_HEADERS 1
| #define HAVE_SYS_TYPES_H 1
| #define HAVE_SYS_STAT_H 1
| #define HAVE_STDLIB_H 1
| #define HAVE_STRING_H 1
| #define HAVE_MEMORY_H 1
| #define HAVE_STRINGS_H 1
| #define HAVE_INTTYPES_H 1
| /* end confdefs.h.  */
| #include <stdio.h>
| #if HAVE_SYS_TYPES_H
| # include <sys/types.h>
| #endif
| #if HAVE_SYS_STAT_H
| # include <sys/stat.h>
| #endif
| #if STDC_HEADERS
| # include <stdlib.h>
| # include <stddef.h>
| #else
| # if HAVE_STDLIB_H
| #  include <stdlib.h>
| # endif
| #endif
| #if HAVE_STRING_H
| # if !STDC_HEADERS && HAVE_MEMORY_H
| #  include <memory.h>
| # endif
| # include <string.h>
| #endif
| #if HAVE_STRINGS_H
| # include <strings.h>
| #endif
| #if HAVE_INTTYPES_H
| # include <inttypes.h>
| #else
| # if HAVE_STDINT_H
| #  include <stdint.h>
| # endif
| #endif
| #if HAVE_UNISTD_H
| # include <unistd.h>
| #endif
| 
| #include <stdint.h>
configure:4615: result: no
configure:4569: checking for unistd.h
configure:4585: g++ -c -g -O2  conftest.cc >&5
configure:4591: $? = 0
configure:4595: test -z 
			 || test ! -s conftest.err
configure:4598: $? = 0
configure:4601: test -s conftest.o
configure:4604: $? = 0
configure:4615: result: yes
configure:4641: checking dlfcn.h usability
configure:4653: g++ -c -g -O2  conftest.cc >&5
conftest.cc:54: dlfcn.h: No such file or directory
configure:4659: $? = 1
configure: failed program was:
| /* confdefs.h.  */
| 
| #define PACKAGE_NAME ""
| #define PACKAGE_TARNAME ""
| #define PACKAGE_VERSION ""
| #define PACKAGE_STRING ""
| #define PACKAGE_BUGREPORT ""
| #define PACKAGE "aklabeth"
| #define VERSION "1.0"
| #define STDC_HEADERS 1
| #define HAVE_SYS_TYPES_H 1
| #define HAVE_SYS_STAT_H 1
| #define HAVE_STDLIB_H 1
| #define HAVE_STRING_H 1
| #define HAVE_MEMORY_H 1
| #define HAVE_STRINGS_H 1
| #define HAVE_INTTYPES_H 1
| #define HAVE_UNISTD_H 1
| /* end confdefs.h.  */
| #include <stdio.h>
| #if HAVE_SYS_TYPES_H
| # include <sys/types.h>
| #endif
| #if HAVE_SYS_STAT_H
| # include <sys/stat.h>
| #endif
| #if STDC_HEADERS
| # include <stdlib.h>
| # include <stddef.h>
| #else
| # if HAVE_STDLIB_H
| #  include <stdlib.h>
| # endif
| #endif
| #if HAVE_STRING_H
| # if !STDC_HEADERS && HAVE_MEMORY_H
| #  include <memory.h>
| # endif
| # include <string.h>
| #endif
| #if HAVE_STRINGS_H
| # include <strings.h>
| #endif
| #if HAVE_INTTYPES_H
| # include <inttypes.h>
| #else
| # if HAVE_STDINT_H
| #  include <stdint.h>
| # endif
| #endif
| #if HAVE_UNISTD_H
| # include <unistd.h>
| #endif
| #include <dlfcn.h>
configure:4682: result: no
configure:4686: checking dlfcn.h presence
configure:4696: g++ -E  conftest.cc
conftest.cc:20: dlfcn.h: No such file or directory
configure:4702: $? = 1
configure: failed program was:
| /* confdefs.h.  */
| 
| #define PACKAGE_NAME ""
| #define PACKAGE_TARNAME ""
| #define PACKAGE_VERSION ""
| #define PACKAGE_STRING ""
| #define PACKAGE_BUGREPORT ""
| #define PACKAGE "aklabeth"
| #define VERSION "1.0"
| #define STDC_HEADERS 1
| #define HAVE_SYS_TYPES_H 1
| #define HAVE_SYS_STAT_H 1
| #define HAVE_STDLIB_H 1
| #define HAVE_STRING_H 1
| #define HAVE_MEMORY_H 1
| #define HAVE_STRINGS_H 1
| #define HAVE_INTTYPES_H 1
| #define HAVE_UNISTD_H 1
| /* end confdefs.h.  */
| #include <dlfcn.h>
configure:4722: result: no
configure:4757: checking for dlfcn.h
configure:4764: result: no
configure:4962: checking for ranlib
configure:4978: found /bin/ranlib
configure:4989: result: ranlib
configure:5042: checking for strip
configure:5058: found /bin/strip
configure:5069: result: strip
configure:5307: checking for objdir
configure:5318: result: .libs
configure:5335: checking for gcc option to produce PIC
configure:5481: result: -fPIC
configure:5485: checking if gcc PIC flag -fPIC works
configure:5508: g++ -c -g -O2  conftest.cc >&5
configure:5514: $? = 0
configure:5518: test -z 
			 || test ! -s conftest.err
configure:5521: $? = 0
configure:5524: test -s conftest.o
configure:5527: $? = 0
configure:5565: result: yes
configure:5581: checking if gcc static flag -static works
configure:5605: g++ -o conftest -g -O2   -static conftest.cc  >&5
configure:5611: $? = 0
configure:5615: test -z 
			 || test ! -s conftest.err
configure:5618: $? = 0
configure:5621: test -s conftest
configure:5624: $? = 0
configure:5641: result: yes
configure:5653: checking if gcc supports -c -o file.o
configure:5673: g++ -c -g -O2  conftest.cc >&5
Assembler messages:
FATAL: Can't create conftest.o: Permission denied
configure:5697: result: no
configure:5780: checking if we can lock with hard links
ln: cannot create hard link `conftest.b' to `conftest.a': Operation not supported by device
configure:5788: result: no
configure:5791: WARNING: `gcc' does not support `-c -o', so `make -j' may be unsafe
configure:5801: checking if gcc supports -fno-rtti -fno-exceptions
configure:5823: g++ -c -g -O2  conftest.cc >&5
configure:5829: $? = 0
configure:5833: test -z 
			 || test ! -s conftest.err
configure:5836: $? = 0
configure:5839: test -s conftest.o
configure:5842: $? = 0
configure:5859: result: yes
configure:5870: checking whether the linker (/gg/ppc-morphos/bin/ld) supports shared libraries
configure:6589: result: yes
configure:6594: checking how to hardcode library paths into programs
configure:6618: result: immediate
configure:6623: checking whether stripping libraries is possible
configure:6628: result: yes
configure:6639: checking dynamic linker characteristics
configure:7077: result: no
configure:7082: checking if libtool supports shared libraries
configure:7084: result: no
configure:7087: checking whether to build shared libraries
configure:7108: result: no
configure:7111: checking whether to build static libraries
configure:7115: result: yes
configure:8483: checking for sdl-config
configure:8537: result: /bin/sdl-config
configure:8672: creating ./config.status

## ---------------------- ##
## Running config.status. ##
## ---------------------- ##

This file was extended by config.status, which was
generated by GNU Autoconf 2.59.  Invocation command line was

  CONFIG_FILES    = 
  CONFIG_HEADERS  = 
  CONFIG_LINKS    = 
  CONFIG_COMMANDS = 
  $ ./config.status 

on localhost

config.status:9423: creating Makefile
config.status:9423: creating src/Makefile
config.status:9526: creating config.h
config.status:9834: executing depfiles commands

## ---------------- ##
## Cache variables. ##
## ---------------- ##

ac_cv_build=powerpc-unknown-morphos
ac_cv_build_alias=powerpc-unknown-morphos
ac_cv_c_compiler_gnu=yes
ac_cv_cxx_compiler_gnu=yes
ac_cv_env_CC_set=
ac_cv_env_CC_value=
ac_cv_env_CFLAGS_set=
ac_cv_env_CFLAGS_value=
ac_cv_env_CPPFLAGS_set=
ac_cv_env_CPPFLAGS_value=
ac_cv_env_CXXCPP_set=
ac_cv_env_CXXCPP_value=
ac_cv_env_CXXFLAGS_set=
ac_cv_env_CXXFLAGS_value=
ac_cv_env_CXX_set=
ac_cv_env_CXX_value=
ac_cv_env_LDFLAGS_set=
ac_cv_env_LDFLAGS_value=
ac_cv_env_build_alias_set=
ac_cv_env_build_alias_value=
ac_cv_env_host_alias_set=
ac_cv_env_host_alias_value=
ac_cv_env_target_alias_set=
ac_cv_env_target_alias_value=
ac_cv_exeext=
ac_cv_header_dlfcn_h=no
ac_cv_header_inttypes_h=yes
ac_cv_header_memory_h=yes
ac_cv_header_stdc=yes
ac_cv_header_stdint_h=no
ac_cv_header_stdlib_h=yes
ac_cv_header_string_h=yes
ac_cv_header_strings_h=yes
ac_cv_header_sys_stat_h=yes
ac_cv_header_sys_types_h=yes
ac_cv_header_unistd_h=yes
ac_cv_host=powerpc-unknown-morphos
ac_cv_host_alias=powerpc-unknown-morphos
ac_cv_objext=o
ac_cv_path_install='/bin/install -c'
ac_cv_prog_AWK=gawk
ac_cv_prog_CXXCPP='g++ -E'
ac_cv_prog_ac_ct_CC=gcc
ac_cv_prog_ac_ct_CXX=g++
ac_cv_prog_ac_ct_RANLIB=ranlib
ac_cv_prog_ac_ct_STRIP=strip
ac_cv_prog_cc_g=yes
ac_cv_prog_cc_stdc=
ac_cv_prog_cxx_g=yes
ac_cv_prog_egrep='grep -E'
ac_cv_prog_make_make_set=yes
am_cv_CC_dependencies_compiler_type=gcc
am_cv_CXX_dependencies_compiler_type=gcc
kde_cv_path=/bin/sdl-config
kde_cv_path_sdl_config=/bin/sdl-config
lt_cv_compiler_c_o=no
lt_cv_deplibs_check_method=unknown
lt_cv_file_magic_cmd='$MAGIC_CMD'
lt_cv_file_magic_test_file=
lt_cv_global_symbol_to_c_name_address='sed -n -e '\''s/^: \([^ ]*\) $/  {\"\1\", (lt_ptr) 0},/p'\'' -e '\''s/^[BCDEGRST] \([^ ]*\) \([^ ]*\)$/  {"\2", (lt_ptr) \&\2},/p'\'
lt_cv_global_symbol_to_cdecl='sed -n -e '\''s/^. .* \(.*\)$/extern char \1;/p'\'
lt_cv_ld_reload_flag=-r
lt_cv_path_LD=/gg/ppc-morphos/bin/ld
lt_cv_path_NM='/bin/nm -B'
lt_cv_path_SED=/bin/sed
lt_cv_prog_cc_can_build_shared=yes
lt_cv_prog_cc_no_builtin=
lt_cv_prog_cc_pic=' -fPIC'
lt_cv_prog_cc_pic_works=yes
lt_cv_prog_cc_shlib=
lt_cv_prog_cc_static=-static
lt_cv_prog_cc_static_works=yes
lt_cv_prog_cc_wl=-Wl,
lt_cv_prog_gnu_ld=yes
lt_cv_sys_global_symbol_pipe='sed -n -e '\''s/^.*[ 	]\([ABCDGISTW][ABCDGISTW]*\)[ 	][ 	]*\(\)\([_A-Za-z][_A-Za-z0-9]*\)$/\1 \2\3 \3/p'\'

## ----------------- ##
## Output variables. ##
## ----------------- ##

ACLOCAL='aclocal-1.6'
AMDEPBACKSLASH='\'
AMDEP_FALSE='#'
AMDEP_TRUE=''
AMTAR='tar'
AUTOCONF='autoconf'
AUTOHEADER='autoheader'
AUTOMAKE='automake-1.6'
AWK='gawk'
CC='gcc'
CCDEPMODE='depmode=gcc'
CFLAGS='-g -O2'
CPPFLAGS=''
CXX='g++'
CXXCPP='g++ -E'
CXXDEPMODE='depmode=gcc'
CXXFLAGS='-g -O2'
DEFS='-DHAVE_CONFIG_H'
DEPDIR='.deps'
ECHO='print -r'
ECHO_C=''ECHO_N=''
ECHO_T=''
EGREP='grep -E'
EXEEXT=''
INSTALL_DATA='${INSTALL} -m 644'
INSTALL_PROGRAM='${INSTALL}'
INSTALL_SCRIPT='${INSTALL}'
INSTALL_STRIP_PROGRAM='${SHELL} $(install_sh) -c -s'
LDFLAGS=''
LIBOBJS=''
LIBS=''
LIBSDL_CFLAGS='-noixemul -I/usr/include/SDL'
LIBSDL_LIBS='-L/usr/lib -noixemul -lSDL -lc -lm'
LIBSDL_RPATH='-R/usr/lib'
LIBTOOL='$(SHELL) $(top_builddir)/libtool'
LN_S='cp -p'
LTLIBOBJS=''
MAKEINFO='makeinfo'
OBJEXT='o'
PACKAGE='aklabeth'
PACKAGE_BUGREPORT=''
PACKAGE_NAME=''
PACKAGE_STRING=''
PACKAGE_TARNAME=''
PACKAGE_VERSION=''
PATH_SEPARATOR=':'
RANLIB='ranlib'
SET_MAKE=''
SHELL='/bin/sh'
STRIP='strip'
VERSION='1.0'
ac_ct_CC='gcc'
ac_ct_CXX='g++'
ac_ct_RANLIB='ranlib'
ac_ct_STRIP='strip'
am__include='include'
am__quote=''
bindir='${exec_prefix}/bin'
build='powerpc-unknown-morphos'
build_alias=''
build_cpu='powerpc'
build_os='morphos'
build_vendor='unknown'
datadir='${prefix}/share'
exec_prefix='${prefix}'
host='powerpc-unknown-morphos'
host_alias=''
host_cpu='powerpc'
host_os='morphos'
host_vendor='unknown'
includedir='${prefix}/include'
infodir='${prefix}/info'
install_sh='/Ram Disk/aklabeth-1.0/install-sh'
libdir='${exec_prefix}/lib'
libexecdir='${exec_prefix}/libexec'
localstatedir='${prefix}/var'
mandir='${prefix}/man'
oldincludedir='/usr/include'
prefix='/usr/local'
program_transform_name='s,x,x,'
sbindir='${exec_prefix}/sbin'
sharedstatedir='${prefix}/com'
sysconfdir='${prefix}/etc'
target_alias=''

## ----------- ##
## confdefs.h. ##
## ----------- ##

#define HAVE_INTTYPES_H 1
#define HAVE_LIBSDL 1
#define HAVE_MEMORY_H 1
#define HAVE_STDLIB_H 1
#define HAVE_STRINGS_H 1
#define HAVE_STRING_H 1
#define HAVE_SYS_STAT_H 1
#define HAVE_SYS_TYPES_H 1
#define HAVE_UNISTD_H 1
#define PACKAGE "aklabeth"
#define PACKAGE_BUGREPORT ""
#define PACKAGE_NAME ""
#define PACKAGE_STRING ""
#define PACKAGE_TARNAME ""
#define PACKAGE_VERSION ""
#define STDC_HEADERS 1
#define VERSION "1.0"

configure: exit 0
