ReplayLog( {
  Comment1 = "Generated by Stratagus Version 2.1",
  Comment2 = "Visit http://Stratagus.Org for more information",
  Comment3 = "$Id: commands.c,v 1.113 2004/06/24 18:07:53 jarod42 Exp $",
  Date = "Sat Aug 23 09:15:30 2031",
  Map = "default",
  MapPath = "maps/default.pud",
  MapId = 2566624689,
  Type = 1,
  Race = -1,
  LocalPlayer = 0,
  Players = {
	{ Race = 0, Team = 0, Type = 0 },
	{ Race = 0, Team = 0, Type = 0 },
	{ Race = 0, Team = 0, Type = 0 },
	{ Race = 0, Team = 0, Type = 0 },
	{ Race = 0, Team = 0, Type = 0 },
	{ Race = 0, Team = 0, Type = 0 },
	{ Race = 0, Team = 0, Type = 0 },
	{ Race = 0, Team = 0, Type = 0 },
	{ Race = 0, Team = 0, Type = 0 },
	{ Race = 0, Team = 0, Type = 0 },
	{ Race = 0, Team = 0, Type = 0 },
	{ Race = 0, Team = 0, Type = 0 },
	{ Race = 0, Team = 0, Type = 0 },
	{ Race = 0, Team = 0, Type = 0 },
	{ Race = 0, Team = 0, Type = 0 },
	{ Race = 0, Team = 0, Type = 0 }
  },
  Resource = -1,
  NumUnits = -1,
  TileSet = -1,
  NoFow = 0,
  RevealMap = 0,
  GameType = -1,
  Opponents = -1,
  Engine = { 2, 1, 0 },
  Network = { 0, 9, 2 }
} )
