2003.09.05 13:25 B C:\Brain\RoadFighter\RoadFighter\sound\car_brake.ogg --> dhcp111.iiia.csic.es /Users/santi/backup PC(5-9-2003)/RoadFighter/RoadFighter/sound car_brake.ogg
2003.09.05 13:25 B C:\Brain\RoadFighter\RoadFighter\sound\car_crash.ogg --> dhcp111.iiia.csic.es /Users/santi/backup PC(5-9-2003)/RoadFighter/RoadFighter/sound car_crash.ogg
2003.09.05 13:25 B C:\Brain\RoadFighter\RoadFighter\sound\car_pass.ogg --> dhcp111.iiia.csic.es /Users/santi/backup PC(5-9-2003)/RoadFighter/RoadFighter/sound car_pass.ogg
2003.09.05 13:25 B C:\Brain\RoadFighter\RoadFighter\sound\car_running.ogg --> dhcp111.iiia.csic.es /Users/santi/backup PC(5-9-2003)/RoadFighter/RoadFighter/sound car_running.ogg
2003.09.05 13:25 B C:\Brain\RoadFighter\RoadFighter\sound\car_running.wav --> dhcp111.iiia.csic.es /Users/santi/backup PC(5-9-2003)/RoadFighter/RoadFighter/sound car_running.wav
2003.09.05 13:25 B C:\Brain\RoadFighter\RoadFighter\sound\car_start.ogg --> dhcp111.iiia.csic.es /Users/santi/backup PC(5-9-2003)/RoadFighter/RoadFighter/sound car_start.ogg
2003.09.05 13:25 B C:\Brain\RoadFighter\RoadFighter\sound\collision.wav --> dhcp111.iiia.csic.es /Users/santi/backup PC(5-9-2003)/RoadFighter/RoadFighter/sound collision.wav
2003.09.05 13:25 B C:\Brain\RoadFighter\RoadFighter\sound\fuelempty.ogg --> dhcp111.iiia.csic.es /Users/santi/backup PC(5-9-2003)/RoadFighter/RoadFighter/sound fuelempty.ogg
2003.09.05 13:25 B C:\Brain\RoadFighter\RoadFighter\sound\game_theme.ogg --> dhcp111.iiia.csic.es /Users/santi/backup PC(5-9-2003)/RoadFighter/RoadFighter/sound game_theme.ogg
2003.09.05 13:25 B C:\Brain\RoadFighter\RoadFighter\sound\game_theme2.ogg --> dhcp111.iiia.csic.es /Users/santi/backup PC(5-9-2003)/RoadFighter/RoadFighter/sound game_theme2.ogg
2003.09.05 13:25 B C:\Brain\RoadFighter\RoadFighter\sound\gameover.ogg --> dhcp111.iiia.csic.es /Users/santi/backup PC(5-9-2003)/RoadFighter/RoadFighter/sound gameover.ogg
2003.09.05 13:25 B C:\Brain\RoadFighter\RoadFighter\sound\greenlight.ogg --> dhcp111.iiia.csic.es /Users/santi/backup PC(5-9-2003)/RoadFighter/RoadFighter/sound greenlight.ogg
2003.09.05 13:25 B C:\Brain\RoadFighter\RoadFighter\sound\levelcomplete.ogg --> dhcp111.iiia.csic.es /Users/santi/backup PC(5-9-2003)/RoadFighter/RoadFighter/sound levelcomplete.ogg
2003.09.05 13:25 B C:\Brain\RoadFighter\RoadFighter\sound\logo_in.ogg --> dhcp111.iiia.csic.es /Users/santi/backup PC(5-9-2003)/RoadFighter/RoadFighter/sound logo_in.ogg
2003.09.05 13:25 B C:\Brain\RoadFighter\RoadFighter\sound\logo_out.ogg --> dhcp111.iiia.csic.es /Users/santi/backup PC(5-9-2003)/RoadFighter/RoadFighter/sound logo_out.ogg
2003.09.05 13:25 B C:\Brain\RoadFighter\RoadFighter\sound\menu_move.wav --> dhcp111.iiia.csic.es /Users/santi/backup PC(5-9-2003)/RoadFighter/RoadFighter/sound menu_move.wav
2003.09.05 13:25 B C:\Brain\RoadFighter\RoadFighter\sound\menu_select.ogg --> dhcp111.iiia.csic.es /Users/santi/backup PC(5-9-2003)/RoadFighter/RoadFighter/sound menu_select.ogg
2003.09.05 13:25 B C:\Brain\RoadFighter\RoadFighter\sound\menu_theme.ogg --> dhcp111.iiia.csic.es /Users/santi/backup PC(5-9-2003)/RoadFighter/RoadFighter/sound menu_theme.ogg
2003.09.05 13:25 B C:\Brain\RoadFighter\RoadFighter\sound\redlight.ogg --> dhcp111.iiia.csic.es /Users/santi/backup PC(5-9-2003)/RoadFighter/RoadFighter/sound redlight.ogg
2003.09.05 13:25 B C:\Brain\RoadFighter\RoadFighter\sound\start.ogg --> dhcp111.iiia.csic.es /Users/santi/backup PC(5-9-2003)/RoadFighter/RoadFighter/sound start.ogg
2003.09.05 13:25 B C:\Brain\RoadFighter\RoadFighter\sound\takefuel.ogg --> dhcp111.iiia.csic.es /Users/santi/backup PC(5-9-2003)/RoadFighter/RoadFighter/sound takefuel.ogg
2003.09.05 13:25 B C:\Brain\RoadFighter\RoadFighter\sound\truck.ogg --> dhcp111.iiia.csic.es /Users/santi/backup PC(5-9-2003)/RoadFighter/RoadFighter/sound truck.ogg
2003.09.05 13:25 B C:\Brain\RoadFighter\RoadFighter\sound\water.wav --> dhcp111.iiia.csic.es /Users/santi/backup PC(5-9-2003)/RoadFighter/RoadFighter/sound water.wav
