95/01/21 20:08:56 MUD server V0.9 Copyright 1995 by Chris Gray started
95/01/21 20:08:56 _start = 0x07a38450 lib = 0x079453f4
95/01/21 20:09:00 MUD client V0.9 Copyright 1995 by Chris Gray started
95/01/21 20:09:00 Character SysAdmin enters the game
95/01/21 20:09:00 Setting WIZARD mode
95/01/21 20:09:32 expandIndexTable
95/01/21 20:10:01 expandIndexTable
95/01/21 20:10:29 expandIndexTable
95/01/21 20:10:49 expandIndexTable
95/01/21 20:11:20 expandIndexTable
95/01/21 20:11:58 Character SysAdmin leaves the game
95/01/21 20:11:58 MUD client V0.9 Copyright 1995 by Chris Gray terminated
95/01/21 20:12:11 MUD client V0.9 Copyright 1995 by Chris Gray started
95/01/21 20:12:16 Character SysAdmin enters the game
95/01/21 20:12:16 Setting WIZARD mode
95/01/21 20:12:19 Clearing WIZARD mode
95/01/21 20:12:21 BootClient for player SysAdmin
95/01/21 20:12:21 Character SysAdmin leaves the game
95/01/21 20:12:21 MUD client V0.9 Copyright 1995 by Chris Gray terminated
95/01/21 20:12:23 Server shutdown request via message - currently 0 clients
95/01/21 20:12:23 Shutting down, 2 clients serviced
95/01/21 20:12:23 Machines: 11 created, 0 deleted
95/01/21 20:12:26 Things: 780 created, 0 destroyed
95/01/21 20:12:26 Messages: 26249 processed, 2030 sent
95/01/21 20:12:26 Allocator used 1740800 bytes. Given limit 1000000000
95/01/21 20:12:26 cre 5603 del 5 rd 25724 rep 2188 shr 5 exp 7913 dir 6549
95/01/21 20:12:26 frd 402 fwt 1545 fsk 1772
95/01/21 20:12:26 MUD server V0.9 Copyright 1995 by Chris Gray shut down
