
Logging in file odamex.log started Sat Jul 18 12:28:00 2020

Playing demo DEMO1

=================================
E1M5: "Phobos Lab"

S_ChangeMusic: Trying to load: "Work:Odamex/Music/D_E1M5.ogg" 
S_ChangeMusic: loading OGG music: "Work:Odamex/Music/D_E1M5.ogg" 
I_PlaySong()
I_SelectMusicSystem file is NOT a MIDI
SdlMixerMusicSystem: startSong()
Picked up 4 shotgun shells.
Picked up 4 shotgun shells.
Picked up the armor.

=================================
E1M1: "Hangar"

S_ChangeMusic: Trying to load: "Work:Odamex/Music/D_E1M1.ogg" 
S_ChangeMusic: loading OGG music: "Work:Odamex/Music/D_E1M1.ogg" 
I_PlaySong()
I_SelectMusicSystem file is NOT a MIDI
SdlMixerMusicSystem: startSong()
Configuration saved to Work:Odamex/odamex.cfg.
