96/02/19 22:31:08 MUD server V1.0 Copyright 1996 by Chris Gray started
96/02/19 22:31:08 _start = 0x0753f390 lib = 0x074df554
96/02/19 22:31:11 MUD client V1.0 Copyright 1996 by Chris Gray started
96/02/19 22:31:17 Character SysAdmin enters the game
96/02/19 22:31:17 Setting WIZARD mode
96/02/19 22:32:18 expandIndexTable
96/02/19 22:33:18 expandIndexTable
96/02/19 22:35:16 SysAdmin has set the shutdown flag.
96/02/19 22:35:18 Clearing WIZARD mode
96/02/19 22:35:33 BootClient for player SysAdmin
96/02/19 22:35:33 Character SysAdmin leaves the game
96/02/19 22:35:33 MUD client V1.0 Copyright 1996 by Chris Gray terminated
96/02/19 22:35:33 Shutting down, 1 client serviced
96/02/19 22:35:33 Machines: 0 created, 0 deleted
96/02/19 22:35:36 Things: 1256 created, 0 destroyed
96/02/19 22:35:36 Messages: 10569 processed, 477 sent
96/02/19 22:35:36 Allocator:  used: 249856  limit: 1000000000
96/02/19 22:35:36 allocs: 130306  frees: 130306  reclaims: 0  panics: 0
96/02/19 22:35:39 cre 2185 del 1 rd 24837 rep 211 shr 2 exp 5987 dir 12626
96/02/19 22:35:39 frd 25 fwt 492 fsk 462
96/02/19 22:35:39 MUD server V1.0 Copyright 1996 by Chris Gray shut down
