This file contains any messages produced by compilers while
running configure, to aid debugging if configure makes a mistake.

It was created by configure, which was
generated by GNU Autoconf 2.57.  Invocation command line was

  $ configure amiga

## --------- ##
## Platform. ##
## --------- ##

hostname = localhost
uname -m = powerpc
uname -r = 1.4
uname -s = MorphOS
uname -v = 50.60

/usr/bin/uname -p = unknown
/bin/uname -X     = unknown

/bin/arch              = unknown
/usr/bin/arch -k       = unknown
/usr/convex/getsysinfo = unknown
hostinfo               = unknown
/bin/machine           = unknown
/usr/bin/oslevel       = unknown
/bin/universe          = unknown

PATH: .
PATH: /bin
PATH: /usr/bin
PATH: /usr/local/bin
PATH: /mossys/c
PATH: /c
PATH: .


## ----------- ##
## Core tests. ##
## ----------- ##

configure:1288: checking for a BSD-compatible install
configure:1342: result: /bin/install -c
configure:1353: checking whether build environment is sane
configure:1396: result: yes
configure:1421: WARNING: `missing' script is too old or missing
configure:1429: checking for gawk
configure:1445: found /bin/gawk
configure:1455: result: gawk
configure:1465: checking whether make sets $(MAKE)
configure:1485: result: yes
configure:1642: checking build system type
configure:1660: result: m68k-unknown-none
configure:1668: checking host system type
configure:1682: result: m68k-unknown-none
configure:1704: checking for a BSD-compatible install
configure:1758: result: /bin/install -c
configure:1772: checking for amiga-ranlib
configure:1801: result: no
configure:1810: checking for ranlib
configure:1826: found /bin/ranlib
configure:1837: result: ranlib
configure:1857: checking for amiga-gcc
configure:1886: result: no
configure:1895: checking for gcc
configure:1911: found /bin/gcc
configure:1921: result: gcc
configure:2165: checking for C compiler version
configure:2168: gcc --version </dev/null >&5
2.95.3
configure:2171: $? = 0
configure:2173: gcc -v </dev/null >&5
Reading specs from /gg/lib/gcc-lib/ppc-morphos/2.95.3/specs
gcc version 2.95.3 20020615 (experimental/emm)
configure:2176: $? = 0
configure:2178: gcc -V </dev/null >&5
gcc: argument to `-V' is missing
configure:2181: $? = 1
configure:2205: checking for C compiler default output
configure:2208: gcc    conftest.c  >&5
configure:2211: $? = 0
configure:2257: result: a.out
configure:2262: checking whether the C compiler works
configure:2268: ./a.out
configure:2271: $? = 0
configure:2288: result: yes
configure:2295: checking whether we are cross compiling
configure:2297: result: no
configure:2300: checking for suffix of executables
configure:2302: gcc -o conftest    conftest.c  >&5
configure:2305: $? = 0
configure:2330: result: 
configure:2336: checking for suffix of object files
configure:2358: gcc -c   conftest.c >&5
configure:2361: $? = 0
configure:2383: result: o
configure:2387: checking whether we are using the GNU C compiler
configure:2412: gcc -c   conftest.c >&5
configure:2415: $? = 0
configure:2418: test -s conftest.o
configure:2421: $? = 0
configure:2434: result: yes
configure:2440: checking whether gcc accepts -g
configure:2462: gcc -c -g  conftest.c >&5
configure:2465: $? = 0
configure:2468: test -s conftest.o
configure:2471: $? = 0
configure:2482: result: yes
configure:2499: checking for gcc option to accept ANSI C
configure:2560: gcc  -c -g -O2  conftest.c >&5
configure:2563: $? = 0
configure:2566: test -s conftest.o
configure:2569: $? = 0
configure:2587: result: none needed
configure:2605: gcc -c -g -O2  conftest.c >&5
conftest.c:2: parse error before `me'
configure:2608: $? = 1
configure: failed program was:
| #ifndef __cplusplus
|   choke me
| #endif
configure:2736: checking for style of include used by make
configure:2764: result: GNU
configure:2792: checking dependency style of gcc
configure:2854: result: gcc
configure:2869: checking for amiga-g++
configure:2898: result: no
configure:2869: checking for amiga-c++
configure:2898: result: no
configure:2869: checking for amiga-gpp
configure:2898: result: no
configure:2869: checking for amiga-aCC
configure:2898: result: no
configure:2869: checking for amiga-CC
configure:2898: result: no
configure:2869: checking for amiga-cxx
configure:2898: result: no
configure:2869: checking for amiga-cc++
configure:2898: result: no
configure:2869: checking for amiga-cl
configure:2898: result: no
configure:2869: checking for amiga-FCC
configure:2898: result: no
configure:2869: checking for amiga-KCC
configure:2898: result: no
configure:2869: checking for amiga-RCC
configure:2898: result: no
configure:2869: checking for amiga-xlC_r
configure:2898: result: no
configure:2869: checking for amiga-xlC
configure:2898: result: no
configure:2911: checking for g++
configure:2927: found /bin/g++
configure:2937: result: g++
configure:2953: checking for C++ compiler version
configure:2956: g++ --version </dev/null >&5
2.95.3
configure:2959: $? = 0
configure:2961: g++ -v </dev/null >&5
Reading specs from /gg/lib/gcc-lib/ppc-morphos/2.95.3/specs
gcc version 2.95.3 20010315 (release/cisc)
configure:2964: $? = 0
configure:2966: g++ -V </dev/null >&5
g++: argument to `-V' missing

configure:2969: $? = 1
configure:2972: checking whether we are using the GNU C++ compiler
configure:2997: g++ -c   conftest.cc >&5
configure:3000: $? = 0
configure:3003: test -s conftest.o
configure:3006: $? = 0
configure:3019: result: yes
configure:3025: checking whether g++ accepts -g
configure:3047: g++ -c -g  conftest.cc >&5
configure:3050: $? = 0
configure:3053: test -s conftest.o
configure:3056: $? = 0
configure:3067: result: yes
configure:3111: g++ -c -g -O2  conftest.cc >&5
configure:3114: $? = 0
configure:3117: test -s conftest.o
configure:3120: $? = 0
configure:3147: g++ -c -g -O2  conftest.cc >&5
configure:3150: $? = 0
configure:3153: test -s conftest.o
configure:3156: $? = 0
configure:3181: checking dependency style of g++
configure:3243: result: gcc
configure:3255: checking how to run the C preprocessor
configure:3291: gcc -E  conftest.c
configure:3297: $? = 0
configure:3329: gcc -E  conftest.c
configure:3331: ac_nonexistent.h: No such file or directory
configure:3335: $? = 1
configure: failed program was:
| #line 3321 "configure"
| /* confdefs.h.  */
| 
| #define PACKAGE_NAME ""
| #define PACKAGE_TARNAME ""
| #define PACKAGE_VERSION ""
| #define PACKAGE_STRING ""
| #define PACKAGE_BUGREPORT ""
| #define PACKAGE "Tutris"
| #define VERSION "1.0.1"
| /* end confdefs.h.  */
| #include <ac_nonexistent.h>
configure:3373: result: gcc -E
configure:3398: gcc -E  conftest.c
configure:3404: $? = 0
configure:3436: gcc -E  conftest.c
configure:3438: ac_nonexistent.h: No such file or directory
configure:3442: $? = 1
configure: failed program was:
| #line 3428 "configure"
| /* confdefs.h.  */
| 
| #define PACKAGE_NAME ""
| #define PACKAGE_TARNAME ""
| #define PACKAGE_VERSION ""
| #define PACKAGE_STRING ""
| #define PACKAGE_BUGREPORT ""
| #define PACKAGE "Tutris"
| #define VERSION "1.0.1"
| /* end confdefs.h.  */
| #include <ac_nonexistent.h>
configure:3485: checking for egrep
configure:3495: result: grep -E
configure:3500: checking for ANSI C header files
configure:3526: gcc -c -g -O2  conftest.c >&5
configure:3529: $? = 0
configure:3532: test -s conftest.o
configure:3535: $? = 0
configure:3627: gcc -o conftest -g -O2   conftest.c  >&5
configure:3630: $? = 0
configure:3632: ./conftest
configure:3635: $? = 0
configure:3650: result: yes
configure:3662: checking target system type
configure:3676: result: m68k-unknown-none
configure:3731: checking for sdl-config
configure:3749: found /bin/sdl-config
configure:3762: result: /bin/sdl-config
configure:3770: checking for SDL - version >= 1.2.0
configure:3863: gcc -o conftest -g -O2 -noixemul -I/usr/include/SDL   conftest.c  -L/usr/lib -noixemul -lSDL -lc -lm >&5
configure:3866: $? = 0
configure:3868: ./conftest
configure:3871: $? = 0
configure:3890: result: yes
configure:3984: checking for IMG_Load in -lSDL_image
configure:4015: gcc -o conftest -g -O2 -g -O2 -noixemul -I/usr/include/SDL -Wall  conftest.c -lSDL_image   -L/usr/lib -noixemul -lSDL -lc -lm >&5
configure:4018: $? = 0
configure:4021: test -s conftest
configure:4024: $? = 0
configure:4036: result: yes
configure:4151: creating ./config.status

## ---------------------- ##
## Running config.status. ##
## ---------------------- ##

This file was extended by config.status, which was
generated by GNU Autoconf 2.57.  Invocation command line was

  CONFIG_FILES    = 
  CONFIG_HEADERS  = 
  CONFIG_LINKS    = 
  CONFIG_COMMANDS = 
  $ ./config.status 

on localhost

config.status:4870: creating Makefile
config.status:4870: creating data/Makefile
config.status:4870: creating src/Makefile
config.status:4973: creating config.h
config.status:5222: executing depfiles commands

## ---------------- ##
## Cache variables. ##
## ---------------- ##

ac_cv_build=m68k-unknown-none
ac_cv_build_alias=amiga
ac_cv_c_compiler_gnu=yes
ac_cv_cxx_compiler_gnu=yes
ac_cv_env_CC_set=
ac_cv_env_CC_value=
ac_cv_env_CFLAGS_set=
ac_cv_env_CFLAGS_value=
ac_cv_env_CPPFLAGS_set=
ac_cv_env_CPPFLAGS_value=
ac_cv_env_CPP_set=
ac_cv_env_CPP_value=
ac_cv_env_CXXFLAGS_set=
ac_cv_env_CXXFLAGS_value=
ac_cv_env_CXX_set=
ac_cv_env_CXX_value=
ac_cv_env_LDFLAGS_set=
ac_cv_env_LDFLAGS_value=
ac_cv_env_build_alias_set=set
ac_cv_env_build_alias_value=amiga
ac_cv_env_host_alias_set=set
ac_cv_env_host_alias_value=amiga
ac_cv_env_target_alias_set=set
ac_cv_env_target_alias_value=amiga
ac_cv_exeext=
ac_cv_header_stdc=yes
ac_cv_host=m68k-unknown-none
ac_cv_host_alias=amiga
ac_cv_lib_SDL_image_IMG_Load=yes
ac_cv_objext=o
ac_cv_path_SDL_CONFIG=/bin/sdl-config
ac_cv_path_install='/bin/install -c'
ac_cv_prog_AWK=gawk
ac_cv_prog_CPP='gcc -E'
ac_cv_prog_ac_ct_CC=gcc
ac_cv_prog_ac_ct_CXX=g++
ac_cv_prog_ac_ct_RANLIB=ranlib
ac_cv_prog_cc_g=yes
ac_cv_prog_cc_stdc=
ac_cv_prog_cxx_g=yes
ac_cv_prog_egrep='grep -E'
ac_cv_prog_make_make_set=yes
ac_cv_target=m68k-unknown-none
ac_cv_target_alias=amiga
am_cv_CC_dependencies_compiler_type=gcc
am_cv_CXX_dependencies_compiler_type=gcc

## ----------------- ##
## Output variables. ##
## ----------------- ##

ACLOCAL='aclocal-1.6'
AMDEPBACKSLASH='\'
AMDEP_FALSE='#'
AMDEP_TRUE=''
AMTAR='tar'
AUTOCONF='autoconf'
AUTOHEADER='autoheader'
AUTOMAKE='automake-1.6'
AWK='gawk'
CC='gcc'
CCDEPMODE='depmode=gcc'
CFLAGS='-g -O2'
CPP='gcc -E'
CPPFLAGS='-g -O2 -noixemul -I/usr/include/SDL -Wall'
CXX='g++'
CXXDEPMODE='depmode=gcc'
CXXFLAGS='-g -O2'
DEFS='-DHAVE_CONFIG_H'
DEPDIR='.deps'
ECHO_C=''ECHO_N=''
ECHO_T=''
EGREP='grep -E'
EXEEXT=''
INSTALL_DATA='${INSTALL} -m 644'
INSTALL_PROGRAM='${INSTALL}'
INSTALL_SCRIPT='${INSTALL}'
INSTALL_STRIP_PROGRAM='${SHELL} $(install_sh) -c -s'
LDFLAGS=''
LIBOBJS=''
LIBS='-lSDL_image  -L/usr/lib -noixemul -lSDL -lc -lm'
LTLIBOBJS=''
MAKEINFO='makeinfo'
OBJEXT='o'
PACKAGE='Tutris'
PACKAGE_BUGREPORT=''
PACKAGE_NAME=''
PACKAGE_STRING=''
PACKAGE_TARNAME=''
PACKAGE_VERSION=''
PATH_SEPARATOR=':'
RANLIB='ranlib'
SDL_CFLAGS='-noixemul -I/usr/include/SDL'
SDL_CONFIG='/bin/sdl-config'
SDL_LIBS='-L/usr/lib -noixemul -lSDL -lc -lm'
SET_MAKE=''
SHELL='/bin/sh'
STRIP=''
VERSION='1.0.1'
ac_ct_CC='gcc'
ac_ct_CXX='g++'
ac_ct_RANLIB='ranlib'
ac_ct_STRIP=''
am__include='include'
am__quote=''
bindir='${exec_prefix}/bin'
build='m68k-unknown-none'
build_alias='amiga'
build_cpu='m68k'
build_os='none'
build_vendor='unknown'
datadir='${prefix}/share'
exec_prefix='${prefix}'
host='m68k-unknown-none'
host_alias='amiga'
host_cpu='m68k'
host_os='none'
host_vendor='unknown'
includedir='${prefix}/include'
infodir='${prefix}/info'
install_sh='/Ram Disk/Tutris-1.0.1/install-sh'
libdir='${exec_prefix}/lib'
libexecdir='${exec_prefix}/libexec'
localstatedir='${prefix}/var'
mandir='${prefix}/man'
oldincludedir='/usr/include'
prefix='/usr/local'
program_transform_name='s,x,x,'
sbindir='${exec_prefix}/sbin'
sharedstatedir='${prefix}/com'
sysconfdir='${prefix}/etc'
target='m68k-unknown-none'
target_alias='amiga'
target_cpu='m68k'
target_os='none'
target_vendor='unknown'

## ----------- ##
## confdefs.h. ##
## ----------- ##

#define HAVE_LIBSDL_IMAGE 1
#define PACKAGE "Tutris"
#define PACKAGE_BUGREPORT ""
#define PACKAGE_NAME ""
#define PACKAGE_STRING ""
#define PACKAGE_TARNAME ""
#define PACKAGE_VERSION ""
#define STDC_HEADERS 1
#define VERSION "1.0.1"

configure: exit 0
