[Door]
9
angle
dmg
health
lip
message
sounds
spawnflags
speed
wait

[SecretDoor]
6
angle
lip
sounds
spawnflags
speed
wait

[Lift]
4
height
sounds
speed
wait

[Platform]
4
dmg
sounds
speed
wait

[Button]
8
angle
delay
health
killtarget
lip
sounds
speed
wait

[Teleport]
0

[ChangeLevel]
2
map
spawnflags

[Push]
3
angle
speed
wait

[TriggerOnce]
6
delay
health
killtarget
message
sounds
wait

[TriggerMultiple]
6
delay
health
killtarget
message
sounds
wait

[TriggerSecret]
6
delay
health
killtarget
message
sounds
wait

[TriggerCounter]
4
count
delay
spawnflags
wait

[TriggerRelay]
2
delay
killtarget

;[Wall]
;spawnflags

[Illusionary]
0

[SetSkill]
1
message

[MonsterJump]
4
angle
height
speed
wait

[Hurt]
1
dmg
